Name:                 coredns-7d764666f9-4vfmb
Namespace:            kube-system
Priority:             2000000000
Priority Class Name:  system-cluster-critical
Service Account:      coredns
Node:                 kind-worker1-control-plane/172.18.0.6
Start Time:           Wed, 03 Jun 2026 12:14:51 +0000
Labels:               k8s-app=kube-dns
                      pod-template-hash=7d764666f9
Annotations:          <none>
Status:               Running
IP:                   10.244.0.2
IPs:
  IP:           10.244.0.2
Controlled By:  ReplicaSet/coredns-7d764666f9
Containers:
  coredns:
    Container ID:  containerd://327939d939e9c95a54e9bc9f0dc86d71303975e22748d7d7a6c5d88a7d190663
    Image:         registry.k8s.io/coredns/coredns:v1.13.1
    Image ID:      sha256:aa5e3ebc0dfed0566805186b9e47110d8f9122291d8bad1497e78873ad291139
    Ports:         53/UDP (dns), 53/TCP (dns-tcp), 9153/TCP (metrics), 8080/TCP (liveness-probe), 8181/TCP (readiness-probe)
    Host Ports:    0/UDP (dns), 0/TCP (dns-tcp), 0/TCP (metrics), 0/TCP (liveness-probe), 0/TCP (readiness-probe)
    Args:
      -conf
      /etc/coredns/Corefile
    State:          Running
      Started:      Wed, 03 Jun 2026 12:14:56 +0000
    Ready:          True
    Restart Count:  0
    Limits:
      memory:  170Mi
    Requests:
      cpu:        100m
      memory:     70Mi
    Liveness:     http-get http://:liveness-probe/health delay=60s timeout=5s period=10s #success=1 #failure=5
    Readiness:    http-get http://:readiness-probe/ready delay=0s timeout=1s period=10s #success=1 #failure=3
    Environment:  <none>
    Mounts:
      /etc/coredns from config-volume (ro)
      /var/run/secrets/kubernetes.io/serviceaccount from kube-api-access-6vw9s (ro)
Conditions:
  Type                        Status
  PodReadyToStartContainers   True 
  Initialized                 True 
  Ready                       True 
  ContainersReady             True 
  PodScheduled                True 
Volumes:
  config-volume:
    Type:      ConfigMap (a volume populated by a ConfigMap)
    Name:      coredns
    Optional:  false
  kube-api-access-6vw9s:
    Type:                    Projected (a volume that contains injected data from multiple sources)
    TokenExpirationSeconds:  3607
    ConfigMapName:           kube-root-ca.crt
    Optional:                false
    DownwardAPI:             true
QoS Class:                   Burstable
Node-Selectors:              kubernetes.io/os=linux
Tolerations:                 CriticalAddonsOnly op=Exists
                             node-role.kubernetes.io/control-plane:NoSchedule
                             node.kubernetes.io/not-ready:NoExecute op=Exists for 300s
                             node.kubernetes.io/unreachable:NoExecute op=Exists for 300s


Name:                 coredns-7d764666f9-jn8fd
Namespace:            kube-system
Priority:             2000000000
Priority Class Name:  system-cluster-critical
Service Account:      coredns
Node:                 kind-worker1-control-plane/172.18.0.6
Start Time:           Wed, 03 Jun 2026 12:14:51 +0000
Labels:               k8s-app=kube-dns
                      pod-template-hash=7d764666f9
Annotations:          <none>
Status:               Running
IP:                   10.244.0.3
IPs:
  IP:           10.244.0.3
Controlled By:  ReplicaSet/coredns-7d764666f9
Containers:
  coredns:
    Container ID:  containerd://0a0e6fcc11f1869cbff79650e161888ef4300bc400c4693eee02514f15c3f8af
    Image:         registry.k8s.io/coredns/coredns:v1.13.1
    Image ID:      sha256:aa5e3ebc0dfed0566805186b9e47110d8f9122291d8bad1497e78873ad291139
    Ports:         53/UDP (dns), 53/TCP (dns-tcp), 9153/TCP (metrics), 8080/TCP (liveness-probe), 8181/TCP (readiness-probe)
    Host Ports:    0/UDP (dns), 0/TCP (dns-tcp), 0/TCP (metrics), 0/TCP (liveness-probe), 0/TCP (readiness-probe)
    Args:
      -conf
      /etc/coredns/Corefile
    State:          Running
      Started:      Wed, 03 Jun 2026 12:14:56 +0000
    Ready:          True
    Restart Count:  0
    Limits:
      memory:  170Mi
    Requests:
      cpu:        100m
      memory:     70Mi
    Liveness:     http-get http://:liveness-probe/health delay=60s timeout=5s period=10s #success=1 #failure=5
    Readiness:    http-get http://:readiness-probe/ready delay=0s timeout=1s period=10s #success=1 #failure=3
    Environment:  <none>
    Mounts:
      /etc/coredns from config-volume (ro)
      /var/run/secrets/kubernetes.io/serviceaccount from kube-api-access-59jjs (ro)
Conditions:
  Type                        Status
  PodReadyToStartContainers   True 
  Initialized                 True 
  Ready                       True 
  ContainersReady             True 
  PodScheduled                True 
Volumes:
  config-volume:
    Type:      ConfigMap (a volume populated by a ConfigMap)
    Name:      coredns
    Optional:  false
  kube-api-access-59jjs:
    Type:                    Projected (a volume that contains injected data from multiple sources)
    TokenExpirationSeconds:  3607
    ConfigMapName:           kube-root-ca.crt
    Optional:                false
    DownwardAPI:             true
QoS Class:                   Burstable
Node-Selectors:              kubernetes.io/os=linux
Tolerations:                 CriticalAddonsOnly op=Exists
                             node-role.kubernetes.io/control-plane:NoSchedule
                             node.kubernetes.io/not-ready:NoExecute op=Exists for 300s
                             node.kubernetes.io/unreachable:NoExecute op=Exists for 300s


Name:                 etcd-kind-worker1-control-plane
Namespace:            kube-system
Priority:             2000001000
Priority Class Name:  system-node-critical
Node:                 kind-worker1-control-plane/172.18.0.6
Start Time:           Wed, 03 Jun 2026 12:14:30 +0000
Labels:               component=etcd
                      tier=control-plane
Annotations:          kubeadm.kubernetes.io/etcd.advertise-client-urls: https://172.18.0.6:2379
                      kubernetes.io/config.hash: e00e03bdf04a65a6c52d833da92f5dfb
                      kubernetes.io/config.mirror: e00e03bdf04a65a6c52d833da92f5dfb
                      kubernetes.io/config.seen: 2026-06-03T12:14:08.863146505Z
                      kubernetes.io/config.source: file
Status:               Running
SeccompProfile:       RuntimeDefault
IP:                   172.18.0.6
IPs:
  IP:           172.18.0.6
Controlled By:  Node/kind-worker1-control-plane
Containers:
  etcd:
    Container ID:  containerd://4290955b027f6c00e471bdeda2ff5517cd12a02abfd8de9a8a5b34b9a73ec392
    Image:         registry.k8s.io/etcd:3.6.6-0
    Image ID:      sha256:0a108f7189562e99793bdecab61fdf1a7c9d913af3385de9da17fb9d6ff430e2
    Port:          2381/TCP (probe-port)
    Host Port:     2381/TCP (probe-port)
    Command:
      etcd
      --advertise-client-urls=https://172.18.0.6:2379
      --cert-file=/etc/kubernetes/pki/etcd/server.crt
      --client-cert-auth=true
      --data-dir=/var/lib/etcd
      --feature-gates=InitialCorruptCheck=true
      --initial-advertise-peer-urls=https://172.18.0.6:2380
      --initial-cluster=kind-worker1-control-plane=https://172.18.0.6:2380
      --key-file=/etc/kubernetes/pki/etcd/server.key
      --listen-client-urls=https://127.0.0.1:2379,https://172.18.0.6:2379
      --listen-metrics-urls=http://127.0.0.1:2381
      --listen-peer-urls=https://172.18.0.6:2380
      --name=kind-worker1-control-plane
      --peer-cert-file=/etc/kubernetes/pki/etcd/peer.crt
      --peer-client-cert-auth=true
      --peer-key-file=/etc/kubernetes/pki/etcd/peer.key
      --peer-trusted-ca-file=/etc/kubernetes/pki/etcd/ca.crt
      --snapshot-count=10000
      --trusted-ca-file=/etc/kubernetes/pki/etcd/ca.crt
      --watch-progress-notify-interval=5s
    State:          Running
      Started:      Wed, 03 Jun 2026 12:14:23 +0000
    Ready:          True
    Restart Count:  0
    Requests:
      cpu:        100m
      memory:     100Mi
    Liveness:     http-get http://127.0.0.1:probe-port/livez delay=10s timeout=15s period=10s #success=1 #failure=8
    Readiness:    http-get http://127.0.0.1:probe-port/readyz delay=0s timeout=15s period=1s #success=1 #failure=3
    Startup:      http-get http://127.0.0.1:probe-port/readyz delay=10s timeout=15s period=10s #success=1 #failure=24
    Environment:  <none>
    Mounts:
      /etc/kubernetes/pki/etcd from etcd-certs (rw)
      /var/lib/etcd from etcd-data (rw)
Conditions:
  Type                        Status
  PodReadyToStartContainers   True 
  Initialized                 True 
  Ready                       True 
  ContainersReady             True 
  PodScheduled                True 
Volumes:
  etcd-certs:
    Type:          HostPath (bare host directory volume)
    Path:          /etc/kubernetes/pki/etcd
    HostPathType:  DirectoryOrCreate
  etcd-data:
    Type:          HostPath (bare host directory volume)
    Path:          /var/lib/etcd
    HostPathType:  DirectoryOrCreate
QoS Class:         Burstable
Node-Selectors:    <none>
Tolerations:       :NoExecute op=Exists


Name:                 kindnet-2txj9
Namespace:            kube-system
Priority:             2000001000
Priority Class Name:  system-node-critical
Service Account:      kindnet
Node:                 kind-worker1-control-plane/172.18.0.6
Start Time:           Wed, 03 Jun 2026 12:14:34 +0000
Labels:               app=kindnet
                      controller-revision-hash=864f669d7c
                      k8s-app=kindnet
                      pod-template-generation=1
                      tier=node
Annotations:          <none>
Status:               Running
IP:                   172.18.0.6
IPs:
  IP:           172.18.0.6
Controlled By:  DaemonSet/kindnet
Containers:
  kindnet-cni:
    Container ID:   containerd://d7cac3036772e9afac3d72c136647978b25bc08e11b15d213312b696d81f785a
    Image:          docker.io/kindest/kindnetd:v20251212-v0.29.0-alpha-105-g20ccfc88
    Image ID:       sha256:4921d7a6dffa922dd679732ba4797085c4f39e9a53bee8b6fdb1d463e8571251
    Port:           <none>
    Host Port:      <none>
    State:          Running
      Started:      Wed, 03 Jun 2026 12:14:40 +0000
    Ready:          True
    Restart Count:  0
    Limits:
      cpu:     100m
      memory:  50Mi
    Requests:
      cpu:     100m
      memory:  50Mi
    Environment:
      HOST_IP:                  (v1:status.hostIP)
      POD_IP:                   (v1:status.podIP)
      POD_SUBNET:              10.244.0.0/16
      CONTROL_PLANE_ENDPOINT:  kind-worker1-control-plane:6443
    Mounts:
      /etc/cni/net.d from cni-cfg (rw)
      /lib/modules from lib-modules (ro)
      /run/xtables.lock from xtables-lock (rw)
      /var/run/nri from nri-plugin (rw)
      /var/run/secrets/kubernetes.io/serviceaccount from kube-api-access-pw59n (ro)
Conditions:
  Type                        Status
  PodReadyToStartContainers   True 
  Initialized                 True 
  Ready                       True 
  ContainersReady             True 
  PodScheduled                True 
Volumes:
  cni-cfg:
    Type:          HostPath (bare host directory volume)
    Path:          /etc/cni/net.d
    HostPathType:  
  xtables-lock:
    Type:          HostPath (bare host directory volume)
    Path:          /run/xtables.lock
    HostPathType:  FileOrCreate
  lib-modules:
    Type:          HostPath (bare host directory volume)
    Path:          /lib/modules
    HostPathType:  
  nri-plugin:
    Type:          HostPath (bare host directory volume)
    Path:          /var/run/nri
    HostPathType:  
  kube-api-access-pw59n:
    Type:                    Projected (a volume that contains injected data from multiple sources)
    TokenExpirationSeconds:  3607
    ConfigMapName:           kube-root-ca.crt
    Optional:                false
    DownwardAPI:             true
QoS Class:                   Guaranteed
Node-Selectors:              kubernetes.io/os=linux
Tolerations:                 op=Exists
                             node.kubernetes.io/disk-pressure:NoSchedule op=Exists
                             node.kubernetes.io/memory-pressure:NoSchedule op=Exists
                             node.kubernetes.io/network-unavailable:NoSchedule op=Exists
                             node.kubernetes.io/not-ready:NoExecute op=Exists
                             node.kubernetes.io/pid-pressure:NoSchedule op=Exists
                             node.kubernetes.io/unreachable:NoExecute op=Exists
                             node.kubernetes.io/unschedulable:NoSchedule op=Exists


Name:                 kindnet-q2b2b
Namespace:            kube-system
Priority:             2000001000
Priority Class Name:  system-node-critical
Service Account:      kindnet
Node:                 kind-worker1-worker/172.18.0.3
Start Time:           Wed, 03 Jun 2026 12:14:40 +0000
Labels:               app=kindnet
                      controller-revision-hash=864f669d7c
                      k8s-app=kindnet
                      pod-template-generation=1
                      tier=node
Annotations:          <none>
Status:               Running
IP:                   172.18.0.3
IPs:
  IP:           172.18.0.3
Controlled By:  DaemonSet/kindnet
Containers:
  kindnet-cni:
    Container ID:   containerd://6243fd0559c0ac28bbc85bacdadc5000476bcea6f1e5ff78051b1d75cf15d809
    Image:          docker.io/kindest/kindnetd:v20251212-v0.29.0-alpha-105-g20ccfc88
    Image ID:       sha256:4921d7a6dffa922dd679732ba4797085c4f39e9a53bee8b6fdb1d463e8571251
    Port:           <none>
    Host Port:      <none>
    State:          Running
      Started:      Wed, 03 Jun 2026 12:14:45 +0000
    Ready:          True
    Restart Count:  0
    Limits:
      cpu:     100m
      memory:  50Mi
    Requests:
      cpu:     100m
      memory:  50Mi
    Environment:
      HOST_IP:                  (v1:status.hostIP)
      POD_IP:                   (v1:status.podIP)
      POD_SUBNET:              10.244.0.0/16
      CONTROL_PLANE_ENDPOINT:  kind-worker1-control-plane:6443
    Mounts:
      /etc/cni/net.d from cni-cfg (rw)
      /lib/modules from lib-modules (ro)
      /run/xtables.lock from xtables-lock (rw)
      /var/run/nri from nri-plugin (rw)
      /var/run/secrets/kubernetes.io/serviceaccount from kube-api-access-pvjqt (ro)
Conditions:
  Type                        Status
  PodReadyToStartContainers   True 
  Initialized                 True 
  Ready                       True 
  ContainersReady             True 
  PodScheduled                True 
Volumes:
  cni-cfg:
    Type:          HostPath (bare host directory volume)
    Path:          /etc/cni/net.d
    HostPathType:  
  xtables-lock:
    Type:          HostPath (bare host directory volume)
    Path:          /run/xtables.lock
    HostPathType:  FileOrCreate
  lib-modules:
    Type:          HostPath (bare host directory volume)
    Path:          /lib/modules
    HostPathType:  
  nri-plugin:
    Type:          HostPath (bare host directory volume)
    Path:          /var/run/nri
    HostPathType:  
  kube-api-access-pvjqt:
    Type:                    Projected (a volume that contains injected data from multiple sources)
    TokenExpirationSeconds:  3607
    ConfigMapName:           kube-root-ca.crt
    Optional:                false
    DownwardAPI:             true
QoS Class:                   Guaranteed
Node-Selectors:              kubernetes.io/os=linux
Tolerations:                 op=Exists
                             node.kubernetes.io/disk-pressure:NoSchedule op=Exists
                             node.kubernetes.io/memory-pressure:NoSchedule op=Exists
                             node.kubernetes.io/network-unavailable:NoSchedule op=Exists
                             node.kubernetes.io/not-ready:NoExecute op=Exists
                             node.kubernetes.io/pid-pressure:NoSchedule op=Exists
                             node.kubernetes.io/unreachable:NoExecute op=Exists
                             node.kubernetes.io/unschedulable:NoSchedule op=Exists


Name:                 kube-apiserver-kind-worker1-control-plane
Namespace:            kube-system
Priority:             2000001000
Priority Class Name:  system-node-critical
Node:                 kind-worker1-control-plane/172.18.0.6
Start Time:           Wed, 03 Jun 2026 12:14:30 +0000
Labels:               component=kube-apiserver
                      tier=control-plane
Annotations:          kubeadm.kubernetes.io/kube-apiserver.advertise-address.endpoint: 172.18.0.6:6443
                      kubernetes.io/config.hash: 797c225ca859ab5ee68624d4184ac060
                      kubernetes.io/config.mirror: 797c225ca859ab5ee68624d4184ac060
                      kubernetes.io/config.seen: 2026-06-03T12:14:08.863136355Z
                      kubernetes.io/config.source: file
Status:               Running
SeccompProfile:       RuntimeDefault
IP:                   172.18.0.6
IPs:
  IP:           172.18.0.6
Controlled By:  Node/kind-worker1-control-plane
Containers:
  kube-apiserver:
    Container ID:  containerd://01337a05373c43b563769c3685346721dfeead156352fdeb605d0beeea70284f
    Image:         registry.k8s.io/kube-apiserver:v1.35.5
    Image ID:      sha256:b36e72ce0ca0ecb02db2ed8acd0d06b1675c56b25bf38f3a4dbae7c6cf3dc42d
    Port:          6443/TCP (probe-port)
    Host Port:     6443/TCP (probe-port)
    Command:
      kube-apiserver
      --advertise-address=172.18.0.6
      --allow-privileged=true
      --authorization-mode=Node,RBAC
      --client-ca-file=/etc/kubernetes/pki/ca.crt
      --enable-admission-plugins=NodeRestriction
      --enable-bootstrap-token-auth=true
      --etcd-cafile=/etc/kubernetes/pki/etcd/ca.crt
      --etcd-certfile=/etc/kubernetes/pki/apiserver-etcd-client.crt
      --etcd-keyfile=/etc/kubernetes/pki/apiserver-etcd-client.key
      --etcd-servers=https://127.0.0.1:2379
      --kubelet-client-certificate=/etc/kubernetes/pki/apiserver-kubelet-client.crt
      --kubelet-client-key=/etc/kubernetes/pki/apiserver-kubelet-client.key
      --kubelet-preferred-address-types=InternalIP,ExternalIP,Hostname
      --proxy-client-cert-file=/etc/kubernetes/pki/front-proxy-client.crt
      --proxy-client-key-file=/etc/kubernetes/pki/front-proxy-client.key
      --requestheader-allowed-names=front-proxy-client
      --requestheader-client-ca-file=/etc/kubernetes/pki/front-proxy-ca.crt
      --requestheader-extra-headers-prefix=X-Remote-Extra-
      --requestheader-group-headers=X-Remote-Group
      --requestheader-username-headers=X-Remote-User
      --secure-port=6443
      --service-account-issuer=https://kubernetes.default.svc.cluster.local
      --service-account-key-file=/etc/kubernetes/pki/sa.pub
      --service-account-signing-key-file=/etc/kubernetes/pki/sa.key
      --service-cluster-ip-range=10.96.0.0/16
      --tls-cert-file=/etc/kubernetes/pki/apiserver.crt
      --tls-private-key-file=/etc/kubernetes/pki/apiserver.key
      --enable-aggregator-routing=true
      --runtime-config=
      --service-account-max-token-expiration=168h
      --v=3
    State:          Running
      Started:      Wed, 03 Jun 2026 12:14:23 +0000
    Ready:          True
    Restart Count:  0
    Requests:
      cpu:        250m
    Liveness:     http-get https://172.18.0.6:probe-port/livez delay=10s timeout=15s period=10s #success=1 #failure=8
    Readiness:    http-get https://172.18.0.6:probe-port/readyz delay=0s timeout=15s period=1s #success=1 #failure=3
    Startup:      http-get https://172.18.0.6:probe-port/livez delay=10s timeout=15s period=10s #success=1 #failure=24
    Environment:  <none>
    Mounts:
      /etc/ca-certificates from etc-ca-certificates (ro)
      /etc/kubernetes/pki from k8s-certs (ro)
      /etc/ssl/certs from ca-certs (ro)
      /usr/local/share/ca-certificates from usr-local-share-ca-certificates (ro)
      /usr/share/ca-certificates from usr-share-ca-certificates (ro)
Conditions:
  Type                        Status
  PodReadyToStartContainers   True 
  Initialized                 True 
  Ready                       True 
  ContainersReady             True 
  PodScheduled                True 
Volumes:
  ca-certs:
    Type:          HostPath (bare host directory volume)
    Path:          /etc/ssl/certs
    HostPathType:  DirectoryOrCreate
  etc-ca-certificates:
    Type:          HostPath (bare host directory volume)
    Path:          /etc/ca-certificates
    HostPathType:  DirectoryOrCreate
  k8s-certs:
    Type:          HostPath (bare host directory volume)
    Path:          /etc/kubernetes/pki
    HostPathType:  DirectoryOrCreate
  usr-local-share-ca-certificates:
    Type:          HostPath (bare host directory volume)
    Path:          /usr/local/share/ca-certificates
    HostPathType:  DirectoryOrCreate
  usr-share-ca-certificates:
    Type:          HostPath (bare host directory volume)
    Path:          /usr/share/ca-certificates
    HostPathType:  DirectoryOrCreate
QoS Class:         Burstable
Node-Selectors:    <none>
Tolerations:       :NoExecute op=Exists


Name:                 kube-controller-manager-kind-worker1-control-plane
Namespace:            kube-system
Priority:             2000001000
Priority Class Name:  system-node-critical
Node:                 kind-worker1-control-plane/172.18.0.6
Start Time:           Wed, 03 Jun 2026 12:14:30 +0000
Labels:               component=kube-controller-manager
                      tier=control-plane
Annotations:          kubernetes.io/config.hash: 7095655699152c121ed0512fbc17a411
                      kubernetes.io/config.mirror: 7095655699152c121ed0512fbc17a411
                      kubernetes.io/config.seen: 2026-06-03T12:14:08.863142325Z
                      kubernetes.io/config.source: file
Status:               Running
SeccompProfile:       RuntimeDefault
IP:                   172.18.0.6
IPs:
  IP:           172.18.0.6
Controlled By:  Node/kind-worker1-control-plane
Containers:
  kube-controller-manager:
    Container ID:  containerd://5f3dc5aa074b4983a5592af852c3060f7b90a44b034c484c247501362484f769
    Image:         registry.k8s.io/kube-controller-manager:v1.35.5
    Image ID:      sha256:62b89bec9f9858c5ad89d6b8461eb8f5e714ddaf1fa7435a615e52a251e3c2d9
    Port:          10257/TCP (probe-port)
    Host Port:     10257/TCP (probe-port)
    Command:
      kube-controller-manager
      --allocate-node-cidrs=true
      --authentication-kubeconfig=/etc/kubernetes/controller-manager.conf
      --authorization-kubeconfig=/etc/kubernetes/controller-manager.conf
      --bind-address=127.0.0.1
      --client-ca-file=/etc/kubernetes/pki/ca.crt
      --cluster-cidr=10.244.0.0/16
      --cluster-name=kind-worker1
      --cluster-signing-cert-file=/etc/kubernetes/pki/ca.crt
      --cluster-signing-key-file=/etc/kubernetes/pki/ca.key
      --controllers=*,bootstrapsigner,tokencleaner
      --kubeconfig=/etc/kubernetes/controller-manager.conf
      --leader-elect=true
      --requestheader-client-ca-file=/etc/kubernetes/pki/front-proxy-ca.crt
      --root-ca-file=/etc/kubernetes/pki/ca.crt
      --service-account-private-key-file=/etc/kubernetes/pki/sa.key
      --service-cluster-ip-range=10.96.0.0/16
      --use-service-account-credentials=true
      --enable-hostpath-provisioner=true
      --v=3
    State:          Running
      Started:      Wed, 03 Jun 2026 12:14:23 +0000
    Ready:          True
    Restart Count:  0
    Requests:
      cpu:        200m
    Liveness:     http-get https://127.0.0.1:probe-port/healthz delay=10s timeout=15s period=10s #success=1 #failure=8
    Startup:      http-get https://127.0.0.1:probe-port/healthz delay=10s timeout=15s period=10s #success=1 #failure=24
    Environment:  <none>
    Mounts:
      /etc/ca-certificates from etc-ca-certificates (ro)
      /etc/kubernetes/controller-manager.conf from kubeconfig (ro)
      /etc/kubernetes/pki from k8s-certs (ro)
      /etc/ssl/certs from ca-certs (ro)
      /usr/libexec/kubernetes/kubelet-plugins/volume/exec from flexvolume-dir (rw)
      /usr/local/share/ca-certificates from usr-local-share-ca-certificates (ro)
      /usr/share/ca-certificates from usr-share-ca-certificates (ro)
Conditions:
  Type                        Status
  PodReadyToStartContainers   True 
  Initialized                 True 
  Ready                       True 
  ContainersReady             True 
  PodScheduled                True 
Volumes:
  ca-certs:
    Type:          HostPath (bare host directory volume)
    Path:          /etc/ssl/certs
    HostPathType:  DirectoryOrCreate
  etc-ca-certificates:
    Type:          HostPath (bare host directory volume)
    Path:          /etc/ca-certificates
    HostPathType:  DirectoryOrCreate
  flexvolume-dir:
    Type:          HostPath (bare host directory volume)
    Path:          /usr/libexec/kubernetes/kubelet-plugins/volume/exec
    HostPathType:  DirectoryOrCreate
  k8s-certs:
    Type:          HostPath (bare host directory volume)
    Path:          /etc/kubernetes/pki
    HostPathType:  DirectoryOrCreate
  kubeconfig:
    Type:          HostPath (bare host directory volume)
    Path:          /etc/kubernetes/controller-manager.conf
    HostPathType:  FileOrCreate
  usr-local-share-ca-certificates:
    Type:          HostPath (bare host directory volume)
    Path:          /usr/local/share/ca-certificates
    HostPathType:  DirectoryOrCreate
  usr-share-ca-certificates:
    Type:          HostPath (bare host directory volume)
    Path:          /usr/share/ca-certificates
    HostPathType:  DirectoryOrCreate
QoS Class:         Burstable
Node-Selectors:    <none>
Tolerations:       :NoExecute op=Exists


Name:                 kube-proxy-gkrmp
Namespace:            kube-system
Priority:             2000001000
Priority Class Name:  system-node-critical
Service Account:      kube-proxy
Node:                 kind-worker1-worker/172.18.0.3
Start Time:           Wed, 03 Jun 2026 12:14:40 +0000
Labels:               controller-revision-hash=74c976587f
                      k8s-app=kube-proxy
                      pod-template-generation=1
Annotations:          <none>
Status:               Running
IP:                   172.18.0.3
IPs:
  IP:           172.18.0.3
Controlled By:  DaemonSet/kube-proxy
Containers:
  kube-proxy:
    Container ID:  containerd://c265dab9f57d13e9950aa1e837d956d0eca73c5065a3b558cdaddf54cb730ed5
    Image:         registry.k8s.io/kube-proxy:v1.35.5
    Image ID:      sha256:08e6c80e827133462025be7207d0919ae2c8ba9265466e3e30697a3e24951e31
    Port:          <none>
    Host Port:     <none>
    Command:
      /usr/local/bin/kube-proxy
      --config=/var/lib/kube-proxy/config.conf
      --hostname-override=$(NODE_NAME)
    State:          Running
      Started:      Wed, 03 Jun 2026 12:14:43 +0000
    Ready:          True
    Restart Count:  0
    Environment:
      NODE_NAME:   (v1:spec.nodeName)
    Mounts:
      /lib/modules from lib-modules (ro)
      /run/xtables.lock from xtables-lock (rw)
      /var/lib/kube-proxy from kube-proxy (rw)
      /var/run/secrets/kubernetes.io/serviceaccount from kube-api-access-45d9j (ro)
Conditions:
  Type                        Status
  PodReadyToStartContainers   True 
  Initialized                 True 
  Ready                       True 
  ContainersReady             True 
  PodScheduled                True 
Volumes:
  kube-proxy:
    Type:      ConfigMap (a volume populated by a ConfigMap)
    Name:      kube-proxy
    Optional:  false
  xtables-lock:
    Type:          HostPath (bare host directory volume)
    Path:          /run/xtables.lock
    HostPathType:  FileOrCreate
  lib-modules:
    Type:          HostPath (bare host directory volume)
    Path:          /lib/modules
    HostPathType:  
  kube-api-access-45d9j:
    Type:                    Projected (a volume that contains injected data from multiple sources)
    TokenExpirationSeconds:  3607
    ConfigMapName:           kube-root-ca.crt
    Optional:                false
    DownwardAPI:             true
QoS Class:                   BestEffort
Node-Selectors:              kubernetes.io/os=linux
Tolerations:                 op=Exists
                             node.kubernetes.io/disk-pressure:NoSchedule op=Exists
                             node.kubernetes.io/memory-pressure:NoSchedule op=Exists
                             node.kubernetes.io/network-unavailable:NoSchedule op=Exists
                             node.kubernetes.io/not-ready:NoExecute op=Exists
                             node.kubernetes.io/pid-pressure:NoSchedule op=Exists
                             node.kubernetes.io/unreachable:NoExecute op=Exists
                             node.kubernetes.io/unschedulable:NoSchedule op=Exists


Name:                 kube-proxy-pdtb2
Namespace:            kube-system
Priority:             2000001000
Priority Class Name:  system-node-critical
Service Account:      kube-proxy
Node:                 kind-worker1-control-plane/172.18.0.6
Start Time:           Wed, 03 Jun 2026 12:14:34 +0000
Labels:               controller-revision-hash=74c976587f
                      k8s-app=kube-proxy
                      pod-template-generation=1
Annotations:          <none>
Status:               Running
IP:                   172.18.0.6
IPs:
  IP:           172.18.0.6
Controlled By:  DaemonSet/kube-proxy
Containers:
  kube-proxy:
    Container ID:  containerd://bb352e3d9efa2bca658f49c7116ef0fd4a1382e5be497e6f7345c2de0a14259e
    Image:         registry.k8s.io/kube-proxy:v1.35.5
    Image ID:      sha256:08e6c80e827133462025be7207d0919ae2c8ba9265466e3e30697a3e24951e31
    Port:          <none>
    Host Port:     <none>
    Command:
      /usr/local/bin/kube-proxy
      --config=/var/lib/kube-proxy/config.conf
      --hostname-override=$(NODE_NAME)
    State:          Running
      Started:      Wed, 03 Jun 2026 12:14:37 +0000
    Ready:          True
    Restart Count:  0
    Environment:
      NODE_NAME:   (v1:spec.nodeName)
    Mounts:
      /lib/modules from lib-modules (ro)
      /run/xtables.lock from xtables-lock (rw)
      /var/lib/kube-proxy from kube-proxy (rw)
      /var/run/secrets/kubernetes.io/serviceaccount from kube-api-access-2xkg7 (ro)
Conditions:
  Type                        Status
  PodReadyToStartContainers   True 
  Initialized                 True 
  Ready                       True 
  ContainersReady             True 
  PodScheduled                True 
Volumes:
  kube-proxy:
    Type:      ConfigMap (a volume populated by a ConfigMap)
    Name:      kube-proxy
    Optional:  false
  xtables-lock:
    Type:          HostPath (bare host directory volume)
    Path:          /run/xtables.lock
    HostPathType:  FileOrCreate
  lib-modules:
    Type:          HostPath (bare host directory volume)
    Path:          /lib/modules
    HostPathType:  
  kube-api-access-2xkg7:
    Type:                    Projected (a volume that contains injected data from multiple sources)
    TokenExpirationSeconds:  3607
    ConfigMapName:           kube-root-ca.crt
    Optional:                false
    DownwardAPI:             true
QoS Class:                   BestEffort
Node-Selectors:              kubernetes.io/os=linux
Tolerations:                 op=Exists
                             node.kubernetes.io/disk-pressure:NoSchedule op=Exists
                             node.kubernetes.io/memory-pressure:NoSchedule op=Exists
                             node.kubernetes.io/network-unavailable:NoSchedule op=Exists
                             node.kubernetes.io/not-ready:NoExecute op=Exists
                             node.kubernetes.io/pid-pressure:NoSchedule op=Exists
                             node.kubernetes.io/unreachable:NoExecute op=Exists
                             node.kubernetes.io/unschedulable:NoSchedule op=Exists


Name:                 kube-scheduler-kind-worker1-control-plane
Namespace:            kube-system
Priority:             2000001000
Priority Class Name:  system-node-critical
Node:                 kind-worker1-control-plane/172.18.0.6
Start Time:           Wed, 03 Jun 2026 12:14:30 +0000
Labels:               component=kube-scheduler
                      tier=control-plane
Annotations:          kubernetes.io/config.hash: 71dbe49cd64a756ac9b8003005e33a28
                      kubernetes.io/config.mirror: 71dbe49cd64a756ac9b8003005e33a28
                      kubernetes.io/config.seen: 2026-06-03T12:14:08.863144585Z
                      kubernetes.io/config.source: file
Status:               Running
SeccompProfile:       RuntimeDefault
IP:                   172.18.0.6
IPs:
  IP:           172.18.0.6
Controlled By:  Node/kind-worker1-control-plane
Containers:
  kube-scheduler:
    Container ID:  containerd://b936fb39ab56051ab7808a456c0e3f43340cdbd2a1ea77477015edb43f187477
    Image:         registry.k8s.io/kube-scheduler:v1.35.5
    Image ID:      sha256:b8524d34600d35d208800e80d6675d6265fc5b8ea26a50b13de9b2b15f7318a2
    Port:          10259/TCP (probe-port)
    Host Port:     10259/TCP (probe-port)
    Command:
      kube-scheduler
      --authentication-kubeconfig=/etc/kubernetes/scheduler.conf
      --authorization-kubeconfig=/etc/kubernetes/scheduler.conf
      --bind-address=127.0.0.1
      --kubeconfig=/etc/kubernetes/scheduler.conf
      --leader-elect=true
      --v=3
    State:          Running
      Started:      Wed, 03 Jun 2026 12:14:23 +0000
    Ready:          True
    Restart Count:  0
    Requests:
      cpu:        100m
    Liveness:     http-get https://127.0.0.1:probe-port/livez delay=10s timeout=15s period=10s #success=1 #failure=8
    Readiness:    http-get https://127.0.0.1:probe-port/readyz delay=0s timeout=15s period=1s #success=1 #failure=3
    Startup:      http-get https://127.0.0.1:probe-port/livez delay=10s timeout=15s period=10s #success=1 #failure=24
    Environment:  <none>
    Mounts:
      /etc/kubernetes/scheduler.conf from kubeconfig (ro)
Conditions:
  Type                        Status
  PodReadyToStartContainers   True 
  Initialized                 True 
  Ready                       True 
  ContainersReady             True 
  PodScheduled                True 
Volumes:
  kubeconfig:
    Type:          HostPath (bare host directory volume)
    Path:          /etc/kubernetes/scheduler.conf
    HostPathType:  FileOrCreate
QoS Class:         Burstable
Node-Selectors:    <none>
Tolerations:       :NoExecute op=Exists
