2026-06-11T09:03:52.174800717Z stderr F 2026-06-11T09:03:52.174401762Z	INFO	setup	kueue/main.go:706	Configuration loaded	{"config": "apiVersion: config.kueue.x-k8s.io/v1beta2\nclientConnection:\n  burst: 100\n  qps: 50\ncontroller:\n  groupKindConcurrency:\n    ClusterQueue.kueue.x-k8s.io: 1\n    Job.batch: 5\n    LocalQueue.kueue.x-k8s.io: 1\n    Pod: 5\n    ResourceFlavor.kueue.x-k8s.io: 1\n    Workload.kueue.x-k8s.io: 5\nfairSharing:\n  preemptionStrategies:\n  - LessThanOrEqualToFinalShare\n  - LessThanInitialShare\nfeatureGates:\n  ManagedJobsNamespaceSelectorAlwaysRespected: false\nhealth:\n  healthProbeBindAddress: :8081\nintegrations:\n  frameworks:\n  - batch/job\n  - kubeflow.org/mpijob\n  - ray.io/rayjob\n  - ray.io/raycluster\n  - ray.io/rayservice\n  - jobset.x-k8s.io/jobset\n  - kubeflow.org/paddlejob\n  - kubeflow.org/pytorchjob\n  - kubeflow.org/tfjob\n  - kubeflow.org/xgboostjob\n  - kubeflow.org/jaxjob\n  - trainer.kubeflow.org/trainjob\n  - workload.codeflare.dev/appwrapper\n  - pod\n  - deployment\n  - statefulset\n  - leaderworkerset.x-k8s.io/leaderworkerset\ninternalCertManagement:\n  enable: true\n  webhookSecretName: kueue-webhook-server-cert\n  webhookServiceName: kueue-webhook-service\nkind: Configuration\nleaderElection:\n  leaderElect: true\n  leaseDuration: 15s\n  renewDeadline: 10s\n  resourceLock: leases\n  resourceName: c1f6bfd2.kueue.x-k8s.io\n  resourceNamespace: \"\"\n  retryPeriod: 2s\nmanageJobsWithoutQueueName: true\nmanagedJobsNamespaceSelector:\n  matchExpressions:\n  - key: kubernetes.io/metadata.name\n    operator: NotIn\n    values:\n    - e2e-p49kb\n    - kueue-system\n    - kube-system\nmetrics:\n  bindAddress: :8443\n  enableClusterQueueResources: true\n  localQueueMetrics:\n    enable: true\nmultiKueue:\n  dispatcherName: kueue.x-k8s.io/multikueue-dispatcher-all-at-once\n  gcInterval: 1m0s\n  origin: multikueue\n  workerLostTimeout: 15m0s\nnamespace: kueue-system\ntls:\n  cipherSuites:\n  - TLS_ECDHE_ECDSA_WITH_AES_128_GCM_SHA256\n  - TLS_ECDHE_RSA_WITH_AES_128_GCM_SHA256\n  - TLS_ECDHE_ECDSA_WITH_CHACHA20_POLY1305_SHA256\n  - TLS_ECDHE_RSA_WITH_CHACHA20_POLY1305_SHA256\n  - TLS_ECDHE_ECDSA_WITH_AES_256_GCM_SHA384\n  - TLS_ECDHE_RSA_WITH_AES_256_GCM_SHA384\n  minVersion: VersionTLS12\nvisibilityServer:\n  bindPort: 8082\nwebhook:\n  certDir: /tmp/k8s-webhook-server/serving-certs\n  port: 9443\n"}
2026-06-11T09:03:52.174854358Z stderr F 2026-06-11T09:03:52.174775677Z	INFO	setup	kueue/main.go:169	Initializing	{"gitVersion": "v0.19.0-devel-83-g51c5960c6", "gitCommit": "51c5960c6a734d982967e534cb094f8e048947fb", "buildDate": "2026-06-11T08:51:35Z"}
2026-06-11T09:03:52.175346964Z stderr F 2026-06-11T09:03:52.175153862Z	LEVEL(-2)	setup	features/kube_features.go:713	Loaded feature gates	{"featureGates": {"AdmissionFairSharing":true,"AdmissionGatedBy":false,"AssignQueueLabelsForPods":true,"ConcurrentAdmission":false,"CustomMetricLabels":false,"DRAExtendedResources":false,"DynamicResourceAllocation":false,"ElasticJobsViaWorkloadSlices":true,"ElasticJobsViaWorkloadSlicesWithTAS":false,"FailureRecoveryPolicy":false,"FairSharingPreemptWithinNominal":true,"FairSharingPrioritizeNonBorrowing":true,"FastQuotaReleaseInPodIntegration":false,"FinishOrphanedWorkloads":true,"FlavorFungibility":true,"HierarchicalCohorts":true,"KueueDRAIntegration":true,"KueueDRAIntegrationExtendedResource":false,"KueueDRAIntegrationPartitionableDevices":false,"KueueDRARejectWorkloadsWhenDRADisabled":true,"LendingLimit":true,"LocalQueueDefaulting":true,"LocalQueueMetrics":true,"ManagedJobsNamespaceSelectorAlwaysRespected":false,"MetricForWorkloadCreationLatency":true,"MetricsForCohorts":true,"MultiKueue":true,"MultiKueueAdaptersForCustomJobs":true,"MultiKueueAllowInsecureKubeconfigs":false,"MultiKueueBatchJobWithManagedBy":true,"MultiKueueClusterProfile":false,"MultiKueueManagerQuotaAutomation":false,"MultiKueueOrchestratedPreemption":false,"MultiKueueRedoAdmissionOnEvictionInWorker":true,"MultiKueueWaitForWorkloadAdmitted":true,"ObjectRetentionPolicies":true,"PartialAdmission":true,"PriorityBoost":false,"PrioritySortingWithinCohort":true,"PropagateBatchJobLabelsToWorkload":true,"QuotaCheckStrategy":false,"ReclaimablePods":true,"RejectUpdatesToCQWithInvalidOnFlavors":false,"RemoveFinalizersWithStrictPatch":true,"SanitizePodSets":true,"SchedulerLongRequeueInterval":false,"SchedulerTimestampPreemptionBuffer":false,"SchedulingEquivalenceHashing":true,"ShortWorkloadNames":false,"SkipFinalizersForPodsSuspendedByParent":true,"SparkApplicationIntegration":false,"TASBalancedPlacement":false,"TASFailedNodeReplacement":true,"TASFailedNodeReplacementFailFast":true,"TASHandleOverlappingFlavors":true,"TASMultiLayerTopology":false,"TASProfileMixed":true,"TASReplaceNodeOnNodeTaints":true,"TASReplaceNodeOnPodTermination":true,"TASRespectNodeAffinityPreferred":false,"TLSOptions":true,"TopologyAwareScheduling":true,"VisibilityOnDemand":true,"WorkloadIdentifierAnnotations":true,"WorkloadPriorityClassDefaulting":false,"WorkloadRequestUseMergePatch":false}}
2026-06-11T09:03:52.175713829Z stderr F 2026-06-11T09:03:52.175567497Z	LEVEL(-2)	setup	kueue/main.go:256	K8S Client	{"qps": 50, "burst": 100}
2026-06-11T09:03:52.176108894Z stderr F 2026-06-11T09:03:52.175950572Z	INFO	cert-bootstrap	cert/cert.go:50	Creating bootstrap manager for certificate generation
2026-06-11T09:03:52.177086467Z stderr F 2026-06-11T09:03:52.176975925Z	INFO	cert-bootstrap	cert/cert.go:88	Waiting for certificate generation and CA injection to complete
2026-06-11T09:03:52.177290839Z stderr F 2026-06-11T09:03:52.177055346Z	INFO	cert-bootstrap	cert/cert.go:80	Starting bootstrap manager
2026-06-11T09:03:52.177427351Z stderr F 2026-06-11T09:03:52.17729288Z	INFO	manager/server.go:83	starting server	{"name": "health probe", "addr": "[::]:8081"}
2026-06-11T09:03:52.177538973Z stderr F 2026-06-11T09:03:52.177430861Z	INFO	cert-rotation	rotator/rotator.go:290	starting cert rotator controller
2026-06-11T09:03:52.191318072Z stderr F 2026-06-11T09:03:52.190933277Z	LEVEL(-3)	controller-runtime.cache	cache/reflector.go:425	Starting reflector	{"type": "apiextensions.k8s.io/v1, Kind=CustomResourceDefinition", "resyncPeriod": "10h17m11.490119888s", "reflector": "sigs.k8s.io/controller-runtime/pkg/cache/internal/informers.go:128"}
2026-06-11T09:03:52.191402513Z stderr F 2026-06-11T09:03:52.191038208Z	LEVEL(-3)	controller-runtime.cache	cache/reflector.go:472	Listing and watching	{"type": "apiextensions.k8s.io/v1, Kind=CustomResourceDefinition", "reflector": "sigs.k8s.io/controller-runtime/pkg/cache/internal/informers.go:128"}
2026-06-11T09:03:52.191654666Z stderr F 2026-06-11T09:03:52.19116269Z	LEVEL(-3)	controller-runtime.cache	cache/reflector.go:425	Starting reflector	{"type": "admissionregistration.k8s.io/v1, Kind=MutatingWebhookConfiguration", "resyncPeriod": "10h36m17.285845165s", "reflector": "sigs.k8s.io/controller-runtime/pkg/cache/internal/informers.go:128"}
2026-06-11T09:03:52.191664706Z stderr F 2026-06-11T09:03:52.191240211Z	LEVEL(-3)	controller-runtime.cache	cache/reflector.go:472	Listing and watching	{"type": "admissionregistration.k8s.io/v1, Kind=MutatingWebhookConfiguration", "reflector": "sigs.k8s.io/controller-runtime/pkg/cache/internal/informers.go:128"}
2026-06-11T09:03:52.192146763Z stderr F 2026-06-11T09:03:52.19195861Z	LEVEL(-3)	controller-runtime.cache	cache/reflector.go:425	Starting reflector	{"type": "admissionregistration.k8s.io/v1, Kind=ValidatingWebhookConfiguration", "resyncPeriod": "9h12m23.341025398s", "reflector": "sigs.k8s.io/controller-runtime/pkg/cache/internal/informers.go:128"}
2026-06-11T09:03:52.192159313Z stderr F 2026-06-11T09:03:52.192022491Z	LEVEL(-3)	controller-runtime.cache	cache/reflector.go:472	Listing and watching	{"type": "admissionregistration.k8s.io/v1, Kind=ValidatingWebhookConfiguration", "reflector": "sigs.k8s.io/controller-runtime/pkg/cache/internal/informers.go:128"}
2026-06-11T09:03:52.192348945Z stderr F 2026-06-11T09:03:52.192166303Z	LEVEL(-3)	controller-runtime.cache	cache/reflector.go:425	Starting reflector	{"type": "*v1.Secret", "resyncPeriod": "10h21m16.91726665s", "reflector": "sigs.k8s.io/controller-runtime/pkg/cache/internal/informers.go:128"}
2026-06-11T09:03:52.192371696Z stderr F 2026-06-11T09:03:52.192252914Z	LEVEL(-3)	controller-runtime.cache	cache/reflector.go:472	Listing and watching	{"type": "*v1.Secret", "reflector": "sigs.k8s.io/controller-runtime/pkg/cache/internal/informers.go:128"}
2026-06-11T09:03:52.1981005Z stderr F 2026-06-11T09:03:52.197853627Z	LEVEL(-2)	controller-runtime.cache	cache/reflector.go:507	Caches populated	{"type": "*v1.Secret", "reflector": "sigs.k8s.io/controller-runtime/pkg/cache/internal/informers.go:128"}
2026-06-11T09:03:52.204353102Z stderr F 2026-06-11T09:03:52.204119509Z	LEVEL(-2)	controller-runtime.cache	cache/reflector.go:507	Caches populated	{"type": "admissionregistration.k8s.io/v1, Kind=MutatingWebhookConfiguration", "reflector": "sigs.k8s.io/controller-runtime/pkg/cache/internal/informers.go:128"}
2026-06-11T09:03:52.209924944Z stderr F 2026-06-11T09:03:52.209723571Z	LEVEL(-2)	controller-runtime.cache	cache/reflector.go:507	Caches populated	{"type": "admissionregistration.k8s.io/v1, Kind=ValidatingWebhookConfiguration", "reflector": "sigs.k8s.io/controller-runtime/pkg/cache/internal/informers.go:128"}
2026-06-11T09:03:52.292659812Z stderr F 2026-06-11T09:03:52.292456529Z	INFO	cert-rotation	rotator/rotator.go:361	no cert refresh needed
2026-06-11T09:03:52.292720222Z stderr F 2026-06-11T09:03:52.292602311Z	INFO	cert-rotation	rotator/rotator.go:896	certs are ready in /tmp/k8s-webhook-server/serving-certs
2026-06-11T09:03:52.384219714Z stderr F 2026-06-11T09:03:52.383986851Z	LEVEL(-2)	controller-runtime.cache	cache/reflector.go:507	Caches populated	{"type": "apiextensions.k8s.io/v1, Kind=CustomResourceDefinition", "reflector": "sigs.k8s.io/controller-runtime/pkg/cache/internal/informers.go:128"}
2026-06-11T09:03:52.493121331Z stderr F 2026-06-11T09:03:52.492933599Z	INFO	cert-rotation	rotator/rotator.go:361	no cert refresh needed
2026-06-11T09:03:52.493856521Z stderr F 2026-06-11T09:03:52.493730209Z	INFO	cert-rotation	rotator/rotator.go:857	Ensuring CA cert	{"name": "kueue-validating-webhook-configuration", "gvk": "admissionregistration.k8s.io/v1, Kind=ValidatingWebhookConfiguration", "name": "kueue-validating-webhook-configuration", "gvk": "admissionregistration.k8s.io/v1, Kind=ValidatingWebhookConfiguration"}
2026-06-11T09:03:52.511112276Z stderr F 2026-06-11T09:03:52.510901293Z	INFO	cert-rotation	rotator/rotator.go:857	Ensuring CA cert	{"name": "kueue-mutating-webhook-configuration", "gvk": "admissionregistration.k8s.io/v1, Kind=MutatingWebhookConfiguration", "name": "kueue-mutating-webhook-configuration", "gvk": "admissionregistration.k8s.io/v1, Kind=MutatingWebhookConfiguration"}
2026-06-11T09:03:52.526678598Z stderr F 2026-06-11T09:03:52.526489216Z	INFO	cert-rotation	rotator/rotator.go:857	Ensuring CA cert	{"name": "localqueues.kueue.x-k8s.io", "gvk": "apiextensions.k8s.io/v1, Kind=CustomResourceDefinition", "name": "localqueues.kueue.x-k8s.io", "gvk": "apiextensions.k8s.io/v1, Kind=CustomResourceDefinition"}
2026-06-11T09:03:52.553861652Z stderr F 2026-06-11T09:03:52.553681619Z	INFO	cert-rotation	rotator/rotator.go:857	Ensuring CA cert	{"name": "clusterqueues.kueue.x-k8s.io", "gvk": "apiextensions.k8s.io/v1, Kind=CustomResourceDefinition", "name": "clusterqueues.kueue.x-k8s.io", "gvk": "apiextensions.k8s.io/v1, Kind=CustomResourceDefinition"}
2026-06-11T09:03:52.615520915Z stderr F 2026-06-11T09:03:52.615333293Z	INFO	cert-rotation	rotator/rotator.go:857	Ensuring CA cert	{"name": "workloads.kueue.x-k8s.io", "gvk": "apiextensions.k8s.io/v1, Kind=CustomResourceDefinition", "name": "workloads.kueue.x-k8s.io", "gvk": "apiextensions.k8s.io/v1, Kind=CustomResourceDefinition"}
2026-06-11T09:03:53.336885667Z stderr F 2026-06-11T09:03:53.336672304Z	INFO	cert-rotation	rotator/rotator.go:857	Ensuring CA cert	{"name": "cohorts.kueue.x-k8s.io", "gvk": "apiextensions.k8s.io/v1, Kind=CustomResourceDefinition", "name": "cohorts.kueue.x-k8s.io", "gvk": "apiextensions.k8s.io/v1, Kind=CustomResourceDefinition"}
2026-06-11T09:03:53.36096573Z stderr F 2026-06-11T09:03:53.360769508Z	INFO	cert-rotation	rotator/rotator.go:857	Ensuring CA cert	{"name": "multikueueclusters.kueue.x-k8s.io", "gvk": "apiextensions.k8s.io/v1, Kind=CustomResourceDefinition", "name": "multikueueclusters.kueue.x-k8s.io", "gvk": "apiextensions.k8s.io/v1, Kind=CustomResourceDefinition"}
2026-06-11T09:03:56.01238249Z stderr F 2026-06-11T09:03:56.012180267Z	INFO	cert-rotation	rotator/rotator.go:916	CA certs are injected to webhooks
2026-06-11T09:03:56.01240978Z stderr F 2026-06-11T09:03:56.012261688Z	INFO	cert-bootstrap	cert/cert.go:90	Certificates ready and CA bundles injected
2026-06-11T09:03:56.01241494Z stderr F 2026-06-11T09:03:56.012289239Z	INFO	cert-bootstrap	cert/cert.go:92	Stopping bootstrap manager
2026-06-11T09:03:56.01242725Z stderr F 2026-06-11T09:03:56.012313279Z	INFO	cert-bootstrap	cert/cert.go:95	Waiting for the bootstrap manager to stop
2026-06-11T09:03:56.012537352Z stderr F 2026-06-11T09:03:56.01239513Z	INFO	manager/internal.go:566	Stopping and waiting for warmup runnables
2026-06-11T09:03:56.012546852Z stderr F 2026-06-11T09:03:56.01237269Z	INFO	manager/internal.go:571	Stopping and waiting for non leader election runnables
2026-06-11T09:03:56.012739524Z stderr F 2026-06-11T09:03:56.012574872Z	LEVEL(-3)	controller-runtime.cache	cache/reflector.go:434	Stopping reflector	{"type": "*v1.Secret", "resyncPeriod": "10h21m16.91726665s", "reflector": "sigs.k8s.io/controller-runtime/pkg/cache/internal/informers.go:128"}
2026-06-11T09:03:56.012755895Z stderr F 2026-06-11T09:03:56.012657333Z	INFO	cert-rotation	rotator/rotator.go:320	stopping cert rotator controller
2026-06-11T09:03:56.012816925Z stderr F 2026-06-11T09:03:56.012709174Z	LEVEL(-3)	controller-runtime.cache	cache/reflector.go:434	Stopping reflector	{"type": "admissionregistration.k8s.io/v1, Kind=ValidatingWebhookConfiguration", "resyncPeriod": "9h12m23.341025398s", "reflector": "sigs.k8s.io/controller-runtime/pkg/cache/internal/informers.go:128"}
2026-06-11T09:03:56.012824886Z stderr F 2026-06-11T09:03:56.012727004Z	LEVEL(-3)	controller-runtime.cache	cache/reflector.go:434	Stopping reflector	{"type": "admissionregistration.k8s.io/v1, Kind=MutatingWebhookConfiguration", "resyncPeriod": "10h36m17.285845165s", "reflector": "sigs.k8s.io/controller-runtime/pkg/cache/internal/informers.go:128"}
2026-06-11T09:03:56.012934857Z stderr F 2026-06-11T09:03:56.012788175Z	LEVEL(-3)	controller-runtime.cache	cache/reflector.go:434	Stopping reflector	{"type": "apiextensions.k8s.io/v1, Kind=CustomResourceDefinition", "resyncPeriod": "10h17m11.490119888s", "reflector": "sigs.k8s.io/controller-runtime/pkg/cache/internal/informers.go:128"}
2026-06-11T09:03:56.012943847Z stderr F 2026-06-11T09:03:56.012852806Z	INFO	manager/internal.go:575	Stopping and waiting for leader election runnables
2026-06-11T09:03:56.012948507Z stderr F 2026-06-11T09:03:56.012873296Z	INFO	manager/internal.go:583	Stopping and waiting for caches
2026-06-11T09:03:56.013052558Z stderr F 2026-06-11T09:03:56.012935587Z	INFO	manager/internal.go:587	Stopping and waiting for webhooks
2026-06-11T09:03:56.013060949Z stderr F 2026-06-11T09:03:56.012970217Z	INFO	manager/internal.go:590	Stopping and waiting for HTTP servers
2026-06-11T09:03:56.013070919Z stderr F 2026-06-11T09:03:56.012992888Z	INFO	manager/server.go:68	shutting down server	{"name": "health probe", "addr": "[::]:8081"}
2026-06-11T09:03:56.013215471Z stderr F 2026-06-11T09:03:56.013099879Z	INFO	manager/internal.go:594	Wait completed, proceeding to shutdown the manager
2026-06-11T09:03:56.013223871Z stderr F 2026-06-11T09:03:56.01313153Z	INFO	cert-bootstrap	cert/cert.go:98	Certificate bootstrap complete
2026-06-11T09:03:56.020103731Z stderr F 2026-06-11T09:03:56.019887468Z	INFO	setup	kueue/main.go:668	RoleTracker: leader election enabled
2026-06-11T09:03:56.022418261Z stderr F 2026-06-11T09:03:56.022237639Z	ERROR	setup	kueue/main.go:435	Skipping admission check controller setup: Provisioning Requests not supported (Possible cause: missing or unsupported cluster-autoscaler)	{"error": "no matches for kind \"ProvisioningRequest\" in version \"autoscaling.x-k8s.io/v1\""}
2026-06-11T09:03:56.022432361Z stderr F main.setupIndexes
2026-06-11T09:03:56.022449011Z stderr F 	/workspace/cmd/kueue/main.go:435
2026-06-11T09:03:56.022452641Z stderr F main.main
2026-06-11T09:03:56.022456011Z stderr F 	/workspace/cmd/kueue/main.go:354
2026-06-11T09:03:56.022459312Z stderr F runtime.main
2026-06-11T09:03:56.022462672Z stderr F 	/usr/local/go/src/runtime/proc.go:290
2026-06-11T09:03:56.024435007Z stderr F 2026-06-11T09:03:56.024288805Z	INFO	setup	kueue/main.go:614	Probe endpoints are configured on healthz and readyz
2026-06-11T09:03:56.024471688Z stderr F 2026-06-11T09:03:56.024401407Z	INFO	queue-manager	queue/manager.go:138	DRA reconcile channel connected
2026-06-11T09:03:56.026149969Z stderr F 2026-06-11T09:03:56.026004348Z	INFO	setup	kueue/main.go:487	Skipping provisioning controller setup: Provisioning Requests not supported (Possible cause: missing or unsupported cluster-autoscaler)
2026-06-11T09:03:56.026464633Z stderr F 2026-06-11T09:03:56.026327372Z	INFO	controller-runtime.builder	builder/webhook.go:221	Registering a mutating webhook	{"GVK": "workload.codeflare.dev/v1beta2, Kind=AppWrapper", "path": "/mutate-workload-codeflare-dev-v1beta2-appwrapper"}
2026-06-11T09:03:56.026583005Z stderr F 2026-06-11T09:03:56.026467334Z	INFO	controller-runtime.webhook	webhook/server.go:183	Registering webhook	{"path": "/mutate-workload-codeflare-dev-v1beta2-appwrapper"}
2026-06-11T09:03:56.026641916Z stderr F 2026-06-11T09:03:56.026534404Z	INFO	controller-runtime.builder	builder/webhook.go:268	Registering a validating webhook	{"GVK": "workload.codeflare.dev/v1beta2, Kind=AppWrapper", "path": "/validate-workload-codeflare-dev-v1beta2-appwrapper"}
2026-06-11T09:03:56.026786728Z stderr F 2026-06-11T09:03:56.026674146Z	INFO	controller-runtime.webhook	webhook/server.go:183	Registering webhook	{"path": "/validate-workload-codeflare-dev-v1beta2-appwrapper"}
2026-06-11T09:03:56.026872729Z stderr F 2026-06-11T09:03:56.026771577Z	LEVEL(-3)	jobframework/noop_controller.go:42	Skipped reconciler setup	{"gvk": "apps/v1, Kind=Deployment"}
2026-06-11T09:03:56.02693771Z stderr F 2026-06-11T09:03:56.026840258Z	INFO	controller-runtime.builder	builder/webhook.go:221	Registering a mutating webhook	{"GVK": "apps/v1, Kind=Deployment", "path": "/mutate-apps-v1-deployment"}
2026-06-11T09:03:56.027071531Z stderr F 2026-06-11T09:03:56.02695805Z	INFO	controller-runtime.webhook	webhook/server.go:183	Registering webhook	{"path": "/mutate-apps-v1-deployment"}
2026-06-11T09:03:56.027078511Z stderr F 2026-06-11T09:03:56.027019331Z	INFO	controller-runtime.builder	builder/webhook.go:268	Registering a validating webhook	{"GVK": "apps/v1, Kind=Deployment", "path": "/validate-apps-v1-deployment"}
2026-06-11T09:03:56.027202893Z stderr F 2026-06-11T09:03:56.027102702Z	INFO	controller-runtime.webhook	webhook/server.go:183	Registering webhook	{"path": "/validate-apps-v1-deployment"}
2026-06-11T09:03:56.027392885Z stderr F 2026-06-11T09:03:56.027272314Z	INFO	controller-runtime.builder	builder/webhook.go:221	Registering a mutating webhook	{"GVK": "batch/v1, Kind=Job", "path": "/mutate-batch-v1-job"}
2026-06-11T09:03:56.027484967Z stderr F 2026-06-11T09:03:56.027388685Z	INFO	controller-runtime.webhook	webhook/server.go:183	Registering webhook	{"path": "/mutate-batch-v1-job"}
2026-06-11T09:03:56.027490537Z stderr F 2026-06-11T09:03:56.027442516Z	INFO	controller-runtime.builder	builder/webhook.go:268	Registering a validating webhook	{"GVK": "batch/v1, Kind=Job", "path": "/validate-batch-v1-job"}
2026-06-11T09:03:56.027649039Z stderr F 2026-06-11T09:03:56.027523747Z	INFO	controller-runtime.webhook	webhook/server.go:183	Registering webhook	{"path": "/validate-batch-v1-job"}
2026-06-11T09:03:56.027784531Z stderr F 2026-06-11T09:03:56.027671059Z	INFO	controller-runtime.builder	builder/webhook.go:221	Registering a mutating webhook	{"GVK": "jobset.x-k8s.io/v1alpha2, Kind=JobSet", "path": "/mutate-jobset-x-k8s-io-v1alpha2-jobset"}
2026-06-11T09:03:56.027916102Z stderr F 2026-06-11T09:03:56.027802341Z	INFO	controller-runtime.webhook	webhook/server.go:183	Registering webhook	{"path": "/mutate-jobset-x-k8s-io-v1alpha2-jobset"}
2026-06-11T09:03:56.027937293Z stderr F 2026-06-11T09:03:56.027850521Z	INFO	controller-runtime.builder	builder/webhook.go:268	Registering a validating webhook	{"GVK": "jobset.x-k8s.io/v1alpha2, Kind=JobSet", "path": "/validate-jobset-x-k8s-io-v1alpha2-jobset"}
2026-06-11T09:03:56.028053924Z stderr F 2026-06-11T09:03:56.027936343Z	INFO	controller-runtime.webhook	webhook/server.go:183	Registering webhook	{"path": "/validate-jobset-x-k8s-io-v1alpha2-jobset"}
2026-06-11T09:03:56.03006464Z stderr F 2026-06-11T09:03:56.029919578Z	INFO	controller-runtime.builder	builder/webhook.go:221	Registering a mutating webhook	{"GVK": "kubeflow.org/v1, Kind=JAXJob", "path": "/mutate-kubeflow-org-v1-jaxjob"}
2026-06-11T09:03:56.030133011Z stderr F 2026-06-11T09:03:56.03004583Z	INFO	controller-runtime.webhook	webhook/server.go:183	Registering webhook	{"path": "/mutate-kubeflow-org-v1-jaxjob"}
2026-06-11T09:03:56.030205732Z stderr F 2026-06-11T09:03:56.030104921Z	INFO	controller-runtime.builder	builder/webhook.go:268	Registering a validating webhook	{"GVK": "kubeflow.org/v1, Kind=JAXJob", "path": "/validate-kubeflow-org-v1-jaxjob"}
2026-06-11T09:03:56.030240082Z stderr F 2026-06-11T09:03:56.030181662Z	INFO	controller-runtime.webhook	webhook/server.go:183	Registering webhook	{"path": "/validate-kubeflow-org-v1-jaxjob"}
2026-06-11T09:03:56.030354914Z stderr F 2026-06-11T09:03:56.030259243Z	INFO	setup	jobframework/setup.go:96	No matching API in the server for job framework, deferring setting up controller	{"jobFrameworkName": "kubeflow.org/jaxjob"}
2026-06-11T09:03:56.032219688Z stderr F 2026-06-11T09:03:56.032063176Z	INFO	controller-runtime.builder	builder/webhook.go:221	Registering a mutating webhook	{"GVK": "kubeflow.org/v1, Kind=PaddleJob", "path": "/mutate-kubeflow-org-v1-paddlejob"}
2026-06-11T09:03:56.032239278Z stderr F 2026-06-11T09:03:56.032158847Z	INFO	controller-runtime.webhook	webhook/server.go:183	Registering webhook	{"path": "/mutate-kubeflow-org-v1-paddlejob"}
2026-06-11T09:03:56.03236479Z stderr F 2026-06-11T09:03:56.032229408Z	INFO	controller-runtime.builder	builder/webhook.go:268	Registering a validating webhook	{"GVK": "kubeflow.org/v1, Kind=PaddleJob", "path": "/validate-kubeflow-org-v1-paddlejob"}
2026-06-11T09:03:56.032493592Z stderr F 2026-06-11T09:03:56.03235305Z	INFO	controller-runtime.webhook	webhook/server.go:183	Registering webhook	{"path": "/validate-kubeflow-org-v1-paddlejob"}
2026-06-11T09:03:56.032510382Z stderr F 2026-06-11T09:03:56.032434251Z	INFO	setup	jobframework/setup.go:96	No matching API in the server for job framework, deferring setting up controller	{"jobFrameworkName": "kubeflow.org/paddlejob"}
2026-06-11T09:03:56.035812335Z stderr F 2026-06-11T09:03:56.035634642Z	INFO	controller-runtime.builder	builder/webhook.go:221	Registering a mutating webhook	{"GVK": "kubeflow.org/v1, Kind=PyTorchJob", "path": "/mutate-kubeflow-org-v1-pytorchjob"}
2026-06-11T09:03:56.035886836Z stderr F 2026-06-11T09:03:56.035742514Z	INFO	controller-runtime.webhook	webhook/server.go:183	Registering webhook	{"path": "/mutate-kubeflow-org-v1-pytorchjob"}
2026-06-11T09:03:56.035897406Z stderr F 2026-06-11T09:03:56.035793965Z	INFO	controller-runtime.builder	builder/webhook.go:268	Registering a validating webhook	{"GVK": "kubeflow.org/v1, Kind=PyTorchJob", "path": "/validate-kubeflow-org-v1-pytorchjob"}
2026-06-11T09:03:56.036038488Z stderr F 2026-06-11T09:03:56.035905306Z	INFO	controller-runtime.webhook	webhook/server.go:183	Registering webhook	{"path": "/validate-kubeflow-org-v1-pytorchjob"}
2026-06-11T09:03:56.036054498Z stderr F 2026-06-11T09:03:56.035984607Z	INFO	setup	jobframework/setup.go:96	No matching API in the server for job framework, deferring setting up controller	{"jobFrameworkName": "kubeflow.org/pytorchjob"}
2026-06-11T09:03:56.041029413Z stderr F 2026-06-11T09:03:56.04082353Z	INFO	controller-runtime.builder	builder/webhook.go:221	Registering a mutating webhook	{"GVK": "kubeflow.org/v1, Kind=TFJob", "path": "/mutate-kubeflow-org-v1-tfjob"}
2026-06-11T09:03:56.041055153Z stderr F 2026-06-11T09:03:56.040978472Z	INFO	controller-runtime.webhook	webhook/server.go:183	Registering webhook	{"path": "/mutate-kubeflow-org-v1-tfjob"}
2026-06-11T09:03:56.041187025Z stderr F 2026-06-11T09:03:56.041050033Z	INFO	controller-runtime.builder	builder/webhook.go:268	Registering a validating webhook	{"GVK": "kubeflow.org/v1, Kind=TFJob", "path": "/validate-kubeflow-org-v1-tfjob"}
2026-06-11T09:03:56.041263176Z stderr F 2026-06-11T09:03:56.041176565Z	INFO	controller-runtime.webhook	webhook/server.go:183	Registering webhook	{"path": "/validate-kubeflow-org-v1-tfjob"}
2026-06-11T09:03:56.041325977Z stderr F 2026-06-11T09:03:56.041249976Z	INFO	setup	jobframework/setup.go:96	No matching API in the server for job framework, deferring setting up controller	{"jobFrameworkName": "kubeflow.org/tfjob"}
2026-06-11T09:03:56.043159481Z stderr F 2026-06-11T09:03:56.043017439Z	INFO	controller-runtime.builder	builder/webhook.go:221	Registering a mutating webhook	{"GVK": "kubeflow.org/v1, Kind=XGBoostJob", "path": "/mutate-kubeflow-org-v1-xgboostjob"}
2026-06-11T09:03:56.043178091Z stderr F 2026-06-11T09:03:56.04311187Z	INFO	controller-runtime.webhook	webhook/server.go:183	Registering webhook	{"path": "/mutate-kubeflow-org-v1-xgboostjob"}
2026-06-11T09:03:56.043241912Z stderr F 2026-06-11T09:03:56.043161711Z	INFO	controller-runtime.builder	builder/webhook.go:268	Registering a validating webhook	{"GVK": "kubeflow.org/v1, Kind=XGBoostJob", "path": "/validate-kubeflow-org-v1-xgboostjob"}
2026-06-11T09:03:56.043393054Z stderr F 2026-06-11T09:03:56.043244102Z	INFO	controller-runtime.webhook	webhook/server.go:183	Registering webhook	{"path": "/validate-kubeflow-org-v1-xgboostjob"}
2026-06-11T09:03:56.043688328Z stderr F 2026-06-11T09:03:56.043548136Z	INFO	setup	jobframework/setup.go:96	No matching API in the server for job framework, deferring setting up controller	{"jobFrameworkName": "kubeflow.org/xgboostjob"}
2026-06-11T09:03:56.04849139Z stderr F 2026-06-11T09:03:56.048298877Z	INFO	controller-runtime.builder	builder/webhook.go:221	Registering a mutating webhook	{"GVK": "kubeflow.org/v2beta1, Kind=MPIJob", "path": "/mutate-kubeflow-org-v2beta1-mpijob"}
2026-06-11T09:03:56.04852993Z stderr F 2026-06-11T09:03:56.048441969Z	INFO	controller-runtime.webhook	webhook/server.go:183	Registering webhook	{"path": "/mutate-kubeflow-org-v2beta1-mpijob"}
2026-06-11T09:03:56.048601131Z stderr F 2026-06-11T09:03:56.04850393Z	INFO	controller-runtime.builder	builder/webhook.go:268	Registering a validating webhook	{"GVK": "kubeflow.org/v2beta1, Kind=MPIJob", "path": "/validate-kubeflow-org-v2beta1-mpijob"}
2026-06-11T09:03:56.048705743Z stderr F 2026-06-11T09:03:56.048622012Z	INFO	controller-runtime.webhook	webhook/server.go:183	Registering webhook	{"path": "/validate-kubeflow-org-v2beta1-mpijob"}
2026-06-11T09:03:56.048780004Z stderr F 2026-06-11T09:03:56.048704813Z	INFO	setup	jobframework/setup.go:96	No matching API in the server for job framework, deferring setting up controller	{"jobFrameworkName": "kubeflow.org/mpijob"}
2026-06-11T09:03:56.048885045Z stderr F 2026-06-11T09:03:56.048778344Z	LEVEL(-3)	pod/pod_controller.go:128	Setting up Pod reconciler	{"concurrency": 5}
2026-06-11T09:03:56.048949046Z stderr F 2026-06-11T09:03:56.048863425Z	INFO	controller-runtime.builder	builder/webhook.go:221	Registering a mutating webhook	{"GVK": "/v1, Kind=Pod", "path": "/mutate--v1-pod"}
2026-06-11T09:03:56.049014737Z stderr F 2026-06-11T09:03:56.048938166Z	INFO	controller-runtime.webhook	webhook/server.go:183	Registering webhook	{"path": "/mutate--v1-pod"}
2026-06-11T09:03:56.049077268Z stderr F 2026-06-11T09:03:56.048988486Z	INFO	controller-runtime.builder	builder/webhook.go:268	Registering a validating webhook	{"GVK": "/v1, Kind=Pod", "path": "/validate--v1-pod"}
2026-06-11T09:03:56.049183229Z stderr F 2026-06-11T09:03:56.049089118Z	INFO	controller-runtime.webhook	webhook/server.go:183	Registering webhook	{"path": "/validate--v1-pod"}
2026-06-11T09:03:56.05155951Z stderr F 2026-06-11T09:03:56.051341427Z	LEVEL(-3)	leaderworkerset/leaderworkerset_reconciler.go:113	Setting up LeaderWorkerSet reconciler
2026-06-11T09:03:56.051625811Z stderr F 2026-06-11T09:03:56.051540519Z	INFO	controller-runtime.builder	builder/webhook.go:221	Registering a mutating webhook	{"GVK": "leaderworkerset.x-k8s.io/v1, Kind=LeaderWorkerSet", "path": "/mutate-leaderworkerset-x-k8s-io-v1-leaderworkerset"}
2026-06-11T09:03:56.052056626Z stderr F 2026-06-11T09:03:56.051913174Z	INFO	controller-runtime.webhook	webhook/server.go:183	Registering webhook	{"path": "/mutate-leaderworkerset-x-k8s-io-v1-leaderworkerset"}
2026-06-11T09:03:56.052066046Z stderr F 2026-06-11T09:03:56.051987285Z	INFO	controller-runtime.builder	builder/webhook.go:268	Registering a validating webhook	{"GVK": "leaderworkerset.x-k8s.io/v1, Kind=LeaderWorkerSet", "path": "/validate-leaderworkerset-x-k8s-io-v1-leaderworkerset"}
2026-06-11T09:03:56.052288249Z stderr F 2026-06-11T09:03:56.052098607Z	INFO	controller-runtime.webhook	webhook/server.go:183	Registering webhook	{"path": "/validate-leaderworkerset-x-k8s-io-v1-leaderworkerset"}
2026-06-11T09:03:56.056093169Z stderr F 2026-06-11T09:03:56.055878786Z	INFO	controller-runtime.builder	builder/webhook.go:221	Registering a mutating webhook	{"GVK": "ray.io/v1, Kind=RayCluster", "path": "/mutate-ray-io-v1-raycluster"}
2026-06-11T09:03:56.056130599Z stderr F 2026-06-11T09:03:56.056009388Z	INFO	controller-runtime.webhook	webhook/server.go:183	Registering webhook	{"path": "/mutate-ray-io-v1-raycluster"}
2026-06-11T09:03:56.056135569Z stderr F 2026-06-11T09:03:56.056069158Z	INFO	controller-runtime.builder	builder/webhook.go:268	Registering a validating webhook	{"GVK": "ray.io/v1, Kind=RayCluster", "path": "/validate-ray-io-v1-raycluster"}
2026-06-11T09:03:56.056264821Z stderr F 2026-06-11T09:03:56.056151269Z	INFO	controller-runtime.webhook	webhook/server.go:183	Registering webhook	{"path": "/validate-ray-io-v1-raycluster"}
2026-06-11T09:03:56.056328372Z stderr F 2026-06-11T09:03:56.05622734Z	INFO	setup	jobframework/setup.go:96	No matching API in the server for job framework, deferring setting up controller	{"jobFrameworkName": "ray.io/raycluster"}
2026-06-11T09:03:56.058195186Z stderr F 2026-06-11T09:03:56.058034514Z	INFO	controller-runtime.builder	builder/webhook.go:221	Registering a mutating webhook	{"GVK": "ray.io/v1, Kind=RayJob", "path": "/mutate-ray-io-v1-rayjob"}
2026-06-11T09:03:56.058237847Z stderr F 2026-06-11T09:03:56.058137775Z	INFO	controller-runtime.webhook	webhook/server.go:183	Registering webhook	{"path": "/mutate-ray-io-v1-rayjob"}
2026-06-11T09:03:56.058306648Z stderr F 2026-06-11T09:03:56.058191676Z	INFO	controller-runtime.builder	builder/webhook.go:268	Registering a validating webhook	{"GVK": "ray.io/v1, Kind=RayJob", "path": "/validate-ray-io-v1-rayjob"}
2026-06-11T09:03:56.058375589Z stderr F 2026-06-11T09:03:56.058281687Z	INFO	controller-runtime.webhook	webhook/server.go:183	Registering webhook	{"path": "/validate-ray-io-v1-rayjob"}
2026-06-11T09:03:56.058465Z stderr F 2026-06-11T09:03:56.058353038Z	INFO	setup	jobframework/setup.go:96	No matching API in the server for job framework, deferring setting up controller	{"jobFrameworkName": "ray.io/rayjob"}
2026-06-11T09:03:56.061345617Z stderr F 2026-06-11T09:03:56.061178025Z	INFO	controller-runtime.builder	builder/webhook.go:221	Registering a mutating webhook	{"GVK": "ray.io/v1, Kind=RayService", "path": "/mutate-ray-io-v1-rayservice"}
2026-06-11T09:03:56.06154377Z stderr F 2026-06-11T09:03:56.061300407Z	INFO	controller-runtime.webhook	webhook/server.go:183	Registering webhook	{"path": "/mutate-ray-io-v1-rayservice"}
2026-06-11T09:03:56.06155519Z stderr F 2026-06-11T09:03:56.061430089Z	INFO	controller-runtime.builder	builder/webhook.go:268	Registering a validating webhook	{"GVK": "ray.io/v1, Kind=RayService", "path": "/validate-ray-io-v1-rayservice"}
2026-06-11T09:03:56.061585231Z stderr F 2026-06-11T09:03:56.06151513Z	INFO	controller-runtime.webhook	webhook/server.go:183	Registering webhook	{"path": "/validate-ray-io-v1-rayservice"}
2026-06-11T09:03:56.061752703Z stderr F 2026-06-11T09:03:56.061591531Z	INFO	setup	jobframework/setup.go:96	No matching API in the server for job framework, deferring setting up controller	{"jobFrameworkName": "ray.io/rayservice"}
2026-06-11T09:03:56.061778063Z stderr F 2026-06-11T09:03:56.061672712Z	INFO	controller-runtime.builder	builder/webhook.go:221	Registering a mutating webhook	{"GVK": "sparkoperator.k8s.io/v1beta2, Kind=SparkApplication", "path": "/mutate-sparkoperator-k8s-io-v1beta2-sparkapplication"}
2026-06-11T09:03:56.061869274Z stderr F 2026-06-11T09:03:56.061755133Z	INFO	controller-runtime.webhook	webhook/server.go:183	Registering webhook	{"path": "/mutate-sparkoperator-k8s-io-v1beta2-sparkapplication"}
2026-06-11T09:03:56.061898855Z stderr F 2026-06-11T09:03:56.061810383Z	INFO	controller-runtime.builder	builder/webhook.go:268	Registering a validating webhook	{"GVK": "sparkoperator.k8s.io/v1beta2, Kind=SparkApplication", "path": "/validate-sparkoperator-k8s-io-v1beta2-sparkapplication"}
2026-06-11T09:03:56.062040136Z stderr F 2026-06-11T09:03:56.061896435Z	INFO	controller-runtime.webhook	webhook/server.go:183	Registering webhook	{"path": "/validate-sparkoperator-k8s-io-v1beta2-sparkapplication"}
2026-06-11T09:03:56.062988489Z stderr F 2026-06-11T09:03:56.062859547Z	LEVEL(-3)	statefulset/statefulset_reconciler.go:321	Setting up StatefulSet reconciler
2026-06-11T09:03:56.062997229Z stderr F 2026-06-11T09:03:56.062929868Z	LEVEL(-3)	statefulset/statefulset_pod_reconciler.go:68	Setting up Pod reconciler for StatefulSet
2026-06-11T09:03:56.06306401Z stderr F 2026-06-11T09:03:56.062976269Z	INFO	controller-runtime.builder	builder/webhook.go:221	Registering a mutating webhook	{"GVK": "apps/v1, Kind=StatefulSet", "path": "/mutate-apps-v1-statefulset"}
2026-06-11T09:03:56.063239292Z stderr F 2026-06-11T09:03:56.06309204Z	INFO	controller-runtime.webhook	webhook/server.go:183	Registering webhook	{"path": "/mutate-apps-v1-statefulset"}
2026-06-11T09:03:56.063248832Z stderr F 2026-06-11T09:03:56.063150301Z	INFO	controller-runtime.builder	builder/webhook.go:268	Registering a validating webhook	{"GVK": "apps/v1, Kind=StatefulSet", "path": "/validate-apps-v1-statefulset"}
2026-06-11T09:03:56.063382174Z stderr F 2026-06-11T09:03:56.063241002Z	INFO	controller-runtime.webhook	webhook/server.go:183	Registering webhook	{"path": "/validate-apps-v1-statefulset"}
2026-06-11T09:03:56.066012818Z stderr F 2026-06-11T09:03:56.065858386Z	INFO	controller-runtime.builder	builder/webhook.go:221	Registering a mutating webhook	{"GVK": "trainer.kubeflow.org/v1alpha1, Kind=TrainJob", "path": "/mutate-trainer-kubeflow-org-v1alpha1-trainjob"}
2026-06-11T09:03:56.0661595Z stderr F 2026-06-11T09:03:56.066061629Z	INFO	controller-runtime.webhook	webhook/server.go:183	Registering webhook	{"path": "/mutate-trainer-kubeflow-org-v1alpha1-trainjob"}
2026-06-11T09:03:56.06616655Z stderr F 2026-06-11T09:03:56.066108789Z	INFO	controller-runtime.builder	builder/webhook.go:268	Registering a validating webhook	{"GVK": "trainer.kubeflow.org/v1alpha1, Kind=TrainJob", "path": "/validate-trainer-kubeflow-org-v1alpha1-trainjob"}
2026-06-11T09:03:56.066275691Z stderr F 2026-06-11T09:03:56.06617305Z	INFO	controller-runtime.webhook	webhook/server.go:183	Registering webhook	{"path": "/validate-trainer-kubeflow-org-v1alpha1-trainjob"}
2026-06-11T09:03:56.066303372Z stderr F 2026-06-11T09:03:56.066233251Z	INFO	setup	jobframework/setup.go:96	No matching API in the server for job framework, deferring setting up controller	{"jobFrameworkName": "trainer.kubeflow.org/trainjob"}
2026-06-11T09:03:56.066417183Z stderr F 2026-06-11T09:03:56.066291212Z	INFO	controller-runtime.builder	builder/webhook.go:221	Registering a mutating webhook	{"GVK": "kueue.x-k8s.io/v1beta2, Kind=Workload", "path": "/mutate-kueue-x-k8s-io-v1beta2-workload"}
2026-06-11T09:03:56.066426423Z stderr F 2026-06-11T09:03:56.066350382Z	INFO	controller-runtime.webhook	webhook/server.go:183	Registering webhook	{"path": "/mutate-kueue-x-k8s-io-v1beta2-workload"}
2026-06-11T09:03:56.066474074Z stderr F 2026-06-11T09:03:56.066381843Z	INFO	controller-runtime.builder	builder/webhook.go:268	Registering a validating webhook	{"GVK": "kueue.x-k8s.io/v1beta2, Kind=Workload", "path": "/validate-kueue-x-k8s-io-v1beta2-workload"}
2026-06-11T09:03:56.066505364Z stderr F 2026-06-11T09:03:56.066438304Z	INFO	controller-runtime.webhook	webhook/server.go:183	Registering webhook	{"path": "/validate-kueue-x-k8s-io-v1beta2-workload"}
2026-06-11T09:03:56.066683097Z stderr F 2026-06-11T09:03:56.066572985Z	INFO	controller-runtime.webhook	webhook/server.go:183	Registering webhook	{"path": "/convert"}
2026-06-11T09:03:56.066691647Z stderr F 2026-06-11T09:03:56.066600076Z	INFO	controller-runtime.builder	builder/webhook.go:319	Conversion webhook enabled	{"GVK": "kueue.x-k8s.io/v1beta2, Kind=Workload"}
2026-06-11T09:03:56.066711517Z stderr F 2026-06-11T09:03:56.066633096Z	INFO	controller-runtime.builder	builder/webhook.go:221	Registering a mutating webhook	{"GVK": "kueue.x-k8s.io/v1beta2, Kind=ResourceFlavor", "path": "/mutate-kueue-x-k8s-io-v1beta2-resourceflavor"}
2026-06-11T09:03:56.066805838Z stderr F 2026-06-11T09:03:56.066699067Z	INFO	controller-runtime.webhook	webhook/server.go:183	Registering webhook	{"path": "/mutate-kueue-x-k8s-io-v1beta2-resourceflavor"}
2026-06-11T09:03:56.066813298Z stderr F 2026-06-11T09:03:56.066755938Z	INFO	controller-runtime.builder	builder/webhook.go:268	Registering a validating webhook	{"GVK": "kueue.x-k8s.io/v1beta2, Kind=ResourceFlavor", "path": "/validate-kueue-x-k8s-io-v1beta2-resourceflavor"}
2026-06-11T09:03:56.06691746Z stderr F 2026-06-11T09:03:56.066832539Z	INFO	controller-runtime.webhook	webhook/server.go:183	Registering webhook	{"path": "/validate-kueue-x-k8s-io-v1beta2-resourceflavor"}
2026-06-11T09:03:56.067023381Z stderr F 2026-06-11T09:03:56.06693193Z	INFO	controller-runtime.builder	builder/webhook.go:221	Registering a mutating webhook	{"GVK": "kueue.x-k8s.io/v1beta2, Kind=ClusterQueue", "path": "/mutate-kueue-x-k8s-io-v1beta2-clusterqueue"}
2026-06-11T09:03:56.067129823Z stderr F 2026-06-11T09:03:56.067048552Z	INFO	controller-runtime.webhook	webhook/server.go:183	Registering webhook	{"path": "/mutate-kueue-x-k8s-io-v1beta2-clusterqueue"}
2026-06-11T09:03:56.067142923Z stderr F 2026-06-11T09:03:56.067094792Z	INFO	controller-runtime.builder	builder/webhook.go:268	Registering a validating webhook	{"GVK": "kueue.x-k8s.io/v1beta2, Kind=ClusterQueue", "path": "/validate-kueue-x-k8s-io-v1beta2-clusterqueue"}
2026-06-11T09:03:56.067261344Z stderr F 2026-06-11T09:03:56.067176843Z	INFO	controller-runtime.webhook	webhook/server.go:183	Registering webhook	{"path": "/validate-kueue-x-k8s-io-v1beta2-clusterqueue"}
2026-06-11T09:03:56.067322285Z stderr F 2026-06-11T09:03:56.067248324Z	INFO	controller-runtime.builder	builder/webhook.go:319	Conversion webhook enabled	{"GVK": "kueue.x-k8s.io/v1beta2, Kind=ClusterQueue"}
2026-06-11T09:03:56.067380006Z stderr F 2026-06-11T09:03:56.067308165Z	INFO	controller-runtime.builder	builder/webhook.go:268	Registering a validating webhook	{"GVK": "kueue.x-k8s.io/v1beta2, Kind=Cohort", "path": "/validate-kueue-x-k8s-io-v1beta2-cohort"}
2026-06-11T09:03:56.067521848Z stderr F 2026-06-11T09:03:56.067421356Z	INFO	controller-runtime.webhook	webhook/server.go:183	Registering webhook	{"path": "/validate-kueue-x-k8s-io-v1beta2-cohort"}
2026-06-11T09:03:56.067589269Z stderr F 2026-06-11T09:03:56.067489317Z	INFO	controller-runtime.builder	builder/webhook.go:319	Conversion webhook enabled	{"GVK": "kueue.x-k8s.io/v1beta2, Kind=Cohort"}
2026-06-11T09:03:56.06768647Z stderr F 2026-06-11T09:03:56.067560398Z	INFO	controller-runtime.builder	builder/webhook.go:319	Conversion webhook enabled	{"GVK": "kueue.x-k8s.io/v1beta2, Kind=LocalQueue"}
2026-06-11T09:03:56.06769445Z stderr F 2026-06-11T09:03:56.067620869Z	INFO	setup	kueue/main.go:420	Starting manager
2026-06-11T09:03:56.067828202Z stderr F 2026-06-11T09:03:56.0676997Z	INFO	controller-runtime.metrics	server/server.go:208	Starting metrics server
2026-06-11T09:03:56.075985148Z stderr F 2026-06-11T09:03:56.075827755Z	INFO	manager/server.go:83	starting server	{"name": "health probe", "addr": "[::]:8081"}
2026-06-11T09:03:56.076007238Z stderr F 2026-06-11T09:03:56.075917577Z	INFO	controller-runtime.webhook	webhook/server.go:191	Starting webhook server
2026-06-11T09:03:56.076473114Z stderr F 2026-06-11T09:03:56.076360872Z	INFO	controller-runtime.certwatcher	certwatcher/certwatcher.go:214	Updated current TLS certificate	{"cert": "/tmp/k8s-webhook-server/serving-certs/tls.crt", "key": "/tmp/k8s-webhook-server/serving-certs/tls.key"}
2026-06-11T09:03:56.076571375Z stderr F 2026-06-11T09:03:56.076481634Z	INFO	controller-runtime.webhook	webhook/server.go:242	Serving webhook server	{"host": "", "port": 9443}
2026-06-11T09:03:56.076732497Z stderr F 2026-06-11T09:03:56.076615116Z	LEVEL(-3)	controller-runtime.cache	cache/reflector.go:425	Starting reflector	{"type": "*v1beta2.AdmissionCheck", "resyncPeriod": "9h16m5.550872402s", "reflector": "sigs.k8s.io/controller-runtime/pkg/cache/internal/informers.go:128"}
2026-06-11T09:03:56.076740067Z stderr F 2026-06-11T09:03:56.076657996Z	LEVEL(-3)	controller-runtime.cache	cache/reflector.go:472	Listing and watching	{"type": "*v1beta2.AdmissionCheck", "reflector": "sigs.k8s.io/controller-runtime/pkg/cache/internal/informers.go:128"}
2026-06-11T09:03:56.077165253Z stderr F 2026-06-11T09:03:56.077042471Z	INFO	controller-runtime.certwatcher	certwatcher/certwatcher.go:136	Starting certificate poll+watcher	{"cert": "/tmp/k8s-webhook-server/serving-certs/tls.crt", "key": "/tmp/k8s-webhook-server/serving-certs/tls.key", "interval": "10s"}
2026-06-11T09:03:56.077261244Z stderr F 2026-06-11T09:03:56.077147843Z	LEVEL(-3)	controller-runtime.cache	cache/reflector.go:425	Starting reflector	{"type": "*v1beta2.MultiKueueCluster", "resyncPeriod": "10h46m46.149445034s", "reflector": "sigs.k8s.io/controller-runtime/pkg/cache/internal/informers.go:128"}
2026-06-11T09:03:56.077269264Z stderr F 2026-06-11T09:03:56.077190883Z	LEVEL(-3)	controller-runtime.cache	cache/reflector.go:472	Listing and watching	{"type": "*v1beta2.MultiKueueCluster", "reflector": "sigs.k8s.io/controller-runtime/pkg/cache/internal/informers.go:128"}
2026-06-11T09:03:56.077582348Z stderr F 2026-06-11T09:03:56.077428086Z	LEVEL(-3)	controller-runtime.cache	cache/reflector.go:425	Starting reflector	{"type": "*v1.Job", "resyncPeriod": "9h24m29.814040445s", "reflector": "sigs.k8s.io/controller-runtime/pkg/cache/internal/informers.go:128"}
2026-06-11T09:03:56.077593059Z stderr F 2026-06-11T09:03:56.077471837Z	LEVEL(-3)	controller-runtime.cache	cache/reflector.go:472	Listing and watching	{"type": "*v1.Job", "reflector": "sigs.k8s.io/controller-runtime/pkg/cache/internal/informers.go:128"}
2026-06-11T09:03:56.078038524Z stderr F 2026-06-11T09:03:56.07772039Z	LEVEL(-3)	controller-runtime.cache	cache/reflector.go:425	Starting reflector	{"type": "*v1beta2.Workload", "resyncPeriod": "10h18m5.190198375s", "reflector": "sigs.k8s.io/controller-runtime/pkg/cache/internal/informers.go:128"}
2026-06-11T09:03:56.078051745Z stderr F 2026-06-11T09:03:56.077770801Z	LEVEL(-3)	controller-runtime.cache	cache/reflector.go:472	Listing and watching	{"type": "*v1beta2.Workload", "reflector": "sigs.k8s.io/controller-runtime/pkg/cache/internal/informers.go:128"}
2026-06-11T09:03:56.078936986Z stderr F 2026-06-11T09:03:56.078679933Z	LEVEL(-3)	controller-runtime.cache	cache/reflector.go:425	Starting reflector	{"type": "*v1beta2.LocalQueue", "resyncPeriod": "9h34m13.191261747s", "reflector": "sigs.k8s.io/controller-runtime/pkg/cache/internal/informers.go:128"}
2026-06-11T09:03:56.078956866Z stderr F 2026-06-11T09:03:56.078757984Z	LEVEL(-3)	controller-runtime.cache	cache/reflector.go:472	Listing and watching	{"type": "*v1beta2.LocalQueue", "reflector": "sigs.k8s.io/controller-runtime/pkg/cache/internal/informers.go:128"}
2026-06-11T09:03:56.079364182Z stderr F 2026-06-11T09:03:56.079134209Z	LEVEL(-3)	controller-runtime.cache	cache/reflector.go:425	Starting reflector	{"type": "*v1.LimitRange", "resyncPeriod": "9h39m1.084367462s", "reflector": "sigs.k8s.io/controller-runtime/pkg/cache/internal/informers.go:128"}
2026-06-11T09:03:56.079383732Z stderr F 2026-06-11T09:03:56.079181779Z	LEVEL(-3)	controller-runtime.cache	cache/reflector.go:472	Listing and watching	{"type": "*v1.LimitRange", "reflector": "sigs.k8s.io/controller-runtime/pkg/cache/internal/informers.go:128"}
2026-06-11T09:03:56.079698486Z stderr F 2026-06-11T09:03:56.079443963Z	LEVEL(-3)	controller-runtime.cache	cache/reflector.go:425	Starting reflector	{"type": "*v1.Pod", "resyncPeriod": "10h37m5.839394482s", "reflector": "sigs.k8s.io/controller-runtime/pkg/cache/internal/informers.go:128"}
2026-06-11T09:03:56.079709586Z stderr F 2026-06-11T09:03:56.079490723Z	LEVEL(-3)	controller-runtime.cache	cache/reflector.go:472	Listing and watching	{"type": "*v1.Pod", "reflector": "sigs.k8s.io/controller-runtime/pkg/cache/internal/informers.go:128"}
2026-06-11T09:03:56.080055601Z stderr F 2026-06-11T09:03:56.079773137Z	LEVEL(-3)	controller-runtime.cache	cache/reflector.go:425	Starting reflector	{"type": "*v1beta2.ResourceFlavor", "resyncPeriod": "10h57m17.862909973s", "reflector": "sigs.k8s.io/controller-runtime/pkg/cache/internal/informers.go:128"}
2026-06-11T09:03:56.080172942Z stderr F 2026-06-11T09:03:56.079823438Z	LEVEL(-3)	controller-runtime.cache	cache/reflector.go:472	Listing and watching	{"type": "*v1beta2.ResourceFlavor", "reflector": "sigs.k8s.io/controller-runtime/pkg/cache/internal/informers.go:128"}
2026-06-11T09:03:56.080271084Z stderr F 2026-06-11T09:03:56.080061761Z	LEVEL(-3)	controller-runtime.cache	cache/reflector.go:425	Starting reflector	{"type": "*v1beta2.MultiKueueConfig", "resyncPeriod": "9h54m1.310165613s", "reflector": "sigs.k8s.io/controller-runtime/pkg/cache/internal/informers.go:128"}
2026-06-11T09:03:56.080307454Z stderr F 2026-06-11T09:03:56.080171942Z	LEVEL(-3)	controller-runtime.cache	cache/reflector.go:472	Listing and watching	{"type": "*v1beta2.MultiKueueConfig", "reflector": "sigs.k8s.io/controller-runtime/pkg/cache/internal/informers.go:128"}
2026-06-11T09:03:56.092899337Z stderr F 2026-06-11T09:03:56.092681785Z	LEVEL(-2)	controller-runtime.cache	cache/reflector.go:507	Caches populated	{"type": "*v1beta2.MultiKueueConfig", "reflector": "sigs.k8s.io/controller-runtime/pkg/cache/internal/informers.go:128"}
2026-06-11T09:03:56.107835283Z stderr F 2026-06-11T09:03:56.10763902Z	LEVEL(-2)	controller-runtime.cache	cache/reflector.go:507	Caches populated	{"type": "*v1beta2.AdmissionCheck", "reflector": "sigs.k8s.io/controller-runtime/pkg/cache/internal/informers.go:128"}
2026-06-11T09:03:56.107990905Z stderr F 2026-06-11T09:03:56.107853353Z	LEVEL(-2)	controller-runtime.cache	cache/reflector.go:507	Caches populated	{"type": "*v1beta2.MultiKueueCluster", "reflector": "sigs.k8s.io/controller-runtime/pkg/cache/internal/informers.go:128"}
2026-06-11T09:03:56.108106946Z stderr F 2026-06-11T09:03:56.108005815Z	LEVEL(-2)	controller-runtime.cache	cache/reflector.go:507	Caches populated	{"type": "*v1.Job", "reflector": "sigs.k8s.io/controller-runtime/pkg/cache/internal/informers.go:128"}
2026-06-11T09:03:56.110037382Z stderr F 2026-06-11T09:03:56.1099154Z	LEVEL(-2)	controller-runtime.cache	cache/reflector.go:507	Caches populated	{"type": "*v1beta2.Workload", "reflector": "sigs.k8s.io/controller-runtime/pkg/cache/internal/informers.go:128"}
2026-06-11T09:03:56.110479567Z stderr F 2026-06-11T09:03:56.110368646Z	LEVEL(-2)	controller-runtime.cache	cache/reflector.go:507	Caches populated	{"type": "*v1beta2.LocalQueue", "reflector": "sigs.k8s.io/controller-runtime/pkg/cache/internal/informers.go:128"}
2026-06-11T09:03:56.110562708Z stderr F 2026-06-11T09:03:56.110466807Z	LEVEL(-2)	controller-runtime.cache	cache/reflector.go:507	Caches populated	{"type": "*v1.LimitRange", "reflector": "sigs.k8s.io/controller-runtime/pkg/cache/internal/informers.go:128"}
2026-06-11T09:03:56.113077211Z stderr F 2026-06-11T09:03:56.112935869Z	LEVEL(-2)	controller-runtime.cache	cache/reflector.go:507	Caches populated	{"type": "*v1.Pod", "reflector": "sigs.k8s.io/controller-runtime/pkg/cache/internal/informers.go:128"}
2026-06-11T09:03:56.113397225Z stderr F 2026-06-11T09:03:56.113248094Z	LEVEL(-2)	controller-runtime.cache	cache/reflector.go:507	Caches populated	{"type": "*v1beta2.ResourceFlavor", "reflector": "sigs.k8s.io/controller-runtime/pkg/cache/internal/informers.go:128"}
2026-06-11T09:03:56.211273529Z stderr F 2026-06-11T09:03:56.211068226Z	INFO	admissioncheck-reconciler	controller/controller.go:369	Starting EventSource	{"replica-role": "follower", "source": "channel source: 0x3c31a4ae07e0"}
2026-06-11T09:03:56.211456181Z stderr F 2026-06-11T09:03:56.211294389Z	LEVEL(-3)	controller-runtime.cache	cache/reflector.go:425	Starting reflector	{"type": "admissionregistration.k8s.io/v1, Kind=ValidatingWebhookConfiguration", "resyncPeriod": "9h24m18.897502725s", "reflector": "sigs.k8s.io/controller-runtime/pkg/cache/internal/informers.go:128"}
2026-06-11T09:03:56.211467832Z stderr F 2026-06-11T09:03:56.21134561Z	LEVEL(-3)	controller-runtime.cache	cache/reflector.go:472	Listing and watching	{"type": "admissionregistration.k8s.io/v1, Kind=ValidatingWebhookConfiguration", "reflector": "sigs.k8s.io/controller-runtime/pkg/cache/internal/informers.go:128"}
2026-06-11T09:03:56.212009299Z stderr F 2026-06-11T09:03:56.211872077Z	INFO	resourceflavor-reconciler	controller/controller.go:369	Starting EventSource	{"replica-role": "follower", "source": "channel source: 0x3c31a4ae0700"}
2026-06-11T09:03:56.212160711Z stderr F 2026-06-11T09:03:56.212044309Z	INFO	localqueue-reconciler	controller/controller.go:369	Starting EventSource	{"replica-role": "follower", "source": "channel source: 0x3c31a4ae0930"}
2026-06-11T09:03:56.212173921Z stderr F 2026-06-11T09:03:56.21210983Z	INFO	admissioncheck-reconciler	controller/controller.go:369	Starting EventSource	{"replica-role": "follower", "source": "kind source: *v1beta2.AdmissionCheck"}
2026-06-11T09:03:56.212374973Z stderr F 2026-06-11T09:03:56.212241742Z	LEVEL(-3)	controller-runtime.cache	cache/reflector.go:425	Starting reflector	{"type": "*v1.Secret", "resyncPeriod": "9h18m56.725015686s", "reflector": "sigs.k8s.io/controller-runtime/pkg/cache/internal/informers.go:128"}
2026-06-11T09:03:56.212384163Z stderr F 2026-06-11T09:03:56.212287502Z	LEVEL(-3)	controller-runtime.cache	cache/reflector.go:472	Listing and watching	{"type": "*v1.Secret", "reflector": "sigs.k8s.io/controller-runtime/pkg/cache/internal/informers.go:128"}
2026-06-11T09:03:56.212734818Z stderr F 2026-06-11T09:03:56.212593096Z	INFO	resourceflavor-reconciler	controller/controller.go:369	Starting EventSource	{"replica-role": "follower", "source": "kind source: *v1beta2.ResourceFlavor"}
2026-06-11T09:03:56.212952541Z stderr F 2026-06-11T09:03:56.212821619Z	INFO	workloadpriorityclass-reconciler	controller/controller.go:369	Starting EventSource	{"replica-role": "follower", "source": "kind source: *v1beta2.WorkloadPriorityClass"}
2026-06-11T09:03:56.213245975Z stderr F 2026-06-11T09:03:56.213089493Z	INFO	clusterqueue-reconciler	controller/controller.go:369	Starting EventSource	{"replica-role": "follower", "source": "channel source: 0x3c31a4ae0af0"}
2026-06-11T09:03:56.213257105Z stderr F 2026-06-11T09:03:56.213158874Z	INFO	localqueue-reconciler	controller/controller.go:369	Starting EventSource	{"replica-role": "follower", "source": "kind source: *v1beta2.ClusterQueue"}
2026-06-11T09:03:56.213501078Z stderr F 2026-06-11T09:03:56.213292905Z	INFO	localqueue-reconciler	controller/controller.go:369	Starting EventSource	{"replica-role": "follower", "source": "kind source: *v1beta2.LocalQueue"}
2026-06-11T09:03:56.213732791Z stderr F 2026-06-11T09:03:56.213563919Z	LEVEL(-2)	resourceflavor-reconciler	core/resourceflavor_controller.go:140	ResourceFlavor create event	{"replica-role": "follower", "resourceFlavor": {"name":"default"}}
2026-06-11T09:03:56.213893673Z stderr F 2026-06-11T09:03:56.213754321Z	LEVEL(-3)	controller-runtime.cache	cache/reflector.go:425	Starting reflector	{"type": "*v1beta2.WorkloadPriorityClass", "resyncPeriod": "10h34m43.025482486s", "reflector": "sigs.k8s.io/controller-runtime/pkg/cache/internal/informers.go:128"}
2026-06-11T09:03:56.213902783Z stderr F 2026-06-11T09:03:56.213806172Z	LEVEL(-3)	controller-runtime.cache	cache/reflector.go:472	Listing and watching	{"type": "*v1beta2.WorkloadPriorityClass", "reflector": "sigs.k8s.io/controller-runtime/pkg/cache/internal/informers.go:128"}
2026-06-11T09:03:56.214329369Z stderr F 2026-06-11T09:03:56.214190527Z	INFO	cohort-reconciler	controller/controller.go:369	Starting EventSource	{"replica-role": "follower", "source": "channel source: 0x3c31a4ae0a10"}
2026-06-11T09:03:56.214514911Z stderr F 2026-06-11T09:03:56.214362859Z	INFO	tas-topology-controller	controller/controller.go:369	Starting EventSource	{"replica-role": "follower", "source": "kind source: *v1beta2.Topology"}
2026-06-11T09:03:56.214677633Z stderr F 2026-06-11T09:03:56.214546132Z	INFO	clusterqueue-reconciler	controller/controller.go:369	Starting EventSource	{"replica-role": "follower", "source": "kind source: *v1.Namespace"}
2026-06-11T09:03:56.214805645Z stderr F 2026-06-11T09:03:56.214661203Z	INFO	clusterqueue-reconciler	controller/controller.go:369	Starting EventSource	{"replica-role": "follower", "source": "kind source: *v1beta2.ClusterQueue"}
2026-06-11T09:03:56.214933557Z stderr F 2026-06-11T09:03:56.214776715Z	LEVEL(-3)	controller-runtime.cache	cache/reflector.go:425	Starting reflector	{"type": "*v1beta2.ClusterQueue", "resyncPeriod": "10h38m53.62158402s", "reflector": "sigs.k8s.io/controller-runtime/pkg/cache/internal/informers.go:128"}
2026-06-11T09:03:56.214942777Z stderr F 2026-06-11T09:03:56.214823535Z	LEVEL(-3)	controller-runtime.cache	cache/reflector.go:472	Listing and watching	{"type": "*v1beta2.ClusterQueue", "reflector": "sigs.k8s.io/controller-runtime/pkg/cache/internal/informers.go:128"}
2026-06-11T09:03:56.215236251Z stderr F 2026-06-11T09:03:56.215083349Z	LEVEL(-2)	localqueue-reconciler	core/localqueue_controller.go:238	LocalQueue create event	{"replica-role": "follower", "localQueue": {"name":"main","namespace":"e2e-p49kb"}}
2026-06-11T09:03:56.215391333Z stderr F 2026-06-11T09:03:56.215247871Z	INFO	cohort-reconciler	controller/controller.go:369	Starting EventSource	{"replica-role": "follower", "source": "kind source: *v1beta2.Cohort"}
2026-06-11T09:03:56.215666456Z stderr F 2026-06-11T09:03:56.215515514Z	INFO	workload-reconciler	controller/controller.go:369	Starting EventSource	{"replica-role": "follower", "source": "channel source: 0x3c31a4ae0bd0"}
2026-06-11T09:03:56.215831808Z stderr F 2026-06-11T09:03:56.215655536Z	INFO	tas-topology-ungater	controller/controller.go:369	Starting EventSource	{"replica-role": "follower", "source": "kind source: *v1beta2.Workload"}
2026-06-11T09:03:56.215893639Z stderr F 2026-06-11T09:03:56.215784598Z	INFO	tas-topology-controller	controller/controller.go:369	Starting EventSource	{"replica-role": "follower", "source": "kind source: *v1beta2.ResourceFlavor"}
2026-06-11T09:03:56.216095362Z stderr F 2026-06-11T09:03:56.21594246Z	LEVEL(-3)	controller-runtime.cache	cache/reflector.go:425	Starting reflector	{"type": "*v1beta2.Topology", "resyncPeriod": "9h27m18.214518549s", "reflector": "sigs.k8s.io/controller-runtime/pkg/cache/internal/informers.go:128"}
2026-06-11T09:03:56.216104162Z stderr F 2026-06-11T09:03:56.21598431Z	LEVEL(-3)	controller-runtime.cache	cache/reflector.go:472	Listing and watching	{"type": "*v1beta2.Topology", "reflector": "sigs.k8s.io/controller-runtime/pkg/cache/internal/informers.go:128"}
2026-06-11T09:03:56.216426966Z stderr F 2026-06-11T09:03:56.216247174Z	LEVEL(-3)	controller-runtime.cache	cache/reflector.go:425	Starting reflector	{"type": "*v1.Namespace", "resyncPeriod": "9h24m55.836022331s", "reflector": "sigs.k8s.io/controller-runtime/pkg/cache/internal/informers.go:128"}
2026-06-11T09:03:56.216437866Z stderr F 2026-06-11T09:03:56.216300745Z	LEVEL(-3)	controller-runtime.cache	cache/reflector.go:472	Listing and watching	{"type": "*v1.Namespace", "reflector": "sigs.k8s.io/controller-runtime/pkg/cache/internal/informers.go:128"}
2026-06-11T09:03:56.216782621Z stderr F 2026-06-11T09:03:56.216562978Z	LEVEL(-3)	controller-runtime.cache	cache/reflector.go:425	Starting reflector	{"type": "*v1beta2.Cohort", "resyncPeriod": "9h27m39.676277556s", "reflector": "sigs.k8s.io/controller-runtime/pkg/cache/internal/informers.go:128"}
2026-06-11T09:03:56.216793181Z stderr F 2026-06-11T09:03:56.216613239Z	LEVEL(-3)	controller-runtime.cache	cache/reflector.go:472	Listing and watching	{"type": "*v1beta2.Cohort", "reflector": "sigs.k8s.io/controller-runtime/pkg/cache/internal/informers.go:128"}
2026-06-11T09:03:56.217037974Z stderr F 2026-06-11T09:03:56.216878652Z	INFO	workload-reconciler	controller/controller.go:369	Starting EventSource	{"replica-role": "follower", "source": "kind source: *v1.LimitRange"}
2026-06-11T09:03:56.217157836Z stderr F 2026-06-11T09:03:56.217026424Z	INFO	workload-reconciler	controller/controller.go:369	Starting EventSource	{"replica-role": "follower", "source": "kind source: *v1.RuntimeClass"}
2026-06-11T09:03:56.217584981Z stderr F 2026-06-11T09:03:56.217280037Z	INFO	workload-reconciler	controller/controller.go:369	Starting EventSource	{"replica-role": "follower", "source": "kind source: *v1beta2.ClusterQueue"}
2026-06-11T09:03:56.217621932Z stderr F 2026-06-11T09:03:56.217372389Z	INFO	workload-reconciler	controller/controller.go:369	Starting EventSource	{"replica-role": "follower", "source": "kind source: *v1beta2.LocalQueue"}
2026-06-11T09:03:56.217628402Z stderr F 2026-06-11T09:03:56.2174823Z	INFO	workload-reconciler	controller/controller.go:369	Starting EventSource	{"replica-role": "follower", "source": "kind source: *v1beta2.Workload"}
2026-06-11T09:03:56.217830515Z stderr F 2026-06-11T09:03:56.217696863Z	INFO	tas-resource-flavor-controller	controller/controller.go:369	Starting EventSource	{"replica-role": "follower", "source": "channel source: 0x3c31a4ae1180"}
2026-06-11T09:03:56.217900616Z stderr F 2026-06-11T09:03:56.217815714Z	INFO	tas-non-tas-usage-controller	controller/controller.go:369	Starting EventSource	{"replica-role": "follower", "source": "kind source: *v1.Pod"}
2026-06-11T09:03:56.218150809Z stderr F 2026-06-11T09:03:56.218005017Z	INFO	tas-topology-ungater	controller/controller.go:369	Starting EventSource	{"replica-role": "follower", "source": "kind source: *v1.Pod"}
2026-06-11T09:03:56.218358321Z stderr F 2026-06-11T09:03:56.21822324Z	LEVEL(-3)	controller-runtime.cache	cache/reflector.go:425	Starting reflector	{"type": "*v1.RuntimeClass", "resyncPeriod": "9h43m12.254359046s", "reflector": "sigs.k8s.io/controller-runtime/pkg/cache/internal/informers.go:128"}
2026-06-11T09:03:56.218366692Z stderr F 2026-06-11T09:03:56.21826997Z	LEVEL(-3)	controller-runtime.cache	cache/reflector.go:472	Listing and watching	{"type": "*v1.RuntimeClass", "reflector": "sigs.k8s.io/controller-runtime/pkg/cache/internal/informers.go:128"}
2026-06-11T09:03:56.218744897Z stderr F 2026-06-11T09:03:56.218594825Z	INFO	tas-resource-flavor-controller	controller/controller.go:369	Starting EventSource	{"replica-role": "follower", "source": "kind source: *v1beta2.ResourceFlavor"}
2026-06-11T09:03:56.21903862Z stderr F 2026-06-11T09:03:56.218890648Z	INFO	tas-node-reconciler	controller/controller.go:369	Starting EventSource	{"replica-role": "follower", "source": "kind source: *v1.Node"}
2026-06-11T09:03:56.219354295Z stderr F 2026-06-11T09:03:56.219196732Z	INFO	tas-node-reconciler	controller/controller.go:369	Starting EventSource	{"replica-role": "follower", "source": "kind source: *v1.Pod"}
2026-06-11T09:03:56.219498376Z stderr F 2026-06-11T09:03:56.219355365Z	LEVEL(-3)	controller-runtime.cache	cache/reflector.go:425	Starting reflector	{"type": "*v1.Node", "resyncPeriod": "9h44m57.556426536s", "reflector": "sigs.k8s.io/controller-runtime/pkg/cache/internal/informers.go:128"}
2026-06-11T09:03:56.219507067Z stderr F 2026-06-11T09:03:56.219404315Z	LEVEL(-3)	controller-runtime.cache	cache/reflector.go:472	Listing and watching	{"type": "*v1.Node", "reflector": "sigs.k8s.io/controller-runtime/pkg/cache/internal/informers.go:128"}
2026-06-11T09:03:56.219916052Z stderr F 2026-06-11T09:03:56.21976552Z	INFO	ElasticJobUngater	controller/controller.go:369	Starting EventSource	{"replica-role": "follower", "source": "kind source: *v1beta2.Workload"}
2026-06-11T09:03:56.220181245Z stderr F 2026-06-11T09:03:56.220036963Z	INFO	ElasticJobUngater	controller/controller.go:369	Starting EventSource	{"replica-role": "follower", "source": "kind source: *v1.Pod"}
2026-06-11T09:03:56.220410958Z stderr F I0611 09:03:56.220292       1 leaderelection.go:258] "Attempting to acquire leader lease..." lock="kueue-system/c1f6bfd2.kueue.x-k8s.io"
2026-06-11T09:03:56.22126699Z stderr F 2026-06-11T09:03:56.221088537Z	LEVEL(-2)	controller-runtime.cache	cache/reflector.go:507	Caches populated	{"type": "*v1.RuntimeClass", "reflector": "sigs.k8s.io/controller-runtime/pkg/cache/internal/informers.go:128"}
2026-06-11T09:03:56.227228467Z stderr F 2026-06-11T09:03:56.227020474Z	LEVEL(-2)	controller-runtime.cache	cache/reflector.go:507	Caches populated	{"type": "admissionregistration.k8s.io/v1, Kind=ValidatingWebhookConfiguration", "reflector": "sigs.k8s.io/controller-runtime/pkg/cache/internal/informers.go:128"}
2026-06-11T09:03:56.22743387Z stderr F 2026-06-11T09:03:56.227283788Z	LEVEL(-2)	controller-runtime.cache	cache/reflector.go:507	Caches populated	{"type": "*v1.Secret", "reflector": "sigs.k8s.io/controller-runtime/pkg/cache/internal/informers.go:128"}
2026-06-11T09:03:56.227592412Z stderr F 2026-06-11T09:03:56.22746279Z	LEVEL(-2)	controller-runtime.cache	cache/reflector.go:507	Caches populated	{"type": "*v1beta2.WorkloadPriorityClass", "reflector": "sigs.k8s.io/controller-runtime/pkg/cache/internal/informers.go:128"}
2026-06-11T09:03:56.228415202Z stderr F 2026-06-11T09:03:56.22826566Z	LEVEL(-2)	controller-runtime.cache	cache/reflector.go:507	Caches populated	{"type": "*v1beta2.ClusterQueue", "reflector": "sigs.k8s.io/controller-runtime/pkg/cache/internal/informers.go:128"}
2026-06-11T09:03:56.228594805Z stderr F 2026-06-11T09:03:56.228466243Z	LEVEL(-2)	controller-runtime.cache	cache/reflector.go:507	Caches populated	{"type": "*v1beta2.Topology", "reflector": "sigs.k8s.io/controller-runtime/pkg/cache/internal/informers.go:128"}
2026-06-11T09:03:56.228865568Z stderr F 2026-06-11T09:03:56.228731306Z	LEVEL(-2)	controller-runtime.cache	cache/reflector.go:507	Caches populated	{"type": "*v1.Namespace", "reflector": "sigs.k8s.io/controller-runtime/pkg/cache/internal/informers.go:128"}
2026-06-11T09:03:56.22903885Z stderr F 2026-06-11T09:03:56.228914569Z	LEVEL(-2)	controller-runtime.cache	cache/reflector.go:507	Caches populated	{"type": "*v1beta2.Cohort", "reflector": "sigs.k8s.io/controller-runtime/pkg/cache/internal/informers.go:128"}
2026-06-11T09:03:56.229841621Z stderr F 2026-06-11T09:03:56.229698429Z	LEVEL(-2)	controller-runtime.cache	cache/reflector.go:507	Caches populated	{"type": "*v1.Node", "reflector": "sigs.k8s.io/controller-runtime/pkg/cache/internal/informers.go:128"}
2026-06-11T09:03:56.249691819Z stderr F 2026-06-11T09:03:56.249460136Z	LEVEL(-3)	controller-runtime.cache	cache/reflector.go:425	Starting reflector	{"type": "apiextensions.k8s.io/v1, Kind=CustomResourceDefinition", "resyncPeriod": "9h30m17.540839471s", "reflector": "sigs.k8s.io/controller-runtime/pkg/cache/internal/informers.go:128"}
2026-06-11T09:03:56.249714229Z stderr F 2026-06-11T09:03:56.249536917Z	LEVEL(-3)	controller-runtime.cache	cache/reflector.go:472	Listing and watching	{"type": "apiextensions.k8s.io/v1, Kind=CustomResourceDefinition", "reflector": "sigs.k8s.io/controller-runtime/pkg/cache/internal/informers.go:128"}
2026-06-11T09:03:56.250056094Z stderr F 2026-06-11T09:03:56.249878312Z	LEVEL(-3)	controller-runtime.cache	cache/reflector.go:425	Starting reflector	{"type": "admissionregistration.k8s.io/v1, Kind=MutatingWebhookConfiguration", "resyncPeriod": "10h34m18.868731624s", "reflector": "sigs.k8s.io/controller-runtime/pkg/cache/internal/informers.go:128"}
2026-06-11T09:03:56.250067314Z stderr F 2026-06-11T09:03:56.249930632Z	LEVEL(-3)	controller-runtime.cache	cache/reflector.go:472	Listing and watching	{"type": "admissionregistration.k8s.io/v1, Kind=MutatingWebhookConfiguration", "reflector": "sigs.k8s.io/controller-runtime/pkg/cache/internal/informers.go:128"}
2026-06-11T09:03:56.266715981Z stderr F I0611 09:03:56.266557       1 serving.go:405] Generated self-signed cert (/visibility/apiserver.crt, /visibility/apiserver.key)
2026-06-11T09:03:56.2889139Z stderr F 2026-06-11T09:03:56.288706388Z	LEVEL(-2)	controller-runtime.cache	cache/reflector.go:507	Caches populated	{"type": "admissionregistration.k8s.io/v1, Kind=MutatingWebhookConfiguration", "reflector": "sigs.k8s.io/controller-runtime/pkg/cache/internal/informers.go:128"}
2026-06-11T09:03:56.321534404Z stderr F 2026-06-11T09:03:56.321300881Z	INFO	cert-rotation	rotator/rotator.go:290	starting cert rotator controller
2026-06-11T09:03:56.322510707Z stderr F 2026-06-11T09:03:56.322367555Z	INFO	cert-rotation	rotator/rotator.go:361	no cert refresh needed
2026-06-11T09:03:56.337163078Z stderr F 2026-06-11T09:03:56.336949445Z	INFO	resourceflavor-reconciler	controller/controller.go:302	Starting Controller	{"replica-role": "follower"}
2026-06-11T09:03:56.337189448Z stderr F 2026-06-11T09:03:56.337020836Z	INFO	resourceflavor-reconciler	controller/controller.go:305	Starting workers	{"replica-role": "follower", "worker count": 1}
2026-06-11T09:03:56.337782416Z stderr F 2026-06-11T09:03:56.337616954Z	INFO	tas-non-tas-usage-controller	controller/controller.go:302	Starting Controller	{"replica-role": "follower"}
2026-06-11T09:03:56.337793546Z stderr F 2026-06-11T09:03:56.337667305Z	INFO	tas-non-tas-usage-controller	controller/controller.go:305	Starting workers	{"replica-role": "follower", "worker count": 5}
2026-06-11T09:03:56.337925718Z stderr F 2026-06-11T09:03:56.337786326Z	LEVEL(-3)	tas-non-tas-usage-controller	tas/non_tas_usage_controller.go:62	Non-TAS usage cache reconciling	{"replica-role": "follower", "namespace": "kube-system", "name": "kube-proxy-ncnnw", "reconcileID": "8ddff068-69d2-4fa1-9bd8-e76e058462b3", "pod": {"name":"kube-proxy-ncnnw","namespace":"kube-system"}}
2026-06-11T09:03:56.33805864Z stderr F 2026-06-11T09:03:56.337931268Z	LEVEL(-3)	tas-non-tas-usage-controller	tas/non_tas_usage_controller.go:62	Non-TAS usage cache reconciling	{"replica-role": "follower", "namespace": "kube-system", "name": "kube-proxy-nksjs", "reconcileID": "02ef44fa-a5bc-44d9-85b7-92c59430b58b", "pod": {"name":"kube-proxy-nksjs","namespace":"kube-system"}}
2026-06-11T09:03:56.33807766Z stderr F 2026-06-11T09:03:56.338019979Z	LEVEL(-3)	tas-non-tas-usage-controller	tas/non_tas_usage_controller.go:62	Non-TAS usage cache reconciling	{"replica-role": "follower", "namespace": "kube-system", "name": "coredns-7d764666f9-xbw82", "reconcileID": "1e8bbcab-0fbb-405f-9406-aa349b6dc840", "pod": {"name":"coredns-7d764666f9-xbw82","namespace":"kube-system"}}
2026-06-11T09:03:56.338250732Z stderr F 2026-06-11T09:03:56.338127151Z	LEVEL(-3)	tas-non-tas-usage-controller	tas/non_tas_usage_controller.go:62	Non-TAS usage cache reconciling	{"replica-role": "follower", "namespace": "kube-system", "name": "kube-apiserver-kind-control-plane", "reconcileID": "2fd10a24-15ee-465a-b3ad-e422ae42d28c", "pod": {"name":"kube-apiserver-kind-control-plane","namespace":"kube-system"}}
2026-06-11T09:03:56.338333833Z stderr F 2026-06-11T09:03:56.338222692Z	LEVEL(-3)	tas-non-tas-usage-controller	tas/non_tas_usage_controller.go:62	Non-TAS usage cache reconciling	{"replica-role": "follower", "namespace": "lws-system", "name": "lws-controller-manager-c6c698cd7-rc9qw", "reconcileID": "c35300ea-c536-45a3-811c-f2deb2f8c3d9", "pod": {"name":"lws-controller-manager-c6c698cd7-rc9qw","namespace":"lws-system"}}
2026-06-11T09:03:56.338445425Z stderr F 2026-06-11T09:03:56.338318263Z	LEVEL(-3)	tas-non-tas-usage-controller	tas/non_tas_usage_controller.go:62	Non-TAS usage cache reconciling	{"replica-role": "follower", "namespace": "kube-system", "name": "kube-controller-manager-kind-control-plane", "reconcileID": "6aec33f2-6f33-4ead-8449-70b351e58c9e", "pod": {"name":"kube-controller-manager-kind-control-plane","namespace":"kube-system"}}
2026-06-11T09:03:56.338533646Z stderr F 2026-06-11T09:03:56.338422274Z	LEVEL(-3)	tas-non-tas-usage-controller	tas/non_tas_usage_controller.go:62	Non-TAS usage cache reconciling	{"replica-role": "follower", "namespace": "kube-system", "name": "kube-proxy-j45st", "reconcileID": "d82319da-08d0-4fb2-b51b-9bf4e318fd50", "pod": {"name":"kube-proxy-j45st","namespace":"kube-system"}}
2026-06-11T09:03:56.338560546Z stderr F 2026-06-11T09:03:56.338497025Z	LEVEL(-3)	tas-non-tas-usage-controller	tas/non_tas_usage_controller.go:62	Non-TAS usage cache reconciling	{"replica-role": "follower", "namespace": "kueue-system", "name": "kueue-controller-manager-69dc6c668f-rfsh2", "reconcileID": "255e896a-7d1a-40af-b850-38bef3369a4a", "pod": {"name":"kueue-controller-manager-69dc6c668f-rfsh2","namespace":"kueue-system"}}
2026-06-11T09:03:56.338686578Z stderr F 2026-06-11T09:03:56.338587026Z	LEVEL(-3)	tas-non-tas-usage-controller	tas/non_tas_usage_controller.go:62	Non-TAS usage cache reconciling	{"replica-role": "follower", "namespace": "kube-system", "name": "kube-scheduler-kind-control-plane", "reconcileID": "13216d50-32a8-48cb-bc44-337dc29a41ab", "pod": {"name":"kube-scheduler-kind-control-plane","namespace":"kube-system"}}
2026-06-11T09:03:56.338811579Z stderr F 2026-06-11T09:03:56.338681948Z	LEVEL(-3)	tas-non-tas-usage-controller	tas/non_tas_usage_controller.go:62	Non-TAS usage cache reconciling	{"replica-role": "follower", "namespace": "local-path-storage", "name": "local-path-provisioner-5c85ddd7fc-p94vg", "reconcileID": "331b7c7d-c5c1-47de-971d-48f6b924b8ff", "pod": {"name":"local-path-provisioner-5c85ddd7fc-p94vg","namespace":"local-path-storage"}}
2026-06-11T09:03:56.33884595Z stderr F 2026-06-11T09:03:56.338771869Z	LEVEL(-3)	tas-non-tas-usage-controller	tas/non_tas_usage_controller.go:62	Non-TAS usage cache reconciling	{"replica-role": "follower", "namespace": "lws-system", "name": "lws-controller-manager-c6c698cd7-n6jrq", "reconcileID": "58e57296-b433-4f13-b362-728ef53f3234", "pod": {"name":"lws-controller-manager-c6c698cd7-n6jrq","namespace":"lws-system"}}
2026-06-11T09:03:56.339000822Z stderr F 2026-06-11T09:03:56.33887029Z	LEVEL(-3)	tas-non-tas-usage-controller	tas/non_tas_usage_controller.go:62	Non-TAS usage cache reconciling	{"replica-role": "follower", "namespace": "appwrapper-system", "name": "appwrapper-controller-manager-9bc577dfc-ff6sh", "reconcileID": "77b5f468-a648-43d0-8f9a-f162707a5277", "pod": {"name":"appwrapper-controller-manager-9bc577dfc-ff6sh","namespace":"appwrapper-system"}}
2026-06-11T09:03:56.339020312Z stderr F 2026-06-11T09:03:56.338966531Z	LEVEL(-3)	tas-non-tas-usage-controller	tas/non_tas_usage_controller.go:62	Non-TAS usage cache reconciling	{"replica-role": "follower", "namespace": "kube-system", "name": "etcd-kind-control-plane", "reconcileID": "9e543c6b-0e9a-490f-93ef-5c99429639a6", "pod": {"name":"etcd-kind-control-plane","namespace":"kube-system"}}
2026-06-11T09:03:56.339171604Z stderr F 2026-06-11T09:03:56.339053933Z	LEVEL(-3)	tas-non-tas-usage-controller	tas/non_tas_usage_controller.go:62	Non-TAS usage cache reconciling	{"replica-role": "follower", "namespace": "kueue-system", "name": "kueue-controller-manager-69dc6c668f-gdlpw", "reconcileID": "3a4e7dd6-f14f-4265-8ee4-bc6ae12b153d", "pod": {"name":"kueue-controller-manager-69dc6c668f-gdlpw","namespace":"kueue-system"}}
2026-06-11T09:03:56.339241215Z stderr F 2026-06-11T09:03:56.339149504Z	LEVEL(-3)	tas-non-tas-usage-controller	tas/non_tas_usage_controller.go:62	Non-TAS usage cache reconciling	{"replica-role": "follower", "namespace": "kube-system", "name": "kindnet-cq7wv", "reconcileID": "c356d0e2-2854-4c51-84a7-11bd02f29f28", "pod": {"name":"kindnet-cq7wv","namespace":"kube-system"}}
2026-06-11T09:03:56.339373697Z stderr F 2026-06-11T09:03:56.339248005Z	LEVEL(-3)	tas-non-tas-usage-controller	tas/non_tas_usage_controller.go:62	Non-TAS usage cache reconciling	{"replica-role": "follower", "namespace": "kube-system", "name": "kindnet-k7xnv", "reconcileID": "56797119-641f-4f0b-87eb-f7dbff1d2030", "pod": {"name":"kindnet-k7xnv","namespace":"kube-system"}}
2026-06-11T09:03:56.339430037Z stderr F 2026-06-11T09:03:56.339345216Z	LEVEL(-3)	tas-non-tas-usage-controller	tas/non_tas_usage_controller.go:62	Non-TAS usage cache reconciling	{"replica-role": "follower", "namespace": "kueue-system", "name": "kueue-controller-manager-6fbdc79f67-7wfs6", "reconcileID": "97fcfdeb-8b43-4589-bb6d-c736f6681dbf", "pod": {"name":"kueue-controller-manager-6fbdc79f67-7wfs6","namespace":"kueue-system"}}
2026-06-11T09:03:56.339563569Z stderr F 2026-06-11T09:03:56.339436867Z	LEVEL(-3)	tas-non-tas-usage-controller	tas/non_tas_usage_controller.go:62	Non-TAS usage cache reconciling	{"replica-role": "follower", "namespace": "jobset-system", "name": "jobset-controller-manager-5585d4c665-6vpg8", "reconcileID": "88f8ad37-4fd4-452e-bb9d-1457f42d3662", "pod": {"name":"jobset-controller-manager-5585d4c665-6vpg8","namespace":"jobset-system"}}
2026-06-11T09:03:56.339803742Z stderr F 2026-06-11T09:03:56.339673281Z	LEVEL(-3)	tas-non-tas-usage-controller	tas/non_tas_usage_controller.go:62	Non-TAS usage cache reconciling	{"replica-role": "follower", "namespace": "kube-system", "name": "kindnet-2h9j5", "reconcileID": "7cfd4ed2-c6a1-4314-a515-f955636af110", "pod": {"name":"kindnet-2h9j5","namespace":"kube-system"}}
2026-06-11T09:03:56.339821152Z stderr F 2026-06-11T09:03:56.339769732Z	LEVEL(-3)	tas-non-tas-usage-controller	tas/non_tas_usage_controller.go:62	Non-TAS usage cache reconciling	{"replica-role": "follower", "namespace": "kube-system", "name": "coredns-7d764666f9-v9xcs", "reconcileID": "8dd1c0cb-3643-47e2-99ce-2e9610e56db7", "pod": {"name":"coredns-7d764666f9-v9xcs","namespace":"kube-system"}}
2026-06-11T09:03:56.339996315Z stderr F 2026-06-11T09:03:56.339866273Z	INFO	tas-topology-ungater	controller/controller.go:302	Starting Controller	{"replica-role": "follower"}
2026-06-11T09:03:56.340005395Z stderr F 2026-06-11T09:03:56.339918614Z	INFO	tas-topology-ungater	controller/controller.go:305	Starting workers	{"replica-role": "follower", "worker count": 5}
2026-06-11T09:03:56.340016535Z stderr F 2026-06-11T09:03:56.339958844Z	INFO	tas-resource-flavor-controller	controller/controller.go:302	Starting Controller	{"replica-role": "follower"}
2026-06-11T09:03:56.340024515Z stderr F 2026-06-11T09:03:56.339988375Z	INFO	tas-resource-flavor-controller	controller/controller.go:305	Starting workers	{"replica-role": "follower", "worker count": 1}
2026-06-11T09:03:56.340203997Z stderr F 2026-06-11T09:03:56.340085226Z	INFO	ElasticJobUngater	controller/controller.go:302	Starting Controller	{"replica-role": "follower"}
2026-06-11T09:03:56.340213508Z stderr F 2026-06-11T09:03:56.340112066Z	INFO	ElasticJobUngater	controller/controller.go:305	Starting workers	{"replica-role": "follower", "worker count": 5}
2026-06-11T09:03:56.340272858Z stderr F 2026-06-11T09:03:56.340180367Z	INFO	cert-rotation	rotator/rotator.go:896	certs are ready in /tmp/k8s-webhook-server/serving-certs
2026-06-11T09:03:56.34038491Z stderr F 2026-06-11T09:03:56.340266398Z	INFO	admissioncheck-reconciler	controller/controller.go:302	Starting Controller	{"replica-role": "follower"}
2026-06-11T09:03:56.340486211Z stderr F 2026-06-11T09:03:56.34036961Z	INFO	admissioncheck-reconciler	controller/controller.go:305	Starting workers	{"replica-role": "follower", "worker count": 1}
2026-06-11T09:03:56.340740294Z stderr F 2026-06-11T09:03:56.340599573Z	LEVEL(-2)	cluster-queue-reconciler	core/clusterqueue_controller.go:329	ClusterQueue create event	{"replica-role": "follower", "clusterQueue": {"name":"cluster-queue"}}
2026-06-11T09:03:56.340810345Z stderr F 2026-06-11T09:03:56.340666863Z	LEVEL(-3)	cluster-queue-reconciler	scheduler/clusterqueue.go:263	Updating status in cache	{"replica-role": "follower", "clusterQueue": {"name":"cluster-queue"}, "clusterQueue": "cluster-queue", "newStatus": "active", "oldStatus": ""}
2026-06-11T09:03:56.442267417Z stderr F 2026-06-11T09:03:56.442072234Z	INFO	tas-node-reconciler	controller/controller.go:302	Starting Controller	{"replica-role": "follower"}
2026-06-11T09:03:56.442310217Z stderr F 2026-06-11T09:03:56.442127755Z	INFO	tas-node-reconciler	controller/controller.go:305	Starting workers	{"replica-role": "follower", "worker count": 1}
2026-06-11T09:03:56.462551681Z stderr F 2026-06-11T09:03:56.462305367Z	INFO	workloadpriorityclass-reconciler	controller/controller.go:302	Starting Controller	{"replica-role": "follower"}
2026-06-11T09:03:56.462580631Z stderr F 2026-06-11T09:03:56.462379388Z	INFO	workloadpriorityclass-reconciler	controller/controller.go:305	Starting workers	{"replica-role": "follower", "worker count": 1}
2026-06-11T09:03:56.462599661Z stderr F 2026-06-11T09:03:56.462425099Z	INFO	localqueue-reconciler	controller/controller.go:302	Starting Controller	{"replica-role": "follower"}
2026-06-11T09:03:56.462604401Z stderr F 2026-06-11T09:03:56.462453809Z	INFO	localqueue-reconciler	controller/controller.go:305	Starting workers	{"replica-role": "follower", "worker count": 1}
2026-06-11T09:03:56.462821524Z stderr F 2026-06-11T09:03:56.462667242Z	INFO	tas-topology-controller	controller/controller.go:302	Starting Controller	{"replica-role": "follower"}
2026-06-11T09:03:56.462831634Z stderr F 2026-06-11T09:03:56.462712373Z	INFO	tas-topology-controller	controller/controller.go:305	Starting workers	{"replica-role": "follower", "worker count": 1}
2026-06-11T09:03:56.462858924Z stderr F 2026-06-11T09:03:56.462760113Z	INFO	clusterqueue-reconciler	controller/controller.go:302	Starting Controller	{"replica-role": "follower"}
2026-06-11T09:03:56.462864895Z stderr F 2026-06-11T09:03:56.462789604Z	INFO	clusterqueue-reconciler	controller/controller.go:305	Starting workers	{"replica-role": "follower", "worker count": 1}
2026-06-11T09:03:56.463130968Z stderr F 2026-06-11T09:03:56.462927835Z	INFO	cohort-reconciler	controller/controller.go:302	Starting Controller	{"replica-role": "follower"}
2026-06-11T09:03:56.463150408Z stderr F 2026-06-11T09:03:56.462969406Z	INFO	cohort-reconciler	controller/controller.go:305	Starting workers	{"replica-role": "follower", "worker count": 1}
2026-06-11T09:03:56.463155088Z stderr F 2026-06-11T09:03:56.463018707Z	INFO	workload-reconciler	controller/controller.go:302	Starting Controller	{"replica-role": "follower"}
2026-06-11T09:03:56.463159848Z stderr F 2026-06-11T09:03:56.463049177Z	INFO	workload-reconciler	controller/controller.go:305	Starting workers	{"replica-role": "follower", "worker count": 5}
2026-06-11T09:03:56.516534274Z stderr F 2026-06-11T09:03:56.516324421Z	INFO	controller-runtime.metrics	server/server.go:247	Serving metrics server	{"bindAddress": ":8443", "secure": true}
2026-06-11T09:03:56.526416543Z stderr F 2026-06-11T09:03:56.52620731Z	LEVEL(-2)	controller-runtime.cache	cache/reflector.go:507	Caches populated	{"type": "apiextensions.k8s.io/v1, Kind=CustomResourceDefinition", "reflector": "sigs.k8s.io/controller-runtime/pkg/cache/internal/informers.go:128"}
2026-06-11T09:03:56.621616282Z stderr F I0611 09:03:56.621434       1 plugins.go:157] Loaded 1 mutating admission controller(s) successfully in the following order: NamespaceLifecycle.
2026-06-11T09:03:56.62611739Z stderr F I0611 09:03:56.625907       1 handler.go:304] Adding GroupVersion visibility.kueue.x-k8s.io v1beta2 to ResourceManager
2026-06-11T09:03:56.626388634Z stderr F I0611 09:03:56.626266       1 handler.go:304] Adding GroupVersion visibility.kueue.x-k8s.io v1beta1 to ResourceManager
2026-06-11T09:03:56.635057867Z stderr F I0611 09:03:56.634890       1 requestheader_controller.go:180] Starting RequestHeaderAuthRequestController
2026-06-11T09:03:56.635087867Z stderr F I0611 09:03:56.634948       1 shared_informer.go:402] "Waiting for caches to sync"
2026-06-11T09:03:56.635124828Z stderr F I0611 09:03:56.634993       1 configmap_cafile_content.go:205] "Starting controller" name="client-ca::kube-system::extension-apiserver-authentication::client-ca-file"
2026-06-11T09:03:56.635143918Z stderr F I0611 09:03:56.635019       1 shared_informer.go:402] "Waiting for caches to sync"
2026-06-11T09:03:56.635148988Z stderr F I0611 09:03:56.635060       1 configmap_cafile_content.go:205] "Starting controller" name="client-ca::kube-system::extension-apiserver-authentication::requestheader-client-ca-file"
2026-06-11T09:03:56.635153648Z stderr F I0611 09:03:56.635085       1 shared_informer.go:402] "Waiting for caches to sync"
2026-06-11T09:03:56.636489395Z stderr F I0611 09:03:56.636342       1 secure_serving.go:214] Serving securely on [::]:8082
2026-06-11T09:03:56.636502706Z stderr F I0611 09:03:56.636408       1 dynamic_serving_content.go:135] "Starting controller" name="serving-cert::/visibility/apiserver.crt::/visibility/apiserver.key"
2026-06-11T09:03:56.636529726Z stderr F I0611 09:03:56.636431       1 apf_controller.go:377] Starting API Priority and Fairness config controller
2026-06-11T09:03:56.636535646Z stderr F I0611 09:03:56.636475       1 tlsconfig.go:243] "Starting DynamicServingCertificateController"
2026-06-11T09:03:56.651562792Z stderr F 2026-06-11T09:03:56.651374929Z	INFO	cert-rotation	rotator/rotator.go:361	no cert refresh needed
2026-06-11T09:03:56.652112599Z stderr F 2026-06-11T09:03:56.651983707Z	INFO	cert-rotation	rotator/rotator.go:857	Ensuring CA cert	{"name": "kueue-validating-webhook-configuration", "gvk": "admissionregistration.k8s.io/v1, Kind=ValidatingWebhookConfiguration", "name": "kueue-validating-webhook-configuration", "gvk": "admissionregistration.k8s.io/v1, Kind=ValidatingWebhookConfiguration"}
2026-06-11T09:03:56.66837896Z stderr F 2026-06-11T09:03:56.668188288Z	INFO	cert-rotation	rotator/rotator.go:857	Ensuring CA cert	{"name": "kueue-mutating-webhook-configuration", "gvk": "admissionregistration.k8s.io/v1, Kind=MutatingWebhookConfiguration", "name": "kueue-mutating-webhook-configuration", "gvk": "admissionregistration.k8s.io/v1, Kind=MutatingWebhookConfiguration"}
2026-06-11T09:03:56.683711599Z stderr F 2026-06-11T09:03:56.683482816Z	INFO	cert-rotation	rotator/rotator.go:857	Ensuring CA cert	{"name": "localqueues.kueue.x-k8s.io", "gvk": "apiextensions.k8s.io/v1, Kind=CustomResourceDefinition", "name": "localqueues.kueue.x-k8s.io", "gvk": "apiextensions.k8s.io/v1, Kind=CustomResourceDefinition"}
2026-06-11T09:03:56.711752575Z stderr F 2026-06-11T09:03:56.711537832Z	INFO	cert-rotation	rotator/rotator.go:857	Ensuring CA cert	{"name": "clusterqueues.kueue.x-k8s.io", "gvk": "apiextensions.k8s.io/v1, Kind=CustomResourceDefinition", "name": "clusterqueues.kueue.x-k8s.io", "gvk": "apiextensions.k8s.io/v1, Kind=CustomResourceDefinition"}
2026-06-11T09:03:56.735737947Z stderr F I0611 09:03:56.735544       1 shared_informer.go:409] "Caches are synced"
2026-06-11T09:03:56.735768518Z stderr F I0611 09:03:56.735563       1 shared_informer.go:409] "Caches are synced"
2026-06-11T09:03:56.735772888Z stderr F I0611 09:03:56.735622       1 shared_informer.go:409] "Caches are synced"
2026-06-11T09:03:56.736999244Z stderr F I0611 09:03:56.736889       1 apf_controller.go:382] Running API Priority and Fairness config worker
2026-06-11T09:03:56.737009134Z stderr F I0611 09:03:56.736916       1 apf_controller.go:385] Running API Priority and Fairness periodic rebalancing process
2026-06-11T09:03:56.77349689Z stderr F 2026-06-11T09:03:56.773239786Z	INFO	cert-rotation	rotator/rotator.go:857	Ensuring CA cert	{"name": "workloads.kueue.x-k8s.io", "gvk": "apiextensions.k8s.io/v1, Kind=CustomResourceDefinition", "name": "workloads.kueue.x-k8s.io", "gvk": "apiextensions.k8s.io/v1, Kind=CustomResourceDefinition"}
2026-06-11T09:03:57.472466209Z stderr F 2026-06-11T09:03:57.472250687Z	INFO	cert-rotation	rotator/rotator.go:857	Ensuring CA cert	{"name": "cohorts.kueue.x-k8s.io", "gvk": "apiextensions.k8s.io/v1, Kind=CustomResourceDefinition", "name": "cohorts.kueue.x-k8s.io", "gvk": "apiextensions.k8s.io/v1, Kind=CustomResourceDefinition"}
2026-06-11T09:03:57.496430191Z stderr F 2026-06-11T09:03:57.496243479Z	INFO	cert-rotation	rotator/rotator.go:857	Ensuring CA cert	{"name": "multikueueclusters.kueue.x-k8s.io", "gvk": "apiextensions.k8s.io/v1, Kind=CustomResourceDefinition", "name": "multikueueclusters.kueue.x-k8s.io", "gvk": "apiextensions.k8s.io/v1, Kind=CustomResourceDefinition"}
2026-06-11T09:03:57.675684275Z stderr F 2026-06-11T09:03:57.675449792Z	INFO	cert-rotation	rotator/rotator.go:916	CA certs are injected to webhooks
2026-06-11T09:04:04.019939372Z stderr F 2026-06-11T09:04:04.019676889Z	LEVEL(-3)	tas-non-tas-usage-controller	tas/non_tas_usage_controller.go:62	Non-TAS usage cache reconciling	{"replica-role": "follower", "namespace": "kueue-system", "name": "kueue-controller-manager-6fbdc79f67-x27bd", "reconcileID": "49f793db-de89-4de2-8e52-ac82668350bf", "pod": {"name":"kueue-controller-manager-6fbdc79f67-x27bd","namespace":"kueue-system"}}
2026-06-11T09:04:04.307529317Z stderr F 2026-06-11T09:04:04.307240283Z	LEVEL(-3)	tas-non-tas-usage-controller	tas/non_tas_usage_controller.go:62	Non-TAS usage cache reconciling	{"replica-role": "follower", "namespace": "kueue-system", "name": "kueue-controller-manager-69dc6c668f-rfsh2", "reconcileID": "ddc32671-455b-4015-94de-a9f9cdf576a5", "pod": {"name":"kueue-controller-manager-69dc6c668f-rfsh2","namespace":"kueue-system"}}
2026-06-11T09:04:05.016466266Z stderr F 2026-06-11T09:04:05.016119752Z	LEVEL(-3)	tas-non-tas-usage-controller	tas/non_tas_usage_controller.go:62	Non-TAS usage cache reconciling	{"replica-role": "follower", "namespace": "kueue-system", "name": "kueue-controller-manager-69dc6c668f-rfsh2", "reconcileID": "4f7a35c4-4b89-4fe7-9986-536d94d4dd99", "pod": {"name":"kueue-controller-manager-69dc6c668f-rfsh2","namespace":"kueue-system"}}
2026-06-11T09:04:17.2962076Z stderr F 2026-06-11T09:04:17.295963747Z	LEVEL(-3)	tas-non-tas-usage-controller	tas/non_tas_usage_controller.go:62	Non-TAS usage cache reconciling	{"replica-role": "follower", "namespace": "kueue-system", "name": "kueue-controller-manager-69dc6c668f-gdlpw", "reconcileID": "2155105f-eebf-4806-b91c-b1c3a8ab9b54", "pod": {"name":"kueue-controller-manager-69dc6c668f-gdlpw","namespace":"kueue-system"}}
2026-06-11T09:04:17.948833947Z stderr F 2026-06-11T09:04:17.948508043Z	LEVEL(-3)	tas-non-tas-usage-controller	tas/non_tas_usage_controller.go:62	Non-TAS usage cache reconciling	{"replica-role": "follower", "namespace": "kueue-system", "name": "kueue-controller-manager-69dc6c668f-gdlpw", "reconcileID": "454df2a1-90f2-48bc-bf0a-590ba7258c47", "pod": {"name":"kueue-controller-manager-69dc6c668f-gdlpw","namespace":"kueue-system"}}
2026-06-11T09:04:18.9498617Z stderr F 2026-06-11T09:04:18.949683408Z	LEVEL(-3)	admission	jobframework/reconciler.go:855	stop walking up as the owner is not found	{"webhookGroup": "jobset.x-k8s.io", "webhookKind": "JobSet", "object": {"name":"job-set","namespace":"e2e-p49kb"}, "namespace": "e2e-p49kb", "name": "job-set", "resource": {"group":"jobset.x-k8s.io","version":"v1alpha2","resource":"jobsets"}, "user": "kubernetes-admin", "requestID": "bc90a027-c54d-4b58-a91a-243f8a229b6f", "replica-role": "follower", "currentObj": {"name":"job-set","namespace":"e2e-p49kb"}}
2026-06-11T09:04:18.957666092Z stderr F 2026-06-11T09:04:18.957479909Z	INFO	admission.jobset-webhook	jobset/jobset_webhook.go:99	Validating create	{"webhookGroup": "jobset.x-k8s.io", "webhookKind": "JobSet", "object": {"name":"job-set","namespace":"e2e-p49kb"}, "namespace": "e2e-p49kb", "name": "job-set", "resource": {"group":"jobset.x-k8s.io","version":"v1alpha2","resource":"jobsets"}, "user": "kubernetes-admin", "requestID": "d4277687-feaa-4024-849b-2c6161ec85b9", "replica-role": "follower"}
2026-06-11T09:04:19.018049557Z stderr F 2026-06-11T09:04:19.017104255Z	LEVEL(-3)	tas-non-tas-usage-controller	tas/non_tas_usage_controller.go:62	Non-TAS usage cache reconciling	{"replica-role": "follower", "namespace": "e2e-p49kb", "name": "job-set-test-job-2-0-0-j62hn", "reconcileID": "708b084b-8bb3-4fec-ac7f-381cd64cdaac", "pod": {"name":"job-set-test-job-2-0-0-j62hn","namespace":"e2e-p49kb"}}
2026-06-11T09:04:19.018079758Z stderr F 2026-06-11T09:04:19.017118605Z	LEVEL(-3)	tas-non-tas-usage-controller	tas/non_tas_usage_controller.go:62	Non-TAS usage cache reconciling	{"replica-role": "follower", "namespace": "e2e-p49kb", "name": "job-set-test-job-1-0-0-79bpp", "reconcileID": "e79bb5a1-4962-47a0-b24e-f83191c19efb", "pod": {"name":"job-set-test-job-1-0-0-79bpp","namespace":"e2e-p49kb"}}
2026-06-11T09:04:21.147259379Z stderr F 2026-06-11T09:04:21.146988065Z	LEVEL(-3)	tas-non-tas-usage-controller	tas/non_tas_usage_controller.go:62	Non-TAS usage cache reconciling	{"replica-role": "follower", "namespace": "e2e-p49kb", "name": "job-set-test-job-1-0-0-79bpp", "reconcileID": "41d6d731-89fb-4252-916a-8d2add7159ed", "pod": {"name":"job-set-test-job-1-0-0-79bpp","namespace":"e2e-p49kb"}}
2026-06-11T09:04:21.237715876Z stderr F 2026-06-11T09:04:21.237485163Z	LEVEL(-3)	tas-non-tas-usage-controller	tas/non_tas_usage_controller.go:62	Non-TAS usage cache reconciling	{"replica-role": "follower", "namespace": "e2e-p49kb", "name": "job-set-test-job-2-0-0-j62hn", "reconcileID": "bc267b3f-3ce0-40aa-a2ae-972b64ed7d64", "pod": {"name":"job-set-test-job-2-0-0-j62hn","namespace":"e2e-p49kb"}}
2026-06-11T09:04:22.307329441Z stderr F 2026-06-11T09:04:22.307045248Z	LEVEL(-3)	tas-non-tas-usage-controller	tas/non_tas_usage_controller.go:62	Non-TAS usage cache reconciling	{"replica-role": "follower", "namespace": "e2e-p49kb", "name": "job-set-test-job-1-0-0-79bpp", "reconcileID": "94b07b28-445e-44a7-aedc-aa3aa6a56616", "pod": {"name":"job-set-test-job-1-0-0-79bpp","namespace":"e2e-p49kb"}}
2026-06-11T09:04:22.309391328Z stderr F 2026-06-11T09:04:22.309147855Z	LEVEL(-3)	tas-non-tas-usage-controller	tas/non_tas_usage_controller.go:62	Non-TAS usage cache reconciling	{"replica-role": "follower", "namespace": "e2e-p49kb", "name": "job-set-test-job-2-0-0-j62hn", "reconcileID": "db127157-2af8-4747-a880-479e75b70683", "pod": {"name":"job-set-test-job-2-0-0-j62hn","namespace":"e2e-p49kb"}}
2026-06-11T09:04:22.317439394Z stderr F 2026-06-11T09:04:22.317209991Z	LEVEL(-2)	localqueue-reconciler	core/localqueue_controller.go:277	LocalQueue delete event	{"replica-role": "follower", "localQueue": {"name":"main","namespace":"e2e-p49kb"}}
2026-06-11T09:04:22.347414954Z stderr F 2026-06-11T09:04:22.34716215Z	LEVEL(-2)	cluster-queue-reconciler	core/clusterqueue_controller.go:370	ClusterQueue update event	{"replica-role": "follower", "clusterQueue": {"name":"cluster-queue"}}
2026-06-11T09:04:22.362743813Z stderr F 2026-06-11T09:04:22.3624938Z	LEVEL(-2)	cluster-queue-reconciler	core/clusterqueue_controller.go:354	ClusterQueue delete event	{"replica-role": "follower", "clusterQueue": {"name":"cluster-queue"}}
2026-06-11T09:04:22.362779844Z stderr F 2026-06-11T09:04:22.362586981Z	LEVEL(-2)	cluster-queue-reconciler	core/clusterqueue_controller.go:363	Cleared resource metrics for deleted ClusterQueue.	{"replica-role": "follower", "clusterQueue": {"name":"cluster-queue"}}
2026-06-11T09:04:22.607950676Z stderr F 2026-06-11T09:04:22.607714862Z	LEVEL(-2)	resourceflavor-reconciler	core/resourceflavor_controller.go:170	ResourceFlavor update event	{"replica-role": "follower", "resourceFlavor": {"name":"default"}}
2026-06-11T09:04:22.614861586Z stderr F 2026-06-11T09:04:22.614680133Z	LEVEL(-2)	resourceflavor-reconciler	core/resourceflavor_controller.go:158	ResourceFlavor delete event	{"replica-role": "follower", "resourceFlavor": {"name":"default"}}
