2026-06-11T09:04:24.300692124Z stderr F 2026-06-11T09:04:24.300303229Z	INFO	setup	kueue/main.go:706	Configuration loaded	{"config": "apiVersion: config.kueue.x-k8s.io/v1beta2\nclientConnection:\n  burst: 100\n  qps: 50\ncontroller:\n  groupKindConcurrency:\n    ClusterQueue.kueue.x-k8s.io: 1\n    Job.batch: 5\n    LocalQueue.kueue.x-k8s.io: 1\n    Pod: 5\n    ResourceFlavor.kueue.x-k8s.io: 1\n    Workload.kueue.x-k8s.io: 5\nfairSharing:\n  preemptionStrategies:\n  - LessThanOrEqualToFinalShare\n  - LessThanInitialShare\nfeatureGates:\n  ConcurrentAdmission: true\n  ElasticJobsViaWorkloadSlices: true\n  LocalQueueMetrics: true\n  MultiKueueManagerQuotaAutomation: true\nhealth:\n  healthProbeBindAddress: :8081\nintegrations:\n  frameworks:\n  - batch/job\n  - kubeflow.org/mpijob\n  - ray.io/rayjob\n  - ray.io/raycluster\n  - ray.io/rayservice\n  - jobset.x-k8s.io/jobset\n  - kubeflow.org/paddlejob\n  - kubeflow.org/pytorchjob\n  - kubeflow.org/tfjob\n  - kubeflow.org/xgboostjob\n  - kubeflow.org/jaxjob\n  - trainer.kubeflow.org/trainjob\n  - workload.codeflare.dev/appwrapper\n  - pod\n  - deployment\n  - statefulset\n  - leaderworkerset.x-k8s.io/leaderworkerset\ninternalCertManagement:\n  enable: true\n  webhookSecretName: kueue-webhook-server-cert\n  webhookServiceName: kueue-webhook-service\nkind: Configuration\nleaderElection:\n  leaderElect: true\n  leaseDuration: 15s\n  renewDeadline: 10s\n  resourceLock: leases\n  resourceName: c1f6bfd2.kueue.x-k8s.io\n  resourceNamespace: \"\"\n  retryPeriod: 2s\nmanageJobsWithoutQueueName: false\nmanagedJobsNamespaceSelector:\n  matchExpressions:\n  - key: kubernetes.io/metadata.name\n    operator: NotIn\n    values:\n    - kube-system\n    - kueue-system\nmetrics:\n  bindAddress: :8443\n  enableClusterQueueResources: true\n  localQueueMetrics:\n    enable: true\nmultiKueue:\n  dispatcherName: kueue.x-k8s.io/multikueue-dispatcher-all-at-once\n  gcInterval: 1m0s\n  origin: multikueue\n  workerLostTimeout: 15m0s\nnamespace: kueue-system\ntls:\n  cipherSuites:\n  - TLS_ECDHE_ECDSA_WITH_AES_128_GCM_SHA256\n  - TLS_ECDHE_RSA_WITH_AES_128_GCM_SHA256\n  - TLS_ECDHE_ECDSA_WITH_CHACHA20_POLY1305_SHA256\n  - TLS_ECDHE_RSA_WITH_CHACHA20_POLY1305_SHA256\n  - TLS_ECDHE_ECDSA_WITH_AES_256_GCM_SHA384\n  - TLS_ECDHE_RSA_WITH_AES_256_GCM_SHA384\n  minVersion: VersionTLS12\nvisibilityServer:\n  bindPort: 8082\nwebhook:\n  certDir: /tmp/k8s-webhook-server/serving-certs\n  port: 9443\n"}
2026-06-11T09:04:24.300839036Z stderr F 2026-06-11T09:04:24.300697544Z	INFO	setup	kueue/main.go:169	Initializing	{"gitVersion": "v0.19.0-devel-83-g51c5960c6", "gitCommit": "51c5960c6a734d982967e534cb094f8e048947fb", "buildDate": "2026-06-11T08:51:35Z"}
2026-06-11T09:04:24.301233161Z stderr F 2026-06-11T09:04:24.301069489Z	LEVEL(-2)	setup	features/kube_features.go:713	Loaded feature gates	{"featureGates": {"AdmissionFairSharing":true,"AdmissionGatedBy":false,"AssignQueueLabelsForPods":true,"ConcurrentAdmission":true,"CustomMetricLabels":false,"DRAExtendedResources":false,"DynamicResourceAllocation":false,"ElasticJobsViaWorkloadSlices":true,"ElasticJobsViaWorkloadSlicesWithTAS":false,"FailureRecoveryPolicy":false,"FairSharingPreemptWithinNominal":true,"FairSharingPrioritizeNonBorrowing":true,"FastQuotaReleaseInPodIntegration":false,"FinishOrphanedWorkloads":true,"FlavorFungibility":true,"HierarchicalCohorts":true,"KueueDRAIntegration":true,"KueueDRAIntegrationExtendedResource":false,"KueueDRAIntegrationPartitionableDevices":false,"KueueDRARejectWorkloadsWhenDRADisabled":true,"LendingLimit":true,"LocalQueueDefaulting":true,"LocalQueueMetrics":true,"ManagedJobsNamespaceSelectorAlwaysRespected":true,"MetricForWorkloadCreationLatency":true,"MetricsForCohorts":true,"MultiKueue":true,"MultiKueueAdaptersForCustomJobs":true,"MultiKueueAllowInsecureKubeconfigs":false,"MultiKueueBatchJobWithManagedBy":true,"MultiKueueClusterProfile":false,"MultiKueueManagerQuotaAutomation":true,"MultiKueueOrchestratedPreemption":false,"MultiKueueRedoAdmissionOnEvictionInWorker":true,"MultiKueueWaitForWorkloadAdmitted":true,"ObjectRetentionPolicies":true,"PartialAdmission":true,"PriorityBoost":false,"PrioritySortingWithinCohort":true,"PropagateBatchJobLabelsToWorkload":true,"QuotaCheckStrategy":false,"ReclaimablePods":true,"RejectUpdatesToCQWithInvalidOnFlavors":false,"RemoveFinalizersWithStrictPatch":true,"SanitizePodSets":true,"SchedulerLongRequeueInterval":false,"SchedulerTimestampPreemptionBuffer":false,"SchedulingEquivalenceHashing":true,"ShortWorkloadNames":false,"SkipFinalizersForPodsSuspendedByParent":true,"SparkApplicationIntegration":false,"TASBalancedPlacement":false,"TASFailedNodeReplacement":true,"TASFailedNodeReplacementFailFast":true,"TASHandleOverlappingFlavors":true,"TASMultiLayerTopology":false,"TASProfileMixed":true,"TASReplaceNodeOnNodeTaints":true,"TASReplaceNodeOnPodTermination":true,"TASRespectNodeAffinityPreferred":false,"TLSOptions":true,"TopologyAwareScheduling":true,"VisibilityOnDemand":true,"WorkloadIdentifierAnnotations":true,"WorkloadPriorityClassDefaulting":false,"WorkloadRequestUseMergePatch":false}}
2026-06-11T09:04:24.301557525Z stderr F 2026-06-11T09:04:24.301444643Z	LEVEL(-2)	setup	kueue/main.go:256	K8S Client	{"qps": 50, "burst": 100}
2026-06-11T09:04:24.30195511Z stderr F 2026-06-11T09:04:24.301748767Z	INFO	cert-bootstrap	cert/cert.go:50	Creating bootstrap manager for certificate generation
2026-06-11T09:04:24.302890832Z stderr F 2026-06-11T09:04:24.302773621Z	INFO	cert-bootstrap	cert/cert.go:88	Waiting for certificate generation and CA injection to complete
2026-06-11T09:04:24.302969713Z stderr F 2026-06-11T09:04:24.302847702Z	INFO	cert-bootstrap	cert/cert.go:80	Starting bootstrap manager
2026-06-11T09:04:24.303160506Z stderr F 2026-06-11T09:04:24.303017474Z	INFO	manager/server.go:83	starting server	{"name": "health probe", "addr": "[::]:8081"}
2026-06-11T09:04:24.303305287Z stderr F 2026-06-11T09:04:24.303171296Z	INFO	cert-rotation	rotator/rotator.go:290	starting cert rotator controller
2026-06-11T09:04:24.315398735Z stderr F 2026-06-11T09:04:24.315199293Z	LEVEL(-3)	controller-runtime.cache	cache/reflector.go:425	Starting reflector	{"type": "admissionregistration.k8s.io/v1, Kind=MutatingWebhookConfiguration", "resyncPeriod": "9h43m49.257146478s", "reflector": "sigs.k8s.io/controller-runtime/pkg/cache/internal/informers.go:128"}
2026-06-11T09:04:24.315428826Z stderr F 2026-06-11T09:04:24.315267474Z	LEVEL(-3)	controller-runtime.cache	cache/reflector.go:472	Listing and watching	{"type": "admissionregistration.k8s.io/v1, Kind=MutatingWebhookConfiguration", "reflector": "sigs.k8s.io/controller-runtime/pkg/cache/internal/informers.go:128"}
2026-06-11T09:04:24.315432626Z stderr F 2026-06-11T09:04:24.315291644Z	LEVEL(-3)	controller-runtime.cache	cache/reflector.go:425	Starting reflector	{"type": "apiextensions.k8s.io/v1, Kind=CustomResourceDefinition", "resyncPeriod": "10h47m14.197004911s", "reflector": "sigs.k8s.io/controller-runtime/pkg/cache/internal/informers.go:128"}
2026-06-11T09:04:24.315442106Z stderr F 2026-06-11T09:04:24.315324934Z	LEVEL(-3)	controller-runtime.cache	cache/reflector.go:472	Listing and watching	{"type": "apiextensions.k8s.io/v1, Kind=CustomResourceDefinition", "reflector": "sigs.k8s.io/controller-runtime/pkg/cache/internal/informers.go:128"}
2026-06-11T09:04:24.31572675Z stderr F 2026-06-11T09:04:24.315561677Z	LEVEL(-3)	controller-runtime.cache	cache/reflector.go:425	Starting reflector	{"type": "admissionregistration.k8s.io/v1, Kind=ValidatingWebhookConfiguration", "resyncPeriod": "9h49m16.78323515s", "reflector": "sigs.k8s.io/controller-runtime/pkg/cache/internal/informers.go:128"}
2026-06-11T09:04:24.31573905Z stderr F 2026-06-11T09:04:24.315629628Z	LEVEL(-3)	controller-runtime.cache	cache/reflector.go:472	Listing and watching	{"type": "admissionregistration.k8s.io/v1, Kind=ValidatingWebhookConfiguration", "reflector": "sigs.k8s.io/controller-runtime/pkg/cache/internal/informers.go:128"}
2026-06-11T09:04:24.315907942Z stderr F 2026-06-11T09:04:24.315204203Z	LEVEL(-3)	controller-runtime.cache	cache/reflector.go:425	Starting reflector	{"type": "*v1.Secret", "resyncPeriod": "9h20m16.380829318s", "reflector": "sigs.k8s.io/controller-runtime/pkg/cache/internal/informers.go:128"}
2026-06-11T09:04:24.315929002Z stderr F 2026-06-11T09:04:24.31576679Z	LEVEL(-3)	controller-runtime.cache	cache/reflector.go:472	Listing and watching	{"type": "*v1.Secret", "reflector": "sigs.k8s.io/controller-runtime/pkg/cache/internal/informers.go:128"}
2026-06-11T09:04:24.320803845Z stderr F 2026-06-11T09:04:24.320460201Z	LEVEL(-2)	controller-runtime.cache	cache/reflector.go:507	Caches populated	{"type": "*v1.Secret", "reflector": "sigs.k8s.io/controller-runtime/pkg/cache/internal/informers.go:128"}
2026-06-11T09:04:24.338448996Z stderr F 2026-06-11T09:04:24.337639325Z	LEVEL(-2)	controller-runtime.cache	cache/reflector.go:507	Caches populated	{"type": "admissionregistration.k8s.io/v1, Kind=MutatingWebhookConfiguration", "reflector": "sigs.k8s.io/controller-runtime/pkg/cache/internal/informers.go:128"}
2026-06-11T09:04:24.344622266Z stderr F 2026-06-11T09:04:24.343723625Z	LEVEL(-2)	controller-runtime.cache	cache/reflector.go:507	Caches populated	{"type": "admissionregistration.k8s.io/v1, Kind=ValidatingWebhookConfiguration", "reflector": "sigs.k8s.io/controller-runtime/pkg/cache/internal/informers.go:128"}
2026-06-11T09:04:24.416754104Z stderr F 2026-06-11T09:04:24.416570442Z	INFO	cert-rotation	rotator/rotator.go:361	no cert refresh needed
2026-06-11T09:04:24.416884226Z stderr F 2026-06-11T09:04:24.416771665Z	INFO	cert-rotation	rotator/rotator.go:896	certs are ready in /tmp/k8s-webhook-server/serving-certs
2026-06-11T09:04:24.522759315Z stderr F 2026-06-11T09:04:24.522532003Z	LEVEL(-2)	controller-runtime.cache	cache/reflector.go:507	Caches populated	{"type": "apiextensions.k8s.io/v1, Kind=CustomResourceDefinition", "reflector": "sigs.k8s.io/controller-runtime/pkg/cache/internal/informers.go:128"}
2026-06-11T09:04:24.718319081Z stderr F 2026-06-11T09:04:24.718119168Z	INFO	cert-rotation	rotator/rotator.go:361	no cert refresh needed
2026-06-11T09:04:24.71902818Z stderr F 2026-06-11T09:04:24.718894369Z	INFO	cert-rotation	rotator/rotator.go:857	Ensuring CA cert	{"name": "kueue-validating-webhook-configuration", "gvk": "admissionregistration.k8s.io/v1, Kind=ValidatingWebhookConfiguration", "name": "kueue-validating-webhook-configuration", "gvk": "admissionregistration.k8s.io/v1, Kind=ValidatingWebhookConfiguration"}
2026-06-11T09:04:24.73594169Z stderr F 2026-06-11T09:04:24.735733677Z	INFO	cert-rotation	rotator/rotator.go:857	Ensuring CA cert	{"name": "kueue-mutating-webhook-configuration", "gvk": "admissionregistration.k8s.io/v1, Kind=MutatingWebhookConfiguration", "name": "kueue-mutating-webhook-configuration", "gvk": "admissionregistration.k8s.io/v1, Kind=MutatingWebhookConfiguration"}
2026-06-11T09:04:24.75205434Z stderr F 2026-06-11T09:04:24.751862607Z	INFO	cert-rotation	rotator/rotator.go:857	Ensuring CA cert	{"name": "localqueues.kueue.x-k8s.io", "gvk": "apiextensions.k8s.io/v1, Kind=CustomResourceDefinition", "name": "localqueues.kueue.x-k8s.io", "gvk": "apiextensions.k8s.io/v1, Kind=CustomResourceDefinition"}
2026-06-11T09:04:24.779721601Z stderr F 2026-06-11T09:04:24.779512058Z	INFO	cert-rotation	rotator/rotator.go:857	Ensuring CA cert	{"name": "clusterqueues.kueue.x-k8s.io", "gvk": "apiextensions.k8s.io/v1, Kind=CustomResourceDefinition", "name": "clusterqueues.kueue.x-k8s.io", "gvk": "apiextensions.k8s.io/v1, Kind=CustomResourceDefinition"}
2026-06-11T09:04:24.841080319Z stderr F 2026-06-11T09:04:24.840889376Z	INFO	cert-rotation	rotator/rotator.go:857	Ensuring CA cert	{"name": "workloads.kueue.x-k8s.io", "gvk": "apiextensions.k8s.io/v1, Kind=CustomResourceDefinition", "name": "workloads.kueue.x-k8s.io", "gvk": "apiextensions.k8s.io/v1, Kind=CustomResourceDefinition"}
2026-06-11T09:04:25.521778212Z stderr F 2026-06-11T09:04:25.521568979Z	INFO	cert-rotation	rotator/rotator.go:857	Ensuring CA cert	{"name": "cohorts.kueue.x-k8s.io", "gvk": "apiextensions.k8s.io/v1, Kind=CustomResourceDefinition", "name": "cohorts.kueue.x-k8s.io", "gvk": "apiextensions.k8s.io/v1, Kind=CustomResourceDefinition"}
2026-06-11T09:04:25.544289825Z stderr F 2026-06-11T09:04:25.544078392Z	INFO	cert-rotation	rotator/rotator.go:857	Ensuring CA cert	{"name": "multikueueclusters.kueue.x-k8s.io", "gvk": "apiextensions.k8s.io/v1, Kind=CustomResourceDefinition", "name": "multikueueclusters.kueue.x-k8s.io", "gvk": "apiextensions.k8s.io/v1, Kind=CustomResourceDefinition"}
2026-06-11T09:04:28.084204083Z stderr F 2026-06-11T09:04:28.0839986Z	INFO	cert-rotation	rotator/rotator.go:916	CA certs are injected to webhooks
2026-06-11T09:04:28.084239263Z stderr F 2026-06-11T09:04:28.084078251Z	INFO	cert-bootstrap	cert/cert.go:90	Certificates ready and CA bundles injected
2026-06-11T09:04:28.084245193Z stderr F 2026-06-11T09:04:28.084106332Z	INFO	cert-bootstrap	cert/cert.go:92	Stopping bootstrap manager
2026-06-11T09:04:28.084250233Z stderr F 2026-06-11T09:04:28.084134922Z	INFO	cert-bootstrap	cert/cert.go:95	Waiting for the bootstrap manager to stop
2026-06-11T09:04:28.084283474Z stderr F 2026-06-11T09:04:28.084178613Z	INFO	manager/internal.go:571	Stopping and waiting for non leader election runnables
2026-06-11T09:04:28.084294434Z stderr F 2026-06-11T09:04:28.084223353Z	INFO	manager/internal.go:566	Stopping and waiting for warmup runnables
2026-06-11T09:04:28.084410326Z stderr F 2026-06-11T09:04:28.084255694Z	INFO	cert-rotation	rotator/rotator.go:320	stopping cert rotator controller
2026-06-11T09:04:28.084420476Z stderr F 2026-06-11T09:04:28.084311774Z	LEVEL(-3)	controller-runtime.cache	cache/reflector.go:434	Stopping reflector	{"type": "*v1.Secret", "resyncPeriod": "9h20m16.380829318s", "reflector": "sigs.k8s.io/controller-runtime/pkg/cache/internal/informers.go:128"}
2026-06-11T09:04:28.084581168Z stderr F 2026-06-11T09:04:28.084435556Z	LEVEL(-3)	controller-runtime.cache	cache/reflector.go:434	Stopping reflector	{"type": "apiextensions.k8s.io/v1, Kind=CustomResourceDefinition", "resyncPeriod": "10h47m14.197004911s", "reflector": "sigs.k8s.io/controller-runtime/pkg/cache/internal/informers.go:128"}
2026-06-11T09:04:28.084614868Z stderr F 2026-06-11T09:04:28.084538357Z	INFO	manager/internal.go:575	Stopping and waiting for leader election runnables
2026-06-11T09:04:28.084621478Z stderr F 2026-06-11T09:04:28.084572198Z	INFO	manager/internal.go:583	Stopping and waiting for caches
2026-06-11T09:04:28.084683699Z stderr F 2026-06-11T09:04:28.084599598Z	INFO	manager/internal.go:587	Stopping and waiting for webhooks
2026-06-11T09:04:28.084691359Z stderr F 2026-06-11T09:04:28.084607158Z	LEVEL(-3)	controller-runtime.cache	cache/reflector.go:434	Stopping reflector	{"type": "admissionregistration.k8s.io/v1, Kind=ValidatingWebhookConfiguration", "resyncPeriod": "9h49m16.78323515s", "reflector": "sigs.k8s.io/controller-runtime/pkg/cache/internal/informers.go:128"}
2026-06-11T09:04:28.084716499Z stderr F 2026-06-11T09:04:28.084623848Z	INFO	manager/internal.go:590	Stopping and waiting for HTTP servers
2026-06-11T09:04:28.08473107Z stderr F 2026-06-11T09:04:28.084681759Z	INFO	manager/server.go:68	shutting down server	{"name": "health probe", "addr": "[::]:8081"}
2026-06-11T09:04:28.08473857Z stderr F 2026-06-11T09:04:28.084708069Z	LEVEL(-3)	controller-runtime.cache	cache/reflector.go:434	Stopping reflector	{"type": "admissionregistration.k8s.io/v1, Kind=MutatingWebhookConfiguration", "resyncPeriod": "9h43m49.257146478s", "reflector": "sigs.k8s.io/controller-runtime/pkg/cache/internal/informers.go:128"}
2026-06-11T09:04:28.084900462Z stderr F 2026-06-11T09:04:28.08476743Z	INFO	manager/internal.go:594	Wait completed, proceeding to shutdown the manager
2026-06-11T09:04:28.084908712Z stderr F 2026-06-11T09:04:28.084798671Z	INFO	cert-bootstrap	cert/cert.go:98	Certificate bootstrap complete
2026-06-11T09:04:28.091640589Z stderr F 2026-06-11T09:04:28.091452897Z	INFO	setup	kueue/main.go:668	RoleTracker: leader election enabled
2026-06-11T09:04:28.093712516Z stderr F 2026-06-11T09:04:28.093557144Z	ERROR	setup	kueue/main.go:435	Skipping admission check controller setup: Provisioning Requests not supported (Possible cause: missing or unsupported cluster-autoscaler)	{"error": "no matches for kind \"ProvisioningRequest\" in version \"autoscaling.x-k8s.io/v1\""}
2026-06-11T09:04:28.093749686Z stderr F main.setupIndexes
2026-06-11T09:04:28.093757017Z stderr F 	/workspace/cmd/kueue/main.go:435
2026-06-11T09:04:28.093760677Z stderr F main.main
2026-06-11T09:04:28.093764277Z stderr F 	/workspace/cmd/kueue/main.go:354
2026-06-11T09:04:28.093767597Z stderr F runtime.main
2026-06-11T09:04:28.093770857Z stderr F 	/usr/local/go/src/runtime/proc.go:290
2026-06-11T09:04:28.095426838Z stderr F 2026-06-11T09:04:28.095264416Z	INFO	setup	kueue/main.go:614	Probe endpoints are configured on healthz and readyz
2026-06-11T09:04:28.09552128Z stderr F 2026-06-11T09:04:28.095407458Z	INFO	queue-manager	queue/manager.go:138	DRA reconcile channel connected
2026-06-11T09:04:28.097011669Z stderr F 2026-06-11T09:04:28.096889018Z	INFO	setup	kueue/main.go:487	Skipping provisioning controller setup: Provisioning Requests not supported (Possible cause: missing or unsupported cluster-autoscaler)
2026-06-11T09:04:28.097309883Z stderr F 2026-06-11T09:04:28.097194162Z	INFO	controller-runtime.builder	builder/webhook.go:221	Registering a mutating webhook	{"GVK": "workload.codeflare.dev/v1beta2, Kind=AppWrapper", "path": "/mutate-workload-codeflare-dev-v1beta2-appwrapper"}
2026-06-11T09:04:28.097410464Z stderr F 2026-06-11T09:04:28.097333143Z	INFO	controller-runtime.webhook	webhook/server.go:183	Registering webhook	{"path": "/mutate-workload-codeflare-dev-v1beta2-appwrapper"}
2026-06-11T09:04:28.097481015Z stderr F 2026-06-11T09:04:28.097388664Z	INFO	controller-runtime.builder	builder/webhook.go:268	Registering a validating webhook	{"GVK": "workload.codeflare.dev/v1beta2, Kind=AppWrapper", "path": "/validate-workload-codeflare-dev-v1beta2-appwrapper"}
2026-06-11T09:04:28.097589957Z stderr F 2026-06-11T09:04:28.097496295Z	INFO	controller-runtime.webhook	webhook/server.go:183	Registering webhook	{"path": "/validate-workload-codeflare-dev-v1beta2-appwrapper"}
2026-06-11T09:04:28.097684608Z stderr F 2026-06-11T09:04:28.097591117Z	LEVEL(-3)	jobframework/noop_controller.go:42	Skipped reconciler setup	{"gvk": "apps/v1, Kind=Deployment"}
2026-06-11T09:04:28.097694908Z stderr F 2026-06-11T09:04:28.097663108Z	INFO	controller-runtime.builder	builder/webhook.go:221	Registering a mutating webhook	{"GVK": "apps/v1, Kind=Deployment", "path": "/mutate-apps-v1-deployment"}
2026-06-11T09:04:28.09784303Z stderr F 2026-06-11T09:04:28.097757729Z	INFO	controller-runtime.webhook	webhook/server.go:183	Registering webhook	{"path": "/mutate-apps-v1-deployment"}
2026-06-11T09:04:28.09786833Z stderr F 2026-06-11T09:04:28.09781008Z	INFO	controller-runtime.builder	builder/webhook.go:268	Registering a validating webhook	{"GVK": "apps/v1, Kind=Deployment", "path": "/validate-apps-v1-deployment"}
2026-06-11T09:04:28.098012012Z stderr F 2026-06-11T09:04:28.097901411Z	INFO	controller-runtime.webhook	webhook/server.go:183	Registering webhook	{"path": "/validate-apps-v1-deployment"}
2026-06-11T09:04:28.098147884Z stderr F 2026-06-11T09:04:28.098050173Z	INFO	controller-runtime.builder	builder/webhook.go:221	Registering a mutating webhook	{"GVK": "batch/v1, Kind=Job", "path": "/mutate-batch-v1-job"}
2026-06-11T09:04:28.098230275Z stderr F 2026-06-11T09:04:28.098150064Z	INFO	controller-runtime.webhook	webhook/server.go:183	Registering webhook	{"path": "/mutate-batch-v1-job"}
2026-06-11T09:04:28.098288616Z stderr F 2026-06-11T09:04:28.098200615Z	INFO	controller-runtime.builder	builder/webhook.go:268	Registering a validating webhook	{"GVK": "batch/v1, Kind=Job", "path": "/validate-batch-v1-job"}
2026-06-11T09:04:28.098418028Z stderr F 2026-06-11T09:04:28.098323086Z	INFO	controller-runtime.webhook	webhook/server.go:183	Registering webhook	{"path": "/validate-batch-v1-job"}
2026-06-11T09:04:28.098532989Z stderr F 2026-06-11T09:04:28.098441798Z	INFO	controller-runtime.builder	builder/webhook.go:221	Registering a mutating webhook	{"GVK": "jobset.x-k8s.io/v1alpha2, Kind=JobSet", "path": "/mutate-jobset-x-k8s-io-v1alpha2-jobset"}
2026-06-11T09:04:28.0986213Z stderr F 2026-06-11T09:04:28.098542309Z	INFO	controller-runtime.webhook	webhook/server.go:183	Registering webhook	{"path": "/mutate-jobset-x-k8s-io-v1alpha2-jobset"}
2026-06-11T09:04:28.098655971Z stderr F 2026-06-11T09:04:28.09859287Z	INFO	controller-runtime.builder	builder/webhook.go:268	Registering a validating webhook	{"GVK": "jobset.x-k8s.io/v1alpha2, Kind=JobSet", "path": "/validate-jobset-x-k8s-io-v1alpha2-jobset"}
2026-06-11T09:04:28.098812233Z stderr F 2026-06-11T09:04:28.098697951Z	INFO	controller-runtime.webhook	webhook/server.go:183	Registering webhook	{"path": "/validate-jobset-x-k8s-io-v1alpha2-jobset"}
2026-06-11T09:04:28.100490085Z stderr F 2026-06-11T09:04:28.100335273Z	INFO	controller-runtime.builder	builder/webhook.go:221	Registering a mutating webhook	{"GVK": "kubeflow.org/v1, Kind=JAXJob", "path": "/mutate-kubeflow-org-v1-jaxjob"}
2026-06-11T09:04:28.100505415Z stderr F 2026-06-11T09:04:28.100443634Z	INFO	controller-runtime.webhook	webhook/server.go:183	Registering webhook	{"path": "/mutate-kubeflow-org-v1-jaxjob"}
2026-06-11T09:04:28.100585456Z stderr F 2026-06-11T09:04:28.100474054Z	INFO	controller-runtime.builder	builder/webhook.go:268	Registering a validating webhook	{"GVK": "kubeflow.org/v1, Kind=JAXJob", "path": "/validate-kubeflow-org-v1-jaxjob"}
2026-06-11T09:04:28.100669707Z stderr F 2026-06-11T09:04:28.100578106Z	INFO	controller-runtime.webhook	webhook/server.go:183	Registering webhook	{"path": "/validate-kubeflow-org-v1-jaxjob"}
2026-06-11T09:04:28.100742598Z stderr F 2026-06-11T09:04:28.100647747Z	INFO	setup	jobframework/setup.go:96	No matching API in the server for job framework, deferring setting up controller	{"jobFrameworkName": "kubeflow.org/jaxjob"}
2026-06-11T09:04:28.102329789Z stderr F 2026-06-11T09:04:28.102166477Z	INFO	controller-runtime.builder	builder/webhook.go:221	Registering a mutating webhook	{"GVK": "kubeflow.org/v1, Kind=PaddleJob", "path": "/mutate-kubeflow-org-v1-paddlejob"}
2026-06-11T09:04:28.102343889Z stderr F 2026-06-11T09:04:28.102252508Z	INFO	controller-runtime.webhook	webhook/server.go:183	Registering webhook	{"path": "/mutate-kubeflow-org-v1-paddlejob"}
2026-06-11T09:04:28.102354969Z stderr F 2026-06-11T09:04:28.102285308Z	INFO	controller-runtime.builder	builder/webhook.go:268	Registering a validating webhook	{"GVK": "kubeflow.org/v1, Kind=PaddleJob", "path": "/validate-kubeflow-org-v1-paddlejob"}
2026-06-11T09:04:28.10245928Z stderr F 2026-06-11T09:04:28.102360289Z	INFO	controller-runtime.webhook	webhook/server.go:183	Registering webhook	{"path": "/validate-kubeflow-org-v1-paddlejob"}
2026-06-11T09:04:28.102522241Z stderr F 2026-06-11T09:04:28.10245019Z	INFO	setup	jobframework/setup.go:96	No matching API in the server for job framework, deferring setting up controller	{"jobFrameworkName": "kubeflow.org/paddlejob"}
2026-06-11T09:04:28.106871678Z stderr F 2026-06-11T09:04:28.106693085Z	INFO	controller-runtime.builder	builder/webhook.go:221	Registering a mutating webhook	{"GVK": "kubeflow.org/v1, Kind=PyTorchJob", "path": "/mutate-kubeflow-org-v1-pytorchjob"}
2026-06-11T09:04:28.106918818Z stderr F 2026-06-11T09:04:28.106826307Z	INFO	controller-runtime.webhook	webhook/server.go:183	Registering webhook	{"path": "/mutate-kubeflow-org-v1-pytorchjob"}
2026-06-11T09:04:28.106932568Z stderr F 2026-06-11T09:04:28.106870228Z	INFO	controller-runtime.builder	builder/webhook.go:268	Registering a validating webhook	{"GVK": "kubeflow.org/v1, Kind=PyTorchJob", "path": "/validate-kubeflow-org-v1-pytorchjob"}
2026-06-11T09:04:28.107006809Z stderr F 2026-06-11T09:04:28.106940288Z	INFO	controller-runtime.webhook	webhook/server.go:183	Registering webhook	{"path": "/validate-kubeflow-org-v1-pytorchjob"}
2026-06-11T09:04:28.107122501Z stderr F 2026-06-11T09:04:28.10702804Z	INFO	setup	jobframework/setup.go:96	No matching API in the server for job framework, deferring setting up controller	{"jobFrameworkName": "kubeflow.org/pytorchjob"}
2026-06-11T09:04:28.108655961Z stderr F 2026-06-11T09:04:28.108528309Z	INFO	controller-runtime.builder	builder/webhook.go:221	Registering a mutating webhook	{"GVK": "kubeflow.org/v1, Kind=TFJob", "path": "/mutate-kubeflow-org-v1-tfjob"}
2026-06-11T09:04:28.108736232Z stderr F 2026-06-11T09:04:28.108647471Z	INFO	controller-runtime.webhook	webhook/server.go:183	Registering webhook	{"path": "/mutate-kubeflow-org-v1-tfjob"}
2026-06-11T09:04:28.108797923Z stderr F 2026-06-11T09:04:28.108705541Z	INFO	controller-runtime.builder	builder/webhook.go:268	Registering a validating webhook	{"GVK": "kubeflow.org/v1, Kind=TFJob", "path": "/validate-kubeflow-org-v1-tfjob"}
2026-06-11T09:04:28.108862613Z stderr F 2026-06-11T09:04:28.108787082Z	INFO	controller-runtime.webhook	webhook/server.go:183	Registering webhook	{"path": "/validate-kubeflow-org-v1-tfjob"}
2026-06-11T09:04:28.108932894Z stderr F 2026-06-11T09:04:28.108857773Z	INFO	setup	jobframework/setup.go:96	No matching API in the server for job framework, deferring setting up controller	{"jobFrameworkName": "kubeflow.org/tfjob"}
2026-06-11T09:04:28.112164536Z stderr F 2026-06-11T09:04:28.111986864Z	INFO	controller-runtime.builder	builder/webhook.go:221	Registering a mutating webhook	{"GVK": "kubeflow.org/v1, Kind=XGBoostJob", "path": "/mutate-kubeflow-org-v1-xgboostjob"}
2026-06-11T09:04:28.112374409Z stderr F 2026-06-11T09:04:28.112105175Z	INFO	controller-runtime.webhook	webhook/server.go:183	Registering webhook	{"path": "/mutate-kubeflow-org-v1-xgboostjob"}
2026-06-11T09:04:28.112385849Z stderr F 2026-06-11T09:04:28.112246097Z	INFO	controller-runtime.builder	builder/webhook.go:268	Registering a validating webhook	{"GVK": "kubeflow.org/v1, Kind=XGBoostJob", "path": "/validate-kubeflow-org-v1-xgboostjob"}
2026-06-11T09:04:28.11247191Z stderr F 2026-06-11T09:04:28.112352859Z	INFO	controller-runtime.webhook	webhook/server.go:183	Registering webhook	{"path": "/validate-kubeflow-org-v1-xgboostjob"}
2026-06-11T09:04:28.11248879Z stderr F 2026-06-11T09:04:28.11242508Z	INFO	setup	jobframework/setup.go:96	No matching API in the server for job framework, deferring setting up controller	{"jobFrameworkName": "kubeflow.org/xgboostjob"}
2026-06-11T09:04:28.11551882Z stderr F 2026-06-11T09:04:28.115340648Z	INFO	controller-runtime.builder	builder/webhook.go:221	Registering a mutating webhook	{"GVK": "kubeflow.org/v2beta1, Kind=MPIJob", "path": "/mutate-kubeflow-org-v2beta1-mpijob"}
2026-06-11T09:04:28.11554572Z stderr F 2026-06-11T09:04:28.115444729Z	INFO	controller-runtime.webhook	webhook/server.go:183	Registering webhook	{"path": "/mutate-kubeflow-org-v2beta1-mpijob"}
2026-06-11T09:04:28.11556296Z stderr F 2026-06-11T09:04:28.11549292Z	INFO	controller-runtime.builder	builder/webhook.go:268	Registering a validating webhook	{"GVK": "kubeflow.org/v2beta1, Kind=MPIJob", "path": "/validate-kubeflow-org-v2beta1-mpijob"}
2026-06-11T09:04:28.115682532Z stderr F 2026-06-11T09:04:28.11555914Z	INFO	controller-runtime.webhook	webhook/server.go:183	Registering webhook	{"path": "/validate-kubeflow-org-v2beta1-mpijob"}
2026-06-11T09:04:28.115722513Z stderr F 2026-06-11T09:04:28.115650052Z	INFO	setup	jobframework/setup.go:96	No matching API in the server for job framework, deferring setting up controller	{"jobFrameworkName": "kubeflow.org/mpijob"}
2026-06-11T09:04:28.117343874Z stderr F 2026-06-11T09:04:28.117218352Z	LEVEL(-3)	pod/pod_controller.go:128	Setting up Pod reconciler	{"concurrency": 5}
2026-06-11T09:04:28.117463355Z stderr F 2026-06-11T09:04:28.117351044Z	INFO	controller-runtime.builder	builder/webhook.go:221	Registering a mutating webhook	{"GVK": "/v1, Kind=Pod", "path": "/mutate--v1-pod"}
2026-06-11T09:04:28.117625937Z stderr F 2026-06-11T09:04:28.117494826Z	INFO	controller-runtime.webhook	webhook/server.go:183	Registering webhook	{"path": "/mutate--v1-pod"}
2026-06-11T09:04:28.117656028Z stderr F 2026-06-11T09:04:28.117590607Z	INFO	controller-runtime.builder	builder/webhook.go:268	Registering a validating webhook	{"GVK": "/v1, Kind=Pod", "path": "/validate--v1-pod"}
2026-06-11T09:04:28.11782382Z stderr F 2026-06-11T09:04:28.117693148Z	INFO	controller-runtime.webhook	webhook/server.go:183	Registering webhook	{"path": "/validate--v1-pod"}
2026-06-11T09:04:28.119152987Z stderr F 2026-06-11T09:04:28.119002225Z	LEVEL(-3)	leaderworkerset/leaderworkerset_reconciler.go:113	Setting up LeaderWorkerSet reconciler
2026-06-11T09:04:28.119191818Z stderr F 2026-06-11T09:04:28.119105377Z	INFO	controller-runtime.builder	builder/webhook.go:221	Registering a mutating webhook	{"GVK": "leaderworkerset.x-k8s.io/v1, Kind=LeaderWorkerSet", "path": "/mutate-leaderworkerset-x-k8s-io-v1-leaderworkerset"}
2026-06-11T09:04:28.11932913Z stderr F 2026-06-11T09:04:28.119226868Z	INFO	controller-runtime.webhook	webhook/server.go:183	Registering webhook	{"path": "/mutate-leaderworkerset-x-k8s-io-v1-leaderworkerset"}
2026-06-11T09:04:28.11934813Z stderr F 2026-06-11T09:04:28.119297659Z	INFO	controller-runtime.builder	builder/webhook.go:268	Registering a validating webhook	{"GVK": "leaderworkerset.x-k8s.io/v1, Kind=LeaderWorkerSet", "path": "/validate-leaderworkerset-x-k8s-io-v1-leaderworkerset"}
2026-06-11T09:04:28.119528712Z stderr F 2026-06-11T09:04:28.119399141Z	INFO	controller-runtime.webhook	webhook/server.go:183	Registering webhook	{"path": "/validate-leaderworkerset-x-k8s-io-v1-leaderworkerset"}
2026-06-11T09:04:28.121241225Z stderr F 2026-06-11T09:04:28.121110633Z	INFO	controller-runtime.builder	builder/webhook.go:221	Registering a mutating webhook	{"GVK": "ray.io/v1, Kind=RayCluster", "path": "/mutate-ray-io-v1-raycluster"}
2026-06-11T09:04:28.121324396Z stderr F 2026-06-11T09:04:28.121228675Z	INFO	controller-runtime.webhook	webhook/server.go:183	Registering webhook	{"path": "/mutate-ray-io-v1-raycluster"}
2026-06-11T09:04:28.121333156Z stderr F 2026-06-11T09:04:28.121275985Z	INFO	controller-runtime.builder	builder/webhook.go:268	Registering a validating webhook	{"GVK": "ray.io/v1, Kind=RayCluster", "path": "/validate-ray-io-v1-raycluster"}
2026-06-11T09:04:28.121456067Z stderr F 2026-06-11T09:04:28.121344466Z	INFO	controller-runtime.webhook	webhook/server.go:183	Registering webhook	{"path": "/validate-ray-io-v1-raycluster"}
2026-06-11T09:04:28.121469558Z stderr F 2026-06-11T09:04:28.121424257Z	INFO	setup	jobframework/setup.go:96	No matching API in the server for job framework, deferring setting up controller	{"jobFrameworkName": "ray.io/raycluster"}
2026-06-11T09:04:28.123224661Z stderr F 2026-06-11T09:04:28.123076949Z	INFO	controller-runtime.builder	builder/webhook.go:221	Registering a mutating webhook	{"GVK": "ray.io/v1, Kind=RayJob", "path": "/mutate-ray-io-v1-rayjob"}
2026-06-11T09:04:28.123237521Z stderr F 2026-06-11T09:04:28.12315932Z	INFO	controller-runtime.webhook	webhook/server.go:183	Registering webhook	{"path": "/mutate-ray-io-v1-rayjob"}
2026-06-11T09:04:28.123405183Z stderr F 2026-06-11T09:04:28.123241071Z	INFO	controller-runtime.builder	builder/webhook.go:268	Registering a validating webhook	{"GVK": "ray.io/v1, Kind=RayJob", "path": "/validate-ray-io-v1-rayjob"}
2026-06-11T09:04:28.123574025Z stderr F 2026-06-11T09:04:28.123434813Z	INFO	controller-runtime.webhook	webhook/server.go:183	Registering webhook	{"path": "/validate-ray-io-v1-rayjob"}
2026-06-11T09:04:28.123583035Z stderr F 2026-06-11T09:04:28.123511704Z	INFO	setup	jobframework/setup.go:96	No matching API in the server for job framework, deferring setting up controller	{"jobFrameworkName": "ray.io/rayjob"}
2026-06-11T09:04:28.127119052Z stderr F 2026-06-11T09:04:28.126910409Z	INFO	controller-runtime.builder	builder/webhook.go:221	Registering a mutating webhook	{"GVK": "ray.io/v1, Kind=RayService", "path": "/mutate-ray-io-v1-rayservice"}
2026-06-11T09:04:28.127138702Z stderr F 2026-06-11T09:04:28.127044521Z	INFO	controller-runtime.webhook	webhook/server.go:183	Registering webhook	{"path": "/mutate-ray-io-v1-rayservice"}
2026-06-11T09:04:28.127301564Z stderr F 2026-06-11T09:04:28.127116372Z	INFO	controller-runtime.builder	builder/webhook.go:268	Registering a validating webhook	{"GVK": "ray.io/v1, Kind=RayService", "path": "/validate-ray-io-v1-rayservice"}
2026-06-11T09:04:28.127312184Z stderr F 2026-06-11T09:04:28.127228563Z	INFO	controller-runtime.webhook	webhook/server.go:183	Registering webhook	{"path": "/validate-ray-io-v1-rayservice"}
2026-06-11T09:04:28.127471736Z stderr F 2026-06-11T09:04:28.127301154Z	INFO	setup	jobframework/setup.go:96	No matching API in the server for job framework, deferring setting up controller	{"jobFrameworkName": "ray.io/rayservice"}
2026-06-11T09:04:28.127494456Z stderr F 2026-06-11T09:04:28.127380945Z	INFO	controller-runtime.builder	builder/webhook.go:221	Registering a mutating webhook	{"GVK": "sparkoperator.k8s.io/v1beta2, Kind=SparkApplication", "path": "/mutate-sparkoperator-k8s-io-v1beta2-sparkapplication"}
2026-06-11T09:04:28.127659549Z stderr F 2026-06-11T09:04:28.127477566Z	INFO	controller-runtime.webhook	webhook/server.go:183	Registering webhook	{"path": "/mutate-sparkoperator-k8s-io-v1beta2-sparkapplication"}
2026-06-11T09:04:28.127670819Z stderr F 2026-06-11T09:04:28.127530797Z	INFO	controller-runtime.builder	builder/webhook.go:268	Registering a validating webhook	{"GVK": "sparkoperator.k8s.io/v1beta2, Kind=SparkApplication", "path": "/validate-sparkoperator-k8s-io-v1beta2-sparkapplication"}
2026-06-11T09:04:28.127805461Z stderr F 2026-06-11T09:04:28.127664409Z	INFO	controller-runtime.webhook	webhook/server.go:183	Registering webhook	{"path": "/validate-sparkoperator-k8s-io-v1beta2-sparkapplication"}
2026-06-11T09:04:28.129006566Z stderr F 2026-06-11T09:04:28.128812354Z	LEVEL(-3)	statefulset/statefulset_reconciler.go:321	Setting up StatefulSet reconciler
2026-06-11T09:04:28.129020116Z stderr F 2026-06-11T09:04:28.128901175Z	LEVEL(-3)	statefulset/statefulset_pod_reconciler.go:68	Setting up Pod reconciler for StatefulSet
2026-06-11T09:04:28.12926442Z stderr F 2026-06-11T09:04:28.128971526Z	INFO	controller-runtime.builder	builder/webhook.go:221	Registering a mutating webhook	{"GVK": "apps/v1, Kind=StatefulSet", "path": "/mutate-apps-v1-statefulset"}
2026-06-11T09:04:28.12927532Z stderr F 2026-06-11T09:04:28.129083597Z	INFO	controller-runtime.webhook	webhook/server.go:183	Registering webhook	{"path": "/mutate-apps-v1-statefulset"}
2026-06-11T09:04:28.12927907Z stderr F 2026-06-11T09:04:28.129154318Z	INFO	controller-runtime.builder	builder/webhook.go:268	Registering a validating webhook	{"GVK": "apps/v1, Kind=StatefulSet", "path": "/validate-apps-v1-statefulset"}
2026-06-11T09:04:28.129394631Z stderr F 2026-06-11T09:04:28.12925848Z	INFO	controller-runtime.webhook	webhook/server.go:183	Registering webhook	{"path": "/validate-apps-v1-statefulset"}
2026-06-11T09:04:28.133993041Z stderr F 2026-06-11T09:04:28.133787079Z	INFO	controller-runtime.builder	builder/webhook.go:221	Registering a mutating webhook	{"GVK": "trainer.kubeflow.org/v1alpha1, Kind=TrainJob", "path": "/mutate-trainer-kubeflow-org-v1alpha1-trainjob"}
2026-06-11T09:04:28.134219454Z stderr F 2026-06-11T09:04:28.134066112Z	INFO	controller-runtime.webhook	webhook/server.go:183	Registering webhook	{"path": "/mutate-trainer-kubeflow-org-v1alpha1-trainjob"}
2026-06-11T09:04:28.134227584Z stderr F 2026-06-11T09:04:28.134153403Z	INFO	controller-runtime.builder	builder/webhook.go:268	Registering a validating webhook	{"GVK": "trainer.kubeflow.org/v1alpha1, Kind=TrainJob", "path": "/validate-trainer-kubeflow-org-v1alpha1-trainjob"}
2026-06-11T09:04:28.134359706Z stderr F 2026-06-11T09:04:28.134272725Z	INFO	controller-runtime.webhook	webhook/server.go:183	Registering webhook	{"path": "/validate-trainer-kubeflow-org-v1alpha1-trainjob"}
2026-06-11T09:04:28.134578169Z stderr F 2026-06-11T09:04:28.134463797Z	INFO	setup	jobframework/setup.go:96	No matching API in the server for job framework, deferring setting up controller	{"jobFrameworkName": "trainer.kubeflow.org/trainjob"}
2026-06-11T09:04:28.13463974Z stderr F 2026-06-11T09:04:28.134548849Z	INFO	controller-runtime.builder	builder/webhook.go:221	Registering a mutating webhook	{"GVK": "kueue.x-k8s.io/v1beta2, Kind=Workload", "path": "/mutate-kueue-x-k8s-io-v1beta2-workload"}
2026-06-11T09:04:28.135133206Z stderr F 2026-06-11T09:04:28.135006564Z	INFO	controller-runtime.webhook	webhook/server.go:183	Registering webhook	{"path": "/mutate-kueue-x-k8s-io-v1beta2-workload"}
2026-06-11T09:04:28.135162396Z stderr F 2026-06-11T09:04:28.135089296Z	INFO	controller-runtime.builder	builder/webhook.go:268	Registering a validating webhook	{"GVK": "kueue.x-k8s.io/v1beta2, Kind=Workload", "path": "/validate-kueue-x-k8s-io-v1beta2-workload"}
2026-06-11T09:04:28.135340889Z stderr F 2026-06-11T09:04:28.135216527Z	INFO	controller-runtime.webhook	webhook/server.go:183	Registering webhook	{"path": "/validate-kueue-x-k8s-io-v1beta2-workload"}
2026-06-11T09:04:28.135656793Z stderr F 2026-06-11T09:04:28.135510121Z	INFO	controller-runtime.webhook	webhook/server.go:183	Registering webhook	{"path": "/convert"}
2026-06-11T09:04:28.135663983Z stderr F 2026-06-11T09:04:28.135545811Z	INFO	controller-runtime.builder	builder/webhook.go:319	Conversion webhook enabled	{"GVK": "kueue.x-k8s.io/v1beta2, Kind=Workload"}
2026-06-11T09:04:28.135839915Z stderr F 2026-06-11T09:04:28.135635343Z	INFO	controller-runtime.builder	builder/webhook.go:221	Registering a mutating webhook	{"GVK": "kueue.x-k8s.io/v1beta2, Kind=ResourceFlavor", "path": "/mutate-kueue-x-k8s-io-v1beta2-resourceflavor"}
2026-06-11T09:04:28.13618774Z stderr F 2026-06-11T09:04:28.136080858Z	INFO	controller-runtime.webhook	webhook/server.go:183	Registering webhook	{"path": "/mutate-kueue-x-k8s-io-v1beta2-resourceflavor"}
2026-06-11T09:04:28.136278041Z stderr F 2026-06-11T09:04:28.13618146Z	INFO	controller-runtime.builder	builder/webhook.go:268	Registering a validating webhook	{"GVK": "kueue.x-k8s.io/v1beta2, Kind=ResourceFlavor", "path": "/validate-kueue-x-k8s-io-v1beta2-resourceflavor"}
2026-06-11T09:04:28.136355292Z stderr F 2026-06-11T09:04:28.136284801Z	INFO	controller-runtime.webhook	webhook/server.go:183	Registering webhook	{"path": "/validate-kueue-x-k8s-io-v1beta2-resourceflavor"}
2026-06-11T09:04:28.136586055Z stderr F 2026-06-11T09:04:28.136476753Z	INFO	controller-runtime.builder	builder/webhook.go:221	Registering a mutating webhook	{"GVK": "kueue.x-k8s.io/v1beta2, Kind=ClusterQueue", "path": "/mutate-kueue-x-k8s-io-v1beta2-clusterqueue"}
2026-06-11T09:04:28.136654406Z stderr F 2026-06-11T09:04:28.136580245Z	INFO	controller-runtime.webhook	webhook/server.go:183	Registering webhook	{"path": "/mutate-kueue-x-k8s-io-v1beta2-clusterqueue"}
2026-06-11T09:04:28.136763277Z stderr F 2026-06-11T09:04:28.136654966Z	INFO	controller-runtime.builder	builder/webhook.go:268	Registering a validating webhook	{"GVK": "kueue.x-k8s.io/v1beta2, Kind=ClusterQueue", "path": "/validate-kueue-x-k8s-io-v1beta2-clusterqueue"}
2026-06-11T09:04:28.136829468Z stderr F 2026-06-11T09:04:28.136757557Z	INFO	controller-runtime.webhook	webhook/server.go:183	Registering webhook	{"path": "/validate-kueue-x-k8s-io-v1beta2-clusterqueue"}
2026-06-11T09:04:28.137021871Z stderr F 2026-06-11T09:04:28.136902279Z	INFO	controller-runtime.builder	builder/webhook.go:319	Conversion webhook enabled	{"GVK": "kueue.x-k8s.io/v1beta2, Kind=ClusterQueue"}
2026-06-11T09:04:28.137035161Z stderr F 2026-06-11T09:04:28.13698109Z	INFO	controller-runtime.builder	builder/webhook.go:268	Registering a validating webhook	{"GVK": "kueue.x-k8s.io/v1beta2, Kind=Cohort", "path": "/validate-kueue-x-k8s-io-v1beta2-cohort"}
2026-06-11T09:04:28.137893062Z stderr F 2026-06-11T09:04:28.1377833Z	INFO	controller-runtime.webhook	webhook/server.go:183	Registering webhook	{"path": "/validate-kueue-x-k8s-io-v1beta2-cohort"}
2026-06-11T09:04:28.137906522Z stderr F 2026-06-11T09:04:28.137848331Z	INFO	controller-runtime.builder	builder/webhook.go:319	Conversion webhook enabled	{"GVK": "kueue.x-k8s.io/v1beta2, Kind=Cohort"}
2026-06-11T09:04:28.138024644Z stderr F 2026-06-11T09:04:28.137906102Z	INFO	controller-runtime.builder	builder/webhook.go:319	Conversion webhook enabled	{"GVK": "kueue.x-k8s.io/v1beta2, Kind=LocalQueue"}
2026-06-11T09:04:28.138031274Z stderr F 2026-06-11T09:04:28.137954373Z	INFO	setup	kueue/main.go:420	Starting manager
2026-06-11T09:04:28.138146185Z stderr F 2026-06-11T09:04:28.138023954Z	INFO	controller-runtime.metrics	server/server.go:208	Starting metrics server
2026-06-11T09:04:28.158217996Z stderr F 2026-06-11T09:04:28.158038534Z	INFO	manager/server.go:83	starting server	{"name": "health probe", "addr": "[::]:8081"}
2026-06-11T09:04:28.158256667Z stderr F 2026-06-11T09:04:28.158141435Z	INFO	controller-runtime.webhook	webhook/server.go:191	Starting webhook server
2026-06-11T09:04:28.158703083Z stderr F 2026-06-11T09:04:28.158593191Z	INFO	controller-runtime.certwatcher	certwatcher/certwatcher.go:214	Updated current TLS certificate	{"cert": "/tmp/k8s-webhook-server/serving-certs/tls.crt", "key": "/tmp/k8s-webhook-server/serving-certs/tls.key"}
2026-06-11T09:04:28.158828604Z stderr F 2026-06-11T09:04:28.158715723Z	INFO	controller-runtime.webhook	webhook/server.go:242	Serving webhook server	{"host": "", "port": 9443}
2026-06-11T09:04:28.158960326Z stderr F 2026-06-11T09:04:28.158847914Z	LEVEL(-3)	controller-runtime.cache	cache/reflector.go:425	Starting reflector	{"type": "*v1beta2.ClusterQueue", "resyncPeriod": "9h1m9.900233425s", "reflector": "sigs.k8s.io/controller-runtime/pkg/cache/internal/informers.go:128"}
2026-06-11T09:04:28.158968326Z stderr F 2026-06-11T09:04:28.158886485Z	LEVEL(-3)	controller-runtime.cache	cache/reflector.go:472	Listing and watching	{"type": "*v1beta2.ClusterQueue", "reflector": "sigs.k8s.io/controller-runtime/pkg/cache/internal/informers.go:128"}
2026-06-11T09:04:28.159375561Z stderr F 2026-06-11T09:04:28.159203979Z	INFO	controller-runtime.certwatcher	certwatcher/certwatcher.go:136	Starting certificate poll+watcher	{"cert": "/tmp/k8s-webhook-server/serving-certs/tls.crt", "key": "/tmp/k8s-webhook-server/serving-certs/tls.key", "interval": "10s"}
2026-06-11T09:04:28.159467392Z stderr F 2026-06-11T09:04:28.159335931Z	LEVEL(-3)	controller-runtime.cache	cache/reflector.go:425	Starting reflector	{"type": "*v1.Job", "resyncPeriod": "9h13m41.948424165s", "reflector": "sigs.k8s.io/controller-runtime/pkg/cache/internal/informers.go:128"}
2026-06-11T09:04:28.159476053Z stderr F 2026-06-11T09:04:28.159399842Z	LEVEL(-3)	controller-runtime.cache	cache/reflector.go:472	Listing and watching	{"type": "*v1.Job", "reflector": "sigs.k8s.io/controller-runtime/pkg/cache/internal/informers.go:128"}
2026-06-11T09:04:28.159851607Z stderr F 2026-06-11T09:04:28.159653615Z	LEVEL(-3)	controller-runtime.cache	cache/reflector.go:425	Starting reflector	{"type": "*v1beta2.Workload", "resyncPeriod": "9h26m35.660767063s", "reflector": "sigs.k8s.io/controller-runtime/pkg/cache/internal/informers.go:128"}
2026-06-11T09:04:28.159860288Z stderr F 2026-06-11T09:04:28.159711316Z	LEVEL(-3)	controller-runtime.cache	cache/reflector.go:472	Listing and watching	{"type": "*v1beta2.Workload", "reflector": "sigs.k8s.io/controller-runtime/pkg/cache/internal/informers.go:128"}
2026-06-11T09:04:28.160118671Z stderr F 2026-06-11T09:04:28.159945949Z	LEVEL(-3)	controller-runtime.cache	cache/reflector.go:425	Starting reflector	{"type": "*v1beta2.LocalQueue", "resyncPeriod": "9h17m24.32075972s", "reflector": "sigs.k8s.io/controller-runtime/pkg/cache/internal/informers.go:128"}
2026-06-11T09:04:28.160128591Z stderr F 2026-06-11T09:04:28.159996279Z	LEVEL(-3)	controller-runtime.cache	cache/reflector.go:472	Listing and watching	{"type": "*v1beta2.LocalQueue", "reflector": "sigs.k8s.io/controller-runtime/pkg/cache/internal/informers.go:128"}
2026-06-11T09:04:28.160511706Z stderr F 2026-06-11T09:04:28.160315653Z	LEVEL(-3)	controller-runtime.cache	cache/reflector.go:425	Starting reflector	{"type": "*v1.LimitRange", "resyncPeriod": "10h37m22.282275614s", "reflector": "sigs.k8s.io/controller-runtime/pkg/cache/internal/informers.go:128"}
2026-06-11T09:04:28.160523846Z stderr F 2026-06-11T09:04:28.160382504Z	LEVEL(-3)	controller-runtime.cache	cache/reflector.go:472	Listing and watching	{"type": "*v1.LimitRange", "reflector": "sigs.k8s.io/controller-runtime/pkg/cache/internal/informers.go:128"}
2026-06-11T09:04:28.160929151Z stderr F 2026-06-11T09:04:28.160712769Z	LEVEL(-3)	controller-runtime.cache	cache/reflector.go:425	Starting reflector	{"type": "*v1.Pod", "resyncPeriod": "10h37m7.046353128s", "reflector": "sigs.k8s.io/controller-runtime/pkg/cache/internal/informers.go:128"}
2026-06-11T09:04:28.160964642Z stderr F 2026-06-11T09:04:28.160771509Z	LEVEL(-3)	controller-runtime.cache	cache/reflector.go:472	Listing and watching	{"type": "*v1.Pod", "reflector": "sigs.k8s.io/controller-runtime/pkg/cache/internal/informers.go:128"}
2026-06-11T09:04:28.161231305Z stderr F 2026-06-11T09:04:28.161051513Z	LEVEL(-3)	controller-runtime.cache	cache/reflector.go:425	Starting reflector	{"type": "*v1beta2.ResourceFlavor", "resyncPeriod": "10h30m38.328497448s", "reflector": "sigs.k8s.io/controller-runtime/pkg/cache/internal/informers.go:128"}
2026-06-11T09:04:28.161287276Z stderr F 2026-06-11T09:04:28.161110004Z	LEVEL(-3)	controller-runtime.cache	cache/reflector.go:472	Listing and watching	{"type": "*v1beta2.ResourceFlavor", "reflector": "sigs.k8s.io/controller-runtime/pkg/cache/internal/informers.go:128"}
2026-06-11T09:04:28.161657001Z stderr F 2026-06-11T09:04:28.161389857Z	LEVEL(-3)	controller-runtime.cache	cache/reflector.go:425	Starting reflector	{"type": "*v1beta2.MultiKueueCluster", "resyncPeriod": "10h11m58.289589781s", "reflector": "sigs.k8s.io/controller-runtime/pkg/cache/internal/informers.go:128"}
2026-06-11T09:04:28.161668631Z stderr F 2026-06-11T09:04:28.161455238Z	LEVEL(-3)	controller-runtime.cache	cache/reflector.go:472	Listing and watching	{"type": "*v1beta2.MultiKueueCluster", "reflector": "sigs.k8s.io/controller-runtime/pkg/cache/internal/informers.go:128"}
2026-06-11T09:04:28.162132427Z stderr F 2026-06-11T09:04:28.161727722Z	LEVEL(-3)	controller-runtime.cache	cache/reflector.go:425	Starting reflector	{"type": "*v1beta2.MultiKueueConfig", "resyncPeriod": "10h38m35.109214959s", "reflector": "sigs.k8s.io/controller-runtime/pkg/cache/internal/informers.go:128"}
2026-06-11T09:04:28.162154097Z stderr F 2026-06-11T09:04:28.161794983Z	LEVEL(-3)	controller-runtime.cache	cache/reflector.go:472	Listing and watching	{"type": "*v1beta2.MultiKueueConfig", "reflector": "sigs.k8s.io/controller-runtime/pkg/cache/internal/informers.go:128"}
2026-06-11T09:04:28.162168227Z stderr F 2026-06-11T09:04:28.162061406Z	LEVEL(-3)	controller-runtime.cache	cache/reflector.go:425	Starting reflector	{"type": "*v1beta2.AdmissionCheck", "resyncPeriod": "10h28m44.758654715s", "reflector": "sigs.k8s.io/controller-runtime/pkg/cache/internal/informers.go:128"}
2026-06-11T09:04:28.162173147Z stderr F 2026-06-11T09:04:28.162116857Z	LEVEL(-3)	controller-runtime.cache	cache/reflector.go:472	Listing and watching	{"type": "*v1beta2.AdmissionCheck", "reflector": "sigs.k8s.io/controller-runtime/pkg/cache/internal/informers.go:128"}
2026-06-11T09:04:28.189643345Z stderr F 2026-06-11T09:04:28.189446113Z	LEVEL(-2)	controller-runtime.cache	cache/reflector.go:507	Caches populated	{"type": "*v1beta2.AdmissionCheck", "reflector": "sigs.k8s.io/controller-runtime/pkg/cache/internal/informers.go:128"}
2026-06-11T09:04:28.189705886Z stderr F 2026-06-11T09:04:28.189627095Z	LEVEL(-2)	controller-runtime.cache	cache/reflector.go:507	Caches populated	{"type": "*v1.Job", "reflector": "sigs.k8s.io/controller-runtime/pkg/cache/internal/informers.go:128"}
2026-06-11T09:04:28.190160092Z stderr F 2026-06-11T09:04:28.190049451Z	LEVEL(-2)	controller-runtime.cache	cache/reflector.go:507	Caches populated	{"type": "*v1beta2.ClusterQueue", "reflector": "sigs.k8s.io/controller-runtime/pkg/cache/internal/informers.go:128"}
2026-06-11T09:04:28.192058537Z stderr F 2026-06-11T09:04:28.191938505Z	LEVEL(-2)	controller-runtime.cache	cache/reflector.go:507	Caches populated	{"type": "*v1beta2.Workload", "reflector": "sigs.k8s.io/controller-runtime/pkg/cache/internal/informers.go:128"}
2026-06-11T09:04:28.192253899Z stderr F 2026-06-11T09:04:28.192150928Z	LEVEL(-2)	controller-runtime.cache	cache/reflector.go:507	Caches populated	{"type": "*v1beta2.LocalQueue", "reflector": "sigs.k8s.io/controller-runtime/pkg/cache/internal/informers.go:128"}
2026-06-11T09:04:28.19231213Z stderr F 2026-06-11T09:04:28.192245359Z	LEVEL(-2)	controller-runtime.cache	cache/reflector.go:507	Caches populated	{"type": "*v1.LimitRange", "reflector": "sigs.k8s.io/controller-runtime/pkg/cache/internal/informers.go:128"}
2026-06-11T09:04:28.194801853Z stderr F 2026-06-11T09:04:28.194651701Z	LEVEL(-2)	controller-runtime.cache	cache/reflector.go:507	Caches populated	{"type": "*v1.Pod", "reflector": "sigs.k8s.io/controller-runtime/pkg/cache/internal/informers.go:128"}
2026-06-11T09:04:28.194968095Z stderr F 2026-06-11T09:04:28.194867343Z	LEVEL(-2)	controller-runtime.cache	cache/reflector.go:507	Caches populated	{"type": "*v1beta2.ResourceFlavor", "reflector": "sigs.k8s.io/controller-runtime/pkg/cache/internal/informers.go:128"}
2026-06-11T09:04:28.195179267Z stderr F 2026-06-11T09:04:28.195076876Z	LEVEL(-2)	controller-runtime.cache	cache/reflector.go:507	Caches populated	{"type": "*v1beta2.MultiKueueCluster", "reflector": "sigs.k8s.io/controller-runtime/pkg/cache/internal/informers.go:128"}
2026-06-11T09:04:28.195341639Z stderr F 2026-06-11T09:04:28.195242518Z	LEVEL(-2)	controller-runtime.cache	cache/reflector.go:507	Caches populated	{"type": "*v1beta2.MultiKueueConfig", "reflector": "sigs.k8s.io/controller-runtime/pkg/cache/internal/informers.go:128"}
2026-06-11T09:04:28.2753005Z stderr F 2026-06-11T09:04:28.275119478Z	INFO	admissioncheck-reconciler	controller/controller.go:369	Starting EventSource	{"replica-role": "follower", "source": "channel source: 0x116c11f6ce00"}
2026-06-11T09:04:28.295538583Z stderr F 2026-06-11T09:04:28.295394182Z	LEVEL(-3)	controller-runtime.cache	cache/reflector.go:425	Starting reflector	{"type": "apiextensions.k8s.io/v1, Kind=CustomResourceDefinition", "resyncPeriod": "9h11m50.661593222s", "reflector": "sigs.k8s.io/controller-runtime/pkg/cache/internal/informers.go:128"}
2026-06-11T09:04:28.295553024Z stderr F 2026-06-11T09:04:28.295442522Z	LEVEL(-3)	controller-runtime.cache	cache/reflector.go:472	Listing and watching	{"type": "apiextensions.k8s.io/v1, Kind=CustomResourceDefinition", "reflector": "sigs.k8s.io/controller-runtime/pkg/cache/internal/informers.go:128"}
2026-06-11T09:04:28.29605336Z stderr F 2026-06-11T09:04:28.295893948Z	INFO	resourceflavor-reconciler	controller/controller.go:369	Starting EventSource	{"replica-role": "follower", "source": "channel source: 0x116c11f6cd20"}
2026-06-11T09:04:28.296122621Z stderr F 2026-06-11T09:04:28.29602644Z	INFO	localqueue-reconciler	controller/controller.go:369	Starting EventSource	{"replica-role": "follower", "source": "channel source: 0x116c11f6cf50"}
2026-06-11T09:04:28.296190312Z stderr F 2026-06-11T09:04:28.296090331Z	INFO	admissioncheck-reconciler	controller/controller.go:369	Starting EventSource	{"replica-role": "follower", "source": "kind source: *v1beta2.AdmissionCheck"}
2026-06-11T09:04:28.296380824Z stderr F 2026-06-11T09:04:28.296261813Z	LEVEL(-3)	controller-runtime.cache	cache/reflector.go:425	Starting reflector	{"type": "*v1.Secret", "resyncPeriod": "9h30m49.582171529s", "reflector": "sigs.k8s.io/controller-runtime/pkg/cache/internal/informers.go:128"}
2026-06-11T09:04:28.296388415Z stderr F 2026-06-11T09:04:28.296300243Z	LEVEL(-3)	controller-runtime.cache	cache/reflector.go:472	Listing and watching	{"type": "*v1.Secret", "reflector": "sigs.k8s.io/controller-runtime/pkg/cache/internal/informers.go:128"}
2026-06-11T09:04:28.296691759Z stderr F 2026-06-11T09:04:28.296530756Z	LEVEL(-3)	controller-runtime.cache	cache/reflector.go:425	Starting reflector	{"type": "admissionregistration.k8s.io/v1, Kind=ValidatingWebhookConfiguration", "resyncPeriod": "10h51m24.656111322s", "reflector": "sigs.k8s.io/controller-runtime/pkg/cache/internal/informers.go:128"}
2026-06-11T09:04:28.296701709Z stderr F 2026-06-11T09:04:28.296568787Z	LEVEL(-3)	controller-runtime.cache	cache/reflector.go:472	Listing and watching	{"type": "admissionregistration.k8s.io/v1, Kind=ValidatingWebhookConfiguration", "reflector": "sigs.k8s.io/controller-runtime/pkg/cache/internal/informers.go:128"}
2026-06-11T09:04:28.296988422Z stderr F 2026-06-11T09:04:28.29680355Z	LEVEL(-3)	controller-runtime.cache	cache/reflector.go:425	Starting reflector	{"type": "admissionregistration.k8s.io/v1, Kind=MutatingWebhookConfiguration", "resyncPeriod": "9h28m42.336825183s", "reflector": "sigs.k8s.io/controller-runtime/pkg/cache/internal/informers.go:128"}
2026-06-11T09:04:28.296998863Z stderr F 2026-06-11T09:04:28.296851351Z	LEVEL(-3)	controller-runtime.cache	cache/reflector.go:472	Listing and watching	{"type": "admissionregistration.k8s.io/v1, Kind=MutatingWebhookConfiguration", "reflector": "sigs.k8s.io/controller-runtime/pkg/cache/internal/informers.go:128"}
2026-06-11T09:04:28.297412748Z stderr F 2026-06-11T09:04:28.297264056Z	INFO	resourceflavor-reconciler	controller/controller.go:369	Starting EventSource	{"replica-role": "follower", "source": "kind source: *v1beta2.ResourceFlavor"}
2026-06-11T09:04:28.297652351Z stderr F 2026-06-11T09:04:28.297512139Z	INFO	workloadpriorityclass-reconciler	controller/controller.go:369	Starting EventSource	{"replica-role": "follower", "source": "kind source: *v1beta2.WorkloadPriorityClass"}
2026-06-11T09:04:28.297925725Z stderr F 2026-06-11T09:04:28.297756022Z	INFO	clusterqueue-reconciler	controller/controller.go:369	Starting EventSource	{"replica-role": "follower", "source": "channel source: 0x116c11f6d110"}
2026-06-11T09:04:28.297936365Z stderr F 2026-06-11T09:04:28.297819043Z	INFO	localqueue-reconciler	controller/controller.go:369	Starting EventSource	{"replica-role": "follower", "source": "kind source: *v1beta2.ClusterQueue"}
2026-06-11T09:04:28.297948015Z stderr F 2026-06-11T09:04:28.297881294Z	INFO	localqueue-reconciler	controller/controller.go:369	Starting EventSource	{"replica-role": "follower", "source": "kind source: *v1beta2.LocalQueue"}
2026-06-11T09:04:28.315686897Z stderr F 2026-06-11T09:04:28.315459014Z	LEVEL(-3)	controller-runtime.cache	cache/reflector.go:425	Starting reflector	{"type": "*v1beta2.WorkloadPriorityClass", "resyncPeriod": "10h57m53.365782598s", "reflector": "sigs.k8s.io/controller-runtime/pkg/cache/internal/informers.go:128"}
2026-06-11T09:04:28.315719167Z stderr F 2026-06-11T09:04:28.315520935Z	LEVEL(-3)	controller-runtime.cache	cache/reflector.go:472	Listing and watching	{"type": "*v1beta2.WorkloadPriorityClass", "reflector": "sigs.k8s.io/controller-runtime/pkg/cache/internal/informers.go:128"}
2026-06-11T09:04:28.321570473Z stderr F 2026-06-11T09:04:28.32136289Z	LEVEL(-2)	controller-runtime.cache	cache/reflector.go:507	Caches populated	{"type": "admissionregistration.k8s.io/v1, Kind=MutatingWebhookConfiguration", "reflector": "sigs.k8s.io/controller-runtime/pkg/cache/internal/informers.go:128"}
2026-06-11T09:04:28.321725655Z stderr F 2026-06-11T09:04:28.321560983Z	INFO	cohort-reconciler	controller/controller.go:369	Starting EventSource	{"replica-role": "follower", "source": "channel source: 0x116c11f6d030"}
2026-06-11T09:04:28.321849226Z stderr F 2026-06-11T09:04:28.321718405Z	INFO	tas-topology-controller	controller/controller.go:369	Starting EventSource	{"replica-role": "follower", "source": "kind source: *v1beta2.Topology"}
2026-06-11T09:04:28.322013999Z stderr F 2026-06-11T09:04:28.321899057Z	INFO	clusterqueue-reconciler	controller/controller.go:369	Starting EventSource	{"replica-role": "follower", "source": "kind source: *v1.Namespace"}
2026-06-11T09:04:28.322080989Z stderr F 2026-06-11T09:04:28.322011239Z	INFO	clusterqueue-reconciler	controller/controller.go:369	Starting EventSource	{"replica-role": "follower", "source": "kind source: *v1beta2.ClusterQueue"}
2026-06-11T09:04:28.336406806Z stderr F 2026-06-11T09:04:28.336194073Z	INFO	cohort-reconciler	controller/controller.go:369	Starting EventSource	{"replica-role": "follower", "source": "kind source: *v1beta2.Cohort"}
2026-06-11T09:04:28.33668359Z stderr F 2026-06-11T09:04:28.336558378Z	INFO	workload-reconciler	controller/controller.go:369	Starting EventSource	{"replica-role": "follower", "source": "channel source: 0x116c11f6d1f0"}
2026-06-11T09:04:28.336873312Z stderr F 2026-06-11T09:04:28.336757291Z	INFO	tas-topology-ungater	controller/controller.go:369	Starting EventSource	{"replica-role": "follower", "source": "kind source: *v1beta2.Workload"}
2026-06-11T09:04:28.336970564Z stderr F 2026-06-11T09:04:28.336877352Z	INFO	tas-topology-controller	controller/controller.go:369	Starting EventSource	{"replica-role": "follower", "source": "kind source: *v1beta2.ResourceFlavor"}
2026-06-11T09:04:28.337159066Z stderr F 2026-06-11T09:04:28.337035894Z	LEVEL(-3)	controller-runtime.cache	cache/reflector.go:425	Starting reflector	{"type": "*v1beta2.Topology", "resyncPeriod": "10h10m15.672037925s", "reflector": "sigs.k8s.io/controller-runtime/pkg/cache/internal/informers.go:128"}
2026-06-11T09:04:28.337180186Z stderr F 2026-06-11T09:04:28.337080685Z	LEVEL(-3)	controller-runtime.cache	cache/reflector.go:472	Listing and watching	{"type": "*v1beta2.Topology", "reflector": "sigs.k8s.io/controller-runtime/pkg/cache/internal/informers.go:128"}
2026-06-11T09:04:28.338145279Z stderr F 2026-06-11T09:04:28.338002907Z	LEVEL(-3)	controller-runtime.cache	cache/reflector.go:425	Starting reflector	{"type": "*v1.Namespace", "resyncPeriod": "9h23m6.045360978s", "reflector": "sigs.k8s.io/controller-runtime/pkg/cache/internal/informers.go:128"}
2026-06-11T09:04:28.338155219Z stderr F 2026-06-11T09:04:28.338054068Z	LEVEL(-3)	controller-runtime.cache	cache/reflector.go:472	Listing and watching	{"type": "*v1.Namespace", "reflector": "sigs.k8s.io/controller-runtime/pkg/cache/internal/informers.go:128"}
2026-06-11T09:04:28.338472473Z stderr F 2026-06-11T09:04:28.338333741Z	LEVEL(-3)	controller-runtime.cache	cache/reflector.go:425	Starting reflector	{"type": "*v1beta2.Cohort", "resyncPeriod": "9h6m34.695421811s", "reflector": "sigs.k8s.io/controller-runtime/pkg/cache/internal/informers.go:128"}
2026-06-11T09:04:28.338485753Z stderr F 2026-06-11T09:04:28.338381772Z	LEVEL(-3)	controller-runtime.cache	cache/reflector.go:472	Listing and watching	{"type": "*v1beta2.Cohort", "reflector": "sigs.k8s.io/controller-runtime/pkg/cache/internal/informers.go:128"}
2026-06-11T09:04:28.338799907Z stderr F 2026-06-11T09:04:28.338653465Z	INFO	workload-reconciler	controller/controller.go:369	Starting EventSource	{"replica-role": "follower", "source": "kind source: *v1.LimitRange"}
2026-06-11T09:04:28.338972159Z stderr F 2026-06-11T09:04:28.338800227Z	INFO	workload-reconciler	controller/controller.go:369	Starting EventSource	{"replica-role": "follower", "source": "kind source: *v1.RuntimeClass"}
2026-06-11T09:04:28.339440125Z stderr F 2026-06-11T09:04:28.339228513Z	INFO	workload-reconciler	controller/controller.go:369	Starting EventSource	{"replica-role": "follower", "source": "kind source: *v1beta2.ClusterQueue"}
2026-06-11T09:04:28.340461729Z stderr F 2026-06-11T09:04:28.340320357Z	INFO	workload-reconciler	controller/controller.go:369	Starting EventSource	{"replica-role": "follower", "source": "kind source: *v1beta2.LocalQueue"}
2026-06-11T09:04:28.340475879Z stderr F 2026-06-11T09:04:28.340418348Z	INFO	workload-reconciler	controller/controller.go:369	Starting EventSource	{"replica-role": "follower", "source": "kind source: *v1beta2.Workload"}
2026-06-11T09:04:28.340810423Z stderr F 2026-06-11T09:04:28.340639821Z	INFO	tas-resource-flavor-controller	controller/controller.go:369	Starting EventSource	{"replica-role": "follower", "source": "channel source: 0x116c11f6d7a0"}
2026-06-11T09:04:28.341047156Z stderr F 2026-06-11T09:04:28.340831563Z	INFO	tas-non-tas-usage-controller	controller/controller.go:369	Starting EventSource	{"replica-role": "follower", "source": "kind source: *v1.Pod"}
2026-06-11T09:04:28.341832716Z stderr F 2026-06-11T09:04:28.341594633Z	INFO	tas-topology-ungater	controller/controller.go:369	Starting EventSource	{"replica-role": "follower", "source": "kind source: *v1.Pod"}
2026-06-11T09:04:28.34437901Z stderr F 2026-06-11T09:04:28.344176627Z	LEVEL(-2)	controller-runtime.cache	cache/reflector.go:507	Caches populated	{"type": "*v1beta2.Cohort", "reflector": "sigs.k8s.io/controller-runtime/pkg/cache/internal/informers.go:128"}
2026-06-11T09:04:28.344544322Z stderr F 2026-06-11T09:04:28.344359309Z	LEVEL(-3)	controller-runtime.cache	cache/reflector.go:425	Starting reflector	{"type": "*v1.RuntimeClass", "resyncPeriod": "9h24m11.333334103s", "reflector": "sigs.k8s.io/controller-runtime/pkg/cache/internal/informers.go:128"}
2026-06-11T09:04:28.344552982Z stderr F 2026-06-11T09:04:28.34441955Z	LEVEL(-3)	controller-runtime.cache	cache/reflector.go:472	Listing and watching	{"type": "*v1.RuntimeClass", "reflector": "sigs.k8s.io/controller-runtime/pkg/cache/internal/informers.go:128"}
2026-06-11T09:04:28.34516659Z stderr F 2026-06-11T09:04:28.345027588Z	INFO	tas-resource-flavor-controller	controller/controller.go:369	Starting EventSource	{"replica-role": "follower", "source": "kind source: *v1beta2.ResourceFlavor"}
2026-06-11T09:04:28.345417253Z stderr F 2026-06-11T09:04:28.345288301Z	INFO	tas-node-reconciler	controller/controller.go:369	Starting EventSource	{"replica-role": "follower", "source": "kind source: *v1.Node"}
2026-06-11T09:04:28.345711187Z stderr F 2026-06-11T09:04:28.345582845Z	INFO	concurrent-admission-controller	controller/controller.go:369	Starting EventSource	{"replica-role": "follower", "source": "kind source: *v1beta2.Workload"}
2026-06-11T09:04:28.346157833Z stderr F 2026-06-11T09:04:28.346034311Z	LEVEL(-2)	controller-runtime.cache	cache/reflector.go:507	Caches populated	{"type": "*v1beta2.WorkloadPriorityClass", "reflector": "sigs.k8s.io/controller-runtime/pkg/cache/internal/informers.go:128"}
2026-06-11T09:04:28.346425736Z stderr F 2026-06-11T09:04:28.346303905Z	LEVEL(-2)	controller-runtime.cache	cache/reflector.go:507	Caches populated	{"type": "*v1beta2.Topology", "reflector": "sigs.k8s.io/controller-runtime/pkg/cache/internal/informers.go:128"}
2026-06-11T09:04:28.34671556Z stderr F 2026-06-11T09:04:28.346601269Z	INFO	tas-node-reconciler	controller/controller.go:369	Starting EventSource	{"replica-role": "follower", "source": "kind source: *v1.Pod"}
2026-06-11T09:04:28.346888482Z stderr F 2026-06-11T09:04:28.346762101Z	LEVEL(-3)	controller-runtime.cache	cache/reflector.go:425	Starting reflector	{"type": "*v1.Node", "resyncPeriod": "9h17m37.920038609s", "reflector": "sigs.k8s.io/controller-runtime/pkg/cache/internal/informers.go:128"}
2026-06-11T09:04:28.346898783Z stderr F 2026-06-11T09:04:28.346807531Z	LEVEL(-3)	controller-runtime.cache	cache/reflector.go:472	Listing and watching	{"type": "*v1.Node", "reflector": "sigs.k8s.io/controller-runtime/pkg/cache/internal/informers.go:128"}
2026-06-11T09:04:28.347108105Z stderr F 2026-06-11T09:04:28.346989974Z	INFO	ElasticJobUngater	controller/controller.go:369	Starting EventSource	{"replica-role": "follower", "source": "kind source: *v1beta2.Workload"}
2026-06-11T09:04:28.347425559Z stderr F 2026-06-11T09:04:28.347286718Z	INFO	ElasticJobUngater	controller/controller.go:369	Starting EventSource	{"replica-role": "follower", "source": "kind source: *v1.Pod"}
2026-06-11T09:04:28.347725143Z stderr F I0611 09:04:28.347619       1 leaderelection.go:258] "Attempting to acquire leader lease..." lock="kueue-system/c1f6bfd2.kueue.x-k8s.io"
2026-06-11T09:04:28.348556614Z stderr F 2026-06-11T09:04:28.348433353Z	LEVEL(-2)	controller-runtime.cache	cache/reflector.go:507	Caches populated	{"type": "*v1.RuntimeClass", "reflector": "sigs.k8s.io/controller-runtime/pkg/cache/internal/informers.go:128"}
2026-06-11T09:04:28.367517761Z stderr F 2026-06-11T09:04:28.367275398Z	LEVEL(-2)	controller-runtime.cache	cache/reflector.go:507	Caches populated	{"type": "admissionregistration.k8s.io/v1, Kind=ValidatingWebhookConfiguration", "reflector": "sigs.k8s.io/controller-runtime/pkg/cache/internal/informers.go:128"}
2026-06-11T09:04:28.367651653Z stderr F 2026-06-11T09:04:28.367511981Z	LEVEL(-2)	controller-runtime.cache	cache/reflector.go:507	Caches populated	{"type": "*v1.Secret", "reflector": "sigs.k8s.io/controller-runtime/pkg/cache/internal/informers.go:128"}
2026-06-11T09:04:28.367882906Z stderr F 2026-06-11T09:04:28.367736444Z	LEVEL(-2)	controller-runtime.cache	cache/reflector.go:507	Caches populated	{"type": "*v1.Namespace", "reflector": "sigs.k8s.io/controller-runtime/pkg/cache/internal/informers.go:128"}
2026-06-11T09:04:28.381750676Z stderr F 2026-06-11T09:04:28.381569064Z	LEVEL(-2)	controller-runtime.cache	cache/reflector.go:507	Caches populated	{"type": "*v1.Node", "reflector": "sigs.k8s.io/controller-runtime/pkg/cache/internal/informers.go:128"}
2026-06-11T09:04:28.401645636Z stderr F 2026-06-11T09:04:28.401461693Z	INFO	admissioncheck-reconciler	controller/controller.go:302	Starting Controller	{"replica-role": "follower"}
2026-06-11T09:04:28.401683356Z stderr F 2026-06-11T09:04:28.401521174Z	INFO	admissioncheck-reconciler	controller/controller.go:305	Starting workers	{"replica-role": "follower", "worker count": 1}
2026-06-11T09:04:28.401689006Z stderr F 2026-06-11T09:04:28.401558965Z	INFO	resourceflavor-reconciler	controller/controller.go:302	Starting Controller	{"replica-role": "follower"}
2026-06-11T09:04:28.401713657Z stderr F 2026-06-11T09:04:28.401587315Z	INFO	resourceflavor-reconciler	controller/controller.go:305	Starting workers	{"replica-role": "follower", "worker count": 1}
2026-06-11T09:04:28.401806498Z stderr F 2026-06-11T09:04:28.401675256Z	INFO	localqueue-reconciler	controller/controller.go:302	Starting Controller	{"replica-role": "follower"}
2026-06-11T09:04:28.401814318Z stderr F 2026-06-11T09:04:28.401712687Z	INFO	localqueue-reconciler	controller/controller.go:305	Starting workers	{"replica-role": "follower", "worker count": 1}
2026-06-11T09:04:28.422134452Z stderr F 2026-06-11T09:04:28.421898809Z	INFO	controller-runtime.metrics	server/server.go:247	Serving metrics server	{"bindAddress": ":8443", "secure": true}
2026-06-11T09:04:28.441557925Z stderr F 2026-06-11T09:04:28.441335892Z	INFO	tas-non-tas-usage-controller	controller/controller.go:302	Starting Controller	{"replica-role": "follower"}
2026-06-11T09:04:28.441587816Z stderr F 2026-06-11T09:04:28.441421293Z	INFO	tas-non-tas-usage-controller	controller/controller.go:305	Starting workers	{"replica-role": "follower", "worker count": 5}
2026-06-11T09:04:28.442736901Z stderr F 2026-06-11T09:04:28.442559498Z	INFO	tas-topology-ungater	controller/controller.go:302	Starting Controller	{"replica-role": "follower"}
2026-06-11T09:04:28.442751491Z stderr F 2026-06-11T09:04:28.442614339Z	INFO	tas-topology-ungater	controller/controller.go:305	Starting workers	{"replica-role": "follower", "worker count": 5}
2026-06-11T09:04:28.457824317Z stderr F 2026-06-11T09:04:28.457640344Z	LEVEL(-3)	tas-non-tas-usage-controller	tas/non_tas_usage_controller.go:62	Non-TAS usage cache reconciling	{"replica-role": "follower", "namespace": "kube-system", "name": "coredns-7d764666f9-v9xcs", "reconcileID": "789a92da-1ad6-4e80-aab7-38a02d34667a", "pod": {"name":"coredns-7d764666f9-v9xcs","namespace":"kube-system"}}
2026-06-11T09:04:28.457977739Z stderr F 2026-06-11T09:04:28.457822877Z	LEVEL(-3)	tas-non-tas-usage-controller	tas/non_tas_usage_controller.go:62	Non-TAS usage cache reconciling	{"replica-role": "follower", "namespace": "appwrapper-system", "name": "appwrapper-controller-manager-9bc577dfc-ff6sh", "reconcileID": "d7d3a7f5-f70b-4039-abe5-1819fea66c2c", "pod": {"name":"appwrapper-controller-manager-9bc577dfc-ff6sh","namespace":"appwrapper-system"}}
2026-06-11T09:04:28.458007879Z stderr F 2026-06-11T09:04:28.457926008Z	LEVEL(-3)	tas-non-tas-usage-controller	tas/non_tas_usage_controller.go:62	Non-TAS usage cache reconciling	{"replica-role": "follower", "namespace": "kube-system", "name": "kube-apiserver-kind-control-plane", "reconcileID": "0c24bc93-7ebf-4f8d-b57d-b4ff7a444c7c", "pod": {"name":"kube-apiserver-kind-control-plane","namespace":"kube-system"}}
2026-06-11T09:04:28.458153821Z stderr F 2026-06-11T09:04:28.458026879Z	LEVEL(-3)	tas-non-tas-usage-controller	tas/non_tas_usage_controller.go:62	Non-TAS usage cache reconciling	{"replica-role": "follower", "namespace": "kube-system", "name": "kube-proxy-ncnnw", "reconcileID": "677b4e90-e415-4223-b15e-6cfcb0823a01", "pod": {"name":"kube-proxy-ncnnw","namespace":"kube-system"}}
2026-06-11T09:04:28.458174971Z stderr F 2026-06-11T09:04:28.45811271Z	LEVEL(-3)	tas-non-tas-usage-controller	tas/non_tas_usage_controller.go:62	Non-TAS usage cache reconciling	{"replica-role": "follower", "namespace": "kube-system", "name": "kube-controller-manager-kind-control-plane", "reconcileID": "61bbaa6a-8754-485a-9871-370866f22d2d", "pod": {"name":"kube-controller-manager-kind-control-plane","namespace":"kube-system"}}
2026-06-11T09:04:28.458307253Z stderr F 2026-06-11T09:04:28.458199211Z	LEVEL(-3)	tas-non-tas-usage-controller	tas/non_tas_usage_controller.go:62	Non-TAS usage cache reconciling	{"replica-role": "follower", "namespace": "kube-system", "name": "kube-proxy-j45st", "reconcileID": "be48c4ea-a1f5-4a23-8791-26312a0ca20a", "pod": {"name":"kube-proxy-j45st","namespace":"kube-system"}}
2026-06-11T09:04:28.458345313Z stderr F 2026-06-11T09:04:28.458292303Z	LEVEL(-3)	tas-non-tas-usage-controller	tas/non_tas_usage_controller.go:62	Non-TAS usage cache reconciling	{"replica-role": "follower", "namespace": "kueue-system", "name": "kueue-controller-manager-6fbdc79f67-x27bd", "reconcileID": "e03f3db1-a15c-4c27-acd4-8024cfd16571", "pod": {"name":"kueue-controller-manager-6fbdc79f67-x27bd","namespace":"kueue-system"}}
2026-06-11T09:04:28.458488885Z stderr F 2026-06-11T09:04:28.458385884Z	LEVEL(-3)	tas-non-tas-usage-controller	tas/non_tas_usage_controller.go:62	Non-TAS usage cache reconciling	{"replica-role": "follower", "namespace": "kube-system", "name": "coredns-7d764666f9-xbw82", "reconcileID": "c4e74b16-07ed-4ca4-aab7-409ec6844e9a", "pod": {"name":"coredns-7d764666f9-xbw82","namespace":"kube-system"}}
2026-06-11T09:04:28.458564126Z stderr F 2026-06-11T09:04:28.458471095Z	LEVEL(-3)	tas-non-tas-usage-controller	tas/non_tas_usage_controller.go:62	Non-TAS usage cache reconciling	{"replica-role": "follower", "namespace": "kube-system", "name": "kindnet-k7xnv", "reconcileID": "63241ace-307a-4402-8881-1aa7e642f765", "pod": {"name":"kindnet-k7xnv","namespace":"kube-system"}}
2026-06-11T09:04:28.458658147Z stderr F 2026-06-11T09:04:28.458565886Z	LEVEL(-3)	tas-non-tas-usage-controller	tas/non_tas_usage_controller.go:62	Non-TAS usage cache reconciling	{"replica-role": "follower", "namespace": "lws-system", "name": "lws-controller-manager-c6c698cd7-rc9qw", "reconcileID": "154daf43-981a-4267-a14e-4660dc99c77b", "pod": {"name":"lws-controller-manager-c6c698cd7-rc9qw","namespace":"lws-system"}}
2026-06-11T09:04:28.458739098Z stderr F 2026-06-11T09:04:28.458646327Z	LEVEL(-3)	tas-non-tas-usage-controller	tas/non_tas_usage_controller.go:62	Non-TAS usage cache reconciling	{"replica-role": "follower", "namespace": "kube-system", "name": "kindnet-2h9j5", "reconcileID": "bfc3c218-406b-4104-929b-6eca0b62fa8e", "pod": {"name":"kindnet-2h9j5","namespace":"kube-system"}}
2026-06-11T09:04:28.4588304Z stderr F 2026-06-11T09:04:28.458733138Z	LEVEL(-3)	tas-non-tas-usage-controller	tas/non_tas_usage_controller.go:62	Non-TAS usage cache reconciling	{"replica-role": "follower", "namespace": "kube-system", "name": "kube-proxy-nksjs", "reconcileID": "ab6c721e-0cd1-4508-b671-77962fe17123", "pod": {"name":"kube-proxy-nksjs","namespace":"kube-system"}}
2026-06-11T09:04:28.458964171Z stderr F 2026-06-11T09:04:28.45886906Z	LEVEL(-3)	tas-non-tas-usage-controller	tas/non_tas_usage_controller.go:62	Non-TAS usage cache reconciling	{"replica-role": "follower", "namespace": "kueue-system", "name": "kueue-controller-manager-79f79bfbbf-pcvfc", "reconcileID": "83a17f37-f8e7-407b-9b1e-67f25648a8aa", "pod": {"name":"kueue-controller-manager-79f79bfbbf-pcvfc","namespace":"kueue-system"}}
2026-06-11T09:04:28.459031012Z stderr F 2026-06-11T09:04:28.458954091Z	LEVEL(-3)	tas-non-tas-usage-controller	tas/non_tas_usage_controller.go:62	Non-TAS usage cache reconciling	{"replica-role": "follower", "namespace": "jobset-system", "name": "jobset-controller-manager-5585d4c665-6vpg8", "reconcileID": "5b340609-d0ef-4b52-9338-c23b2f35c4da", "pod": {"name":"jobset-controller-manager-5585d4c665-6vpg8","namespace":"jobset-system"}}
2026-06-11T09:04:28.459167934Z stderr F 2026-06-11T09:04:28.459036042Z	LEVEL(-3)	tas-non-tas-usage-controller	tas/non_tas_usage_controller.go:62	Non-TAS usage cache reconciling	{"replica-role": "follower", "namespace": "kueue-system", "name": "kueue-controller-manager-6fbdc79f67-7wfs6", "reconcileID": "fb061465-805c-48a9-bb27-6e3bc7bd6cf8", "pod": {"name":"kueue-controller-manager-6fbdc79f67-7wfs6","namespace":"kueue-system"}}
2026-06-11T09:04:28.459235515Z stderr F 2026-06-11T09:04:28.459134824Z	LEVEL(-3)	tas-non-tas-usage-controller	tas/non_tas_usage_controller.go:62	Non-TAS usage cache reconciling	{"replica-role": "follower", "namespace": "kube-system", "name": "kube-scheduler-kind-control-plane", "reconcileID": "457790cc-b958-4db7-b120-8b9b4fa4e689", "pod": {"name":"kube-scheduler-kind-control-plane","namespace":"kube-system"}}
2026-06-11T09:04:28.459363217Z stderr F 2026-06-11T09:04:28.459239935Z	LEVEL(-3)	tas-non-tas-usage-controller	tas/non_tas_usage_controller.go:62	Non-TAS usage cache reconciling	{"replica-role": "follower", "namespace": "local-path-storage", "name": "local-path-provisioner-5c85ddd7fc-p94vg", "reconcileID": "d7addde6-5303-43f7-8f81-a8563801ec46", "pod": {"name":"local-path-provisioner-5c85ddd7fc-p94vg","namespace":"local-path-storage"}}
2026-06-11T09:04:28.459378717Z stderr F 2026-06-11T09:04:28.459322166Z	LEVEL(-3)	tas-non-tas-usage-controller	tas/non_tas_usage_controller.go:62	Non-TAS usage cache reconciling	{"replica-role": "follower", "namespace": "kube-system", "name": "etcd-kind-control-plane", "reconcileID": "3f215bc9-809d-4457-8336-cbefc5db25e6", "pod": {"name":"etcd-kind-control-plane","namespace":"kube-system"}}
2026-06-11T09:04:28.459557359Z stderr F 2026-06-11T09:04:28.459445928Z	LEVEL(-3)	tas-non-tas-usage-controller	tas/non_tas_usage_controller.go:62	Non-TAS usage cache reconciling	{"replica-role": "follower", "namespace": "lws-system", "name": "lws-controller-manager-c6c698cd7-n6jrq", "reconcileID": "7987880e-f363-4bd1-ab6b-c7f02530266c", "pod": {"name":"lws-controller-manager-c6c698cd7-n6jrq","namespace":"lws-system"}}
2026-06-11T09:04:28.45965346Z stderr F 2026-06-11T09:04:28.459537019Z	LEVEL(-3)	tas-non-tas-usage-controller	tas/non_tas_usage_controller.go:62	Non-TAS usage cache reconciling	{"replica-role": "follower", "namespace": "kube-system", "name": "kindnet-cq7wv", "reconcileID": "bfd15096-4fdf-4910-b8ca-2a4bf6a2a3e7", "pod": {"name":"kindnet-cq7wv","namespace":"kube-system"}}
2026-06-11T09:04:28.477864318Z stderr F 2026-06-11T09:04:28.477632815Z	INFO	tas-resource-flavor-controller	controller/controller.go:302	Starting Controller	{"replica-role": "follower"}
2026-06-11T09:04:28.477899508Z stderr F 2026-06-11T09:04:28.477698416Z	INFO	tas-resource-flavor-controller	controller/controller.go:305	Starting workers	{"replica-role": "follower", "worker count": 1}
2026-06-11T09:04:28.477914029Z stderr F 2026-06-11T09:04:28.477788527Z	INFO	concurrent-admission-controller	controller/controller.go:302	Starting Controller	{"replica-role": "follower"}
2026-06-11T09:04:28.477927439Z stderr F 2026-06-11T09:04:28.477816337Z	INFO	concurrent-admission-controller	controller/controller.go:305	Starting workers	{"replica-role": "follower", "worker count": 5}
2026-06-11T09:04:28.47799002Z stderr F 2026-06-11T09:04:28.477866028Z	INFO	ElasticJobUngater	controller/controller.go:302	Starting Controller	{"replica-role": "follower"}
2026-06-11T09:04:28.47799797Z stderr F 2026-06-11T09:04:28.477905729Z	INFO	ElasticJobUngater	controller/controller.go:305	Starting workers	{"replica-role": "follower", "worker count": 5}
2026-06-11T09:04:28.490404701Z stderr F I0611 09:04:28.490244       1 serving.go:405] Generated self-signed cert (/visibility/apiserver.crt, /visibility/apiserver.key)
2026-06-11T09:04:28.513642894Z stderr F 2026-06-11T09:04:28.513419211Z	INFO	workloadpriorityclass-reconciler	controller/controller.go:302	Starting Controller	{"replica-role": "follower"}
2026-06-11T09:04:28.513670874Z stderr F 2026-06-11T09:04:28.513488232Z	INFO	workloadpriorityclass-reconciler	controller/controller.go:305	Starting workers	{"replica-role": "follower", "worker count": 1}
2026-06-11T09:04:28.554016899Z stderr F 2026-06-11T09:04:28.553809526Z	INFO	cohort-reconciler	controller/controller.go:302	Starting Controller	{"replica-role": "follower"}
2026-06-11T09:04:28.55404519Z stderr F 2026-06-11T09:04:28.553869997Z	INFO	cohort-reconciler	controller/controller.go:305	Starting workers	{"replica-role": "follower", "worker count": 1}
2026-06-11T09:04:28.55404924Z stderr F 2026-06-11T09:04:28.553921378Z	INFO	clusterqueue-reconciler	controller/controller.go:302	Starting Controller	{"replica-role": "follower"}
2026-06-11T09:04:28.55408312Z stderr F 2026-06-11T09:04:28.553953288Z	INFO	clusterqueue-reconciler	controller/controller.go:305	Starting workers	{"replica-role": "follower", "worker count": 1}
2026-06-11T09:04:28.55411021Z stderr F 2026-06-11T09:04:28.554000189Z	INFO	tas-topology-controller	controller/controller.go:302	Starting Controller	{"replica-role": "follower"}
2026-06-11T09:04:28.55411485Z stderr F 2026-06-11T09:04:28.55404017Z	INFO	tas-topology-controller	controller/controller.go:305	Starting workers	{"replica-role": "follower", "worker count": 1}
2026-06-11T09:04:28.554253312Z stderr F 2026-06-11T09:04:28.55408083Z	LEVEL(-2)	controller-runtime.cache	cache/reflector.go:507	Caches populated	{"type": "apiextensions.k8s.io/v1, Kind=CustomResourceDefinition", "reflector": "sigs.k8s.io/controller-runtime/pkg/cache/internal/informers.go:128"}
2026-06-11T09:04:28.557816289Z stderr F 2026-06-11T09:04:28.557684927Z	INFO	workload-reconciler	controller/controller.go:302	Starting Controller	{"replica-role": "follower"}
2026-06-11T09:04:28.557824059Z stderr F 2026-06-11T09:04:28.557732378Z	INFO	workload-reconciler	controller/controller.go:305	Starting workers	{"replica-role": "follower", "worker count": 5}
2026-06-11T09:04:28.576089367Z stderr F 2026-06-11T09:04:28.575949735Z	INFO	cert-rotation	rotator/rotator.go:290	starting cert rotator controller
2026-06-11T09:04:28.576898197Z stderr F 2026-06-11T09:04:28.576776566Z	INFO	cert-rotation	rotator/rotator.go:361	no cert refresh needed
2026-06-11T09:04:28.576965368Z stderr F 2026-06-11T09:04:28.576869477Z	INFO	cert-rotation	rotator/rotator.go:896	certs are ready in /tmp/k8s-webhook-server/serving-certs
2026-06-11T09:04:28.578119483Z stderr F 2026-06-11T09:04:28.578013762Z	INFO	tas-node-reconciler	controller/controller.go:302	Starting Controller	{"replica-role": "follower"}
2026-06-11T09:04:28.578127483Z stderr F 2026-06-11T09:04:28.578049622Z	INFO	tas-node-reconciler	controller/controller.go:305	Starting workers	{"replica-role": "follower", "worker count": 1}
2026-06-11T09:04:28.69698684Z stderr F 2026-06-11T09:04:28.696793328Z	INFO	cert-rotation	rotator/rotator.go:361	no cert refresh needed
2026-06-11T09:04:28.697562628Z stderr F 2026-06-11T09:04:28.697443576Z	INFO	cert-rotation	rotator/rotator.go:857	Ensuring CA cert	{"name": "kueue-validating-webhook-configuration", "gvk": "admissionregistration.k8s.io/v1, Kind=ValidatingWebhookConfiguration", "name": "kueue-validating-webhook-configuration", "gvk": "admissionregistration.k8s.io/v1, Kind=ValidatingWebhookConfiguration"}
2026-06-11T09:04:28.700683268Z stderr F I0611 09:04:28.700486       1 plugins.go:157] Loaded 1 mutating admission controller(s) successfully in the following order: NamespaceLifecycle.
2026-06-11T09:04:28.704618089Z stderr F I0611 09:04:28.704443       1 handler.go:304] Adding GroupVersion visibility.kueue.x-k8s.io v1beta2 to ResourceManager
2026-06-11T09:04:28.704848862Z stderr F I0611 09:04:28.704695       1 handler.go:304] Adding GroupVersion visibility.kueue.x-k8s.io v1beta1 to ResourceManager
2026-06-11T09:04:28.71609626Z stderr F 2026-06-11T09:04:28.715881387Z	INFO	cert-rotation	rotator/rotator.go:857	Ensuring CA cert	{"name": "kueue-mutating-webhook-configuration", "gvk": "admissionregistration.k8s.io/v1, Kind=MutatingWebhookConfiguration", "name": "kueue-mutating-webhook-configuration", "gvk": "admissionregistration.k8s.io/v1, Kind=MutatingWebhookConfiguration"}
2026-06-11T09:04:28.716613746Z stderr F I0611 09:04:28.716447       1 secure_serving.go:214] Serving securely on [::]:8082
2026-06-11T09:04:28.716656657Z stderr F I0611 09:04:28.716569       1 requestheader_controller.go:180] Starting RequestHeaderAuthRequestController
2026-06-11T09:04:28.716668647Z stderr F I0611 09:04:28.716600       1 shared_informer.go:402] "Waiting for caches to sync"
2026-06-11T09:04:28.716715748Z stderr F I0611 09:04:28.716648       1 dynamic_serving_content.go:135] "Starting controller" name="serving-cert::/visibility/apiserver.crt::/visibility/apiserver.key"
2026-06-11T09:04:28.716937551Z stderr F I0611 09:04:28.716826       1 tlsconfig.go:243] "Starting DynamicServingCertificateController"
2026-06-11T09:04:28.718521881Z stderr F I0611 09:04:28.718419       1 apf_controller.go:377] Starting API Priority and Fairness config controller
2026-06-11T09:04:28.718600412Z stderr F I0611 09:04:28.718525       1 configmap_cafile_content.go:205] "Starting controller" name="client-ca::kube-system::extension-apiserver-authentication::client-ca-file"
2026-06-11T09:04:28.718608202Z stderr F I0611 09:04:28.718555       1 shared_informer.go:402] "Waiting for caches to sync"
2026-06-11T09:04:28.718670063Z stderr F I0611 09:04:28.718583       1 configmap_cafile_content.go:205] "Starting controller" name="client-ca::kube-system::extension-apiserver-authentication::requestheader-client-ca-file"
2026-06-11T09:04:28.718677853Z stderr F I0611 09:04:28.718603       1 shared_informer.go:402] "Waiting for caches to sync"
2026-06-11T09:04:28.736404304Z stderr F 2026-06-11T09:04:28.736214451Z	INFO	cert-rotation	rotator/rotator.go:857	Ensuring CA cert	{"name": "localqueues.kueue.x-k8s.io", "gvk": "apiextensions.k8s.io/v1, Kind=CustomResourceDefinition", "name": "localqueues.kueue.x-k8s.io", "gvk": "apiextensions.k8s.io/v1, Kind=CustomResourceDefinition"}
2026-06-11T09:04:28.763394155Z stderr F 2026-06-11T09:04:28.763140522Z	INFO	cert-rotation	rotator/rotator.go:857	Ensuring CA cert	{"name": "clusterqueues.kueue.x-k8s.io", "gvk": "apiextensions.k8s.io/v1, Kind=CustomResourceDefinition", "name": "clusterqueues.kueue.x-k8s.io", "gvk": "apiextensions.k8s.io/v1, Kind=CustomResourceDefinition"}
2026-06-11T09:04:28.817042105Z stderr F I0611 09:04:28.816834       1 shared_informer.go:409] "Caches are synced"
2026-06-11T09:04:28.81896044Z stderr F I0611 09:04:28.818790       1 shared_informer.go:409] "Caches are synced"
2026-06-11T09:04:28.81898263Z stderr F I0611 09:04:28.818862       1 apf_controller.go:382] Running API Priority and Fairness config worker
2026-06-11T09:04:28.818987961Z stderr F I0611 09:04:28.818874       1 apf_controller.go:385] Running API Priority and Fairness periodic rebalancing process
2026-06-11T09:04:28.819151503Z stderr F I0611 09:04:28.819051       1 shared_informer.go:409] "Caches are synced"
2026-06-11T09:04:28.824087288Z stderr F 2026-06-11T09:04:28.823891235Z	INFO	cert-rotation	rotator/rotator.go:857	Ensuring CA cert	{"name": "workloads.kueue.x-k8s.io", "gvk": "apiextensions.k8s.io/v1, Kind=CustomResourceDefinition", "name": "workloads.kueue.x-k8s.io", "gvk": "apiextensions.k8s.io/v1, Kind=CustomResourceDefinition"}
2026-06-11T09:04:29.509588638Z stderr F 2026-06-11T09:04:29.509402526Z	INFO	cert-rotation	rotator/rotator.go:857	Ensuring CA cert	{"name": "cohorts.kueue.x-k8s.io", "gvk": "apiextensions.k8s.io/v1, Kind=CustomResourceDefinition", "name": "cohorts.kueue.x-k8s.io", "gvk": "apiextensions.k8s.io/v1, Kind=CustomResourceDefinition"}
2026-06-11T09:04:29.532673004Z stderr F 2026-06-11T09:04:29.532485271Z	INFO	cert-rotation	rotator/rotator.go:857	Ensuring CA cert	{"name": "multikueueclusters.kueue.x-k8s.io", "gvk": "apiextensions.k8s.io/v1, Kind=CustomResourceDefinition", "name": "multikueueclusters.kueue.x-k8s.io", "gvk": "apiextensions.k8s.io/v1, Kind=CustomResourceDefinition"}
2026-06-11T09:04:29.836853538Z stderr F 2026-06-11T09:04:29.836612984Z	INFO	cert-rotation	rotator/rotator.go:916	CA certs are injected to webhooks
2026-06-11T09:04:36.111810675Z stderr F 2026-06-11T09:04:36.111419729Z	LEVEL(-3)	tas-non-tas-usage-controller	tas/non_tas_usage_controller.go:62	Non-TAS usage cache reconciling	{"replica-role": "follower", "namespace": "kueue-system", "name": "kueue-controller-manager-79f79bfbbf-dtztq", "reconcileID": "6b2c3a51-5c08-4c34-9aad-e5048c57d6e0", "pod": {"name":"kueue-controller-manager-79f79bfbbf-dtztq","namespace":"kueue-system"}}
2026-06-11T09:04:36.491386538Z stderr F 2026-06-11T09:04:36.491151415Z	LEVEL(-3)	tas-non-tas-usage-controller	tas/non_tas_usage_controller.go:62	Non-TAS usage cache reconciling	{"replica-role": "follower", "namespace": "kueue-system", "name": "kueue-controller-manager-6fbdc79f67-7wfs6", "reconcileID": "07d17690-c52a-40c2-8b6a-c9a330680f3a", "pod": {"name":"kueue-controller-manager-6fbdc79f67-7wfs6","namespace":"kueue-system"}}
2026-06-11T09:04:37.101007071Z stderr F 2026-06-11T09:04:37.100790478Z	LEVEL(-3)	tas-non-tas-usage-controller	tas/non_tas_usage_controller.go:62	Non-TAS usage cache reconciling	{"replica-role": "follower", "namespace": "kueue-system", "name": "kueue-controller-manager-6fbdc79f67-7wfs6", "reconcileID": "b687ec95-d9a3-46b0-b3c3-fcdc1b65e901", "pod": {"name":"kueue-controller-manager-6fbdc79f67-7wfs6","namespace":"kueue-system"}}
2026-06-11T09:04:48.327332571Z stderr F 2026-06-11T09:04:48.327050978Z	LEVEL(-3)	tas-non-tas-usage-controller	tas/non_tas_usage_controller.go:62	Non-TAS usage cache reconciling	{"replica-role": "follower", "namespace": "kueue-system", "name": "kueue-controller-manager-6fbdc79f67-x27bd", "reconcileID": "b908f30a-69cc-4c30-bae6-344b7f40af06", "pod": {"name":"kueue-controller-manager-6fbdc79f67-x27bd","namespace":"kueue-system"}}
2026-06-11T09:04:49.014552964Z stderr F 2026-06-11T09:04:49.014077538Z	LEVEL(-3)	tas-non-tas-usage-controller	tas/non_tas_usage_controller.go:62	Non-TAS usage cache reconciling	{"replica-role": "follower", "namespace": "kueue-system", "name": "kueue-controller-manager-6fbdc79f67-x27bd", "reconcileID": "72dd299a-afe9-4e37-ae1e-58f8cfb9a22a", "pod": {"name":"kueue-controller-manager-6fbdc79f67-x27bd","namespace":"kueue-system"}}
