2026-06-11T09:00:52.275756723Z stderr F 2026-06-11T09:00:52.275377028Z	INFO	setup	kueue/main.go:706	Configuration loaded	{"config": "apiVersion: config.kueue.x-k8s.io/v1beta2\nclientConnection:\n  burst: 100\n  qps: 50\ncontroller:\n  groupKindConcurrency:\n    ClusterQueue.kueue.x-k8s.io: 1\n    Job.batch: 5\n    LocalQueue.kueue.x-k8s.io: 1\n    Pod: 5\n    ResourceFlavor.kueue.x-k8s.io: 1\n    Workload.kueue.x-k8s.io: 5\nfairSharing:\n  preemptionStrategies:\n  - LessThanOrEqualToFinalShare\n  - LessThanInitialShare\nfeatureGates:\n  ConcurrentAdmission: true\n  ElasticJobsViaWorkloadSlices: true\n  LocalQueueMetrics: true\n  MultiKueueManagerQuotaAutomation: true\n  WorkloadIdentifierAnnotations: true\nhealth:\n  healthProbeBindAddress: :8081\nintegrations:\n  frameworks:\n  - batch/job\n  - kubeflow.org/mpijob\n  - ray.io/rayjob\n  - ray.io/raycluster\n  - ray.io/rayservice\n  - jobset.x-k8s.io/jobset\n  - kubeflow.org/paddlejob\n  - kubeflow.org/pytorchjob\n  - kubeflow.org/tfjob\n  - kubeflow.org/xgboostjob\n  - kubeflow.org/jaxjob\n  - trainer.kubeflow.org/trainjob\n  - workload.codeflare.dev/appwrapper\n  - pod\n  - deployment\n  - statefulset\n  - leaderworkerset.x-k8s.io/leaderworkerset\ninternalCertManagement:\n  enable: true\n  webhookSecretName: kueue-webhook-server-cert\n  webhookServiceName: kueue-webhook-service\nkind: Configuration\nleaderElection:\n  leaderElect: true\n  leaseDuration: 15s\n  renewDeadline: 10s\n  resourceLock: leases\n  resourceName: c1f6bfd2.kueue.x-k8s.io\n  resourceNamespace: \"\"\n  retryPeriod: 2s\nmanageJobsWithoutQueueName: false\nmanagedJobsNamespaceSelector:\n  matchExpressions:\n  - key: kubernetes.io/metadata.name\n    operator: NotIn\n    values:\n    - kube-system\n    - kueue-system\nmetrics:\n  bindAddress: :8443\n  enableClusterQueueResources: true\n  localQueueMetrics:\n    enable: true\nmultiKueue:\n  dispatcherName: kueue.x-k8s.io/multikueue-dispatcher-all-at-once\n  gcInterval: 1m0s\n  origin: multikueue\n  workerLostTimeout: 15m0s\nnamespace: kueue-system\ntls:\n  cipherSuites:\n  - TLS_ECDHE_ECDSA_WITH_AES_128_GCM_SHA256\n  - TLS_ECDHE_RSA_WITH_AES_128_GCM_SHA256\n  - TLS_ECDHE_ECDSA_WITH_CHACHA20_POLY1305_SHA256\n  - TLS_ECDHE_RSA_WITH_CHACHA20_POLY1305_SHA256\n  - TLS_ECDHE_ECDSA_WITH_AES_256_GCM_SHA384\n  - TLS_ECDHE_RSA_WITH_AES_256_GCM_SHA384\n  minVersion: VersionTLS12\nvisibilityServer:\n  bindPort: 8082\nwebhook:\n  certDir: /tmp/k8s-webhook-server/serving-certs\n  port: 9443\n"}
2026-06-11T09:00:52.275957086Z stderr F 2026-06-11T09:00:52.275802744Z	INFO	setup	kueue/main.go:169	Initializing	{"gitVersion": "v0.19.0-devel-83-g51c5960c6", "gitCommit": "51c5960c6a734d982967e534cb094f8e048947fb", "buildDate": "2026-06-11T08:51:35Z"}
2026-06-11T09:00:52.276444013Z stderr F 2026-06-11T09:00:52.27623443Z	LEVEL(-2)	setup	features/kube_features.go:713	Loaded feature gates	{"featureGates": {"AdmissionFairSharing":true,"AdmissionGatedBy":false,"AssignQueueLabelsForPods":true,"ConcurrentAdmission":true,"CustomMetricLabels":false,"DRAExtendedResources":false,"DynamicResourceAllocation":false,"ElasticJobsViaWorkloadSlices":true,"ElasticJobsViaWorkloadSlicesWithTAS":false,"FailureRecoveryPolicy":false,"FairSharingPreemptWithinNominal":true,"FairSharingPrioritizeNonBorrowing":true,"FastQuotaReleaseInPodIntegration":false,"FinishOrphanedWorkloads":true,"FlavorFungibility":true,"HierarchicalCohorts":true,"KueueDRAIntegration":true,"KueueDRAIntegrationExtendedResource":false,"KueueDRAIntegrationPartitionableDevices":false,"KueueDRARejectWorkloadsWhenDRADisabled":true,"LendingLimit":true,"LocalQueueDefaulting":true,"LocalQueueMetrics":true,"ManagedJobsNamespaceSelectorAlwaysRespected":true,"MetricForWorkloadCreationLatency":true,"MetricsForCohorts":true,"MultiKueue":true,"MultiKueueAdaptersForCustomJobs":true,"MultiKueueAllowInsecureKubeconfigs":false,"MultiKueueBatchJobWithManagedBy":true,"MultiKueueClusterProfile":false,"MultiKueueManagerQuotaAutomation":true,"MultiKueueOrchestratedPreemption":false,"MultiKueueRedoAdmissionOnEvictionInWorker":true,"MultiKueueWaitForWorkloadAdmitted":true,"ObjectRetentionPolicies":true,"PartialAdmission":true,"PriorityBoost":false,"PrioritySortingWithinCohort":true,"PropagateBatchJobLabelsToWorkload":true,"QuotaCheckStrategy":false,"ReclaimablePods":true,"RejectUpdatesToCQWithInvalidOnFlavors":false,"RemoveFinalizersWithStrictPatch":true,"SanitizePodSets":true,"SchedulerLongRequeueInterval":false,"SchedulerTimestampPreemptionBuffer":false,"SchedulingEquivalenceHashing":true,"ShortWorkloadNames":false,"SkipFinalizersForPodsSuspendedByParent":true,"SparkApplicationIntegration":false,"TASBalancedPlacement":false,"TASFailedNodeReplacement":true,"TASFailedNodeReplacementFailFast":true,"TASHandleOverlappingFlavors":true,"TASMultiLayerTopology":false,"TASProfileMixed":true,"TASReplaceNodeOnNodeTaints":true,"TASReplaceNodeOnPodTermination":true,"TASRespectNodeAffinityPreferred":false,"TLSOptions":true,"TopologyAwareScheduling":true,"VisibilityOnDemand":true,"WorkloadIdentifierAnnotations":true,"WorkloadPriorityClassDefaulting":false,"WorkloadRequestUseMergePatch":false}}
2026-06-11T09:00:52.276786877Z stderr F 2026-06-11T09:00:52.276655995Z	LEVEL(-2)	setup	kueue/main.go:256	K8S Client	{"qps": 50, "burst": 100}
2026-06-11T09:00:52.277291594Z stderr F 2026-06-11T09:00:52.277070551Z	INFO	cert-bootstrap	cert/cert.go:50	Creating bootstrap manager for certificate generation
2026-06-11T09:00:52.278246857Z stderr F 2026-06-11T09:00:52.278144075Z	INFO	cert-bootstrap	cert/cert.go:88	Waiting for certificate generation and CA injection to complete
2026-06-11T09:00:52.278395729Z stderr F 2026-06-11T09:00:52.278204806Z	INFO	cert-bootstrap	cert/cert.go:80	Starting bootstrap manager
2026-06-11T09:00:52.27853971Z stderr F 2026-06-11T09:00:52.278421629Z	INFO	manager/server.go:83	starting server	{"name": "health probe", "addr": "[::]:8081"}
2026-06-11T09:00:52.278751263Z stderr F 2026-06-11T09:00:52.278632672Z	INFO	cert-rotation	rotator/rotator.go:290	starting cert rotator controller
2026-06-11T09:00:52.292917161Z stderr F 2026-06-11T09:00:52.292702358Z	LEVEL(-3)	controller-runtime.cache	cache/reflector.go:425	Starting reflector	{"type": "*v1.Secret", "resyncPeriod": "10h47m43.062576043s", "reflector": "sigs.k8s.io/controller-runtime/pkg/cache/internal/informers.go:128"}
2026-06-11T09:00:52.292947421Z stderr F 2026-06-11T09:00:52.292773479Z	LEVEL(-3)	controller-runtime.cache	cache/reflector.go:472	Listing and watching	{"type": "*v1.Secret", "reflector": "sigs.k8s.io/controller-runtime/pkg/cache/internal/informers.go:128"}
2026-06-11T09:00:52.292964362Z stderr F 2026-06-11T09:00:52.29283385Z	LEVEL(-3)	controller-runtime.cache	cache/reflector.go:425	Starting reflector	{"type": "admissionregistration.k8s.io/v1, Kind=MutatingWebhookConfiguration", "resyncPeriod": "10h24m17.415975755s", "reflector": "sigs.k8s.io/controller-runtime/pkg/cache/internal/informers.go:128"}
2026-06-11T09:00:52.292975052Z stderr F 2026-06-11T09:00:52.292908781Z	LEVEL(-3)	controller-runtime.cache	cache/reflector.go:472	Listing and watching	{"type": "admissionregistration.k8s.io/v1, Kind=MutatingWebhookConfiguration", "reflector": "sigs.k8s.io/controller-runtime/pkg/cache/internal/informers.go:128"}
2026-06-11T09:00:52.293253745Z stderr F 2026-06-11T09:00:52.293113594Z	LEVEL(-3)	controller-runtime.cache	cache/reflector.go:425	Starting reflector	{"type": "apiextensions.k8s.io/v1, Kind=CustomResourceDefinition", "resyncPeriod": "10h3m38.089526432s", "reflector": "sigs.k8s.io/controller-runtime/pkg/cache/internal/informers.go:128"}
2026-06-11T09:00:52.293274746Z stderr F 2026-06-11T09:00:52.293148274Z	LEVEL(-3)	controller-runtime.cache	cache/reflector.go:472	Listing and watching	{"type": "apiextensions.k8s.io/v1, Kind=CustomResourceDefinition", "reflector": "sigs.k8s.io/controller-runtime/pkg/cache/internal/informers.go:128"}
2026-06-11T09:00:52.293665911Z stderr F 2026-06-11T09:00:52.293320556Z	LEVEL(-3)	controller-runtime.cache	cache/reflector.go:425	Starting reflector	{"type": "admissionregistration.k8s.io/v1, Kind=ValidatingWebhookConfiguration", "resyncPeriod": "9h33m2.19508053s", "reflector": "sigs.k8s.io/controller-runtime/pkg/cache/internal/informers.go:128"}
2026-06-11T09:00:52.293695441Z stderr F 2026-06-11T09:00:52.293548849Z	LEVEL(-3)	controller-runtime.cache	cache/reflector.go:472	Listing and watching	{"type": "admissionregistration.k8s.io/v1, Kind=ValidatingWebhookConfiguration", "reflector": "sigs.k8s.io/controller-runtime/pkg/cache/internal/informers.go:128"}
2026-06-11T09:00:52.296367397Z stderr F 2026-06-11T09:00:52.296151164Z	LEVEL(-2)	controller-runtime.cache	cache/reflector.go:507	Caches populated	{"type": "*v1.Secret", "reflector": "sigs.k8s.io/controller-runtime/pkg/cache/internal/informers.go:128"}
2026-06-11T09:00:52.305425678Z stderr F 2026-06-11T09:00:52.305199685Z	LEVEL(-2)	controller-runtime.cache	cache/reflector.go:507	Caches populated	{"type": "admissionregistration.k8s.io/v1, Kind=MutatingWebhookConfiguration", "reflector": "sigs.k8s.io/controller-runtime/pkg/cache/internal/informers.go:128"}
2026-06-11T09:00:52.306077266Z stderr F 2026-06-11T09:00:52.305883554Z	LEVEL(-2)	controller-runtime.cache	cache/reflector.go:507	Caches populated	{"type": "admissionregistration.k8s.io/v1, Kind=ValidatingWebhookConfiguration", "reflector": "sigs.k8s.io/controller-runtime/pkg/cache/internal/informers.go:128"}
2026-06-11T09:00:52.394226356Z stderr F 2026-06-11T09:00:52.394006793Z	INFO	cert-rotation	rotator/rotator.go:361	no cert refresh needed
2026-06-11T09:00:52.394368478Z stderr F 2026-06-11T09:00:52.394242576Z	INFO	cert-rotation	rotator/rotator.go:896	certs are ready in /tmp/k8s-webhook-server/serving-certs
2026-06-11T09:00:52.479215233Z stderr F 2026-06-11T09:00:52.478999781Z	LEVEL(-2)	controller-runtime.cache	cache/reflector.go:507	Caches populated	{"type": "apiextensions.k8s.io/v1, Kind=CustomResourceDefinition", "reflector": "sigs.k8s.io/controller-runtime/pkg/cache/internal/informers.go:128"}
2026-06-11T09:00:52.596182875Z stderr F 2026-06-11T09:00:52.595977253Z	INFO	cert-rotation	rotator/rotator.go:361	no cert refresh needed
2026-06-11T09:00:52.596784333Z stderr F 2026-06-11T09:00:52.596666272Z	INFO	cert-rotation	rotator/rotator.go:857	Ensuring CA cert	{"name": "kueue-validating-webhook-configuration", "gvk": "admissionregistration.k8s.io/v1, Kind=ValidatingWebhookConfiguration", "name": "kueue-validating-webhook-configuration", "gvk": "admissionregistration.k8s.io/v1, Kind=ValidatingWebhookConfiguration"}
2026-06-11T09:00:52.61387606Z stderr F 2026-06-11T09:00:52.613687928Z	INFO	cert-rotation	rotator/rotator.go:857	Ensuring CA cert	{"name": "kueue-mutating-webhook-configuration", "gvk": "admissionregistration.k8s.io/v1, Kind=MutatingWebhookConfiguration", "name": "kueue-mutating-webhook-configuration", "gvk": "admissionregistration.k8s.io/v1, Kind=MutatingWebhookConfiguration"}
2026-06-11T09:00:52.629541128Z stderr F 2026-06-11T09:00:52.629327075Z	INFO	cert-rotation	rotator/rotator.go:857	Ensuring CA cert	{"name": "localqueues.kueue.x-k8s.io", "gvk": "apiextensions.k8s.io/v1, Kind=CustomResourceDefinition", "name": "localqueues.kueue.x-k8s.io", "gvk": "apiextensions.k8s.io/v1, Kind=CustomResourceDefinition"}
2026-06-11T09:00:52.658608124Z stderr F 2026-06-11T09:00:52.658419332Z	INFO	cert-rotation	rotator/rotator.go:857	Ensuring CA cert	{"name": "clusterqueues.kueue.x-k8s.io", "gvk": "apiextensions.k8s.io/v1, Kind=CustomResourceDefinition", "name": "clusterqueues.kueue.x-k8s.io", "gvk": "apiextensions.k8s.io/v1, Kind=CustomResourceDefinition"}
2026-06-11T09:00:52.723462995Z stderr F 2026-06-11T09:00:52.723154991Z	INFO	cert-rotation	rotator/rotator.go:857	Ensuring CA cert	{"name": "workloads.kueue.x-k8s.io", "gvk": "apiextensions.k8s.io/v1, Kind=CustomResourceDefinition", "name": "workloads.kueue.x-k8s.io", "gvk": "apiextensions.k8s.io/v1, Kind=CustomResourceDefinition"}
2026-06-11T09:00:53.413479321Z stderr F 2026-06-11T09:00:53.413186317Z	INFO	cert-rotation	rotator/rotator.go:857	Ensuring CA cert	{"name": "cohorts.kueue.x-k8s.io", "gvk": "apiextensions.k8s.io/v1, Kind=CustomResourceDefinition", "name": "cohorts.kueue.x-k8s.io", "gvk": "apiextensions.k8s.io/v1, Kind=CustomResourceDefinition"}
2026-06-11T09:00:53.436457666Z stderr F 2026-06-11T09:00:53.436243733Z	INFO	cert-rotation	rotator/rotator.go:857	Ensuring CA cert	{"name": "multikueueclusters.kueue.x-k8s.io", "gvk": "apiextensions.k8s.io/v1, Kind=CustomResourceDefinition", "name": "multikueueclusters.kueue.x-k8s.io", "gvk": "apiextensions.k8s.io/v1, Kind=CustomResourceDefinition"}
2026-06-11T09:00:54.047299381Z stderr F 2026-06-11T09:00:54.047080448Z	INFO	cert-rotation	rotator/rotator.go:916	CA certs are injected to webhooks
2026-06-11T09:00:54.047330302Z stderr F 2026-06-11T09:00:54.04716945Z	INFO	cert-bootstrap	cert/cert.go:90	Certificates ready and CA bundles injected
2026-06-11T09:00:54.047334642Z stderr F 2026-06-11T09:00:54.04720326Z	INFO	cert-bootstrap	cert/cert.go:92	Stopping bootstrap manager
2026-06-11T09:00:54.047348502Z stderr F 2026-06-11T09:00:54.04723235Z	INFO	cert-bootstrap	cert/cert.go:95	Waiting for the bootstrap manager to stop
2026-06-11T09:00:54.047353892Z stderr F 2026-06-11T09:00:54.047256221Z	INFO	manager/internal.go:571	Stopping and waiting for non leader election runnables
2026-06-11T09:00:54.047411763Z stderr F 2026-06-11T09:00:54.047314361Z	INFO	manager/internal.go:566	Stopping and waiting for warmup runnables
2026-06-11T09:00:54.047418043Z stderr F 2026-06-11T09:00:54.047360212Z	INFO	cert-rotation	rotator/rotator.go:320	stopping cert rotator controller
2026-06-11T09:00:54.047504734Z stderr F 2026-06-11T09:00:54.047413623Z	INFO	manager/internal.go:575	Stopping and waiting for leader election runnables
2026-06-11T09:00:54.047512644Z stderr F 2026-06-11T09:00:54.047442333Z	INFO	manager/internal.go:583	Stopping and waiting for caches
2026-06-11T09:00:54.047623476Z stderr F 2026-06-11T09:00:54.047475784Z	INFO	manager/internal.go:587	Stopping and waiting for webhooks
2026-06-11T09:00:54.047646746Z stderr F 2026-06-11T09:00:54.047507054Z	INFO	manager/internal.go:590	Stopping and waiting for HTTP servers
2026-06-11T09:00:54.047813878Z stderr F 2026-06-11T09:00:54.047575015Z	INFO	manager/server.go:68	shutting down server	{"name": "health probe", "addr": "[::]:8081"}
2026-06-11T09:00:54.047824908Z stderr F 2026-06-11T09:00:54.047689486Z	INFO	manager/internal.go:594	Wait completed, proceeding to shutdown the manager
2026-06-11T09:00:54.047855399Z stderr F 2026-06-11T09:00:54.047716277Z	INFO	cert-bootstrap	cert/cert.go:98	Certificate bootstrap complete
2026-06-11T09:00:54.047862119Z stderr F 2026-06-11T09:00:54.047721027Z	LEVEL(-3)	controller-runtime.cache	cache/reflector.go:434	Stopping reflector	{"type": "*v1.Secret", "resyncPeriod": "10h47m43.062576043s", "reflector": "sigs.k8s.io/controller-runtime/pkg/cache/internal/informers.go:128"}
2026-06-11T09:00:54.048002101Z stderr F 2026-06-11T09:00:54.047860169Z	LEVEL(-3)	controller-runtime.cache	cache/reflector.go:434	Stopping reflector	{"type": "admissionregistration.k8s.io/v1, Kind=ValidatingWebhookConfiguration", "resyncPeriod": "9h33m2.19508053s", "reflector": "sigs.k8s.io/controller-runtime/pkg/cache/internal/informers.go:128"}
2026-06-11T09:00:54.048017711Z stderr F 2026-06-11T09:00:54.04793209Z	LEVEL(-3)	controller-runtime.cache	cache/reflector.go:434	Stopping reflector	{"type": "apiextensions.k8s.io/v1, Kind=CustomResourceDefinition", "resyncPeriod": "10h3m38.089526432s", "reflector": "sigs.k8s.io/controller-runtime/pkg/cache/internal/informers.go:128"}
2026-06-11T09:00:54.048135052Z stderr F 2026-06-11T09:00:54.048010851Z	LEVEL(-3)	controller-runtime.cache	cache/reflector.go:434	Stopping reflector	{"type": "admissionregistration.k8s.io/v1, Kind=MutatingWebhookConfiguration", "resyncPeriod": "10h24m17.415975755s", "reflector": "sigs.k8s.io/controller-runtime/pkg/cache/internal/informers.go:128"}
2026-06-11T09:00:54.056153239Z stderr F 2026-06-11T09:00:54.055933366Z	INFO	setup	kueue/main.go:668	RoleTracker: leader election enabled
2026-06-11T09:00:54.058739303Z stderr F 2026-06-11T09:00:54.058551351Z	ERROR	setup	kueue/main.go:435	Skipping admission check controller setup: Provisioning Requests not supported (Possible cause: missing or unsupported cluster-autoscaler)	{"error": "no matches for kind \"ProvisioningRequest\" in version \"autoscaling.x-k8s.io/v1\""}
2026-06-11T09:00:54.058766234Z stderr F main.setupIndexes
2026-06-11T09:00:54.058770734Z stderr F 	/workspace/cmd/kueue/main.go:435
2026-06-11T09:00:54.058774204Z stderr F main.main
2026-06-11T09:00:54.058777544Z stderr F 	/workspace/cmd/kueue/main.go:354
2026-06-11T09:00:54.058780874Z stderr F runtime.main
2026-06-11T09:00:54.058784124Z stderr F 	/usr/local/go/src/runtime/proc.go:290
2026-06-11T09:00:54.06074744Z stderr F 2026-06-11T09:00:54.060571837Z	INFO	setup	kueue/main.go:614	Probe endpoints are configured on healthz and readyz
2026-06-11T09:00:54.06077092Z stderr F 2026-06-11T09:00:54.060696459Z	INFO	queue-manager	queue/manager.go:138	DRA reconcile channel connected
2026-06-11T09:00:54.062758396Z stderr F 2026-06-11T09:00:54.062564114Z	INFO	setup	kueue/main.go:487	Skipping provisioning controller setup: Provisioning Requests not supported (Possible cause: missing or unsupported cluster-autoscaler)
2026-06-11T09:00:54.063136321Z stderr F 2026-06-11T09:00:54.063002019Z	INFO	controller-runtime.builder	builder/webhook.go:221	Registering a mutating webhook	{"GVK": "workload.codeflare.dev/v1beta2, Kind=AppWrapper", "path": "/mutate-workload-codeflare-dev-v1beta2-appwrapper"}
2026-06-11T09:00:54.063297583Z stderr F 2026-06-11T09:00:54.063157192Z	INFO	controller-runtime.webhook	webhook/server.go:183	Registering webhook	{"path": "/mutate-workload-codeflare-dev-v1beta2-appwrapper"}
2026-06-11T09:00:54.063306994Z stderr F 2026-06-11T09:00:54.063209372Z	INFO	controller-runtime.builder	builder/webhook.go:268	Registering a validating webhook	{"GVK": "workload.codeflare.dev/v1beta2, Kind=AppWrapper", "path": "/validate-workload-codeflare-dev-v1beta2-appwrapper"}
2026-06-11T09:00:54.063477746Z stderr F 2026-06-11T09:00:54.063284423Z	INFO	controller-runtime.webhook	webhook/server.go:183	Registering webhook	{"path": "/validate-workload-codeflare-dev-v1beta2-appwrapper"}
2026-06-11T09:00:54.063640488Z stderr F 2026-06-11T09:00:54.063487946Z	LEVEL(-3)	jobframework/noop_controller.go:42	Skipped reconciler setup	{"gvk": "apps/v1, Kind=Deployment"}
2026-06-11T09:00:54.063649928Z stderr F 2026-06-11T09:00:54.063560987Z	INFO	controller-runtime.builder	builder/webhook.go:221	Registering a mutating webhook	{"GVK": "apps/v1, Kind=Deployment", "path": "/mutate-apps-v1-deployment"}
2026-06-11T09:00:54.06379194Z stderr F 2026-06-11T09:00:54.063660728Z	INFO	controller-runtime.webhook	webhook/server.go:183	Registering webhook	{"path": "/mutate-apps-v1-deployment"}
2026-06-11T09:00:54.06382308Z stderr F 2026-06-11T09:00:54.063726049Z	INFO	controller-runtime.builder	builder/webhook.go:268	Registering a validating webhook	{"GVK": "apps/v1, Kind=Deployment", "path": "/validate-apps-v1-deployment"}
2026-06-11T09:00:54.063979472Z stderr F 2026-06-11T09:00:54.063851491Z	INFO	controller-runtime.webhook	webhook/server.go:183	Registering webhook	{"path": "/validate-apps-v1-deployment"}
2026-06-11T09:00:54.064171415Z stderr F 2026-06-11T09:00:54.064043423Z	INFO	controller-runtime.builder	builder/webhook.go:221	Registering a mutating webhook	{"GVK": "batch/v1, Kind=Job", "path": "/mutate-batch-v1-job"}
2026-06-11T09:00:54.064313127Z stderr F 2026-06-11T09:00:54.064190015Z	INFO	controller-runtime.webhook	webhook/server.go:183	Registering webhook	{"path": "/mutate-batch-v1-job"}
2026-06-11T09:00:54.064323327Z stderr F 2026-06-11T09:00:54.064256096Z	INFO	controller-runtime.builder	builder/webhook.go:268	Registering a validating webhook	{"GVK": "batch/v1, Kind=Job", "path": "/validate-batch-v1-job"}
2026-06-11T09:00:54.064472459Z stderr F 2026-06-11T09:00:54.064325717Z	INFO	controller-runtime.webhook	webhook/server.go:183	Registering webhook	{"path": "/validate-batch-v1-job"}
2026-06-11T09:00:54.064647661Z stderr F 2026-06-11T09:00:54.06452163Z	INFO	controller-runtime.builder	builder/webhook.go:221	Registering a mutating webhook	{"GVK": "jobset.x-k8s.io/v1alpha2, Kind=JobSet", "path": "/mutate-jobset-x-k8s-io-v1alpha2-jobset"}
2026-06-11T09:00:54.064713912Z stderr F 2026-06-11T09:00:54.064628231Z	INFO	controller-runtime.webhook	webhook/server.go:183	Registering webhook	{"path": "/mutate-jobset-x-k8s-io-v1alpha2-jobset"}
2026-06-11T09:00:54.064752743Z stderr F 2026-06-11T09:00:54.064675282Z	INFO	controller-runtime.builder	builder/webhook.go:268	Registering a validating webhook	{"GVK": "jobset.x-k8s.io/v1alpha2, Kind=JobSet", "path": "/validate-jobset-x-k8s-io-v1alpha2-jobset"}
2026-06-11T09:00:54.064867664Z stderr F 2026-06-11T09:00:54.064773383Z	INFO	controller-runtime.webhook	webhook/server.go:183	Registering webhook	{"path": "/validate-jobset-x-k8s-io-v1alpha2-jobset"}
2026-06-11T09:00:54.067625181Z stderr F 2026-06-11T09:00:54.067404618Z	INFO	controller-runtime.builder	builder/webhook.go:221	Registering a mutating webhook	{"GVK": "kubeflow.org/v1, Kind=JAXJob", "path": "/mutate-kubeflow-org-v1-jaxjob"}
2026-06-11T09:00:54.067668572Z stderr F 2026-06-11T09:00:54.06756394Z	INFO	controller-runtime.webhook	webhook/server.go:183	Registering webhook	{"path": "/mutate-kubeflow-org-v1-jaxjob"}
2026-06-11T09:00:54.067761703Z stderr F 2026-06-11T09:00:54.067641681Z	INFO	controller-runtime.builder	builder/webhook.go:268	Registering a validating webhook	{"GVK": "kubeflow.org/v1, Kind=JAXJob", "path": "/validate-kubeflow-org-v1-jaxjob"}
2026-06-11T09:00:54.067855234Z stderr F 2026-06-11T09:00:54.067733453Z	INFO	controller-runtime.webhook	webhook/server.go:183	Registering webhook	{"path": "/validate-kubeflow-org-v1-jaxjob"}
2026-06-11T09:00:54.067924015Z stderr F 2026-06-11T09:00:54.067808254Z	INFO	setup	jobframework/setup.go:96	No matching API in the server for job framework, deferring setting up controller	{"jobFrameworkName": "kubeflow.org/jaxjob"}
2026-06-11T09:00:54.070764993Z stderr F 2026-06-11T09:00:54.070199075Z	INFO	controller-runtime.builder	builder/webhook.go:221	Registering a mutating webhook	{"GVK": "kubeflow.org/v1, Kind=PaddleJob", "path": "/mutate-kubeflow-org-v1-paddlejob"}
2026-06-11T09:00:54.070781453Z stderr F 2026-06-11T09:00:54.070355278Z	INFO	controller-runtime.webhook	webhook/server.go:183	Registering webhook	{"path": "/mutate-kubeflow-org-v1-paddlejob"}
2026-06-11T09:00:54.070785763Z stderr F 2026-06-11T09:00:54.070413638Z	INFO	controller-runtime.builder	builder/webhook.go:268	Registering a validating webhook	{"GVK": "kubeflow.org/v1, Kind=PaddleJob", "path": "/validate-kubeflow-org-v1-paddlejob"}
2026-06-11T09:00:54.070790213Z stderr F 2026-06-11T09:00:54.07050889Z	INFO	controller-runtime.webhook	webhook/server.go:183	Registering webhook	{"path": "/validate-kubeflow-org-v1-paddlejob"}
2026-06-11T09:00:54.070794473Z stderr F 2026-06-11T09:00:54.070582371Z	INFO	setup	jobframework/setup.go:96	No matching API in the server for job framework, deferring setting up controller	{"jobFrameworkName": "kubeflow.org/paddlejob"}
2026-06-11T09:00:54.075173162Z stderr F 2026-06-11T09:00:54.074945469Z	INFO	controller-runtime.builder	builder/webhook.go:221	Registering a mutating webhook	{"GVK": "kubeflow.org/v1, Kind=PyTorchJob", "path": "/mutate-kubeflow-org-v1-pytorchjob"}
2026-06-11T09:00:54.075207012Z stderr F 2026-06-11T09:00:54.0750743Z	INFO	controller-runtime.webhook	webhook/server.go:183	Registering webhook	{"path": "/mutate-kubeflow-org-v1-pytorchjob"}
2026-06-11T09:00:54.075314883Z stderr F 2026-06-11T09:00:54.075193402Z	INFO	controller-runtime.builder	builder/webhook.go:268	Registering a validating webhook	{"GVK": "kubeflow.org/v1, Kind=PyTorchJob", "path": "/validate-kubeflow-org-v1-pytorchjob"}
2026-06-11T09:00:54.075465145Z stderr F 2026-06-11T09:00:54.075349174Z	INFO	controller-runtime.webhook	webhook/server.go:183	Registering webhook	{"path": "/validate-kubeflow-org-v1-pytorchjob"}
2026-06-11T09:00:54.075508856Z stderr F 2026-06-11T09:00:54.075426795Z	INFO	setup	jobframework/setup.go:96	No matching API in the server for job framework, deferring setting up controller	{"jobFrameworkName": "kubeflow.org/pytorchjob"}
2026-06-11T09:00:54.079508849Z stderr F 2026-06-11T09:00:54.079308106Z	INFO	controller-runtime.builder	builder/webhook.go:221	Registering a mutating webhook	{"GVK": "kubeflow.org/v1, Kind=TFJob", "path": "/mutate-kubeflow-org-v1-tfjob"}
2026-06-11T09:00:54.079553839Z stderr F 2026-06-11T09:00:54.079473878Z	INFO	controller-runtime.webhook	webhook/server.go:183	Registering webhook	{"path": "/mutate-kubeflow-org-v1-tfjob"}
2026-06-11T09:00:54.079645841Z stderr F 2026-06-11T09:00:54.079518999Z	INFO	controller-runtime.builder	builder/webhook.go:268	Registering a validating webhook	{"GVK": "kubeflow.org/v1, Kind=TFJob", "path": "/validate-kubeflow-org-v1-tfjob"}
2026-06-11T09:00:54.079660521Z stderr F 2026-06-11T09:00:54.07958716Z	INFO	controller-runtime.webhook	webhook/server.go:183	Registering webhook	{"path": "/validate-kubeflow-org-v1-tfjob"}
2026-06-11T09:00:54.079789673Z stderr F 2026-06-11T09:00:54.079689251Z	INFO	setup	jobframework/setup.go:96	No matching API in the server for job framework, deferring setting up controller	{"jobFrameworkName": "kubeflow.org/tfjob"}
2026-06-11T09:00:54.083890237Z stderr F 2026-06-11T09:00:54.083661234Z	INFO	controller-runtime.builder	builder/webhook.go:221	Registering a mutating webhook	{"GVK": "kubeflow.org/v1, Kind=XGBoostJob", "path": "/mutate-kubeflow-org-v1-xgboostjob"}
2026-06-11T09:00:54.083922437Z stderr F 2026-06-11T09:00:54.083798436Z	INFO	controller-runtime.webhook	webhook/server.go:183	Registering webhook	{"path": "/mutate-kubeflow-org-v1-xgboostjob"}
2026-06-11T09:00:54.083977688Z stderr F 2026-06-11T09:00:54.083866406Z	INFO	controller-runtime.builder	builder/webhook.go:268	Registering a validating webhook	{"GVK": "kubeflow.org/v1, Kind=XGBoostJob", "path": "/validate-kubeflow-org-v1-xgboostjob"}
2026-06-11T09:00:54.084078139Z stderr F 2026-06-11T09:00:54.083978578Z	INFO	controller-runtime.webhook	webhook/server.go:183	Registering webhook	{"path": "/validate-kubeflow-org-v1-xgboostjob"}
2026-06-11T09:00:54.084218061Z stderr F 2026-06-11T09:00:54.084066969Z	INFO	setup	jobframework/setup.go:96	No matching API in the server for job framework, deferring setting up controller	{"jobFrameworkName": "kubeflow.org/xgboostjob"}
2026-06-11T09:00:54.087996052Z stderr F 2026-06-11T09:00:54.087785789Z	INFO	controller-runtime.builder	builder/webhook.go:221	Registering a mutating webhook	{"GVK": "kubeflow.org/v2beta1, Kind=MPIJob", "path": "/mutate-kubeflow-org-v2beta1-mpijob"}
2026-06-11T09:00:54.088026012Z stderr F 2026-06-11T09:00:54.087924541Z	INFO	controller-runtime.webhook	webhook/server.go:183	Registering webhook	{"path": "/mutate-kubeflow-org-v2beta1-mpijob"}
2026-06-11T09:00:54.088147074Z stderr F 2026-06-11T09:00:54.088006432Z	INFO	controller-runtime.builder	builder/webhook.go:268	Registering a validating webhook	{"GVK": "kubeflow.org/v2beta1, Kind=MPIJob", "path": "/validate-kubeflow-org-v2beta1-mpijob"}
2026-06-11T09:00:54.088288965Z stderr F 2026-06-11T09:00:54.088156414Z	INFO	controller-runtime.webhook	webhook/server.go:183	Registering webhook	{"path": "/validate-kubeflow-org-v2beta1-mpijob"}
2026-06-11T09:00:54.088371797Z stderr F 2026-06-11T09:00:54.088285635Z	INFO	setup	jobframework/setup.go:96	No matching API in the server for job framework, deferring setting up controller	{"jobFrameworkName": "kubeflow.org/mpijob"}
2026-06-11T09:00:54.089902397Z stderr F 2026-06-11T09:00:54.089724335Z	LEVEL(-3)	pod/pod_controller.go:128	Setting up Pod reconciler	{"concurrency": 5}
2026-06-11T09:00:54.089942908Z stderr F 2026-06-11T09:00:54.089838096Z	INFO	controller-runtime.builder	builder/webhook.go:221	Registering a mutating webhook	{"GVK": "/v1, Kind=Pod", "path": "/mutate--v1-pod"}
2026-06-11T09:00:54.090054509Z stderr F 2026-06-11T09:00:54.089933297Z	INFO	controller-runtime.webhook	webhook/server.go:183	Registering webhook	{"path": "/mutate--v1-pod"}
2026-06-11T09:00:54.090070439Z stderr F 2026-06-11T09:00:54.090007158Z	INFO	controller-runtime.builder	builder/webhook.go:268	Registering a validating webhook	{"GVK": "/v1, Kind=Pod", "path": "/validate--v1-pod"}
2026-06-11T09:00:54.090213911Z stderr F 2026-06-11T09:00:54.09011455Z	INFO	controller-runtime.webhook	webhook/server.go:183	Registering webhook	{"path": "/validate--v1-pod"}
2026-06-11T09:00:54.093795789Z stderr F 2026-06-11T09:00:54.093601916Z	LEVEL(-3)	leaderworkerset/leaderworkerset_reconciler.go:113	Setting up LeaderWorkerSet reconciler
2026-06-11T09:00:54.093925311Z stderr F 2026-06-11T09:00:54.093787639Z	INFO	controller-runtime.builder	builder/webhook.go:221	Registering a mutating webhook	{"GVK": "leaderworkerset.x-k8s.io/v1, Kind=LeaderWorkerSet", "path": "/mutate-leaderworkerset-x-k8s-io-v1-leaderworkerset"}
2026-06-11T09:00:54.094086783Z stderr F 2026-06-11T09:00:54.093947341Z	INFO	controller-runtime.webhook	webhook/server.go:183	Registering webhook	{"path": "/mutate-leaderworkerset-x-k8s-io-v1-leaderworkerset"}
2026-06-11T09:00:54.094116843Z stderr F 2026-06-11T09:00:54.094041332Z	INFO	controller-runtime.builder	builder/webhook.go:268	Registering a validating webhook	{"GVK": "leaderworkerset.x-k8s.io/v1, Kind=LeaderWorkerSet", "path": "/validate-leaderworkerset-x-k8s-io-v1-leaderworkerset"}
2026-06-11T09:00:54.094268615Z stderr F 2026-06-11T09:00:54.094141593Z	INFO	controller-runtime.webhook	webhook/server.go:183	Registering webhook	{"path": "/validate-leaderworkerset-x-k8s-io-v1-leaderworkerset"}
2026-06-11T09:00:54.097411157Z stderr F 2026-06-11T09:00:54.097195904Z	INFO	controller-runtime.builder	builder/webhook.go:221	Registering a mutating webhook	{"GVK": "ray.io/v1, Kind=RayCluster", "path": "/mutate-ray-io-v1-raycluster"}
2026-06-11T09:00:54.097439737Z stderr F 2026-06-11T09:00:54.097331706Z	INFO	controller-runtime.webhook	webhook/server.go:183	Registering webhook	{"path": "/mutate-ray-io-v1-raycluster"}
2026-06-11T09:00:54.097443997Z stderr F 2026-06-11T09:00:54.097392126Z	INFO	controller-runtime.builder	builder/webhook.go:268	Registering a validating webhook	{"GVK": "ray.io/v1, Kind=RayCluster", "path": "/validate-ray-io-v1-raycluster"}
2026-06-11T09:00:54.097598759Z stderr F 2026-06-11T09:00:54.097465997Z	INFO	controller-runtime.webhook	webhook/server.go:183	Registering webhook	{"path": "/validate-ray-io-v1-raycluster"}
2026-06-11T09:00:54.09770004Z stderr F 2026-06-11T09:00:54.097575169Z	INFO	setup	jobframework/setup.go:96	No matching API in the server for job framework, deferring setting up controller	{"jobFrameworkName": "ray.io/raycluster"}
2026-06-11T09:00:54.099709657Z stderr F 2026-06-11T09:00:54.099521344Z	INFO	controller-runtime.builder	builder/webhook.go:221	Registering a mutating webhook	{"GVK": "ray.io/v1, Kind=RayJob", "path": "/mutate-ray-io-v1-rayjob"}
2026-06-11T09:00:54.099734627Z stderr F 2026-06-11T09:00:54.099648496Z	INFO	controller-runtime.webhook	webhook/server.go:183	Registering webhook	{"path": "/mutate-ray-io-v1-rayjob"}
2026-06-11T09:00:54.099827979Z stderr F 2026-06-11T09:00:54.099707027Z	INFO	controller-runtime.builder	builder/webhook.go:268	Registering a validating webhook	{"GVK": "ray.io/v1, Kind=RayJob", "path": "/validate-ray-io-v1-rayjob"}
2026-06-11T09:00:54.099898099Z stderr F 2026-06-11T09:00:54.099787778Z	INFO	controller-runtime.webhook	webhook/server.go:183	Registering webhook	{"path": "/validate-ray-io-v1-rayjob"}
2026-06-11T09:00:54.099989781Z stderr F 2026-06-11T09:00:54.099888539Z	INFO	setup	jobframework/setup.go:96	No matching API in the server for job framework, deferring setting up controller	{"jobFrameworkName": "ray.io/rayjob"}
2026-06-11T09:00:54.104316808Z stderr F 2026-06-11T09:00:54.104106515Z	INFO	controller-runtime.builder	builder/webhook.go:221	Registering a mutating webhook	{"GVK": "ray.io/v1, Kind=RayService", "path": "/mutate-ray-io-v1-rayservice"}
2026-06-11T09:00:54.104389899Z stderr F 2026-06-11T09:00:54.104285008Z	INFO	controller-runtime.webhook	webhook/server.go:183	Registering webhook	{"path": "/mutate-ray-io-v1-rayservice"}
2026-06-11T09:00:54.10444069Z stderr F 2026-06-11T09:00:54.104343538Z	INFO	controller-runtime.builder	builder/webhook.go:268	Registering a validating webhook	{"GVK": "ray.io/v1, Kind=RayService", "path": "/validate-ray-io-v1-rayservice"}
2026-06-11T09:00:54.10450448Z stderr F 2026-06-11T09:00:54.104426789Z	INFO	controller-runtime.webhook	webhook/server.go:183	Registering webhook	{"path": "/validate-ray-io-v1-rayservice"}
2026-06-11T09:00:54.104616162Z stderr F 2026-06-11T09:00:54.104511261Z	INFO	setup	jobframework/setup.go:96	No matching API in the server for job framework, deferring setting up controller	{"jobFrameworkName": "ray.io/rayservice"}
2026-06-11T09:00:54.104678223Z stderr F 2026-06-11T09:00:54.104604882Z	INFO	controller-runtime.builder	builder/webhook.go:221	Registering a mutating webhook	{"GVK": "sparkoperator.k8s.io/v1beta2, Kind=SparkApplication", "path": "/mutate-sparkoperator-k8s-io-v1beta2-sparkapplication"}
2026-06-11T09:00:54.104808064Z stderr F 2026-06-11T09:00:54.104700983Z	INFO	controller-runtime.webhook	webhook/server.go:183	Registering webhook	{"path": "/mutate-sparkoperator-k8s-io-v1beta2-sparkapplication"}
2026-06-11T09:00:54.104821565Z stderr F 2026-06-11T09:00:54.104751454Z	INFO	controller-runtime.builder	builder/webhook.go:268	Registering a validating webhook	{"GVK": "sparkoperator.k8s.io/v1beta2, Kind=SparkApplication", "path": "/validate-sparkoperator-k8s-io-v1beta2-sparkapplication"}
2026-06-11T09:00:54.104951536Z stderr F 2026-06-11T09:00:54.104842365Z	INFO	controller-runtime.webhook	webhook/server.go:183	Registering webhook	{"path": "/validate-sparkoperator-k8s-io-v1beta2-sparkapplication"}
2026-06-11T09:00:54.106193693Z stderr F 2026-06-11T09:00:54.10594342Z	LEVEL(-3)	statefulset/statefulset_reconciler.go:321	Setting up StatefulSet reconciler
2026-06-11T09:00:54.106214833Z stderr F 2026-06-11T09:00:54.106025021Z	LEVEL(-3)	statefulset/statefulset_pod_reconciler.go:68	Setting up Pod reconciler for StatefulSet
2026-06-11T09:00:54.106220363Z stderr F 2026-06-11T09:00:54.106085132Z	INFO	controller-runtime.builder	builder/webhook.go:221	Registering a mutating webhook	{"GVK": "apps/v1, Kind=StatefulSet", "path": "/mutate-apps-v1-statefulset"}
2026-06-11T09:00:54.106363535Z stderr F 2026-06-11T09:00:54.106205203Z	INFO	controller-runtime.webhook	webhook/server.go:183	Registering webhook	{"path": "/mutate-apps-v1-statefulset"}
2026-06-11T09:00:54.106373565Z stderr F 2026-06-11T09:00:54.106255704Z	INFO	controller-runtime.builder	builder/webhook.go:268	Registering a validating webhook	{"GVK": "apps/v1, Kind=StatefulSet", "path": "/validate-apps-v1-statefulset"}
2026-06-11T09:00:54.106385596Z stderr F 2026-06-11T09:00:54.106329335Z	INFO	controller-runtime.webhook	webhook/server.go:183	Registering webhook	{"path": "/validate-apps-v1-statefulset"}
2026-06-11T09:00:54.109015901Z stderr F 2026-06-11T09:00:54.108842248Z	INFO	controller-runtime.builder	builder/webhook.go:221	Registering a mutating webhook	{"GVK": "trainer.kubeflow.org/v1alpha1, Kind=TrainJob", "path": "/mutate-trainer-kubeflow-org-v1alpha1-trainjob"}
2026-06-11T09:00:54.109042021Z stderr F 2026-06-11T09:00:54.10896736Z	INFO	controller-runtime.webhook	webhook/server.go:183	Registering webhook	{"path": "/mutate-trainer-kubeflow-org-v1alpha1-trainjob"}
2026-06-11T09:00:54.109053021Z stderr F 2026-06-11T09:00:54.109019081Z	INFO	controller-runtime.builder	builder/webhook.go:268	Registering a validating webhook	{"GVK": "trainer.kubeflow.org/v1alpha1, Kind=TrainJob", "path": "/validate-trainer-kubeflow-org-v1alpha1-trainjob"}
2026-06-11T09:00:54.109184333Z stderr F 2026-06-11T09:00:54.109088692Z	INFO	controller-runtime.webhook	webhook/server.go:183	Registering webhook	{"path": "/validate-trainer-kubeflow-org-v1alpha1-trainjob"}
2026-06-11T09:00:54.109251904Z stderr F 2026-06-11T09:00:54.109158643Z	INFO	setup	jobframework/setup.go:96	No matching API in the server for job framework, deferring setting up controller	{"jobFrameworkName": "trainer.kubeflow.org/trainjob"}
2026-06-11T09:00:54.109380435Z stderr F 2026-06-11T09:00:54.109266444Z	INFO	controller-runtime.builder	builder/webhook.go:221	Registering a mutating webhook	{"GVK": "kueue.x-k8s.io/v1beta2, Kind=Workload", "path": "/mutate-kueue-x-k8s-io-v1beta2-workload"}
2026-06-11T09:00:54.109447196Z stderr F 2026-06-11T09:00:54.109351115Z	INFO	controller-runtime.webhook	webhook/server.go:183	Registering webhook	{"path": "/mutate-kueue-x-k8s-io-v1beta2-workload"}
2026-06-11T09:00:54.109576228Z stderr F 2026-06-11T09:00:54.109434316Z	INFO	controller-runtime.builder	builder/webhook.go:268	Registering a validating webhook	{"GVK": "kueue.x-k8s.io/v1beta2, Kind=Workload", "path": "/validate-kueue-x-k8s-io-v1beta2-workload"}
2026-06-11T09:00:54.109622889Z stderr F 2026-06-11T09:00:54.109516217Z	INFO	controller-runtime.webhook	webhook/server.go:183	Registering webhook	{"path": "/validate-kueue-x-k8s-io-v1beta2-workload"}
2026-06-11T09:00:54.109953113Z stderr F 2026-06-11T09:00:54.10968865Z	INFO	controller-runtime.webhook	webhook/server.go:183	Registering webhook	{"path": "/convert"}
2026-06-11T09:00:54.109964703Z stderr F 2026-06-11T09:00:54.10971546Z	INFO	controller-runtime.builder	builder/webhook.go:319	Conversion webhook enabled	{"GVK": "kueue.x-k8s.io/v1beta2, Kind=Workload"}
2026-06-11T09:00:54.109974643Z stderr F 2026-06-11T09:00:54.109762741Z	INFO	controller-runtime.builder	builder/webhook.go:221	Registering a mutating webhook	{"GVK": "kueue.x-k8s.io/v1beta2, Kind=ResourceFlavor", "path": "/mutate-kueue-x-k8s-io-v1beta2-resourceflavor"}
2026-06-11T09:00:54.109979933Z stderr F 2026-06-11T09:00:54.109860942Z	INFO	controller-runtime.webhook	webhook/server.go:183	Registering webhook	{"path": "/mutate-kueue-x-k8s-io-v1beta2-resourceflavor"}
2026-06-11T09:00:54.109993564Z stderr F 2026-06-11T09:00:54.109907293Z	INFO	controller-runtime.builder	builder/webhook.go:268	Registering a validating webhook	{"GVK": "kueue.x-k8s.io/v1beta2, Kind=ResourceFlavor", "path": "/validate-kueue-x-k8s-io-v1beta2-resourceflavor"}
2026-06-11T09:00:54.110175356Z stderr F 2026-06-11T09:00:54.110046374Z	INFO	controller-runtime.webhook	webhook/server.go:183	Registering webhook	{"path": "/validate-kueue-x-k8s-io-v1beta2-resourceflavor"}
2026-06-11T09:00:54.110358219Z stderr F 2026-06-11T09:00:54.110184786Z	INFO	controller-runtime.builder	builder/webhook.go:221	Registering a mutating webhook	{"GVK": "kueue.x-k8s.io/v1beta2, Kind=ClusterQueue", "path": "/mutate-kueue-x-k8s-io-v1beta2-clusterqueue"}
2026-06-11T09:00:54.110377859Z stderr F 2026-06-11T09:00:54.110305198Z	INFO	controller-runtime.webhook	webhook/server.go:183	Registering webhook	{"path": "/mutate-kueue-x-k8s-io-v1beta2-clusterqueue"}
2026-06-11T09:00:54.11046024Z stderr F 2026-06-11T09:00:54.110356638Z	INFO	controller-runtime.builder	builder/webhook.go:268	Registering a validating webhook	{"GVK": "kueue.x-k8s.io/v1beta2, Kind=ClusterQueue", "path": "/validate-kueue-x-k8s-io-v1beta2-clusterqueue"}
2026-06-11T09:00:54.110647212Z stderr F 2026-06-11T09:00:54.11050285Z	INFO	controller-runtime.webhook	webhook/server.go:183	Registering webhook	{"path": "/validate-kueue-x-k8s-io-v1beta2-clusterqueue"}
2026-06-11T09:00:54.110883186Z stderr F 2026-06-11T09:00:54.110711213Z	INFO	controller-runtime.builder	builder/webhook.go:319	Conversion webhook enabled	{"GVK": "kueue.x-k8s.io/v1beta2, Kind=ClusterQueue"}
2026-06-11T09:00:54.110894106Z stderr F 2026-06-11T09:00:54.110777324Z	INFO	controller-runtime.builder	builder/webhook.go:268	Registering a validating webhook	{"GVK": "kueue.x-k8s.io/v1beta2, Kind=Cohort", "path": "/validate-kueue-x-k8s-io-v1beta2-cohort"}
2026-06-11T09:00:54.111004337Z stderr F 2026-06-11T09:00:54.110852435Z	INFO	controller-runtime.webhook	webhook/server.go:183	Registering webhook	{"path": "/validate-kueue-x-k8s-io-v1beta2-cohort"}
2026-06-11T09:00:54.111014737Z stderr F 2026-06-11T09:00:54.110919816Z	INFO	controller-runtime.builder	builder/webhook.go:319	Conversion webhook enabled	{"GVK": "kueue.x-k8s.io/v1beta2, Kind=Cohort"}
2026-06-11T09:00:54.111029707Z stderr F 2026-06-11T09:00:54.110978947Z	INFO	controller-runtime.builder	builder/webhook.go:319	Conversion webhook enabled	{"GVK": "kueue.x-k8s.io/v1beta2, Kind=LocalQueue"}
2026-06-11T09:00:54.11121179Z stderr F 2026-06-11T09:00:54.111010477Z	INFO	setup	kueue/main.go:420	Starting manager
2026-06-11T09:00:54.1112301Z stderr F 2026-06-11T09:00:54.111116189Z	INFO	controller-runtime.metrics	server/server.go:208	Starting metrics server
2026-06-11T09:00:54.119655282Z stderr F 2026-06-11T09:00:54.119448759Z	INFO	manager/server.go:83	starting server	{"name": "health probe", "addr": "[::]:8081"}
2026-06-11T09:00:54.119711702Z stderr F 2026-06-11T09:00:54.119566441Z	INFO	controller-runtime.webhook	webhook/server.go:191	Starting webhook server
2026-06-11T09:00:54.120188449Z stderr F 2026-06-11T09:00:54.120072817Z	INFO	controller-runtime.certwatcher	certwatcher/certwatcher.go:214	Updated current TLS certificate	{"cert": "/tmp/k8s-webhook-server/serving-certs/tls.crt", "key": "/tmp/k8s-webhook-server/serving-certs/tls.key"}
2026-06-11T09:00:54.120363221Z stderr F 2026-06-11T09:00:54.120241029Z	INFO	controller-runtime.webhook	webhook/server.go:242	Serving webhook server	{"host": "", "port": 9443}
2026-06-11T09:00:54.120519523Z stderr F 2026-06-11T09:00:54.120393091Z	LEVEL(-3)	controller-runtime.cache	cache/reflector.go:425	Starting reflector	{"type": "*v1beta2.MultiKueueConfig", "resyncPeriod": "9h5m19.706285212s", "reflector": "sigs.k8s.io/controller-runtime/pkg/cache/internal/informers.go:128"}
2026-06-11T09:00:54.120525853Z stderr F 2026-06-11T09:00:54.120433192Z	LEVEL(-3)	controller-runtime.cache	cache/reflector.go:472	Listing and watching	{"type": "*v1beta2.MultiKueueConfig", "reflector": "sigs.k8s.io/controller-runtime/pkg/cache/internal/informers.go:128"}
2026-06-11T09:00:54.120907858Z stderr F 2026-06-11T09:00:54.120765556Z	INFO	controller-runtime.certwatcher	certwatcher/certwatcher.go:136	Starting certificate poll+watcher	{"cert": "/tmp/k8s-webhook-server/serving-certs/tls.crt", "key": "/tmp/k8s-webhook-server/serving-certs/tls.key", "interval": "10s"}
2026-06-11T09:00:54.120994179Z stderr F 2026-06-11T09:00:54.120884488Z	LEVEL(-3)	controller-runtime.cache	cache/reflector.go:425	Starting reflector	{"type": "*v1beta2.Workload", "resyncPeriod": "9h24m33.69274067s", "reflector": "sigs.k8s.io/controller-runtime/pkg/cache/internal/informers.go:128"}
2026-06-11T09:00:54.121001759Z stderr F 2026-06-11T09:00:54.120931259Z	LEVEL(-3)	controller-runtime.cache	cache/reflector.go:472	Listing and watching	{"type": "*v1beta2.Workload", "reflector": "sigs.k8s.io/controller-runtime/pkg/cache/internal/informers.go:128"}
2026-06-11T09:00:54.121283933Z stderr F 2026-06-11T09:00:54.121160852Z	LEVEL(-3)	controller-runtime.cache	cache/reflector.go:425	Starting reflector	{"type": "*v1.Pod", "resyncPeriod": "9h34m56.763141901s", "reflector": "sigs.k8s.io/controller-runtime/pkg/cache/internal/informers.go:128"}
2026-06-11T09:00:54.121292713Z stderr F 2026-06-11T09:00:54.121199612Z	LEVEL(-3)	controller-runtime.cache	cache/reflector.go:472	Listing and watching	{"type": "*v1.Pod", "reflector": "sigs.k8s.io/controller-runtime/pkg/cache/internal/informers.go:128"}
2026-06-11T09:00:54.121600147Z stderr F 2026-06-11T09:00:54.121449175Z	LEVEL(-3)	controller-runtime.cache	cache/reflector.go:425	Starting reflector	{"type": "*v1beta2.ResourceFlavor", "resyncPeriod": "10h48m37.041594849s", "reflector": "sigs.k8s.io/controller-runtime/pkg/cache/internal/informers.go:128"}
2026-06-11T09:00:54.121611628Z stderr F 2026-06-11T09:00:54.121491896Z	LEVEL(-3)	controller-runtime.cache	cache/reflector.go:472	Listing and watching	{"type": "*v1beta2.ResourceFlavor", "reflector": "sigs.k8s.io/controller-runtime/pkg/cache/internal/informers.go:128"}
2026-06-11T09:00:54.121925942Z stderr F 2026-06-11T09:00:54.121726409Z	LEVEL(-3)	controller-runtime.cache	cache/reflector.go:425	Starting reflector	{"type": "*v1beta2.MultiKueueCluster", "resyncPeriod": "9h44m39.81056045s", "reflector": "sigs.k8s.io/controller-runtime/pkg/cache/internal/informers.go:128"}
2026-06-11T09:00:54.121966702Z stderr F 2026-06-11T09:00:54.121837661Z	LEVEL(-3)	controller-runtime.cache	cache/reflector.go:472	Listing and watching	{"type": "*v1beta2.MultiKueueCluster", "reflector": "sigs.k8s.io/controller-runtime/pkg/cache/internal/informers.go:128"}
2026-06-11T09:00:54.122697872Z stderr F 2026-06-11T09:00:54.122354607Z	LEVEL(-3)	controller-runtime.cache	cache/reflector.go:425	Starting reflector	{"type": "*v1beta2.AdmissionCheck", "resyncPeriod": "9h26m21.105149853s", "reflector": "sigs.k8s.io/controller-runtime/pkg/cache/internal/informers.go:128"}
2026-06-11T09:00:54.122725772Z stderr F 2026-06-11T09:00:54.122416988Z	LEVEL(-3)	controller-runtime.cache	cache/reflector.go:472	Listing and watching	{"type": "*v1beta2.AdmissionCheck", "reflector": "sigs.k8s.io/controller-runtime/pkg/cache/internal/informers.go:128"}
2026-06-11T09:00:54.122896575Z stderr F 2026-06-11T09:00:54.122714312Z	LEVEL(-3)	controller-runtime.cache	cache/reflector.go:425	Starting reflector	{"type": "*v1beta2.ClusterQueue", "resyncPeriod": "10h39m24.295184027s", "reflector": "sigs.k8s.io/controller-runtime/pkg/cache/internal/informers.go:128"}
2026-06-11T09:00:54.122905315Z stderr F 2026-06-11T09:00:54.122767733Z	LEVEL(-3)	controller-runtime.cache	cache/reflector.go:472	Listing and watching	{"type": "*v1beta2.ClusterQueue", "reflector": "sigs.k8s.io/controller-runtime/pkg/cache/internal/informers.go:128"}
2026-06-11T09:00:54.123223789Z stderr F 2026-06-11T09:00:54.123040986Z	LEVEL(-3)	controller-runtime.cache	cache/reflector.go:425	Starting reflector	{"type": "*v1.Job", "resyncPeriod": "9h18m53.971213394s", "reflector": "sigs.k8s.io/controller-runtime/pkg/cache/internal/informers.go:128"}
2026-06-11T09:00:54.123248269Z stderr F 2026-06-11T09:00:54.123094107Z	LEVEL(-3)	controller-runtime.cache	cache/reflector.go:472	Listing and watching	{"type": "*v1.Job", "reflector": "sigs.k8s.io/controller-runtime/pkg/cache/internal/informers.go:128"}
2026-06-11T09:00:54.123744216Z stderr F 2026-06-11T09:00:54.123484232Z	LEVEL(-3)	controller-runtime.cache	cache/reflector.go:425	Starting reflector	{"type": "*v1beta2.LocalQueue", "resyncPeriod": "9h42m12.204309917s", "reflector": "sigs.k8s.io/controller-runtime/pkg/cache/internal/informers.go:128"}
2026-06-11T09:00:54.123840097Z stderr F 2026-06-11T09:00:54.123624474Z	LEVEL(-3)	controller-runtime.cache	cache/reflector.go:472	Listing and watching	{"type": "*v1beta2.LocalQueue", "reflector": "sigs.k8s.io/controller-runtime/pkg/cache/internal/informers.go:128"}
2026-06-11T09:00:54.124142651Z stderr F 2026-06-11T09:00:54.123976299Z	LEVEL(-3)	controller-runtime.cache	cache/reflector.go:425	Starting reflector	{"type": "*v1.LimitRange", "resyncPeriod": "9h19m35.100569736s", "reflector": "sigs.k8s.io/controller-runtime/pkg/cache/internal/informers.go:128"}
2026-06-11T09:00:54.124152871Z stderr F 2026-06-11T09:00:54.12402558Z	LEVEL(-3)	controller-runtime.cache	cache/reflector.go:472	Listing and watching	{"type": "*v1.LimitRange", "reflector": "sigs.k8s.io/controller-runtime/pkg/cache/internal/informers.go:128"}
2026-06-11T09:00:54.136396024Z stderr F 2026-06-11T09:00:54.136180621Z	LEVEL(-2)	controller-runtime.cache	cache/reflector.go:507	Caches populated	{"type": "*v1.LimitRange", "reflector": "sigs.k8s.io/controller-runtime/pkg/cache/internal/informers.go:128"}
2026-06-11T09:00:54.153020505Z stderr F 2026-06-11T09:00:54.152854383Z	LEVEL(-2)	controller-runtime.cache	cache/reflector.go:507	Caches populated	{"type": "*v1beta2.Workload", "reflector": "sigs.k8s.io/controller-runtime/pkg/cache/internal/informers.go:128"}
2026-06-11T09:00:54.153145417Z stderr F 2026-06-11T09:00:54.153025255Z	LEVEL(-2)	controller-runtime.cache	cache/reflector.go:507	Caches populated	{"type": "*v1beta2.MultiKueueConfig", "reflector": "sigs.k8s.io/controller-runtime/pkg/cache/internal/informers.go:128"}
2026-06-11T09:00:54.155519788Z stderr F 2026-06-11T09:00:54.155373086Z	LEVEL(-2)	controller-runtime.cache	cache/reflector.go:507	Caches populated	{"type": "*v1.Pod", "reflector": "sigs.k8s.io/controller-runtime/pkg/cache/internal/informers.go:128"}
2026-06-11T09:00:54.155798672Z stderr F 2026-06-11T09:00:54.15567521Z	LEVEL(-2)	controller-runtime.cache	cache/reflector.go:507	Caches populated	{"type": "*v1beta2.ResourceFlavor", "reflector": "sigs.k8s.io/controller-runtime/pkg/cache/internal/informers.go:128"}
2026-06-11T09:00:54.155972854Z stderr F 2026-06-11T09:00:54.155860753Z	LEVEL(-2)	controller-runtime.cache	cache/reflector.go:507	Caches populated	{"type": "*v1beta2.MultiKueueCluster", "reflector": "sigs.k8s.io/controller-runtime/pkg/cache/internal/informers.go:128"}
2026-06-11T09:00:54.156597532Z stderr F 2026-06-11T09:00:54.156483171Z	LEVEL(-2)	controller-runtime.cache	cache/reflector.go:507	Caches populated	{"type": "*v1beta2.ClusterQueue", "reflector": "sigs.k8s.io/controller-runtime/pkg/cache/internal/informers.go:128"}
2026-06-11T09:00:54.156754714Z stderr F 2026-06-11T09:00:54.156639913Z	LEVEL(-2)	controller-runtime.cache	cache/reflector.go:507	Caches populated	{"type": "*v1beta2.AdmissionCheck", "reflector": "sigs.k8s.io/controller-runtime/pkg/cache/internal/informers.go:128"}
2026-06-11T09:00:54.156938587Z stderr F 2026-06-11T09:00:54.156826765Z	LEVEL(-2)	controller-runtime.cache	cache/reflector.go:507	Caches populated	{"type": "*v1.Job", "reflector": "sigs.k8s.io/controller-runtime/pkg/cache/internal/informers.go:128"}
2026-06-11T09:00:54.157337562Z stderr F 2026-06-11T09:00:54.157231501Z	LEVEL(-2)	controller-runtime.cache	cache/reflector.go:507	Caches populated	{"type": "*v1beta2.LocalQueue", "reflector": "sigs.k8s.io/controller-runtime/pkg/cache/internal/informers.go:128"}
2026-06-11T09:00:54.232292106Z stderr F 2026-06-11T09:00:54.232083903Z	INFO	admissioncheck-reconciler	controller/controller.go:369	Starting EventSource	{"replica-role": "follower", "source": "channel source: 0x2634634a15e0"}
2026-06-11T09:00:54.232842783Z stderr F 2026-06-11T09:00:54.232700341Z	LEVEL(-3)	controller-runtime.cache	cache/reflector.go:425	Starting reflector	{"type": "apiextensions.k8s.io/v1, Kind=CustomResourceDefinition", "resyncPeriod": "10h16m8.31438267s", "reflector": "sigs.k8s.io/controller-runtime/pkg/cache/internal/informers.go:128"}
2026-06-11T09:00:54.232850683Z stderr F 2026-06-11T09:00:54.232754672Z	LEVEL(-3)	controller-runtime.cache	cache/reflector.go:472	Listing and watching	{"type": "apiextensions.k8s.io/v1, Kind=CustomResourceDefinition", "reflector": "sigs.k8s.io/controller-runtime/pkg/cache/internal/informers.go:128"}
2026-06-11T09:00:54.233512002Z stderr F 2026-06-11T09:00:54.233285629Z	INFO	resourceflavor-reconciler	controller/controller.go:369	Starting EventSource	{"replica-role": "follower", "source": "channel source: 0x2634634a1490"}
2026-06-11T09:00:54.233648304Z stderr F 2026-06-11T09:00:54.233515662Z	INFO	localqueue-reconciler	controller/controller.go:369	Starting EventSource	{"replica-role": "follower", "source": "channel source: 0x2634634a1730"}
2026-06-11T09:00:54.233659364Z stderr F 2026-06-11T09:00:54.233594673Z	INFO	admissioncheck-reconciler	controller/controller.go:369	Starting EventSource	{"replica-role": "follower", "source": "kind source: *v1beta2.AdmissionCheck"}
2026-06-11T09:00:54.233906117Z stderr F 2026-06-11T09:00:54.233740445Z	LEVEL(-3)	controller-runtime.cache	cache/reflector.go:425	Starting reflector	{"type": "*v1.Secret", "resyncPeriod": "9h19m7.916722387s", "reflector": "sigs.k8s.io/controller-runtime/pkg/cache/internal/informers.go:128"}
2026-06-11T09:00:54.233916808Z stderr F 2026-06-11T09:00:54.233775286Z	LEVEL(-3)	controller-runtime.cache	cache/reflector.go:472	Listing and watching	{"type": "*v1.Secret", "reflector": "sigs.k8s.io/controller-runtime/pkg/cache/internal/informers.go:128"}
2026-06-11T09:00:54.234304363Z stderr F 2026-06-11T09:00:54.234144051Z	LEVEL(-3)	controller-runtime.cache	cache/reflector.go:425	Starting reflector	{"type": "admissionregistration.k8s.io/v1, Kind=ValidatingWebhookConfiguration", "resyncPeriod": "9h9m8.928535579s", "reflector": "sigs.k8s.io/controller-runtime/pkg/cache/internal/informers.go:128"}
2026-06-11T09:00:54.234315973Z stderr F 2026-06-11T09:00:54.234189551Z	LEVEL(-3)	controller-runtime.cache	cache/reflector.go:472	Listing and watching	{"type": "admissionregistration.k8s.io/v1, Kind=ValidatingWebhookConfiguration", "reflector": "sigs.k8s.io/controller-runtime/pkg/cache/internal/informers.go:128"}
2026-06-11T09:00:54.234708598Z stderr F 2026-06-11T09:00:54.234545006Z	LEVEL(-3)	controller-runtime.cache	cache/reflector.go:425	Starting reflector	{"type": "admissionregistration.k8s.io/v1, Kind=MutatingWebhookConfiguration", "resyncPeriod": "9h13m47.504028826s", "reflector": "sigs.k8s.io/controller-runtime/pkg/cache/internal/informers.go:128"}
2026-06-11T09:00:54.234735128Z stderr F 2026-06-11T09:00:54.234586306Z	LEVEL(-3)	controller-runtime.cache	cache/reflector.go:472	Listing and watching	{"type": "admissionregistration.k8s.io/v1, Kind=MutatingWebhookConfiguration", "reflector": "sigs.k8s.io/controller-runtime/pkg/cache/internal/informers.go:128"}
2026-06-11T09:00:54.235447608Z stderr F 2026-06-11T09:00:54.23488423Z	INFO	resourceflavor-reconciler	controller/controller.go:369	Starting EventSource	{"replica-role": "follower", "source": "kind source: *v1beta2.ResourceFlavor"}
2026-06-11T09:00:54.235470238Z stderr F 2026-06-11T09:00:54.235133894Z	INFO	workloadpriorityclass-reconciler	controller/controller.go:369	Starting EventSource	{"replica-role": "follower", "source": "kind source: *v1beta2.WorkloadPriorityClass"}
2026-06-11T09:00:54.23559463Z stderr F 2026-06-11T09:00:54.235444438Z	INFO	clusterqueue-reconciler	controller/controller.go:369	Starting EventSource	{"replica-role": "follower", "source": "channel source: 0x2634634a18f0"}
2026-06-11T09:00:54.235785012Z stderr F 2026-06-11T09:00:54.235642951Z	INFO	localqueue-reconciler	controller/controller.go:369	Starting EventSource	{"replica-role": "follower", "source": "kind source: *v1beta2.ClusterQueue"}
2026-06-11T09:00:54.235917894Z stderr F 2026-06-11T09:00:54.235814943Z	INFO	localqueue-reconciler	controller/controller.go:369	Starting EventSource	{"replica-role": "follower", "source": "kind source: *v1beta2.LocalQueue"}
2026-06-11T09:00:54.236235188Z stderr F 2026-06-11T09:00:54.236091537Z	LEVEL(-2)	resourceflavor-reconciler	core/resourceflavor_controller.go:140	ResourceFlavor create event	{"replica-role": "follower", "resourceFlavor": {"name":"rf-lws-e2e-6k8rv"}}
2026-06-11T09:00:54.236569393Z stderr F 2026-06-11T09:00:54.23634114Z	LEVEL(-3)	controller-runtime.cache	cache/reflector.go:425	Starting reflector	{"type": "*v1beta2.WorkloadPriorityClass", "resyncPeriod": "9h25m2.255708801s", "reflector": "sigs.k8s.io/controller-runtime/pkg/cache/internal/informers.go:128"}
2026-06-11T09:00:54.236581533Z stderr F 2026-06-11T09:00:54.236392371Z	LEVEL(-3)	controller-runtime.cache	cache/reflector.go:472	Listing and watching	{"type": "*v1beta2.WorkloadPriorityClass", "reflector": "sigs.k8s.io/controller-runtime/pkg/cache/internal/informers.go:128"}
2026-06-11T09:00:54.236983908Z stderr F 2026-06-11T09:00:54.236785386Z	INFO	cohort-reconciler	controller/controller.go:369	Starting EventSource	{"replica-role": "follower", "source": "channel source: 0x2634634a1810"}
2026-06-11T09:00:54.23711325Z stderr F 2026-06-11T09:00:54.236972368Z	INFO	tas-topology-controller	controller/controller.go:369	Starting EventSource	{"replica-role": "follower", "source": "kind source: *v1beta2.Topology"}
2026-06-11T09:00:54.237284862Z stderr F 2026-06-11T09:00:54.237163451Z	INFO	clusterqueue-reconciler	controller/controller.go:369	Starting EventSource	{"replica-role": "follower", "source": "kind source: *v1.Namespace"}
2026-06-11T09:00:54.237428584Z stderr F 2026-06-11T09:00:54.237299423Z	INFO	clusterqueue-reconciler	controller/controller.go:369	Starting EventSource	{"replica-role": "follower", "source": "kind source: *v1beta2.ClusterQueue"}
2026-06-11T09:00:54.237689558Z stderr F 2026-06-11T09:00:54.237564316Z	LEVEL(-2)	localqueue-reconciler	core/localqueue_controller.go:238	LocalQueue create event	{"replica-role": "follower", "localQueue": {"name":"lq-lws-e2e-6k8rv","namespace":"lws-e2e-6k8rv"}}
2026-06-11T09:00:54.237798179Z stderr F 2026-06-11T09:00:54.237688088Z	INFO	cohort-reconciler	controller/controller.go:369	Starting EventSource	{"replica-role": "follower", "source": "kind source: *v1beta2.Cohort"}
2026-06-11T09:00:54.238039983Z stderr F 2026-06-11T09:00:54.237904501Z	INFO	workload-reconciler	controller/controller.go:369	Starting EventSource	{"replica-role": "follower", "source": "channel source: 0x2634634a19d0"}
2026-06-11T09:00:54.238117514Z stderr F 2026-06-11T09:00:54.238027232Z	INFO	tas-topology-ungater	controller/controller.go:369	Starting EventSource	{"replica-role": "follower", "source": "kind source: *v1beta2.Workload"}
2026-06-11T09:00:54.238273686Z stderr F 2026-06-11T09:00:54.238113354Z	INFO	tas-topology-controller	controller/controller.go:369	Starting EventSource	{"replica-role": "follower", "source": "kind source: *v1beta2.ResourceFlavor"}
2026-06-11T09:00:54.238473468Z stderr F 2026-06-11T09:00:54.238325126Z	LEVEL(-3)	controller-runtime.cache	cache/reflector.go:425	Starting reflector	{"type": "*v1beta2.Topology", "resyncPeriod": "9h58m51.748595995s", "reflector": "sigs.k8s.io/controller-runtime/pkg/cache/internal/informers.go:128"}
2026-06-11T09:00:54.238483188Z stderr F 2026-06-11T09:00:54.238375537Z	LEVEL(-3)	controller-runtime.cache	cache/reflector.go:472	Listing and watching	{"type": "*v1beta2.Topology", "reflector": "sigs.k8s.io/controller-runtime/pkg/cache/internal/informers.go:128"}
2026-06-11T09:00:54.238858403Z stderr F 2026-06-11T09:00:54.238714942Z	LEVEL(-3)	controller-runtime.cache	cache/reflector.go:425	Starting reflector	{"type": "*v1.Namespace", "resyncPeriod": "10h36m17.889682016s", "reflector": "sigs.k8s.io/controller-runtime/pkg/cache/internal/informers.go:128"}
2026-06-11T09:00:54.238867564Z stderr F 2026-06-11T09:00:54.238765962Z	LEVEL(-3)	controller-runtime.cache	cache/reflector.go:472	Listing and watching	{"type": "*v1.Namespace", "reflector": "sigs.k8s.io/controller-runtime/pkg/cache/internal/informers.go:128"}
2026-06-11T09:00:54.239113177Z stderr F 2026-06-11T09:00:54.238980515Z	LEVEL(-2)	cluster-queue-reconciler	core/clusterqueue_controller.go:329	ClusterQueue create event	{"replica-role": "follower", "clusterQueue": {"name":"cq-lws-e2e-6k8rv"}}
2026-06-11T09:00:54.239209178Z stderr F 2026-06-11T09:00:54.239047156Z	LEVEL(-3)	cluster-queue-reconciler	scheduler/clusterqueue.go:263	Updating status in cache	{"replica-role": "follower", "clusterQueue": {"name":"cq-lws-e2e-6k8rv"}, "clusterQueue": "cq-lws-e2e-6k8rv", "newStatus": "active", "oldStatus": ""}
2026-06-11T09:00:54.239553123Z stderr F 2026-06-11T09:00:54.239409181Z	LEVEL(-3)	controller-runtime.cache	cache/reflector.go:425	Starting reflector	{"type": "*v1beta2.Cohort", "resyncPeriod": "10h29m11.228065673s", "reflector": "sigs.k8s.io/controller-runtime/pkg/cache/internal/informers.go:128"}
2026-06-11T09:00:54.239564743Z stderr F 2026-06-11T09:00:54.239471362Z	LEVEL(-3)	controller-runtime.cache	cache/reflector.go:472	Listing and watching	{"type": "*v1beta2.Cohort", "reflector": "sigs.k8s.io/controller-runtime/pkg/cache/internal/informers.go:128"}
2026-06-11T09:00:54.239844187Z stderr F 2026-06-11T09:00:54.239726285Z	INFO	workload-reconciler	controller/controller.go:369	Starting EventSource	{"replica-role": "follower", "source": "kind source: *v1.LimitRange"}
2026-06-11T09:00:54.239963318Z stderr F 2026-06-11T09:00:54.239833126Z	INFO	workload-reconciler	controller/controller.go:369	Starting EventSource	{"replica-role": "follower", "source": "kind source: *v1.RuntimeClass"}
2026-06-11T09:00:54.24013049Z stderr F 2026-06-11T09:00:54.240007469Z	INFO	workload-reconciler	controller/controller.go:369	Starting EventSource	{"replica-role": "follower", "source": "kind source: *v1beta2.ClusterQueue"}
2026-06-11T09:00:54.241656061Z stderr F 2026-06-11T09:00:54.240183821Z	INFO	workload-reconciler	controller/controller.go:369	Starting EventSource	{"replica-role": "follower", "source": "kind source: *v1beta2.LocalQueue"}
2026-06-11T09:00:54.241679441Z stderr F 2026-06-11T09:00:54.240345253Z	INFO	workload-reconciler	controller/controller.go:369	Starting EventSource	{"replica-role": "follower", "source": "kind source: *v1beta2.Workload"}
2026-06-11T09:00:54.241685061Z stderr F 2026-06-11T09:00:54.240603047Z	INFO	tas-resource-flavor-controller	controller/controller.go:369	Starting EventSource	{"replica-role": "follower", "source": "channel source: 0x2634634b24d0"}
2026-06-11T09:00:54.241689811Z stderr F 2026-06-11T09:00:54.240799969Z	INFO	tas-non-tas-usage-controller	controller/controller.go:369	Starting EventSource	{"replica-role": "follower", "source": "kind source: *v1.Pod"}
2026-06-11T09:00:54.241696651Z stderr F 2026-06-11T09:00:54.241016102Z	INFO	tas-topology-ungater	controller/controller.go:369	Starting EventSource	{"replica-role": "follower", "source": "kind source: *v1.Pod"}
2026-06-11T09:00:54.241719202Z stderr F 2026-06-11T09:00:54.241352547Z	LEVEL(-3)	controller-runtime.cache	cache/reflector.go:425	Starting reflector	{"type": "*v1.RuntimeClass", "resyncPeriod": "9h51m23.325396926s", "reflector": "sigs.k8s.io/controller-runtime/pkg/cache/internal/informers.go:128"}
2026-06-11T09:00:54.241724002Z stderr F 2026-06-11T09:00:54.241437028Z	LEVEL(-3)	controller-runtime.cache	cache/reflector.go:472	Listing and watching	{"type": "*v1.RuntimeClass", "reflector": "sigs.k8s.io/controller-runtime/pkg/cache/internal/informers.go:128"}
2026-06-11T09:00:54.242169718Z stderr F 2026-06-11T09:00:54.241985005Z	INFO	tas-resource-flavor-controller	controller/controller.go:369	Starting EventSource	{"replica-role": "follower", "source": "kind source: *v1beta2.ResourceFlavor"}
2026-06-11T09:00:54.242685905Z stderr F 2026-06-11T09:00:54.242271299Z	INFO	tas-node-reconciler	controller/controller.go:369	Starting EventSource	{"replica-role": "follower", "source": "kind source: *v1.Node"}
2026-06-11T09:00:54.242795976Z stderr F 2026-06-11T09:00:54.242579143Z	INFO	concurrent-admission-controller	controller/controller.go:369	Starting EventSource	{"replica-role": "follower", "source": "kind source: *v1beta2.Workload"}
2026-06-11T09:00:54.243767179Z stderr F 2026-06-11T09:00:54.242859547Z	INFO	tas-node-reconciler	controller/controller.go:369	Starting EventSource	{"replica-role": "follower", "source": "kind source: *v1.Pod"}
2026-06-11T09:00:54.243806689Z stderr F 2026-06-11T09:00:54.24310879Z	LEVEL(-3)	controller-runtime.cache	cache/reflector.go:425	Starting reflector	{"type": "*v1.Node", "resyncPeriod": "9h57m8.896700834s", "reflector": "sigs.k8s.io/controller-runtime/pkg/cache/internal/informers.go:128"}
2026-06-11T09:00:54.243812619Z stderr F 2026-06-11T09:00:54.243208141Z	LEVEL(-3)	controller-runtime.cache	cache/reflector.go:472	Listing and watching	{"type": "*v1.Node", "reflector": "sigs.k8s.io/controller-runtime/pkg/cache/internal/informers.go:128"}
2026-06-11T09:00:54.24381669Z stderr F 2026-06-11T09:00:54.243716288Z	INFO	ElasticJobUngater	controller/controller.go:369	Starting EventSource	{"replica-role": "follower", "source": "kind source: *v1beta2.Workload"}
2026-06-11T09:00:54.249275682Z stderr F 2026-06-11T09:00:54.244668101Z	LEVEL(-2)	controller-runtime.cache	cache/reflector.go:507	Caches populated	{"type": "*v1beta2.Topology", "reflector": "sigs.k8s.io/controller-runtime/pkg/cache/internal/informers.go:128"}
2026-06-11T09:00:54.249297872Z stderr F 2026-06-11T09:00:54.244957825Z	INFO	ElasticJobUngater	controller/controller.go:369	Starting EventSource	{"replica-role": "follower", "source": "kind source: *v1.Pod"}
2026-06-11T09:00:54.249302452Z stderr F 2026-06-11T09:00:54.248737055Z	LEVEL(-2)	controller-runtime.cache	cache/reflector.go:507	Caches populated	{"type": "*v1.Secret", "reflector": "sigs.k8s.io/controller-runtime/pkg/cache/internal/informers.go:128"}
2026-06-11T09:00:54.257222237Z stderr F 2026-06-11T09:00:54.256968334Z	LEVEL(-2)	controller-runtime.cache	cache/reflector.go:507	Caches populated	{"type": "admissionregistration.k8s.io/v1, Kind=ValidatingWebhookConfiguration", "reflector": "sigs.k8s.io/controller-runtime/pkg/cache/internal/informers.go:128"}
2026-06-11T09:00:54.266166266Z stderr F 2026-06-11T09:00:54.265877882Z	LEVEL(-2)	controller-runtime.cache	cache/reflector.go:507	Caches populated	{"type": "admissionregistration.k8s.io/v1, Kind=MutatingWebhookConfiguration", "reflector": "sigs.k8s.io/controller-runtime/pkg/cache/internal/informers.go:128"}
2026-06-11T09:00:54.2664301Z stderr F 2026-06-11T09:00:54.266300598Z	LEVEL(-2)	controller-runtime.cache	cache/reflector.go:507	Caches populated	{"type": "*v1beta2.WorkloadPriorityClass", "reflector": "sigs.k8s.io/controller-runtime/pkg/cache/internal/informers.go:128"}
2026-06-11T09:00:54.276801277Z stderr F 2026-06-11T09:00:54.276564414Z	LEVEL(-2)	controller-runtime.cache	cache/reflector.go:507	Caches populated	{"type": "*v1beta2.Cohort", "reflector": "sigs.k8s.io/controller-runtime/pkg/cache/internal/informers.go:128"}
2026-06-11T09:00:54.277073621Z stderr F 2026-06-11T09:00:54.276932889Z	LEVEL(-2)	controller-runtime.cache	cache/reflector.go:507	Caches populated	{"type": "*v1.Namespace", "reflector": "sigs.k8s.io/controller-runtime/pkg/cache/internal/informers.go:128"}
2026-06-11T09:00:54.277149932Z stderr F 2026-06-11T09:00:54.27705266Z	LEVEL(-2)	controller-runtime.cache	cache/reflector.go:507	Caches populated	{"type": "*v1.RuntimeClass", "reflector": "sigs.k8s.io/controller-runtime/pkg/cache/internal/informers.go:128"}
2026-06-11T09:00:54.277849441Z stderr F 2026-06-11T09:00:54.277674149Z	LEVEL(-2)	controller-runtime.cache	cache/reflector.go:507	Caches populated	{"type": "*v1.Node", "reflector": "sigs.k8s.io/controller-runtime/pkg/cache/internal/informers.go:128"}
2026-06-11T09:00:54.278190075Z stderr F I0611 09:00:54.278037       1 leaderelection.go:258] "Attempting to acquire leader lease..." lock="kueue-system/c1f6bfd2.kueue.x-k8s.io"
2026-06-11T09:00:54.335474975Z stderr F 2026-06-11T09:00:54.335268383Z	INFO	resourceflavor-reconciler	controller/controller.go:302	Starting Controller	{"replica-role": "follower"}
2026-06-11T09:00:54.335505586Z stderr F 2026-06-11T09:00:54.335336874Z	INFO	resourceflavor-reconciler	controller/controller.go:305	Starting workers	{"replica-role": "follower", "worker count": 1}
2026-06-11T09:00:54.335922261Z stderr F 2026-06-11T09:00:54.335780659Z	INFO	admissioncheck-reconciler	controller/controller.go:302	Starting Controller	{"replica-role": "follower"}
2026-06-11T09:00:54.335929811Z stderr F 2026-06-11T09:00:54.33582018Z	INFO	admissioncheck-reconciler	controller/controller.go:305	Starting workers	{"replica-role": "follower", "worker count": 1}
2026-06-11T09:00:54.336111964Z stderr F 2026-06-11T09:00:54.335985272Z	INFO	localqueue-reconciler	controller/controller.go:302	Starting Controller	{"replica-role": "follower"}
2026-06-11T09:00:54.336119124Z stderr F 2026-06-11T09:00:54.336019953Z	INFO	localqueue-reconciler	controller/controller.go:305	Starting workers	{"replica-role": "follower", "worker count": 1}
2026-06-11T09:00:54.350745758Z stderr F 2026-06-11T09:00:54.350534085Z	INFO	tas-non-tas-usage-controller	controller/controller.go:302	Starting Controller	{"replica-role": "follower"}
2026-06-11T09:00:54.350775958Z stderr F 2026-06-11T09:00:54.350606926Z	INFO	tas-non-tas-usage-controller	controller/controller.go:305	Starting workers	{"replica-role": "follower", "worker count": 5}
2026-06-11T09:00:54.350846239Z stderr F 2026-06-11T09:00:54.350739468Z	LEVEL(-3)	tas-non-tas-usage-controller	tas/non_tas_usage_controller.go:62	Non-TAS usage cache reconciling	{"replica-role": "follower", "namespace": "kueue-system", "name": "kueue-controller-manager-5db8fd5f68-qjtvk", "reconcileID": "430e1e6c-e55e-4542-af48-b9078af34135", "pod": {"name":"kueue-controller-manager-5db8fd5f68-qjtvk","namespace":"kueue-system"}}
2026-06-11T09:00:54.350991671Z stderr F 2026-06-11T09:00:54.35088819Z	LEVEL(-3)	tas-non-tas-usage-controller	tas/non_tas_usage_controller.go:62	Non-TAS usage cache reconciling	{"replica-role": "follower", "namespace": "appwrapper-system", "name": "appwrapper-controller-manager-9bc577dfc-ff6sh", "reconcileID": "f5a7070f-1a59-4509-be80-279fe03b9264", "pod": {"name":"appwrapper-controller-manager-9bc577dfc-ff6sh","namespace":"appwrapper-system"}}
2026-06-11T09:00:54.351051302Z stderr F 2026-06-11T09:00:54.350969941Z	LEVEL(-3)	tas-non-tas-usage-controller	tas/non_tas_usage_controller.go:62	Non-TAS usage cache reconciling	{"replica-role": "follower", "namespace": "kube-system", "name": "kindnet-cq7wv", "reconcileID": "9d3ab66e-8836-4d02-a4dc-8f58a25abc78", "pod": {"name":"kindnet-cq7wv","namespace":"kube-system"}}
2026-06-11T09:00:54.351166474Z stderr F 2026-06-11T09:00:54.351047512Z	LEVEL(-3)	tas-non-tas-usage-controller	tas/non_tas_usage_controller.go:62	Non-TAS usage cache reconciling	{"replica-role": "follower", "namespace": "kube-system", "name": "etcd-kind-control-plane", "reconcileID": "ad5fa806-1956-4688-ae12-3c5864c60020", "pod": {"name":"etcd-kind-control-plane","namespace":"kube-system"}}
2026-06-11T09:00:54.351189854Z stderr F 2026-06-11T09:00:54.351115453Z	LEVEL(-3)	tas-non-tas-usage-controller	tas/non_tas_usage_controller.go:62	Non-TAS usage cache reconciling	{"replica-role": "follower", "namespace": "lws-system", "name": "lws-controller-manager-c6c698cd7-n6jrq", "reconcileID": "2ef7dc1b-3bf4-4c43-a4b7-b06e761a0224", "pod": {"name":"lws-controller-manager-c6c698cd7-n6jrq","namespace":"lws-system"}}
2026-06-11T09:00:54.351286785Z stderr F 2026-06-11T09:00:54.351192354Z	LEVEL(-3)	tas-non-tas-usage-controller	tas/non_tas_usage_controller.go:62	Non-TAS usage cache reconciling	{"replica-role": "follower", "namespace": "kube-system", "name": "kindnet-k7xnv", "reconcileID": "defe3abd-b01c-4ed9-b68d-a6ca19a4cb1c", "pod": {"name":"kindnet-k7xnv","namespace":"kube-system"}}
2026-06-11T09:00:54.351364626Z stderr F 2026-06-11T09:00:54.351274255Z	LEVEL(-3)	tas-non-tas-usage-controller	tas/non_tas_usage_controller.go:62	Non-TAS usage cache reconciling	{"replica-role": "follower", "namespace": "kube-system", "name": "kube-apiserver-kind-control-plane", "reconcileID": "61ffa41c-8b80-4e46-b89d-c99993a2eafd", "pod": {"name":"kube-apiserver-kind-control-plane","namespace":"kube-system"}}
2026-06-11T09:00:54.351423337Z stderr F 2026-06-11T09:00:54.351346666Z	LEVEL(-3)	tas-non-tas-usage-controller	tas/non_tas_usage_controller.go:62	Non-TAS usage cache reconciling	{"replica-role": "follower", "namespace": "kube-system", "name": "kube-scheduler-kind-control-plane", "reconcileID": "5ae0426e-6fee-40eb-b755-c371ab6b516a", "pod": {"name":"kube-scheduler-kind-control-plane","namespace":"kube-system"}}
2026-06-11T09:00:54.351498318Z stderr F 2026-06-11T09:00:54.351411997Z	LEVEL(-3)	tas-non-tas-usage-controller	tas/non_tas_usage_controller.go:62	Non-TAS usage cache reconciling	{"replica-role": "follower", "namespace": "kube-system", "name": "coredns-7d764666f9-xbw82", "reconcileID": "8e14ede0-de1d-49eb-858b-516f1de9e51e", "pod": {"name":"coredns-7d764666f9-xbw82","namespace":"kube-system"}}
2026-06-11T09:00:54.351555819Z stderr F 2026-06-11T09:00:54.351487988Z	LEVEL(-3)	tas-non-tas-usage-controller	tas/non_tas_usage_controller.go:62	Non-TAS usage cache reconciling	{"replica-role": "follower", "namespace": "kueue-system", "name": "kueue-controller-manager-5bf5c6b789-8fz55", "reconcileID": "9ec4bd1b-e03b-4ab0-8e7b-e4dd52ccdfcd", "pod": {"name":"kueue-controller-manager-5bf5c6b789-8fz55","namespace":"kueue-system"}}
2026-06-11T09:00:54.35165509Z stderr F 2026-06-11T09:00:54.351555979Z	LEVEL(-3)	tas-non-tas-usage-controller	tas/non_tas_usage_controller.go:62	Non-TAS usage cache reconciling	{"replica-role": "follower", "namespace": "kueue-system", "name": "kueue-controller-manager-5db8fd5f68-bnnhk", "reconcileID": "b552125e-3ac7-41cb-a459-e2216e52e497", "pod": {"name":"kueue-controller-manager-5db8fd5f68-bnnhk","namespace":"kueue-system"}}
2026-06-11T09:00:54.351713461Z stderr F 2026-06-11T09:00:54.35163344Z	LEVEL(-3)	tas-non-tas-usage-controller	tas/non_tas_usage_controller.go:62	Non-TAS usage cache reconciling	{"replica-role": "follower", "namespace": "local-path-storage", "name": "local-path-provisioner-5c85ddd7fc-p94vg", "reconcileID": "9a1fb3f2-b770-4e62-b37f-32fe08ee1193", "pod": {"name":"local-path-provisioner-5c85ddd7fc-p94vg","namespace":"local-path-storage"}}
2026-06-11T09:00:54.351784382Z stderr F 2026-06-11T09:00:54.351696401Z	LEVEL(-3)	tas-non-tas-usage-controller	tas/non_tas_usage_controller.go:62	Non-TAS usage cache reconciling	{"replica-role": "follower", "namespace": "kube-system", "name": "kube-controller-manager-kind-control-plane", "reconcileID": "a98fc5e6-4c60-48d0-8329-b02dd7479ccd", "pod": {"name":"kube-controller-manager-kind-control-plane","namespace":"kube-system"}}
2026-06-11T09:00:54.351839083Z stderr F 2026-06-11T09:00:54.351771112Z	LEVEL(-3)	tas-non-tas-usage-controller	tas/non_tas_usage_controller.go:62	Non-TAS usage cache reconciling	{"replica-role": "follower", "namespace": "kube-system", "name": "coredns-7d764666f9-v9xcs", "reconcileID": "7d56b6c4-5a8a-4459-9590-afbd87fab348", "pod": {"name":"coredns-7d764666f9-v9xcs","namespace":"kube-system"}}
2026-06-11T09:00:54.351906814Z stderr F 2026-06-11T09:00:54.351840613Z	LEVEL(-3)	tas-non-tas-usage-controller	tas/non_tas_usage_controller.go:62	Non-TAS usage cache reconciling	{"replica-role": "follower", "namespace": "kube-system", "name": "kindnet-2h9j5", "reconcileID": "5e1d3dfc-e4ba-4783-8d5b-58aeb3cd97b6", "pod": {"name":"kindnet-2h9j5","namespace":"kube-system"}}
2026-06-11T09:00:54.352010125Z stderr F 2026-06-11T09:00:54.351914304Z	LEVEL(-3)	tas-non-tas-usage-controller	tas/non_tas_usage_controller.go:62	Non-TAS usage cache reconciling	{"replica-role": "follower", "namespace": "kube-system", "name": "kube-proxy-nksjs", "reconcileID": "7a602b0f-6b7d-4222-a66b-b24e9cb32b67", "pod": {"name":"kube-proxy-nksjs","namespace":"kube-system"}}
2026-06-11T09:00:54.352020445Z stderr F 2026-06-11T09:00:54.351978275Z	LEVEL(-3)	tas-non-tas-usage-controller	tas/non_tas_usage_controller.go:62	Non-TAS usage cache reconciling	{"replica-role": "follower", "namespace": "lws-system", "name": "lws-controller-manager-c6c698cd7-rc9qw", "reconcileID": "d6fdfb8b-8531-4357-a207-c149607b4aca", "pod": {"name":"lws-controller-manager-c6c698cd7-rc9qw","namespace":"lws-system"}}
2026-06-11T09:00:54.352149457Z stderr F 2026-06-11T09:00:54.352045725Z	LEVEL(-3)	tas-non-tas-usage-controller	tas/non_tas_usage_controller.go:62	Non-TAS usage cache reconciling	{"replica-role": "follower", "namespace": "jobset-system", "name": "jobset-controller-manager-5585d4c665-6vpg8", "reconcileID": "a461006b-f967-46ef-a32c-82d4bce6d3eb", "pod": {"name":"jobset-controller-manager-5585d4c665-6vpg8","namespace":"jobset-system"}}
2026-06-11T09:00:54.352212848Z stderr F 2026-06-11T09:00:54.352117736Z	LEVEL(-3)	tas-non-tas-usage-controller	tas/non_tas_usage_controller.go:62	Non-TAS usage cache reconciling	{"replica-role": "follower", "namespace": "kube-system", "name": "kube-proxy-j45st", "reconcileID": "e7570321-c78f-4b07-a8e5-9bc5c5b8dcfd", "pod": {"name":"kube-proxy-j45st","namespace":"kube-system"}}
2026-06-11T09:00:54.352290959Z stderr F 2026-06-11T09:00:54.352186737Z	LEVEL(-3)	tas-non-tas-usage-controller	tas/non_tas_usage_controller.go:62	Non-TAS usage cache reconciling	{"replica-role": "follower", "namespace": "kube-system", "name": "kube-proxy-ncnnw", "reconcileID": "54c31af5-2adb-4250-93a8-369021ab5eaf", "pod": {"name":"kube-proxy-ncnnw","namespace":"kube-system"}}
2026-06-11T09:00:54.35235158Z stderr F 2026-06-11T09:00:54.352248918Z	INFO	tas-topology-ungater	controller/controller.go:302	Starting Controller	{"replica-role": "follower"}
2026-06-11T09:00:54.35235907Z stderr F 2026-06-11T09:00:54.352292309Z	INFO	tas-topology-ungater	controller/controller.go:305	Starting workers	{"replica-role": "follower", "worker count": 5}
2026-06-11T09:00:54.352476931Z stderr F 2026-06-11T09:00:54.352330239Z	INFO	tas-resource-flavor-controller	controller/controller.go:302	Starting Controller	{"replica-role": "follower"}
2026-06-11T09:00:54.352486481Z stderr F 2026-06-11T09:00:54.35237136Z	INFO	tas-resource-flavor-controller	controller/controller.go:305	Starting workers	{"replica-role": "follower", "worker count": 1}
2026-06-11T09:00:54.352550132Z stderr F 2026-06-11T09:00:54.352456781Z	INFO	concurrent-admission-controller	controller/controller.go:302	Starting Controller	{"replica-role": "follower"}
2026-06-11T09:00:54.352557612Z stderr F 2026-06-11T09:00:54.352496601Z	INFO	concurrent-admission-controller	controller/controller.go:305	Starting workers	{"replica-role": "follower", "worker count": 5}
2026-06-11T09:00:54.352628393Z stderr F 2026-06-11T09:00:54.352537332Z	INFO	ElasticJobUngater	controller/controller.go:302	Starting Controller	{"replica-role": "follower"}
2026-06-11T09:00:54.352635923Z stderr F 2026-06-11T09:00:54.352565092Z	INFO	ElasticJobUngater	controller/controller.go:305	Starting workers	{"replica-role": "follower", "worker count": 5}
2026-06-11T09:00:54.4119061Z stderr F I0611 09:00:54.411736       1 serving.go:405] Generated self-signed cert (/visibility/apiserver.crt, /visibility/apiserver.key)
2026-06-11T09:00:54.463698727Z stderr F 2026-06-11T09:00:54.463504914Z	INFO	tas-node-reconciler	controller/controller.go:302	Starting Controller	{"replica-role": "follower"}
2026-06-11T09:00:54.463730047Z stderr F 2026-06-11T09:00:54.463571525Z	INFO	tas-node-reconciler	controller/controller.go:305	Starting workers	{"replica-role": "follower", "worker count": 1}
2026-06-11T09:00:54.463996521Z stderr F 2026-06-11T09:00:54.463814798Z	INFO	workloadpriorityclass-reconciler	controller/controller.go:302	Starting Controller	{"replica-role": "follower"}
2026-06-11T09:00:54.464007041Z stderr F 2026-06-11T09:00:54.463853929Z	INFO	workloadpriorityclass-reconciler	controller/controller.go:305	Starting workers	{"replica-role": "follower", "worker count": 1}
2026-06-11T09:00:54.464018091Z stderr F 2026-06-11T09:00:54.463889419Z	INFO	tas-topology-controller	controller/controller.go:302	Starting Controller	{"replica-role": "follower"}
2026-06-11T09:00:54.464022791Z stderr F 2026-06-11T09:00:54.46391842Z	INFO	tas-topology-controller	controller/controller.go:305	Starting workers	{"replica-role": "follower", "worker count": 1}
2026-06-11T09:00:54.464044531Z stderr F 2026-06-11T09:00:54.46394819Z	INFO	clusterqueue-reconciler	controller/controller.go:302	Starting Controller	{"replica-role": "follower"}
2026-06-11T09:00:54.464063382Z stderr F 2026-06-11T09:00:54.463985571Z	INFO	clusterqueue-reconciler	controller/controller.go:305	Starting workers	{"replica-role": "follower", "worker count": 1}
2026-06-11T09:00:54.464246744Z stderr F 2026-06-11T09:00:54.464120872Z	INFO	cohort-reconciler	controller/controller.go:302	Starting Controller	{"replica-role": "follower"}
2026-06-11T09:00:54.464256724Z stderr F 2026-06-11T09:00:54.464163643Z	INFO	cohort-reconciler	controller/controller.go:305	Starting workers	{"replica-role": "follower", "worker count": 1}
2026-06-11T09:00:54.464260414Z stderr F 2026-06-11T09:00:54.464188843Z	INFO	workload-reconciler	controller/controller.go:302	Starting Controller	{"replica-role": "follower"}
2026-06-11T09:00:54.464285605Z stderr F 2026-06-11T09:00:54.464207734Z	INFO	workload-reconciler	controller/controller.go:305	Starting workers	{"replica-role": "follower", "worker count": 5}
2026-06-11T09:00:54.531271333Z stderr F 2026-06-11T09:00:54.531061731Z	INFO	controller-runtime.metrics	server/server.go:247	Serving metrics server	{"bindAddress": ":8443", "secure": true}
2026-06-11T09:00:54.551304209Z stderr F 2026-06-11T09:00:54.551112047Z	LEVEL(-2)	controller-runtime.cache	cache/reflector.go:507	Caches populated	{"type": "apiextensions.k8s.io/v1, Kind=CustomResourceDefinition", "reflector": "sigs.k8s.io/controller-runtime/pkg/cache/internal/informers.go:128"}
2026-06-11T09:00:54.632847692Z stderr F 2026-06-11T09:00:54.632645469Z	INFO	cert-rotation	rotator/rotator.go:290	starting cert rotator controller
2026-06-11T09:00:54.633818324Z stderr F 2026-06-11T09:00:54.633668022Z	INFO	cert-rotation	rotator/rotator.go:361	no cert refresh needed
2026-06-11T09:00:54.634038577Z stderr F 2026-06-11T09:00:54.633884695Z	INFO	cert-rotation	rotator/rotator.go:896	certs are ready in /tmp/k8s-webhook-server/serving-certs
2026-06-11T09:00:54.691766663Z stderr F I0611 09:00:54.691580       1 plugins.go:157] Loaded 1 mutating admission controller(s) successfully in the following order: NamespaceLifecycle.
2026-06-11T09:00:54.695769147Z stderr F I0611 09:00:54.695632       1 handler.go:304] Adding GroupVersion visibility.kueue.x-k8s.io v1beta2 to ResourceManager
2026-06-11T09:00:54.69600414Z stderr F I0611 09:00:54.695902       1 handler.go:304] Adding GroupVersion visibility.kueue.x-k8s.io v1beta1 to ResourceManager
2026-06-11T09:00:54.702566906Z stderr F I0611 09:00:54.702399       1 requestheader_controller.go:180] Starting RequestHeaderAuthRequestController
2026-06-11T09:00:54.702585877Z stderr F I0611 09:00:54.702451       1 shared_informer.go:402] "Waiting for caches to sync"
2026-06-11T09:00:54.702590157Z stderr F I0611 09:00:54.702496       1 configmap_cafile_content.go:205] "Starting controller" name="client-ca::kube-system::extension-apiserver-authentication::client-ca-file"
2026-06-11T09:00:54.702606297Z stderr F I0611 09:00:54.702506       1 shared_informer.go:402] "Waiting for caches to sync"
2026-06-11T09:00:54.702636257Z stderr F I0611 09:00:54.702526       1 configmap_cafile_content.go:205] "Starting controller" name="client-ca::kube-system::extension-apiserver-authentication::requestheader-client-ca-file"
2026-06-11T09:00:54.702655157Z stderr F I0611 09:00:54.702544       1 shared_informer.go:402] "Waiting for caches to sync"
2026-06-11T09:00:54.703693081Z stderr F I0611 09:00:54.703526       1 secure_serving.go:214] Serving securely on [::]:8082
2026-06-11T09:00:54.703713282Z stderr F I0611 09:00:54.703599       1 dynamic_serving_content.go:135] "Starting controller" name="serving-cert::/visibility/apiserver.crt::/visibility/apiserver.key"
2026-06-11T09:00:54.703835033Z stderr F I0611 09:00:54.703733       1 tlsconfig.go:243] "Starting DynamicServingCertificateController"
2026-06-11T09:00:54.703907164Z stderr F I0611 09:00:54.703792       1 apf_controller.go:377] Starting API Priority and Fairness config controller
2026-06-11T09:00:54.736352905Z stderr F 2026-06-11T09:00:54.736132142Z	INFO	cert-rotation	rotator/rotator.go:361	no cert refresh needed
2026-06-11T09:00:54.736850872Z stderr F 2026-06-11T09:00:54.73672086Z	INFO	cert-rotation	rotator/rotator.go:857	Ensuring CA cert	{"name": "kueue-validating-webhook-configuration", "gvk": "admissionregistration.k8s.io/v1, Kind=ValidatingWebhookConfiguration", "name": "kueue-validating-webhook-configuration", "gvk": "admissionregistration.k8s.io/v1, Kind=ValidatingWebhookConfiguration"}
2026-06-11T09:00:54.75254885Z stderr F 2026-06-11T09:00:54.752354178Z	INFO	cert-rotation	rotator/rotator.go:857	Ensuring CA cert	{"name": "kueue-mutating-webhook-configuration", "gvk": "admissionregistration.k8s.io/v1, Kind=MutatingWebhookConfiguration", "name": "kueue-mutating-webhook-configuration", "gvk": "admissionregistration.k8s.io/v1, Kind=MutatingWebhookConfiguration"}
2026-06-11T09:00:54.768491252Z stderr F 2026-06-11T09:00:54.768298019Z	INFO	cert-rotation	rotator/rotator.go:857	Ensuring CA cert	{"name": "localqueues.kueue.x-k8s.io", "gvk": "apiextensions.k8s.io/v1, Kind=CustomResourceDefinition", "name": "localqueues.kueue.x-k8s.io", "gvk": "apiextensions.k8s.io/v1, Kind=CustomResourceDefinition"}
2026-06-11T09:00:54.795842044Z stderr F 2026-06-11T09:00:54.795638981Z	INFO	cert-rotation	rotator/rotator.go:857	Ensuring CA cert	{"name": "clusterqueues.kueue.x-k8s.io", "gvk": "apiextensions.k8s.io/v1, Kind=CustomResourceDefinition", "name": "clusterqueues.kueue.x-k8s.io", "gvk": "apiextensions.k8s.io/v1, Kind=CustomResourceDefinition"}
2026-06-11T09:00:54.803648378Z stderr F I0611 09:00:54.803300       1 shared_informer.go:409] "Caches are synced"
2026-06-11T09:00:54.803680358Z stderr F I0611 09:00:54.803403       1 shared_informer.go:409] "Caches are synced"
2026-06-11T09:00:54.803685428Z stderr F I0611 09:00:54.803312       1 shared_informer.go:409] "Caches are synced"
2026-06-11T09:00:54.804962405Z stderr F I0611 09:00:54.804804       1 apf_controller.go:382] Running API Priority and Fairness config worker
2026-06-11T09:00:54.804978006Z stderr F I0611 09:00:54.804834       1 apf_controller.go:385] Running API Priority and Fairness periodic rebalancing process
2026-06-11T09:00:54.867614007Z stderr F 2026-06-11T09:00:54.867357163Z	INFO	cert-rotation	rotator/rotator.go:857	Ensuring CA cert	{"name": "workloads.kueue.x-k8s.io", "gvk": "apiextensions.k8s.io/v1, Kind=CustomResourceDefinition", "name": "workloads.kueue.x-k8s.io", "gvk": "apiextensions.k8s.io/v1, Kind=CustomResourceDefinition"}
2026-06-11T09:00:55.590933715Z stderr F 2026-06-11T09:00:55.590659001Z	INFO	cert-rotation	rotator/rotator.go:857	Ensuring CA cert	{"name": "cohorts.kueue.x-k8s.io", "gvk": "apiextensions.k8s.io/v1, Kind=CustomResourceDefinition", "name": "cohorts.kueue.x-k8s.io", "gvk": "apiextensions.k8s.io/v1, Kind=CustomResourceDefinition"}
2026-06-11T09:00:55.618870705Z stderr F 2026-06-11T09:00:55.618654583Z	INFO	cert-rotation	rotator/rotator.go:857	Ensuring CA cert	{"name": "multikueueclusters.kueue.x-k8s.io", "gvk": "apiextensions.k8s.io/v1, Kind=CustomResourceDefinition", "name": "multikueueclusters.kueue.x-k8s.io", "gvk": "apiextensions.k8s.io/v1, Kind=CustomResourceDefinition"}
2026-06-11T09:00:56.401300968Z stderr F 2026-06-11T09:00:56.401086085Z	INFO	cert-rotation	rotator/rotator.go:916	CA certs are injected to webhooks
2026-06-11T09:01:03.68728449Z stderr F 2026-06-11T09:01:03.687036647Z	LEVEL(-3)	tas-non-tas-usage-controller	tas/non_tas_usage_controller.go:62	Non-TAS usage cache reconciling	{"replica-role": "follower", "namespace": "kueue-system", "name": "kueue-controller-manager-5bf5c6b789-8fz55", "reconcileID": "529dfdc4-b1fb-4e96-ac54-38bd52908cce", "pod": {"name":"kueue-controller-manager-5bf5c6b789-8fz55","namespace":"kueue-system"}}
2026-06-11T09:01:04.38354825Z stderr F 2026-06-11T09:01:04.383089214Z	LEVEL(-3)	tas-non-tas-usage-controller	tas/non_tas_usage_controller.go:62	Non-TAS usage cache reconciling	{"replica-role": "follower", "namespace": "kueue-system", "name": "kueue-controller-manager-5bf5c6b789-8fz55", "reconcileID": "8ca50226-8fd3-4892-a865-40b1bd77b732", "pod": {"name":"kueue-controller-manager-5bf5c6b789-8fz55","namespace":"kueue-system"}}
2026-06-11T09:01:14.327592153Z stderr F 2026-06-11T09:01:14.32733994Z	LEVEL(-2)	localqueue-reconciler	core/localqueue_controller.go:277	LocalQueue delete event	{"replica-role": "follower", "localQueue": {"name":"lq-lws-e2e-6k8rv","namespace":"lws-e2e-6k8rv"}}
2026-06-11T09:01:14.457650279Z stderr F 2026-06-11T09:01:14.457402656Z	LEVEL(-2)	cluster-queue-reconciler	core/clusterqueue_controller.go:370	ClusterQueue update event	{"replica-role": "follower", "clusterQueue": {"name":"cq-lws-e2e-6k8rv"}}
2026-06-11T09:01:14.473173495Z stderr F 2026-06-11T09:01:14.472915162Z	LEVEL(-2)	cluster-queue-reconciler	core/clusterqueue_controller.go:354	ClusterQueue delete event	{"replica-role": "follower", "clusterQueue": {"name":"cq-lws-e2e-6k8rv"}}
2026-06-11T09:01:14.473214056Z stderr F 2026-06-11T09:01:14.473011643Z	LEVEL(-2)	cluster-queue-reconciler	core/clusterqueue_controller.go:363	Cleared resource metrics for deleted ClusterQueue.	{"replica-role": "follower", "clusterQueue": {"name":"cq-lws-e2e-6k8rv"}}
2026-06-11T09:01:14.718516591Z stderr F 2026-06-11T09:01:14.718283768Z	LEVEL(-2)	resourceflavor-reconciler	core/resourceflavor_controller.go:170	ResourceFlavor update event	{"replica-role": "follower", "resourceFlavor": {"name":"rf-lws-e2e-6k8rv"}}
2026-06-11T09:01:14.725830608Z stderr F 2026-06-11T09:01:14.725629105Z	LEVEL(-2)	resourceflavor-reconciler	core/resourceflavor_controller.go:158	ResourceFlavor delete event	{"replica-role": "follower", "resourceFlavor": {"name":"rf-lws-e2e-6k8rv"}}
