2026-06-11T08:58:33.672908447Z stderr F 2026-06-11T08:58:33.67235677Z	INFO	setup	kueue/main.go:706	Configuration loaded	{"config": "apiVersion: config.kueue.x-k8s.io/v1beta2\nclientConnection:\n  burst: 100\n  qps: 50\ncontroller:\n  groupKindConcurrency:\n    ClusterQueue.kueue.x-k8s.io: 1\n    Job.batch: 5\n    LocalQueue.kueue.x-k8s.io: 1\n    Pod: 5\n    ResourceFlavor.kueue.x-k8s.io: 1\n    Workload.kueue.x-k8s.io: 5\nfairSharing:\n  preemptionStrategies:\n  - LessThanOrEqualToFinalShare\n  - LessThanInitialShare\nfeatureGates:\n  ConcurrentAdmission: true\n  ElasticJobsViaWorkloadSlices: true\n  LocalQueueMetrics: true\n  MultiKueueManagerQuotaAutomation: true\nhealth:\n  healthProbeBindAddress: :8081\nintegrations:\n  frameworks:\n  - batch/job\n  - kubeflow.org/mpijob\n  - ray.io/rayjob\n  - ray.io/raycluster\n  - ray.io/rayservice\n  - jobset.x-k8s.io/jobset\n  - kubeflow.org/paddlejob\n  - kubeflow.org/pytorchjob\n  - kubeflow.org/tfjob\n  - kubeflow.org/xgboostjob\n  - kubeflow.org/jaxjob\n  - trainer.kubeflow.org/trainjob\n  - workload.codeflare.dev/appwrapper\n  - pod\n  - deployment\n  - statefulset\n  - leaderworkerset.x-k8s.io/leaderworkerset\ninternalCertManagement:\n  enable: true\n  webhookSecretName: kueue-webhook-server-cert\n  webhookServiceName: kueue-webhook-service\nkind: Configuration\nleaderElection:\n  leaderElect: true\n  leaseDuration: 15s\n  renewDeadline: 10s\n  resourceLock: leases\n  resourceName: c1f6bfd2.kueue.x-k8s.io\n  resourceNamespace: \"\"\n  retryPeriod: 2s\nmanageJobsWithoutQueueName: false\nmanagedJobsNamespaceSelector:\n  matchExpressions:\n  - key: kubernetes.io/metadata.name\n    operator: NotIn\n    values:\n    - kube-system\n    - kueue-system\nmetrics:\n  bindAddress: :8443\n  enableClusterQueueResources: true\n  localQueueMetrics:\n    enable: true\nmultiKueue:\n  dispatcherName: kueue.x-k8s.io/multikueue-dispatcher-all-at-once\n  gcInterval: 1m0s\n  origin: multikueue\n  workerLostTimeout: 15m0s\nnamespace: kueue-system\ntls:\n  cipherSuites:\n  - TLS_ECDHE_ECDSA_WITH_AES_128_GCM_SHA256\n  - TLS_ECDHE_RSA_WITH_AES_128_GCM_SHA256\n  - TLS_ECDHE_ECDSA_WITH_CHACHA20_POLY1305_SHA256\n  - TLS_ECDHE_RSA_WITH_CHACHA20_POLY1305_SHA256\n  - TLS_ECDHE_ECDSA_WITH_AES_256_GCM_SHA384\n  - TLS_ECDHE_RSA_WITH_AES_256_GCM_SHA384\n  minVersion: VersionTLS12\nvisibilityServer:\n  bindPort: 8082\nwebhook:\n  certDir: /tmp/k8s-webhook-server/serving-certs\n  port: 9443\n"}
2026-06-11T08:58:33.674106993Z stderr F 2026-06-11T08:58:33.672990068Z	INFO	setup	kueue/main.go:169	Initializing	{"gitVersion": "v0.19.0-devel-83-g51c5960c6", "gitCommit": "51c5960c6a734d982967e534cb094f8e048947fb", "buildDate": "2026-06-11T08:51:35Z"}
2026-06-11T08:58:33.674144193Z stderr F 2026-06-11T08:58:33.673731198Z	LEVEL(-2)	setup	features/kube_features.go:713	Loaded feature gates	{"featureGates": {"AdmissionFairSharing":true,"AdmissionGatedBy":false,"AssignQueueLabelsForPods":true,"ConcurrentAdmission":true,"CustomMetricLabels":false,"DRAExtendedResources":false,"DynamicResourceAllocation":false,"ElasticJobsViaWorkloadSlices":true,"ElasticJobsViaWorkloadSlicesWithTAS":false,"FailureRecoveryPolicy":false,"FairSharingPreemptWithinNominal":true,"FairSharingPrioritizeNonBorrowing":true,"FastQuotaReleaseInPodIntegration":false,"FinishOrphanedWorkloads":true,"FlavorFungibility":true,"HierarchicalCohorts":true,"KueueDRAIntegration":true,"KueueDRAIntegrationExtendedResource":false,"KueueDRAIntegrationPartitionableDevices":false,"KueueDRARejectWorkloadsWhenDRADisabled":true,"LendingLimit":true,"LocalQueueDefaulting":true,"LocalQueueMetrics":true,"ManagedJobsNamespaceSelectorAlwaysRespected":true,"MetricForWorkloadCreationLatency":true,"MetricsForCohorts":true,"MultiKueue":true,"MultiKueueAdaptersForCustomJobs":true,"MultiKueueAllowInsecureKubeconfigs":false,"MultiKueueBatchJobWithManagedBy":true,"MultiKueueClusterProfile":false,"MultiKueueManagerQuotaAutomation":true,"MultiKueueOrchestratedPreemption":false,"MultiKueueRedoAdmissionOnEvictionInWorker":true,"MultiKueueWaitForWorkloadAdmitted":true,"ObjectRetentionPolicies":true,"PartialAdmission":true,"PriorityBoost":false,"PrioritySortingWithinCohort":true,"PropagateBatchJobLabelsToWorkload":true,"QuotaCheckStrategy":false,"ReclaimablePods":true,"RejectUpdatesToCQWithInvalidOnFlavors":false,"RemoveFinalizersWithStrictPatch":true,"SanitizePodSets":true,"SchedulerLongRequeueInterval":false,"SchedulerTimestampPreemptionBuffer":false,"SchedulingEquivalenceHashing":true,"ShortWorkloadNames":false,"SkipFinalizersForPodsSuspendedByParent":true,"SparkApplicationIntegration":false,"TASBalancedPlacement":false,"TASFailedNodeReplacement":true,"TASFailedNodeReplacementFailFast":true,"TASHandleOverlappingFlavors":true,"TASMultiLayerTopology":false,"TASProfileMixed":true,"TASReplaceNodeOnNodeTaints":true,"TASReplaceNodeOnPodTermination":true,"TASRespectNodeAffinityPreferred":false,"TLSOptions":true,"TopologyAwareScheduling":true,"VisibilityOnDemand":true,"WorkloadIdentifierAnnotations":true,"WorkloadPriorityClassDefaulting":false,"WorkloadRequestUseMergePatch":false}}
2026-06-11T08:58:33.674952894Z stderr F 2026-06-11T08:58:33.674771512Z	LEVEL(-2)	setup	kueue/main.go:256	K8S Client	{"qps": 50, "burst": 100}
2026-06-11T08:58:33.675494371Z stderr F 2026-06-11T08:58:33.67537957Z	INFO	cert-bootstrap	cert/cert.go:50	Creating bootstrap manager for certificate generation
2026-06-11T08:58:33.676771318Z stderr F 2026-06-11T08:58:33.676642087Z	INFO	cert-bootstrap	cert/cert.go:88	Waiting for certificate generation and CA injection to complete
2026-06-11T08:58:33.677125783Z stderr F 2026-06-11T08:58:33.67686044Z	INFO	cert-bootstrap	cert/cert.go:80	Starting bootstrap manager
2026-06-11T08:58:33.677134713Z stderr F 2026-06-11T08:58:33.677009092Z	INFO	manager/server.go:83	starting server	{"name": "health probe", "addr": "[::]:8081"}
2026-06-11T08:58:33.678266738Z stderr F 2026-06-11T08:58:33.678123666Z	INFO	cert-rotation	rotator/rotator.go:290	starting cert rotator controller
2026-06-11T08:58:33.703130239Z stderr F 2026-06-11T08:58:33.702778904Z	LEVEL(-3)	controller-runtime.cache	cache/reflector.go:425	Starting reflector	{"type": "*v1.Secret", "resyncPeriod": "10h10m3.50586317s", "reflector": "sigs.k8s.io/controller-runtime/pkg/cache/internal/informers.go:128"}
2026-06-11T08:58:33.703171139Z stderr F 2026-06-11T08:58:33.702900546Z	LEVEL(-3)	controller-runtime.cache	cache/reflector.go:472	Listing and watching	{"type": "*v1.Secret", "reflector": "sigs.k8s.io/controller-runtime/pkg/cache/internal/informers.go:128"}
2026-06-11T08:58:33.703720416Z stderr F 2026-06-11T08:58:33.703549204Z	LEVEL(-3)	controller-runtime.cache	cache/reflector.go:425	Starting reflector	{"type": "apiextensions.k8s.io/v1, Kind=CustomResourceDefinition", "resyncPeriod": "10h8m12.11772673s", "reflector": "sigs.k8s.io/controller-runtime/pkg/cache/internal/informers.go:128"}
2026-06-11T08:58:33.705052674Z stderr F 2026-06-11T08:58:33.704227703Z	LEVEL(-3)	controller-runtime.cache	cache/reflector.go:472	Listing and watching	{"type": "apiextensions.k8s.io/v1, Kind=CustomResourceDefinition", "reflector": "sigs.k8s.io/controller-runtime/pkg/cache/internal/informers.go:128"}
2026-06-11T08:58:33.705091245Z stderr F 2026-06-11T08:58:33.704083881Z	LEVEL(-3)	controller-runtime.cache	cache/reflector.go:425	Starting reflector	{"type": "admissionregistration.k8s.io/v1, Kind=MutatingWebhookConfiguration", "resyncPeriod": "9h20m55.406358174s", "reflector": "sigs.k8s.io/controller-runtime/pkg/cache/internal/informers.go:128"}
2026-06-11T08:58:33.705323508Z stderr F 2026-06-11T08:58:33.70471274Z	LEVEL(-3)	controller-runtime.cache	cache/reflector.go:472	Listing and watching	{"type": "admissionregistration.k8s.io/v1, Kind=MutatingWebhookConfiguration", "reflector": "sigs.k8s.io/controller-runtime/pkg/cache/internal/informers.go:128"}
2026-06-11T08:58:33.705334258Z stderr F 2026-06-11T08:58:33.70396941Z	LEVEL(-3)	controller-runtime.cache	cache/reflector.go:425	Starting reflector	{"type": "admissionregistration.k8s.io/v1, Kind=ValidatingWebhookConfiguration", "resyncPeriod": "10h39m8.359212689s", "reflector": "sigs.k8s.io/controller-runtime/pkg/cache/internal/informers.go:128"}
2026-06-11T08:58:33.705432319Z stderr F 2026-06-11T08:58:33.704984543Z	LEVEL(-3)	controller-runtime.cache	cache/reflector.go:472	Listing and watching	{"type": "admissionregistration.k8s.io/v1, Kind=ValidatingWebhookConfiguration", "reflector": "sigs.k8s.io/controller-runtime/pkg/cache/internal/informers.go:128"}
2026-06-11T08:58:33.792303253Z stderr F 2026-06-11T08:58:33.791979509Z	LEVEL(-2)	controller-runtime.cache	cache/reflector.go:507	Caches populated	{"type": "*v1.Secret", "reflector": "sigs.k8s.io/controller-runtime/pkg/cache/internal/informers.go:128"}
2026-06-11T08:58:33.797103976Z stderr F 2026-06-11T08:58:33.796891634Z	LEVEL(-2)	controller-runtime.cache	cache/reflector.go:507	Caches populated	{"type": "admissionregistration.k8s.io/v1, Kind=ValidatingWebhookConfiguration", "reflector": "sigs.k8s.io/controller-runtime/pkg/cache/internal/informers.go:128"}
2026-06-11T08:58:33.798396274Z stderr F 2026-06-11T08:58:33.798200281Z	LEVEL(-2)	controller-runtime.cache	cache/reflector.go:507	Caches populated	{"type": "admissionregistration.k8s.io/v1, Kind=MutatingWebhookConfiguration", "reflector": "sigs.k8s.io/controller-runtime/pkg/cache/internal/informers.go:128"}
2026-06-11T08:58:33.808432597Z stderr F 2026-06-11T08:58:33.803201657Z	INFO	cert-rotation	rotator/rotator.go:334	refreshing CA and server certs
2026-06-11T08:58:34.096176336Z stderr F 2026-06-11T08:58:34.095894663Z	LEVEL(-2)	controller-runtime.cache	cache/reflector.go:507	Caches populated	{"type": "apiextensions.k8s.io/v1, Kind=CustomResourceDefinition", "reflector": "sigs.k8s.io/controller-runtime/pkg/cache/internal/informers.go:128"}
2026-06-11T08:58:34.204655017Z stderr F 2026-06-11T08:58:34.204426644Z	INFO	cert-rotation	rotator/rotator.go:334	refreshing CA and server certs
2026-06-11T08:58:34.269830962Z stderr F 2026-06-11T08:58:34.269371086Z	INFO	cert-rotation	rotator/rotator.go:340	server certs refreshed
2026-06-11T08:58:34.618999517Z stderr F 2026-06-11T08:58:34.618739274Z	LEVEL(-3)	cert-rotation	rotator/rotator.go:336	could not refresh CA and server certs	{"error": "Operation cannot be fulfilled on secrets \"kueue-webhook-server-cert\": the object has been modified; please apply your changes to the latest version and try again"}
2026-06-11T08:58:34.631024007Z stderr F 2026-06-11T08:58:34.630803334Z	INFO	cert-rotation	rotator/rotator.go:361	no cert refresh needed
2026-06-11T08:58:34.631057068Z stderr F 2026-06-11T08:58:34.630867115Z	ERROR	cert-rotation	rotator/rotator.go:809	secret is not well-formed, cannot update webhook configurations	{"error": "Cert secret is not well-formed, missing ca.crt", "errorVerbose": "Cert secret is not well-formed, missing ca.crt\ngithub.com/open-policy-agent/cert-controller/pkg/rotator.buildArtifactsFromSecret\n\t/workspace/vendor/github.com/open-policy-agent/cert-controller/pkg/rotator/rotator.go:515\ngithub.com/open-policy-agent/cert-controller/pkg/rotator.(*ReconcileWH).Reconcile\n\t/workspace/vendor/github.com/open-policy-agent/cert-controller/pkg/rotator/rotator.go:807\nsigs.k8s.io/controller-runtime/pkg/internal/controller.(*Controller[...]).Reconcile\n\t/workspace/vendor/sigs.k8s.io/controller-runtime/pkg/internal/controller/controller.go:221\nsigs.k8s.io/controller-runtime/pkg/internal/controller.(*Controller[...]).reconcileHandler\n\t/workspace/vendor/sigs.k8s.io/controller-runtime/pkg/internal/controller/controller.go:478\nsigs.k8s.io/controller-runtime/pkg/internal/controller.(*Controller[...]).processNextWorkItem\n\t/workspace/vendor/sigs.k8s.io/controller-runtime/pkg/internal/controller/controller.go:437\nsigs.k8s.io/controller-runtime/pkg/internal/controller.(*Controller[...]).Start.func1.1\n\t/workspace/vendor/sigs.k8s.io/controller-runtime/pkg/internal/controller/controller.go:312\nruntime.goexit\n\t/usr/local/go/src/runtime/asm_amd64.s:1771"}
2026-06-11T08:58:34.631062418Z stderr F github.com/open-policy-agent/cert-controller/pkg/rotator.(*ReconcileWH).Reconcile
2026-06-11T08:58:34.631066648Z stderr F 	/workspace/vendor/github.com/open-policy-agent/cert-controller/pkg/rotator/rotator.go:809
2026-06-11T08:58:34.631070708Z stderr F sigs.k8s.io/controller-runtime/pkg/internal/controller.(*Controller[...]).Reconcile
2026-06-11T08:58:34.631089838Z stderr F 	/workspace/vendor/sigs.k8s.io/controller-runtime/pkg/internal/controller/controller.go:221
2026-06-11T08:58:34.631094038Z stderr F sigs.k8s.io/controller-runtime/pkg/internal/controller.(*Controller[...]).reconcileHandler
2026-06-11T08:58:34.631097678Z stderr F 	/workspace/vendor/sigs.k8s.io/controller-runtime/pkg/internal/controller/controller.go:478
2026-06-11T08:58:34.631101318Z stderr F sigs.k8s.io/controller-runtime/pkg/internal/controller.(*Controller[...]).processNextWorkItem
2026-06-11T08:58:34.631105108Z stderr F 	/workspace/vendor/sigs.k8s.io/controller-runtime/pkg/internal/controller/controller.go:437
2026-06-11T08:58:34.631108888Z stderr F sigs.k8s.io/controller-runtime/pkg/internal/controller.(*Controller[...]).Start.func1.1
2026-06-11T08:58:34.631112718Z stderr F 	/workspace/vendor/sigs.k8s.io/controller-runtime/pkg/internal/controller/controller.go:312
2026-06-11T08:58:34.63196798Z stderr F 2026-06-11T08:58:34.631816778Z	INFO	cert-rotation	rotator/rotator.go:361	no cert refresh needed
2026-06-11T08:58:34.632575608Z stderr F 2026-06-11T08:58:34.632439576Z	INFO	cert-rotation	rotator/rotator.go:857	Ensuring CA cert	{"name": "kueue-validating-webhook-configuration", "gvk": "admissionregistration.k8s.io/v1, Kind=ValidatingWebhookConfiguration", "name": "kueue-validating-webhook-configuration", "gvk": "admissionregistration.k8s.io/v1, Kind=ValidatingWebhookConfiguration"}
2026-06-11T08:58:34.65083002Z stderr F 2026-06-11T08:58:34.650615187Z	INFO	cert-rotation	rotator/rotator.go:857	Ensuring CA cert	{"name": "kueue-mutating-webhook-configuration", "gvk": "admissionregistration.k8s.io/v1, Kind=MutatingWebhookConfiguration", "name": "kueue-mutating-webhook-configuration", "gvk": "admissionregistration.k8s.io/v1, Kind=MutatingWebhookConfiguration"}
2026-06-11T08:58:34.668292862Z stderr F 2026-06-11T08:58:34.668030698Z	INFO	cert-rotation	rotator/rotator.go:857	Ensuring CA cert	{"name": "localqueues.kueue.x-k8s.io", "gvk": "apiextensions.k8s.io/v1, Kind=CustomResourceDefinition", "name": "localqueues.kueue.x-k8s.io", "gvk": "apiextensions.k8s.io/v1, Kind=CustomResourceDefinition"}
2026-06-11T08:58:34.709474548Z stderr F 2026-06-11T08:58:34.709246685Z	INFO	cert-rotation	rotator/rotator.go:857	Ensuring CA cert	{"name": "clusterqueues.kueue.x-k8s.io", "gvk": "apiextensions.k8s.io/v1, Kind=CustomResourceDefinition", "name": "clusterqueues.kueue.x-k8s.io", "gvk": "apiextensions.k8s.io/v1, Kind=CustomResourceDefinition"}
2026-06-11T08:58:34.779884143Z stderr F 2026-06-11T08:58:34.7796465Z	INFO	cert-rotation	rotator/rotator.go:857	Ensuring CA cert	{"name": "workloads.kueue.x-k8s.io", "gvk": "apiextensions.k8s.io/v1, Kind=CustomResourceDefinition", "name": "workloads.kueue.x-k8s.io", "gvk": "apiextensions.k8s.io/v1, Kind=CustomResourceDefinition"}
2026-06-11T08:58:35.4997706Z stderr F 2026-06-11T08:58:35.499542977Z	INFO	cert-rotation	rotator/rotator.go:857	Ensuring CA cert	{"name": "cohorts.kueue.x-k8s.io", "gvk": "apiextensions.k8s.io/v1, Kind=CustomResourceDefinition", "name": "cohorts.kueue.x-k8s.io", "gvk": "apiextensions.k8s.io/v1, Kind=CustomResourceDefinition"}
2026-06-11T08:58:35.524583429Z stderr F 2026-06-11T08:58:35.524345806Z	INFO	cert-rotation	rotator/rotator.go:857	Ensuring CA cert	{"name": "multikueueclusters.kueue.x-k8s.io", "gvk": "apiextensions.k8s.io/v1, Kind=CustomResourceDefinition", "name": "multikueueclusters.kueue.x-k8s.io", "gvk": "apiextensions.k8s.io/v1, Kind=CustomResourceDefinition"}
2026-06-11T08:58:35.539379526Z stderr F 2026-06-11T08:58:35.539186543Z	INFO	cert-rotation	rotator/rotator.go:361	no cert refresh needed
2026-06-11T08:58:35.539973723Z stderr F 2026-06-11T08:58:35.539852302Z	INFO	cert-rotation	rotator/rotator.go:857	Ensuring CA cert	{"name": "kueue-validating-webhook-configuration", "gvk": "admissionregistration.k8s.io/v1, Kind=ValidatingWebhookConfiguration", "name": "kueue-validating-webhook-configuration", "gvk": "admissionregistration.k8s.io/v1, Kind=ValidatingWebhookConfiguration"}
2026-06-11T08:58:35.555892175Z stderr F 2026-06-11T08:58:35.555693352Z	INFO	cert-rotation	rotator/rotator.go:857	Ensuring CA cert	{"name": "kueue-mutating-webhook-configuration", "gvk": "admissionregistration.k8s.io/v1, Kind=MutatingWebhookConfiguration", "name": "kueue-mutating-webhook-configuration", "gvk": "admissionregistration.k8s.io/v1, Kind=MutatingWebhookConfiguration"}
2026-06-11T08:58:35.5728312Z stderr F 2026-06-11T08:58:35.572639257Z	INFO	cert-rotation	rotator/rotator.go:857	Ensuring CA cert	{"name": "localqueues.kueue.x-k8s.io", "gvk": "apiextensions.k8s.io/v1, Kind=CustomResourceDefinition", "name": "localqueues.kueue.x-k8s.io", "gvk": "apiextensions.k8s.io/v1, Kind=CustomResourceDefinition"}
2026-06-11T08:58:35.599480933Z stderr F 2026-06-11T08:58:35.599287041Z	INFO	cert-rotation	rotator/rotator.go:857	Ensuring CA cert	{"name": "clusterqueues.kueue.x-k8s.io", "gvk": "apiextensions.k8s.io/v1, Kind=CustomResourceDefinition", "name": "clusterqueues.kueue.x-k8s.io", "gvk": "apiextensions.k8s.io/v1, Kind=CustomResourceDefinition"}
2026-06-11T08:58:35.662881855Z stderr F 2026-06-11T08:58:35.662676672Z	INFO	cert-rotation	rotator/rotator.go:857	Ensuring CA cert	{"name": "workloads.kueue.x-k8s.io", "gvk": "apiextensions.k8s.io/v1, Kind=CustomResourceDefinition", "name": "workloads.kueue.x-k8s.io", "gvk": "apiextensions.k8s.io/v1, Kind=CustomResourceDefinition"}
2026-06-11T08:58:35.775401649Z stderr F 2026-06-11T08:58:35.775149105Z	INFO	cert-rotation	rotator/rotator.go:896	certs are ready in /tmp/k8s-webhook-server/serving-certs
2026-06-11T08:58:35.775434939Z stderr F 2026-06-11T08:58:35.775262477Z	INFO	cert-rotation	rotator/rotator.go:916	CA certs are injected to webhooks
2026-06-11T08:58:35.775439149Z stderr F 2026-06-11T08:58:35.775293357Z	INFO	cert-bootstrap	cert/cert.go:90	Certificates ready and CA bundles injected
2026-06-11T08:58:35.775443229Z stderr F 2026-06-11T08:58:35.775336748Z	INFO	cert-bootstrap	cert/cert.go:92	Stopping bootstrap manager
2026-06-11T08:58:35.775455509Z stderr F 2026-06-11T08:58:35.775359138Z	INFO	cert-bootstrap	cert/cert.go:95	Waiting for the bootstrap manager to stop
2026-06-11T08:58:35.77553807Z stderr F 2026-06-11T08:58:35.775417199Z	INFO	manager/internal.go:571	Stopping and waiting for non leader election runnables
2026-06-11T08:58:35.775545751Z stderr F 2026-06-11T08:58:35.77547383Z	INFO	manager/internal.go:566	Stopping and waiting for warmup runnables
2026-06-11T08:58:35.775622122Z stderr F 2026-06-11T08:58:35.77552359Z	INFO	cert-rotation	rotator/rotator.go:320	stopping cert rotator controller
2026-06-11T08:58:35.775789934Z stderr F 2026-06-11T08:58:35.775581591Z	LEVEL(-3)	controller-runtime.cache	cache/reflector.go:434	Stopping reflector	{"type": "admissionregistration.k8s.io/v1, Kind=ValidatingWebhookConfiguration", "resyncPeriod": "10h39m8.359212689s", "reflector": "sigs.k8s.io/controller-runtime/pkg/cache/internal/informers.go:128"}
2026-06-11T08:58:35.775800464Z stderr F 2026-06-11T08:58:35.775711443Z	LEVEL(-3)	controller-runtime.cache	cache/reflector.go:434	Stopping reflector	{"type": "admissionregistration.k8s.io/v1, Kind=MutatingWebhookConfiguration", "resyncPeriod": "9h20m55.406358174s", "reflector": "sigs.k8s.io/controller-runtime/pkg/cache/internal/informers.go:128"}
2026-06-11T08:58:35.775885425Z stderr F 2026-06-11T08:58:35.775759933Z	LEVEL(-3)	controller-runtime.cache	cache/reflector.go:434	Stopping reflector	{"type": "*v1.Secret", "resyncPeriod": "10h10m3.50586317s", "reflector": "sigs.k8s.io/controller-runtime/pkg/cache/internal/informers.go:128"}
2026-06-11T08:58:35.775966406Z stderr F 2026-06-11T08:58:35.775829834Z	LEVEL(-3)	controller-runtime.cache	cache/reflector.go:434	Stopping reflector	{"type": "apiextensions.k8s.io/v1, Kind=CustomResourceDefinition", "resyncPeriod": "10h8m12.11772673s", "reflector": "sigs.k8s.io/controller-runtime/pkg/cache/internal/informers.go:128"}
2026-06-11T08:58:36.387389973Z stderr F 2026-06-11T08:58:36.38715416Z	INFO	cert-rotation	rotator/rotator.go:857	Ensuring CA cert	{"name": "cohorts.kueue.x-k8s.io", "gvk": "apiextensions.k8s.io/v1, Kind=CustomResourceDefinition", "name": "cohorts.kueue.x-k8s.io", "gvk": "apiextensions.k8s.io/v1, Kind=CustomResourceDefinition"}
2026-06-11T08:58:36.412869002Z stderr F 2026-06-11T08:58:36.412676279Z	INFO	cert-rotation	rotator/rotator.go:857	Ensuring CA cert	{"name": "multikueueclusters.kueue.x-k8s.io", "gvk": "apiextensions.k8s.io/v1, Kind=CustomResourceDefinition", "name": "multikueueclusters.kueue.x-k8s.io", "gvk": "apiextensions.k8s.io/v1, Kind=CustomResourceDefinition"}
2026-06-11T08:58:36.427337823Z stderr F 2026-06-11T08:58:36.427132181Z	INFO	manager/internal.go:575	Stopping and waiting for leader election runnables
2026-06-11T08:58:36.427368394Z stderr F 2026-06-11T08:58:36.427201932Z	INFO	manager/internal.go:583	Stopping and waiting for caches
2026-06-11T08:58:36.427372414Z stderr F 2026-06-11T08:58:36.427240012Z	INFO	manager/internal.go:587	Stopping and waiting for webhooks
2026-06-11T08:58:36.427375994Z stderr F 2026-06-11T08:58:36.427251122Z	INFO	manager/internal.go:590	Stopping and waiting for HTTP servers
2026-06-11T08:58:36.427416114Z stderr F 2026-06-11T08:58:36.427268882Z	INFO	manager/server.go:68	shutting down server	{"name": "health probe", "addr": "[::]:8081"}
2026-06-11T08:58:36.427451045Z stderr F 2026-06-11T08:58:36.427365524Z	INFO	manager/internal.go:594	Wait completed, proceeding to shutdown the manager
2026-06-11T08:58:36.427460795Z stderr F 2026-06-11T08:58:36.427406904Z	INFO	cert-bootstrap	cert/cert.go:98	Certificate bootstrap complete
2026-06-11T08:58:36.434320876Z stderr F 2026-06-11T08:58:36.434140404Z	INFO	setup	kueue/main.go:668	RoleTracker: leader election enabled
2026-06-11T08:58:36.436814029Z stderr F 2026-06-11T08:58:36.436549556Z	ERROR	setup	kueue/main.go:435	Skipping admission check controller setup: Provisioning Requests not supported (Possible cause: missing or unsupported cluster-autoscaler)	{"error": "no matches for kind \"ProvisioningRequest\" in version \"autoscaling.x-k8s.io/v1\""}
2026-06-11T08:58:36.43683522Z stderr F main.setupIndexes
2026-06-11T08:58:36.43684085Z stderr F 	/workspace/cmd/kueue/main.go:435
2026-06-11T08:58:36.43684512Z stderr F main.main
2026-06-11T08:58:36.43684941Z stderr F 	/workspace/cmd/kueue/main.go:354
2026-06-11T08:58:36.43685355Z stderr F runtime.main
2026-06-11T08:58:36.43685751Z stderr F 	/usr/local/go/src/runtime/proc.go:290
2026-06-11T08:58:36.438586613Z stderr F 2026-06-11T08:58:36.43841126Z	INFO	setup	kueue/main.go:614	Probe endpoints are configured on healthz and readyz
2026-06-11T08:58:36.438609803Z stderr F 2026-06-11T08:58:36.438528392Z	INFO	queue-manager	queue/manager.go:138	DRA reconcile channel connected
2026-06-11T08:58:36.440076422Z stderr F 2026-06-11T08:58:36.439946511Z	INFO	setup	kueue/main.go:487	Skipping provisioning controller setup: Provisioning Requests not supported (Possible cause: missing or unsupported cluster-autoscaler)
2026-06-11T08:58:36.440355026Z stderr F 2026-06-11T08:58:36.440224664Z	INFO	controller-runtime.builder	builder/webhook.go:221	Registering a mutating webhook	{"GVK": "workload.codeflare.dev/v1beta2, Kind=AppWrapper", "path": "/mutate-workload-codeflare-dev-v1beta2-appwrapper"}
2026-06-11T08:58:36.440422147Z stderr F 2026-06-11T08:58:36.440352986Z	INFO	controller-runtime.webhook	webhook/server.go:183	Registering webhook	{"path": "/mutate-workload-codeflare-dev-v1beta2-appwrapper"}
2026-06-11T08:58:36.440489848Z stderr F 2026-06-11T08:58:36.440399007Z	INFO	controller-runtime.builder	builder/webhook.go:268	Registering a validating webhook	{"GVK": "workload.codeflare.dev/v1beta2, Kind=AppWrapper", "path": "/validate-workload-codeflare-dev-v1beta2-appwrapper"}
2026-06-11T08:58:36.440551249Z stderr F 2026-06-11T08:58:36.440474088Z	INFO	controller-runtime.webhook	webhook/server.go:183	Registering webhook	{"path": "/validate-workload-codeflare-dev-v1beta2-appwrapper"}
2026-06-11T08:58:36.44067977Z stderr F 2026-06-11T08:58:36.440567219Z	LEVEL(-3)	jobframework/noop_controller.go:42	Skipped reconciler setup	{"gvk": "apps/v1, Kind=Deployment"}
2026-06-11T08:58:36.440691301Z stderr F 2026-06-11T08:58:36.44064126Z	INFO	controller-runtime.builder	builder/webhook.go:221	Registering a mutating webhook	{"GVK": "apps/v1, Kind=Deployment", "path": "/mutate-apps-v1-deployment"}
2026-06-11T08:58:36.440896003Z stderr F 2026-06-11T08:58:36.440751611Z	INFO	controller-runtime.webhook	webhook/server.go:183	Registering webhook	{"path": "/mutate-apps-v1-deployment"}
2026-06-11T08:58:36.440910893Z stderr F 2026-06-11T08:58:36.440807372Z	INFO	controller-runtime.builder	builder/webhook.go:268	Registering a validating webhook	{"GVK": "apps/v1, Kind=Deployment", "path": "/validate-apps-v1-deployment"}
2026-06-11T08:58:36.441042055Z stderr F 2026-06-11T08:58:36.440914793Z	INFO	controller-runtime.webhook	webhook/server.go:183	Registering webhook	{"path": "/validate-apps-v1-deployment"}
2026-06-11T08:58:36.441177697Z stderr F 2026-06-11T08:58:36.441077256Z	INFO	controller-runtime.builder	builder/webhook.go:221	Registering a mutating webhook	{"GVK": "batch/v1, Kind=Job", "path": "/mutate-batch-v1-job"}
2026-06-11T08:58:36.441270288Z stderr F 2026-06-11T08:58:36.441176277Z	INFO	controller-runtime.webhook	webhook/server.go:183	Registering webhook	{"path": "/mutate-batch-v1-job"}
2026-06-11T08:58:36.441277468Z stderr F 2026-06-11T08:58:36.441230408Z	INFO	controller-runtime.builder	builder/webhook.go:268	Registering a validating webhook	{"GVK": "batch/v1, Kind=Job", "path": "/validate-batch-v1-job"}
2026-06-11T08:58:36.44143156Z stderr F 2026-06-11T08:58:36.441322209Z	INFO	controller-runtime.webhook	webhook/server.go:183	Registering webhook	{"path": "/validate-batch-v1-job"}
2026-06-11T08:58:36.441592202Z stderr F 2026-06-11T08:58:36.441453541Z	INFO	controller-runtime.builder	builder/webhook.go:221	Registering a mutating webhook	{"GVK": "jobset.x-k8s.io/v1alpha2, Kind=JobSet", "path": "/mutate-jobset-x-k8s-io-v1alpha2-jobset"}
2026-06-11T08:58:36.441651903Z stderr F 2026-06-11T08:58:36.441570492Z	INFO	controller-runtime.webhook	webhook/server.go:183	Registering webhook	{"path": "/mutate-jobset-x-k8s-io-v1alpha2-jobset"}
2026-06-11T08:58:36.441707544Z stderr F 2026-06-11T08:58:36.441625403Z	INFO	controller-runtime.builder	builder/webhook.go:268	Registering a validating webhook	{"GVK": "jobset.x-k8s.io/v1alpha2, Kind=JobSet", "path": "/validate-jobset-x-k8s-io-v1alpha2-jobset"}
2026-06-11T08:58:36.441769755Z stderr F 2026-06-11T08:58:36.441710284Z	INFO	controller-runtime.webhook	webhook/server.go:183	Registering webhook	{"path": "/validate-jobset-x-k8s-io-v1alpha2-jobset"}
2026-06-11T08:58:36.443579539Z stderr F 2026-06-11T08:58:36.443401646Z	INFO	controller-runtime.builder	builder/webhook.go:221	Registering a mutating webhook	{"GVK": "kubeflow.org/v1, Kind=JAXJob", "path": "/mutate-kubeflow-org-v1-jaxjob"}
2026-06-11T08:58:36.443723561Z stderr F 2026-06-11T08:58:36.443566329Z	INFO	controller-runtime.webhook	webhook/server.go:183	Registering webhook	{"path": "/mutate-kubeflow-org-v1-jaxjob"}
2026-06-11T08:58:36.443731881Z stderr F 2026-06-11T08:58:36.44364218Z	INFO	controller-runtime.builder	builder/webhook.go:268	Registering a validating webhook	{"GVK": "kubeflow.org/v1, Kind=JAXJob", "path": "/validate-kubeflow-org-v1-jaxjob"}
2026-06-11T08:58:36.443851922Z stderr F 2026-06-11T08:58:36.443733831Z	INFO	controller-runtime.webhook	webhook/server.go:183	Registering webhook	{"path": "/validate-kubeflow-org-v1-jaxjob"}
2026-06-11T08:58:36.443865563Z stderr F 2026-06-11T08:58:36.443806202Z	INFO	setup	jobframework/setup.go:96	No matching API in the server for job framework, deferring setting up controller	{"jobFrameworkName": "kubeflow.org/jaxjob"}
2026-06-11T08:58:36.445589276Z stderr F 2026-06-11T08:58:36.445414533Z	INFO	controller-runtime.builder	builder/webhook.go:221	Registering a mutating webhook	{"GVK": "kubeflow.org/v1, Kind=PaddleJob", "path": "/mutate-kubeflow-org-v1-paddlejob"}
2026-06-11T08:58:36.445612406Z stderr F 2026-06-11T08:58:36.445517845Z	INFO	controller-runtime.webhook	webhook/server.go:183	Registering webhook	{"path": "/mutate-kubeflow-org-v1-paddlejob"}
2026-06-11T08:58:36.445618596Z stderr F 2026-06-11T08:58:36.445585165Z	INFO	controller-runtime.builder	builder/webhook.go:268	Registering a validating webhook	{"GVK": "kubeflow.org/v1, Kind=PaddleJob", "path": "/validate-kubeflow-org-v1-paddlejob"}
2026-06-11T08:58:36.445864369Z stderr F 2026-06-11T08:58:36.445675637Z	INFO	controller-runtime.webhook	webhook/server.go:183	Registering webhook	{"path": "/validate-kubeflow-org-v1-paddlejob"}
2026-06-11T08:58:36.445877259Z stderr F 2026-06-11T08:58:36.445746298Z	INFO	setup	jobframework/setup.go:96	No matching API in the server for job framework, deferring setting up controller	{"jobFrameworkName": "kubeflow.org/paddlejob"}
2026-06-11T08:58:36.448776018Z stderr F 2026-06-11T08:58:36.448608586Z	INFO	controller-runtime.builder	builder/webhook.go:221	Registering a mutating webhook	{"GVK": "kubeflow.org/v1, Kind=PyTorchJob", "path": "/mutate-kubeflow-org-v1-pytorchjob"}
2026-06-11T08:58:36.448798408Z stderr F 2026-06-11T08:58:36.448719707Z	INFO	controller-runtime.webhook	webhook/server.go:183	Registering webhook	{"path": "/mutate-kubeflow-org-v1-pytorchjob"}
2026-06-11T08:58:36.448870289Z stderr F 2026-06-11T08:58:36.448774598Z	INFO	controller-runtime.builder	builder/webhook.go:268	Registering a validating webhook	{"GVK": "kubeflow.org/v1, Kind=PyTorchJob", "path": "/validate-kubeflow-org-v1-pytorchjob"}
2026-06-11T08:58:36.44891331Z stderr F 2026-06-11T08:58:36.448843649Z	INFO	controller-runtime.webhook	webhook/server.go:183	Registering webhook	{"path": "/validate-kubeflow-org-v1-pytorchjob"}
2026-06-11T08:58:36.449009941Z stderr F 2026-06-11T08:58:36.44891671Z	INFO	setup	jobframework/setup.go:96	No matching API in the server for job framework, deferring setting up controller	{"jobFrameworkName": "kubeflow.org/pytorchjob"}
2026-06-11T08:58:36.453545772Z stderr F 2026-06-11T08:58:36.453309589Z	INFO	controller-runtime.builder	builder/webhook.go:221	Registering a mutating webhook	{"GVK": "kubeflow.org/v1, Kind=TFJob", "path": "/mutate-kubeflow-org-v1-tfjob"}
2026-06-11T08:58:36.453695764Z stderr F 2026-06-11T08:58:36.453577522Z	INFO	controller-runtime.webhook	webhook/server.go:183	Registering webhook	{"path": "/mutate-kubeflow-org-v1-tfjob"}
2026-06-11T08:58:36.453703334Z stderr F 2026-06-11T08:58:36.453635393Z	INFO	controller-runtime.builder	builder/webhook.go:268	Registering a validating webhook	{"GVK": "kubeflow.org/v1, Kind=TFJob", "path": "/validate-kubeflow-org-v1-tfjob"}
2026-06-11T08:58:36.453830315Z stderr F 2026-06-11T08:58:36.453728984Z	INFO	controller-runtime.webhook	webhook/server.go:183	Registering webhook	{"path": "/validate-kubeflow-org-v1-tfjob"}
2026-06-11T08:58:36.453843556Z stderr F 2026-06-11T08:58:36.453798345Z	INFO	setup	jobframework/setup.go:96	No matching API in the server for job framework, deferring setting up controller	{"jobFrameworkName": "kubeflow.org/tfjob"}
2026-06-11T08:58:36.455422916Z stderr F 2026-06-11T08:58:36.455256784Z	INFO	controller-runtime.builder	builder/webhook.go:221	Registering a mutating webhook	{"GVK": "kubeflow.org/v1, Kind=XGBoostJob", "path": "/mutate-kubeflow-org-v1-xgboostjob"}
2026-06-11T08:58:36.455494957Z stderr F 2026-06-11T08:58:36.455363596Z	INFO	controller-runtime.webhook	webhook/server.go:183	Registering webhook	{"path": "/mutate-kubeflow-org-v1-xgboostjob"}
2026-06-11T08:58:36.455506878Z stderr F 2026-06-11T08:58:36.455454767Z	INFO	controller-runtime.builder	builder/webhook.go:268	Registering a validating webhook	{"GVK": "kubeflow.org/v1, Kind=XGBoostJob", "path": "/validate-kubeflow-org-v1-xgboostjob"}
2026-06-11T08:58:36.45569999Z stderr F 2026-06-11T08:58:36.455567808Z	INFO	controller-runtime.webhook	webhook/server.go:183	Registering webhook	{"path": "/validate-kubeflow-org-v1-xgboostjob"}
2026-06-11T08:58:36.45571351Z stderr F 2026-06-11T08:58:36.45566324Z	INFO	setup	jobframework/setup.go:96	No matching API in the server for job framework, deferring setting up controller	{"jobFrameworkName": "kubeflow.org/xgboostjob"}
2026-06-11T08:58:36.458428436Z stderr F 2026-06-11T08:58:36.458266534Z	INFO	controller-runtime.builder	builder/webhook.go:221	Registering a mutating webhook	{"GVK": "kubeflow.org/v2beta1, Kind=MPIJob", "path": "/mutate-kubeflow-org-v2beta1-mpijob"}
2026-06-11T08:58:36.458467807Z stderr F 2026-06-11T08:58:36.458371805Z	INFO	controller-runtime.webhook	webhook/server.go:183	Registering webhook	{"path": "/mutate-kubeflow-org-v2beta1-mpijob"}
2026-06-11T08:58:36.458508107Z stderr F 2026-06-11T08:58:36.458428916Z	INFO	controller-runtime.builder	builder/webhook.go:268	Registering a validating webhook	{"GVK": "kubeflow.org/v2beta1, Kind=MPIJob", "path": "/validate-kubeflow-org-v2beta1-mpijob"}
2026-06-11T08:58:36.458632149Z stderr F 2026-06-11T08:58:36.458527787Z	INFO	controller-runtime.webhook	webhook/server.go:183	Registering webhook	{"path": "/validate-kubeflow-org-v2beta1-mpijob"}
2026-06-11T08:58:36.45870916Z stderr F 2026-06-11T08:58:36.458605368Z	INFO	setup	jobframework/setup.go:96	No matching API in the server for job framework, deferring setting up controller	{"jobFrameworkName": "kubeflow.org/mpijob"}
2026-06-11T08:58:36.459959806Z stderr F 2026-06-11T08:58:36.459779854Z	LEVEL(-3)	pod/pod_controller.go:128	Setting up Pod reconciler	{"concurrency": 5}
2026-06-11T08:58:36.459972197Z stderr F 2026-06-11T08:58:36.459866675Z	INFO	controller-runtime.builder	builder/webhook.go:221	Registering a mutating webhook	{"GVK": "/v1, Kind=Pod", "path": "/mutate--v1-pod"}
2026-06-11T08:58:36.460097928Z stderr F 2026-06-11T08:58:36.459982607Z	INFO	controller-runtime.webhook	webhook/server.go:183	Registering webhook	{"path": "/mutate--v1-pod"}
2026-06-11T08:58:36.460106818Z stderr F 2026-06-11T08:58:36.460035847Z	INFO	controller-runtime.builder	builder/webhook.go:268	Registering a validating webhook	{"GVK": "/v1, Kind=Pod", "path": "/validate--v1-pod"}
2026-06-11T08:58:36.46023893Z stderr F 2026-06-11T08:58:36.460115248Z	INFO	controller-runtime.webhook	webhook/server.go:183	Registering webhook	{"path": "/validate--v1-pod"}
2026-06-11T08:58:36.461255383Z stderr F 2026-06-11T08:58:36.461103501Z	LEVEL(-3)	leaderworkerset/leaderworkerset_reconciler.go:113	Setting up LeaderWorkerSet reconciler
2026-06-11T08:58:36.461286744Z stderr F 2026-06-11T08:58:36.461197613Z	INFO	controller-runtime.builder	builder/webhook.go:221	Registering a mutating webhook	{"GVK": "leaderworkerset.x-k8s.io/v1, Kind=LeaderWorkerSet", "path": "/mutate-leaderworkerset-x-k8s-io-v1-leaderworkerset"}
2026-06-11T08:58:36.461425376Z stderr F 2026-06-11T08:58:36.461311374Z	INFO	controller-runtime.webhook	webhook/server.go:183	Registering webhook	{"path": "/mutate-leaderworkerset-x-k8s-io-v1-leaderworkerset"}
2026-06-11T08:58:36.461434986Z stderr F 2026-06-11T08:58:36.461366815Z	INFO	controller-runtime.builder	builder/webhook.go:268	Registering a validating webhook	{"GVK": "leaderworkerset.x-k8s.io/v1, Kind=LeaderWorkerSet", "path": "/validate-leaderworkerset-x-k8s-io-v1-leaderworkerset"}
2026-06-11T08:58:36.461561938Z stderr F 2026-06-11T08:58:36.461467466Z	INFO	controller-runtime.webhook	webhook/server.go:183	Registering webhook	{"path": "/validate-leaderworkerset-x-k8s-io-v1-leaderworkerset"}
2026-06-11T08:58:36.463131258Z stderr F 2026-06-11T08:58:36.462989016Z	INFO	controller-runtime.builder	builder/webhook.go:221	Registering a mutating webhook	{"GVK": "ray.io/v1, Kind=RayCluster", "path": "/mutate-ray-io-v1-raycluster"}
2026-06-11T08:58:36.463196469Z stderr F 2026-06-11T08:58:36.463102718Z	INFO	controller-runtime.webhook	webhook/server.go:183	Registering webhook	{"path": "/mutate-ray-io-v1-raycluster"}
2026-06-11T08:58:36.46325776Z stderr F 2026-06-11T08:58:36.463153989Z	INFO	controller-runtime.builder	builder/webhook.go:268	Registering a validating webhook	{"GVK": "ray.io/v1, Kind=RayCluster", "path": "/validate-ray-io-v1-raycluster"}
2026-06-11T08:58:36.463361521Z stderr F 2026-06-11T08:58:36.46325782Z	INFO	controller-runtime.webhook	webhook/server.go:183	Registering webhook	{"path": "/validate-ray-io-v1-raycluster"}
2026-06-11T08:58:36.463518513Z stderr F 2026-06-11T08:58:36.463368871Z	INFO	setup	jobframework/setup.go:96	No matching API in the server for job framework, deferring setting up controller	{"jobFrameworkName": "ray.io/raycluster"}
2026-06-11T08:58:36.465238316Z stderr F 2026-06-11T08:58:36.465064984Z	INFO	controller-runtime.builder	builder/webhook.go:221	Registering a mutating webhook	{"GVK": "ray.io/v1, Kind=RayJob", "path": "/mutate-ray-io-v1-rayjob"}
2026-06-11T08:58:36.465263427Z stderr F 2026-06-11T08:58:36.465175685Z	INFO	controller-runtime.webhook	webhook/server.go:183	Registering webhook	{"path": "/mutate-ray-io-v1-rayjob"}
2026-06-11T08:58:36.465367288Z stderr F 2026-06-11T08:58:36.465231116Z	INFO	controller-runtime.builder	builder/webhook.go:268	Registering a validating webhook	{"GVK": "ray.io/v1, Kind=RayJob", "path": "/validate-ray-io-v1-rayjob"}
2026-06-11T08:58:36.465380058Z stderr F 2026-06-11T08:58:36.465331038Z	INFO	controller-runtime.webhook	webhook/server.go:183	Registering webhook	{"path": "/validate-ray-io-v1-rayjob"}
2026-06-11T08:58:36.4655193Z stderr F 2026-06-11T08:58:36.465409919Z	INFO	setup	jobframework/setup.go:96	No matching API in the server for job framework, deferring setting up controller	{"jobFrameworkName": "ray.io/rayjob"}
2026-06-11T08:58:36.468194486Z stderr F 2026-06-11T08:58:36.468022083Z	INFO	controller-runtime.builder	builder/webhook.go:221	Registering a mutating webhook	{"GVK": "ray.io/v1, Kind=RayService", "path": "/mutate-ray-io-v1-rayservice"}
2026-06-11T08:58:36.468215766Z stderr F 2026-06-11T08:58:36.468146825Z	INFO	controller-runtime.webhook	webhook/server.go:183	Registering webhook	{"path": "/mutate-ray-io-v1-rayservice"}
2026-06-11T08:58:36.468291697Z stderr F 2026-06-11T08:58:36.468210006Z	INFO	controller-runtime.builder	builder/webhook.go:268	Registering a validating webhook	{"GVK": "ray.io/v1, Kind=RayService", "path": "/validate-ray-io-v1-rayservice"}
2026-06-11T08:58:36.468382868Z stderr F 2026-06-11T08:58:36.468293207Z	INFO	controller-runtime.webhook	webhook/server.go:183	Registering webhook	{"path": "/validate-ray-io-v1-rayservice"}
2026-06-11T08:58:36.46850187Z stderr F 2026-06-11T08:58:36.468379758Z	INFO	setup	jobframework/setup.go:96	No matching API in the server for job framework, deferring setting up controller	{"jobFrameworkName": "ray.io/rayservice"}
2026-06-11T08:58:36.46851572Z stderr F 2026-06-11T08:58:36.468459399Z	INFO	controller-runtime.builder	builder/webhook.go:221	Registering a mutating webhook	{"GVK": "sparkoperator.k8s.io/v1beta2, Kind=SparkApplication", "path": "/mutate-sparkoperator-k8s-io-v1beta2-sparkapplication"}
2026-06-11T08:58:36.468632592Z stderr F 2026-06-11T08:58:36.46853017Z	INFO	controller-runtime.webhook	webhook/server.go:183	Registering webhook	{"path": "/mutate-sparkoperator-k8s-io-v1beta2-sparkapplication"}
2026-06-11T08:58:36.468639902Z stderr F 2026-06-11T08:58:36.468576461Z	INFO	controller-runtime.builder	builder/webhook.go:268	Registering a validating webhook	{"GVK": "sparkoperator.k8s.io/v1beta2, Kind=SparkApplication", "path": "/validate-sparkoperator-k8s-io-v1beta2-sparkapplication"}
2026-06-11T08:58:36.468712243Z stderr F 2026-06-11T08:58:36.468634912Z	INFO	controller-runtime.webhook	webhook/server.go:183	Registering webhook	{"path": "/validate-sparkoperator-k8s-io-v1beta2-sparkapplication"}
2026-06-11T08:58:36.469647035Z stderr F 2026-06-11T08:58:36.469484893Z	LEVEL(-3)	statefulset/statefulset_reconciler.go:321	Setting up StatefulSet reconciler
2026-06-11T08:58:36.469658485Z stderr F 2026-06-11T08:58:36.469555554Z	LEVEL(-3)	statefulset/statefulset_pod_reconciler.go:68	Setting up Pod reconciler for StatefulSet
2026-06-11T08:58:36.469724796Z stderr F 2026-06-11T08:58:36.469618495Z	INFO	controller-runtime.builder	builder/webhook.go:221	Registering a mutating webhook	{"GVK": "apps/v1, Kind=StatefulSet", "path": "/mutate-apps-v1-statefulset"}
2026-06-11T08:58:36.469845948Z stderr F 2026-06-11T08:58:36.469730226Z	INFO	controller-runtime.webhook	webhook/server.go:183	Registering webhook	{"path": "/mutate-apps-v1-statefulset"}
2026-06-11T08:58:36.469853968Z stderr F 2026-06-11T08:58:36.469778227Z	INFO	controller-runtime.builder	builder/webhook.go:268	Registering a validating webhook	{"GVK": "apps/v1, Kind=StatefulSet", "path": "/validate-apps-v1-statefulset"}
2026-06-11T08:58:36.469962479Z stderr F 2026-06-11T08:58:36.469865298Z	INFO	controller-runtime.webhook	webhook/server.go:183	Registering webhook	{"path": "/validate-apps-v1-statefulset"}
2026-06-11T08:58:36.472392562Z stderr F 2026-06-11T08:58:36.47223278Z	INFO	controller-runtime.builder	builder/webhook.go:221	Registering a mutating webhook	{"GVK": "trainer.kubeflow.org/v1alpha1, Kind=TrainJob", "path": "/mutate-trainer-kubeflow-org-v1alpha1-trainjob"}
2026-06-11T08:58:36.472411442Z stderr F 2026-06-11T08:58:36.472356101Z	INFO	controller-runtime.webhook	webhook/server.go:183	Registering webhook	{"path": "/mutate-trainer-kubeflow-org-v1alpha1-trainjob"}
2026-06-11T08:58:36.472504253Z stderr F 2026-06-11T08:58:36.472410542Z	INFO	controller-runtime.builder	builder/webhook.go:268	Registering a validating webhook	{"GVK": "trainer.kubeflow.org/v1alpha1, Kind=TrainJob", "path": "/validate-trainer-kubeflow-org-v1alpha1-trainjob"}
2026-06-11T08:58:36.472604685Z stderr F 2026-06-11T08:58:36.472511443Z	INFO	controller-runtime.webhook	webhook/server.go:183	Registering webhook	{"path": "/validate-trainer-kubeflow-org-v1alpha1-trainjob"}
2026-06-11T08:58:36.472670585Z stderr F 2026-06-11T08:58:36.472600225Z	INFO	setup	jobframework/setup.go:96	No matching API in the server for job framework, deferring setting up controller	{"jobFrameworkName": "trainer.kubeflow.org/trainjob"}
2026-06-11T08:58:36.472793657Z stderr F 2026-06-11T08:58:36.472670975Z	INFO	controller-runtime.builder	builder/webhook.go:221	Registering a mutating webhook	{"GVK": "kueue.x-k8s.io/v1beta2, Kind=Workload", "path": "/mutate-kueue-x-k8s-io-v1beta2-workload"}
2026-06-11T08:58:36.472806587Z stderr F 2026-06-11T08:58:36.472754497Z	INFO	controller-runtime.webhook	webhook/server.go:183	Registering webhook	{"path": "/mutate-kueue-x-k8s-io-v1beta2-workload"}
2026-06-11T08:58:36.472920249Z stderr F 2026-06-11T08:58:36.472807007Z	INFO	controller-runtime.builder	builder/webhook.go:268	Registering a validating webhook	{"GVK": "kueue.x-k8s.io/v1beta2, Kind=Workload", "path": "/validate-kueue-x-k8s-io-v1beta2-workload"}
2026-06-11T08:58:36.472931759Z stderr F 2026-06-11T08:58:36.472884048Z	INFO	controller-runtime.webhook	webhook/server.go:183	Registering webhook	{"path": "/validate-kueue-x-k8s-io-v1beta2-workload"}
2026-06-11T08:58:36.473151462Z stderr F 2026-06-11T08:58:36.47302775Z	INFO	controller-runtime.webhook	webhook/server.go:183	Registering webhook	{"path": "/convert"}
2026-06-11T08:58:36.473161862Z stderr F 2026-06-11T08:58:36.473051641Z	INFO	controller-runtime.builder	builder/webhook.go:319	Conversion webhook enabled	{"GVK": "kueue.x-k8s.io/v1beta2, Kind=Workload"}
2026-06-11T08:58:36.473166412Z stderr F 2026-06-11T08:58:36.473092911Z	INFO	controller-runtime.builder	builder/webhook.go:221	Registering a mutating webhook	{"GVK": "kueue.x-k8s.io/v1beta2, Kind=ResourceFlavor", "path": "/mutate-kueue-x-k8s-io-v1beta2-resourceflavor"}
2026-06-11T08:58:36.473293694Z stderr F 2026-06-11T08:58:36.473177502Z	INFO	controller-runtime.webhook	webhook/server.go:183	Registering webhook	{"path": "/mutate-kueue-x-k8s-io-v1beta2-resourceflavor"}
2026-06-11T08:58:36.473303114Z stderr F 2026-06-11T08:58:36.473233263Z	INFO	controller-runtime.builder	builder/webhook.go:268	Registering a validating webhook	{"GVK": "kueue.x-k8s.io/v1beta2, Kind=ResourceFlavor", "path": "/validate-kueue-x-k8s-io-v1beta2-resourceflavor"}
2026-06-11T08:58:36.473531947Z stderr F 2026-06-11T08:58:36.473400675Z	INFO	controller-runtime.webhook	webhook/server.go:183	Registering webhook	{"path": "/validate-kueue-x-k8s-io-v1beta2-resourceflavor"}
2026-06-11T08:58:36.473589958Z stderr F 2026-06-11T08:58:36.473488636Z	INFO	controller-runtime.builder	builder/webhook.go:221	Registering a mutating webhook	{"GVK": "kueue.x-k8s.io/v1beta2, Kind=ClusterQueue", "path": "/mutate-kueue-x-k8s-io-v1beta2-clusterqueue"}
2026-06-11T08:58:36.473714329Z stderr F 2026-06-11T08:58:36.473583698Z	INFO	controller-runtime.webhook	webhook/server.go:183	Registering webhook	{"path": "/mutate-kueue-x-k8s-io-v1beta2-clusterqueue"}
2026-06-11T08:58:36.473803241Z stderr F 2026-06-11T08:58:36.473641648Z	INFO	controller-runtime.builder	builder/webhook.go:268	Registering a validating webhook	{"GVK": "kueue.x-k8s.io/v1beta2, Kind=ClusterQueue", "path": "/validate-kueue-x-k8s-io-v1beta2-clusterqueue"}
2026-06-11T08:58:36.473839321Z stderr F 2026-06-11T08:58:36.473707519Z	INFO	controller-runtime.webhook	webhook/server.go:183	Registering webhook	{"path": "/validate-kueue-x-k8s-io-v1beta2-clusterqueue"}
2026-06-11T08:58:36.473933412Z stderr F 2026-06-11T08:58:36.473818421Z	INFO	controller-runtime.builder	builder/webhook.go:319	Conversion webhook enabled	{"GVK": "kueue.x-k8s.io/v1beta2, Kind=ClusterQueue"}
2026-06-11T08:58:36.473940632Z stderr F 2026-06-11T08:58:36.473879612Z	INFO	controller-runtime.builder	builder/webhook.go:268	Registering a validating webhook	{"GVK": "kueue.x-k8s.io/v1beta2, Kind=Cohort", "path": "/validate-kueue-x-k8s-io-v1beta2-cohort"}
2026-06-11T08:58:36.474068714Z stderr F 2026-06-11T08:58:36.473946662Z	INFO	controller-runtime.webhook	webhook/server.go:183	Registering webhook	{"path": "/validate-kueue-x-k8s-io-v1beta2-cohort"}
2026-06-11T08:58:36.474085074Z stderr F 2026-06-11T08:58:36.474012053Z	INFO	controller-runtime.builder	builder/webhook.go:319	Conversion webhook enabled	{"GVK": "kueue.x-k8s.io/v1beta2, Kind=Cohort"}
2026-06-11T08:58:36.474160025Z stderr F 2026-06-11T08:58:36.474082214Z	INFO	controller-runtime.builder	builder/webhook.go:319	Conversion webhook enabled	{"GVK": "kueue.x-k8s.io/v1beta2, Kind=LocalQueue"}
2026-06-11T08:58:36.474225946Z stderr F 2026-06-11T08:58:36.474127955Z	INFO	setup	kueue/main.go:420	Starting manager
2026-06-11T08:58:36.474313047Z stderr F 2026-06-11T08:58:36.474224196Z	INFO	controller-runtime.metrics	server/server.go:208	Starting metrics server
2026-06-11T08:58:36.482704078Z stderr F 2026-06-11T08:58:36.482549776Z	INFO	manager/server.go:83	starting server	{"name": "health probe", "addr": "[::]:8081"}
2026-06-11T08:58:36.482719938Z stderr F 2026-06-11T08:58:36.482637207Z	INFO	controller-runtime.webhook	webhook/server.go:191	Starting webhook server
2026-06-11T08:58:36.483233155Z stderr F 2026-06-11T08:58:36.483122894Z	INFO	controller-runtime.certwatcher	certwatcher/certwatcher.go:214	Updated current TLS certificate	{"cert": "/tmp/k8s-webhook-server/serving-certs/tls.crt", "key": "/tmp/k8s-webhook-server/serving-certs/tls.key"}
2026-06-11T08:58:36.483413107Z stderr F 2026-06-11T08:58:36.483255965Z	INFO	controller-runtime.webhook	webhook/server.go:242	Serving webhook server	{"host": "", "port": 9443}
2026-06-11T08:58:36.48360678Z stderr F 2026-06-11T08:58:36.483453398Z	LEVEL(-3)	controller-runtime.cache	cache/reflector.go:425	Starting reflector	{"type": "*v1beta2.MultiKueueCluster", "resyncPeriod": "10h21m23.067633326s", "reflector": "sigs.k8s.io/controller-runtime/pkg/cache/internal/informers.go:128"}
2026-06-11T08:58:36.48361406Z stderr F 2026-06-11T08:58:36.483504409Z	LEVEL(-3)	controller-runtime.cache	cache/reflector.go:472	Listing and watching	{"type": "*v1beta2.MultiKueueCluster", "reflector": "sigs.k8s.io/controller-runtime/pkg/cache/internal/informers.go:128"}
2026-06-11T08:58:36.483985845Z stderr F 2026-06-11T08:58:36.483840253Z	INFO	controller-runtime.certwatcher	certwatcher/certwatcher.go:136	Starting certificate poll+watcher	{"cert": "/tmp/k8s-webhook-server/serving-certs/tls.crt", "key": "/tmp/k8s-webhook-server/serving-certs/tls.key", "interval": "10s"}
2026-06-11T08:58:36.484063806Z stderr F 2026-06-11T08:58:36.483943355Z	LEVEL(-3)	controller-runtime.cache	cache/reflector.go:425	Starting reflector	{"type": "*v1beta2.MultiKueueConfig", "resyncPeriod": "9h41m16.276767637s", "reflector": "sigs.k8s.io/controller-runtime/pkg/cache/internal/informers.go:128"}
2026-06-11T08:58:36.484070576Z stderr F 2026-06-11T08:58:36.483985405Z	LEVEL(-3)	controller-runtime.cache	cache/reflector.go:472	Listing and watching	{"type": "*v1beta2.MultiKueueConfig", "reflector": "sigs.k8s.io/controller-runtime/pkg/cache/internal/informers.go:128"}
2026-06-11T08:58:36.4843315Z stderr F 2026-06-11T08:58:36.484196128Z	LEVEL(-3)	controller-runtime.cache	cache/reflector.go:425	Starting reflector	{"type": "*v1beta2.AdmissionCheck", "resyncPeriod": "10h57m20.240684766s", "reflector": "sigs.k8s.io/controller-runtime/pkg/cache/internal/informers.go:128"}
2026-06-11T08:58:36.48435474Z stderr F 2026-06-11T08:58:36.484233718Z	LEVEL(-3)	controller-runtime.cache	cache/reflector.go:472	Listing and watching	{"type": "*v1beta2.AdmissionCheck", "reflector": "sigs.k8s.io/controller-runtime/pkg/cache/internal/informers.go:128"}
2026-06-11T08:58:36.484587043Z stderr F 2026-06-11T08:58:36.484455101Z	LEVEL(-3)	controller-runtime.cache	cache/reflector.go:425	Starting reflector	{"type": "*v1.Job", "resyncPeriod": "10h1m3.669279376s", "reflector": "sigs.k8s.io/controller-runtime/pkg/cache/internal/informers.go:128"}
2026-06-11T08:58:36.484598053Z stderr F 2026-06-11T08:58:36.484496952Z	LEVEL(-3)	controller-runtime.cache	cache/reflector.go:472	Listing and watching	{"type": "*v1.Job", "reflector": "sigs.k8s.io/controller-runtime/pkg/cache/internal/informers.go:128"}
2026-06-11T08:58:36.484898917Z stderr F 2026-06-11T08:58:36.484746795Z	LEVEL(-3)	controller-runtime.cache	cache/reflector.go:425	Starting reflector	{"type": "*v1.LimitRange", "resyncPeriod": "9h23m57.043416869s", "reflector": "sigs.k8s.io/controller-runtime/pkg/cache/internal/informers.go:128"}
2026-06-11T08:58:36.484909257Z stderr F 2026-06-11T08:58:36.484798136Z	LEVEL(-3)	controller-runtime.cache	cache/reflector.go:472	Listing and watching	{"type": "*v1.LimitRange", "reflector": "sigs.k8s.io/controller-runtime/pkg/cache/internal/informers.go:128"}
2026-06-11T08:58:36.486974335Z stderr F 2026-06-11T08:58:36.4858659Z	LEVEL(-3)	controller-runtime.cache	cache/reflector.go:425	Starting reflector	{"type": "*v1.Pod", "resyncPeriod": "10h9m12.70380188s", "reflector": "sigs.k8s.io/controller-runtime/pkg/cache/internal/informers.go:128"}
2026-06-11T08:58:36.486997855Z stderr F 2026-06-11T08:58:36.485936611Z	LEVEL(-3)	controller-runtime.cache	cache/reflector.go:472	Listing and watching	{"type": "*v1.Pod", "reflector": "sigs.k8s.io/controller-runtime/pkg/cache/internal/informers.go:128"}
2026-06-11T08:58:36.487003335Z stderr F 2026-06-11T08:58:36.486227795Z	LEVEL(-3)	controller-runtime.cache	cache/reflector.go:425	Starting reflector	{"type": "*v1beta2.ClusterQueue", "resyncPeriod": "9h0m1.286848206s", "reflector": "sigs.k8s.io/controller-runtime/pkg/cache/internal/informers.go:128"}
2026-06-11T08:58:36.487008405Z stderr F 2026-06-11T08:58:36.486261815Z	LEVEL(-3)	controller-runtime.cache	cache/reflector.go:472	Listing and watching	{"type": "*v1beta2.ClusterQueue", "reflector": "sigs.k8s.io/controller-runtime/pkg/cache/internal/informers.go:128"}
2026-06-11T08:58:36.487012745Z stderr F 2026-06-11T08:58:36.48657961Z	LEVEL(-3)	controller-runtime.cache	cache/reflector.go:425	Starting reflector	{"type": "*v1beta2.Workload", "resyncPeriod": "9h31m33.472452014s", "reflector": "sigs.k8s.io/controller-runtime/pkg/cache/internal/informers.go:128"}
2026-06-11T08:58:36.487016736Z stderr F 2026-06-11T08:58:36.48661227Z	LEVEL(-3)	controller-runtime.cache	cache/reflector.go:472	Listing and watching	{"type": "*v1beta2.Workload", "reflector": "sigs.k8s.io/controller-runtime/pkg/cache/internal/informers.go:128"}
2026-06-11T08:58:36.498259305Z stderr F 2026-06-11T08:58:36.498012702Z	LEVEL(-3)	controller-runtime.cache	cache/reflector.go:425	Starting reflector	{"type": "*v1beta2.LocalQueue", "resyncPeriod": "9h58m1.203251508s", "reflector": "sigs.k8s.io/controller-runtime/pkg/cache/internal/informers.go:128"}
2026-06-11T08:58:36.498292285Z stderr F 2026-06-11T08:58:36.498103773Z	LEVEL(-3)	controller-runtime.cache	cache/reflector.go:472	Listing and watching	{"type": "*v1beta2.LocalQueue", "reflector": "sigs.k8s.io/controller-runtime/pkg/cache/internal/informers.go:128"}
2026-06-11T08:58:36.498727191Z stderr F 2026-06-11T08:58:36.498568739Z	LEVEL(-3)	controller-runtime.cache	cache/reflector.go:425	Starting reflector	{"type": "*v1beta2.ResourceFlavor", "resyncPeriod": "9h47m22.316619608s", "reflector": "sigs.k8s.io/controller-runtime/pkg/cache/internal/informers.go:128"}
2026-06-11T08:58:36.498751491Z stderr F 2026-06-11T08:58:36.49862427Z	LEVEL(-3)	controller-runtime.cache	cache/reflector.go:472	Listing and watching	{"type": "*v1beta2.ResourceFlavor", "reflector": "sigs.k8s.io/controller-runtime/pkg/cache/internal/informers.go:128"}
2026-06-11T08:58:36.502994697Z stderr F 2026-06-11T08:58:36.502779285Z	LEVEL(-2)	controller-runtime.cache	cache/reflector.go:507	Caches populated	{"type": "*v1.Pod", "reflector": "sigs.k8s.io/controller-runtime/pkg/cache/internal/informers.go:128"}
2026-06-11T08:58:36.519167712Z stderr F 2026-06-11T08:58:36.518922099Z	LEVEL(-2)	controller-runtime.cache	cache/reflector.go:507	Caches populated	{"type": "*v1.LimitRange", "reflector": "sigs.k8s.io/controller-runtime/pkg/cache/internal/informers.go:128"}
2026-06-11T08:58:36.519305414Z stderr F 2026-06-11T08:58:36.519171062Z	LEVEL(-2)	controller-runtime.cache	cache/reflector.go:507	Caches populated	{"type": "*v1.Job", "reflector": "sigs.k8s.io/controller-runtime/pkg/cache/internal/informers.go:128"}
2026-06-11T08:58:36.721739921Z stderr F I0611 08:58:36.721532       1 serving.go:405] Generated self-signed cert (/visibility/apiserver.crt, /visibility/apiserver.key)
2026-06-11T08:58:36.848504555Z stderr F 2026-06-11T08:58:36.848307822Z	INFO	controller-runtime.metrics	server/server.go:247	Serving metrics server	{"bindAddress": ":8443", "secure": true}
2026-06-11T08:58:36.950338236Z stderr F I0611 08:58:36.950160       1 plugins.go:157] Loaded 1 mutating admission controller(s) successfully in the following order: NamespaceLifecycle.
2026-06-11T08:58:36.954625653Z stderr F I0611 08:58:36.954491       1 handler.go:304] Adding GroupVersion visibility.kueue.x-k8s.io v1beta2 to ResourceManager
2026-06-11T08:58:36.954870326Z stderr F I0611 08:58:36.954774       1 handler.go:304] Adding GroupVersion visibility.kueue.x-k8s.io v1beta1 to ResourceManager
2026-06-11T08:58:36.961649077Z stderr F I0611 08:58:36.961492       1 requestheader_controller.go:180] Starting RequestHeaderAuthRequestController
2026-06-11T08:58:36.961666287Z stderr F I0611 08:58:36.961537       1 shared_informer.go:402] "Waiting for caches to sync"
2026-06-11T08:58:36.961679507Z stderr F I0611 08:58:36.961590       1 configmap_cafile_content.go:205] "Starting controller" name="client-ca::kube-system::extension-apiserver-authentication::client-ca-file"
2026-06-11T08:58:36.961684447Z stderr F I0611 08:58:36.961619       1 shared_informer.go:402] "Waiting for caches to sync"
2026-06-11T08:58:36.961694197Z stderr F I0611 08:58:36.961648       1 configmap_cafile_content.go:205] "Starting controller" name="client-ca::kube-system::extension-apiserver-authentication::requestheader-client-ca-file"
2026-06-11T08:58:36.961698837Z stderr F I0611 08:58:36.961671       1 shared_informer.go:402] "Waiting for caches to sync"
2026-06-11T08:58:36.962754761Z stderr F I0611 08:58:36.962594       1 secure_serving.go:214] Serving securely on [::]:8082
2026-06-11T08:58:36.962772722Z stderr F I0611 08:58:36.962656       1 dynamic_serving_content.go:135] "Starting controller" name="serving-cert::/visibility/apiserver.crt::/visibility/apiserver.key"
2026-06-11T08:58:36.963553372Z stderr F I0611 08:58:36.962771       1 apf_controller.go:377] Starting API Priority and Fairness config controller
2026-06-11T08:58:36.963619073Z stderr F I0611 08:58:36.962809       1 tlsconfig.go:243] "Starting DynamicServingCertificateController"
2026-06-11T08:58:37.062691908Z stderr F I0611 08:58:37.062515       1 shared_informer.go:409] "Caches are synced"
2026-06-11T08:58:37.062719728Z stderr F I0611 08:58:37.062563       1 shared_informer.go:409] "Caches are synced"
2026-06-11T08:58:37.062724818Z stderr F I0611 08:58:37.062533       1 shared_informer.go:409] "Caches are synced"
2026-06-11T08:58:37.063959815Z stderr F I0611 08:58:37.063837       1 apf_controller.go:382] Running API Priority and Fairness config worker
2026-06-11T08:58:37.063977335Z stderr F I0611 08:58:37.063861       1 apf_controller.go:385] Running API Priority and Fairness periodic rebalancing process
2026-06-11T08:58:37.53745231Z stderr F 2026-06-11T08:58:37.537121436Z	LEVEL(-2)	controller-runtime.cache	cache/reflector.go:507	Caches populated	{"type": "*v1beta2.MultiKueueCluster", "reflector": "sigs.k8s.io/controller-runtime/pkg/cache/internal/informers.go:128"}
2026-06-11T08:58:37.547370762Z stderr F 2026-06-11T08:58:37.547159469Z	LEVEL(-2)	controller-runtime.cache	cache/reflector.go:507	Caches populated	{"type": "*v1beta2.MultiKueueConfig", "reflector": "sigs.k8s.io/controller-runtime/pkg/cache/internal/informers.go:128"}
2026-06-11T08:58:37.613783174Z stderr F 2026-06-11T08:58:37.613590011Z	LEVEL(-2)	controller-runtime.cache	cache/reflector.go:507	Caches populated	{"type": "*v1beta2.AdmissionCheck", "reflector": "sigs.k8s.io/controller-runtime/pkg/cache/internal/informers.go:128"}
2026-06-11T08:58:37.796707222Z stderr F 2026-06-11T08:58:37.796504639Z	LEVEL(-2)	controller-runtime.cache	cache/reflector.go:507	Caches populated	{"type": "*v1beta2.Workload", "reflector": "sigs.k8s.io/controller-runtime/pkg/cache/internal/informers.go:128"}
2026-06-11T08:58:37.84172635Z stderr F 2026-06-11T08:58:37.841527787Z	LEVEL(-2)	controller-runtime.cache	cache/reflector.go:507	Caches populated	{"type": "*v1beta2.ClusterQueue", "reflector": "sigs.k8s.io/controller-runtime/pkg/cache/internal/informers.go:128"}
2026-06-11T08:58:37.853210112Z stderr F 2026-06-11T08:58:37.852984939Z	LEVEL(-2)	controller-runtime.cache	cache/reflector.go:507	Caches populated	{"type": "*v1beta2.ResourceFlavor", "reflector": "sigs.k8s.io/controller-runtime/pkg/cache/internal/informers.go:128"}
2026-06-11T08:58:37.878287965Z stderr F 2026-06-11T08:58:37.878067472Z	LEVEL(-2)	controller-runtime.cache	cache/reflector.go:507	Caches populated	{"type": "*v1beta2.LocalQueue", "reflector": "sigs.k8s.io/controller-runtime/pkg/cache/internal/informers.go:128"}
2026-06-11T08:58:37.885256888Z stderr F 2026-06-11T08:58:37.885030675Z	INFO	cert-rotation	rotator/rotator.go:290	starting cert rotator controller
2026-06-11T08:58:37.885485911Z stderr F 2026-06-11T08:58:37.885284158Z	LEVEL(-3)	controller-runtime.cache	cache/reflector.go:425	Starting reflector	{"type": "*v1.Secret", "resyncPeriod": "9h14m47.648175983s", "reflector": "sigs.k8s.io/controller-runtime/pkg/cache/internal/informers.go:128"}
2026-06-11T08:58:37.885498351Z stderr F 2026-06-11T08:58:37.885333979Z	LEVEL(-3)	controller-runtime.cache	cache/reflector.go:472	Listing and watching	{"type": "*v1.Secret", "reflector": "sigs.k8s.io/controller-runtime/pkg/cache/internal/informers.go:128"}
2026-06-11T08:58:37.885503571Z stderr F 2026-06-11T08:58:37.885366169Z	INFO	admissioncheck-reconciler	controller/controller.go:369	Starting EventSource	{"replica-role": "follower", "source": "channel source: 0x8912cf6a4d0"}
2026-06-11T08:58:37.885928667Z stderr F 2026-06-11T08:58:37.885763834Z	INFO	admissioncheck-reconciler	controller/controller.go:369	Starting EventSource	{"replica-role": "follower", "source": "kind source: *v1beta2.AdmissionCheck"}
2026-06-11T08:58:37.886131469Z stderr F 2026-06-11T08:58:37.885924217Z	LEVEL(-3)	controller-runtime.cache	cache/reflector.go:425	Starting reflector	{"type": "apiextensions.k8s.io/v1, Kind=CustomResourceDefinition", "resyncPeriod": "9h5m44.861529185s", "reflector": "sigs.k8s.io/controller-runtime/pkg/cache/internal/informers.go:128"}
2026-06-11T08:58:37.886141039Z stderr F 2026-06-11T08:58:37.885978007Z	LEVEL(-3)	controller-runtime.cache	cache/reflector.go:472	Listing and watching	{"type": "apiextensions.k8s.io/v1, Kind=CustomResourceDefinition", "reflector": "sigs.k8s.io/controller-runtime/pkg/cache/internal/informers.go:128"}
2026-06-11T08:58:37.886145199Z stderr F 2026-06-11T08:58:37.886014648Z	LEVEL(-3)	controller-runtime.cache	cache/reflector.go:425	Starting reflector	{"type": "admissionregistration.k8s.io/v1, Kind=MutatingWebhookConfiguration", "resyncPeriod": "10h11m44.900007895s", "reflector": "sigs.k8s.io/controller-runtime/pkg/cache/internal/informers.go:128"}
2026-06-11T08:58:37.88614929Z stderr F 2026-06-11T08:58:37.886052388Z	LEVEL(-3)	controller-runtime.cache	cache/reflector.go:472	Listing and watching	{"type": "admissionregistration.k8s.io/v1, Kind=MutatingWebhookConfiguration", "reflector": "sigs.k8s.io/controller-runtime/pkg/cache/internal/informers.go:128"}
2026-06-11T08:58:37.886412503Z stderr F 2026-06-11T08:58:37.885927227Z	LEVEL(-3)	controller-runtime.cache	cache/reflector.go:425	Starting reflector	{"type": "admissionregistration.k8s.io/v1, Kind=ValidatingWebhookConfiguration", "resyncPeriod": "10h44m35.673204604s", "reflector": "sigs.k8s.io/controller-runtime/pkg/cache/internal/informers.go:128"}
2026-06-11T08:58:37.886455504Z stderr F 2026-06-11T08:58:37.886360692Z	LEVEL(-3)	controller-runtime.cache	cache/reflector.go:472	Listing and watching	{"type": "admissionregistration.k8s.io/v1, Kind=ValidatingWebhookConfiguration", "reflector": "sigs.k8s.io/controller-runtime/pkg/cache/internal/informers.go:128"}
2026-06-11T08:58:37.886714377Z stderr F 2026-06-11T08:58:37.886455894Z	INFO	localqueue-reconciler	controller/controller.go:369	Starting EventSource	{"replica-role": "follower", "source": "channel source: 0x8912cf6a7e0"}
2026-06-11T08:58:37.886726117Z stderr F 2026-06-11T08:58:37.886537805Z	INFO	resourceflavor-reconciler	controller/controller.go:369	Starting EventSource	{"replica-role": "follower", "source": "kind source: *v1beta2.ResourceFlavor"}
2026-06-11T08:58:37.886741627Z stderr F 2026-06-11T08:58:37.886310602Z	INFO	resourceflavor-reconciler	controller/controller.go:369	Starting EventSource	{"replica-role": "follower", "source": "channel source: 0x8912cf6a310"}
2026-06-11T08:58:37.886821438Z stderr F 2026-06-11T08:58:37.886681037Z	INFO	localqueue-reconciler	controller/controller.go:369	Starting EventSource	{"replica-role": "follower", "source": "kind source: *v1beta2.ClusterQueue"}
2026-06-11T08:58:37.886876459Z stderr F 2026-06-11T08:58:37.886756318Z	INFO	workloadpriorityclass-reconciler	controller/controller.go:369	Starting EventSource	{"replica-role": "follower", "source": "kind source: *v1beta2.WorkloadPriorityClass"}
2026-06-11T08:58:37.886888809Z stderr F 2026-06-11T08:58:37.886778038Z	INFO	localqueue-reconciler	controller/controller.go:369	Starting EventSource	{"replica-role": "follower", "source": "kind source: *v1beta2.LocalQueue"}
2026-06-11T08:58:37.887118862Z stderr F 2026-06-11T08:58:37.88695427Z	INFO	clusterqueue-reconciler	controller/controller.go:369	Starting EventSource	{"replica-role": "follower", "source": "channel source: 0x8912cf6ab60"}
2026-06-11T08:58:37.887146943Z stderr F 2026-06-11T08:58:37.88697503Z	LEVEL(-3)	controller-runtime.cache	cache/reflector.go:425	Starting reflector	{"type": "*v1beta2.WorkloadPriorityClass", "resyncPeriod": "9h16m23.247503964s", "reflector": "sigs.k8s.io/controller-runtime/pkg/cache/internal/informers.go:128"}
2026-06-11T08:58:37.887153113Z stderr F 2026-06-11T08:58:37.887009181Z	LEVEL(-3)	controller-runtime.cache	cache/reflector.go:472	Listing and watching	{"type": "*v1beta2.WorkloadPriorityClass", "reflector": "sigs.k8s.io/controller-runtime/pkg/cache/internal/informers.go:128"}
2026-06-11T08:58:37.887249924Z stderr F 2026-06-11T08:58:37.887109762Z	INFO	cohort-reconciler	controller/controller.go:369	Starting EventSource	{"replica-role": "follower", "source": "channel source: 0x8912cf6a8c0"}
2026-06-11T08:58:37.887378086Z stderr F 2026-06-11T08:58:37.887262924Z	INFO	tas-topology-controller	controller/controller.go:369	Starting EventSource	{"replica-role": "follower", "source": "kind source: *v1beta2.Topology"}
2026-06-11T08:58:37.887584038Z stderr F 2026-06-11T08:58:37.887351045Z	INFO	clusterqueue-reconciler	controller/controller.go:369	Starting EventSource	{"replica-role": "follower", "source": "kind source: *v1.Namespace"}
2026-06-11T08:58:37.887609809Z stderr F 2026-06-11T08:58:37.887495667Z	INFO	clusterqueue-reconciler	controller/controller.go:369	Starting EventSource	{"replica-role": "follower", "source": "kind source: *v1beta2.ClusterQueue"}
2026-06-11T08:58:37.887879892Z stderr F 2026-06-11T08:58:37.887741991Z	INFO	tas-topology-ungater	controller/controller.go:369	Starting EventSource	{"replica-role": "follower", "source": "kind source: *v1beta2.Workload"}
2026-06-11T08:58:37.887908073Z stderr F 2026-06-11T08:58:37.887761171Z	INFO	workload-reconciler	controller/controller.go:369	Starting EventSource	{"replica-role": "follower", "source": "channel source: 0x8912cf6ad20"}
2026-06-11T08:58:37.887921053Z stderr F 2026-06-11T08:58:37.887832522Z	INFO	tas-topology-controller	controller/controller.go:369	Starting EventSource	{"replica-role": "follower", "source": "kind source: *v1beta2.ResourceFlavor"}
2026-06-11T08:58:37.887926283Z stderr F 2026-06-11T08:58:37.887833552Z	INFO	cohort-reconciler	controller/controller.go:369	Starting EventSource	{"replica-role": "follower", "source": "kind source: *v1beta2.Cohort"}
2026-06-11T08:58:37.888112235Z stderr F 2026-06-11T08:58:37.887978264Z	LEVEL(-3)	controller-runtime.cache	cache/reflector.go:425	Starting reflector	{"type": "*v1beta2.Topology", "resyncPeriod": "10h14m37.494396786s", "reflector": "sigs.k8s.io/controller-runtime/pkg/cache/internal/informers.go:128"}
2026-06-11T08:58:37.888247097Z stderr F 2026-06-11T08:58:37.888055865Z	INFO	workload-reconciler	controller/controller.go:369	Starting EventSource	{"replica-role": "follower", "source": "kind source: *v1beta2.ClusterQueue"}
2026-06-11T08:58:37.888256087Z stderr F 2026-06-11T08:58:37.888139916Z	INFO	workload-reconciler	controller/controller.go:369	Starting EventSource	{"replica-role": "follower", "source": "kind source: *v1beta2.LocalQueue"}
2026-06-11T08:58:37.888267047Z stderr F 2026-06-11T08:58:37.888190496Z	INFO	workload-reconciler	controller/controller.go:369	Starting EventSource	{"replica-role": "follower", "source": "kind source: *v1beta2.Workload"}
2026-06-11T08:58:37.888270948Z stderr F 2026-06-11T08:58:37.888202507Z	INFO	tas-resource-flavor-controller	controller/controller.go:369	Starting EventSource	{"replica-role": "follower", "source": "channel source: 0x8912cf6bc70"}
2026-06-11T08:58:37.88844618Z stderr F 2026-06-11T08:58:37.888301008Z	LEVEL(-3)	controller-runtime.cache	cache/reflector.go:425	Starting reflector	{"type": "*v1beta2.Cohort", "resyncPeriod": "9h59m32.261312253s", "reflector": "sigs.k8s.io/controller-runtime/pkg/cache/internal/informers.go:128"}
2026-06-11T08:58:37.88845685Z stderr F 2026-06-11T08:58:37.888344788Z	LEVEL(-3)	controller-runtime.cache	cache/reflector.go:472	Listing and watching	{"type": "*v1beta2.Cohort", "reflector": "sigs.k8s.io/controller-runtime/pkg/cache/internal/informers.go:128"}
2026-06-11T08:58:37.88846141Z stderr F 2026-06-11T08:58:37.888339078Z	INFO	tas-non-tas-usage-controller	controller/controller.go:369	Starting EventSource	{"replica-role": "follower", "source": "kind source: *v1.Pod"}
2026-06-11T08:58:37.88848124Z stderr F 2026-06-11T08:58:37.888403549Z	INFO	tas-topology-ungater	controller/controller.go:369	Starting EventSource	{"replica-role": "follower", "source": "kind source: *v1.Pod"}
2026-06-11T08:58:37.888643122Z stderr F 2026-06-11T08:58:37.88849245Z	INFO	tas-resource-flavor-controller	controller/controller.go:369	Starting EventSource	{"replica-role": "follower", "source": "kind source: *v1beta2.ResourceFlavor"}
2026-06-11T08:58:37.888652743Z stderr F 2026-06-11T08:58:37.888027984Z	INFO	workload-reconciler	controller/controller.go:369	Starting EventSource	{"replica-role": "follower", "source": "kind source: *v1.RuntimeClass"}
2026-06-11T08:58:37.888753884Z stderr F 2026-06-11T08:58:37.888631842Z	INFO	tas-node-reconciler	controller/controller.go:369	Starting EventSource	{"replica-role": "follower", "source": "kind source: *v1.Node"}
2026-06-11T08:58:37.888764064Z stderr F 2026-06-11T08:58:37.888070775Z	LEVEL(-3)	controller-runtime.cache	cache/reflector.go:472	Listing and watching	{"type": "*v1beta2.Topology", "reflector": "sigs.k8s.io/controller-runtime/pkg/cache/internal/informers.go:128"}
2026-06-11T08:58:37.888986177Z stderr F 2026-06-11T08:58:37.888820825Z	INFO	concurrent-admission-controller	controller/controller.go:369	Starting EventSource	{"replica-role": "follower", "source": "kind source: *v1beta2.Workload"}
2026-06-11T08:58:37.889085688Z stderr F 2026-06-11T08:58:37.888950547Z	LEVEL(-3)	controller-runtime.cache	cache/reflector.go:425	Starting reflector	{"type": "*v1.Namespace", "resyncPeriod": "10h34m28.769823302s", "reflector": "sigs.k8s.io/controller-runtime/pkg/cache/internal/informers.go:128"}
2026-06-11T08:58:37.889105149Z stderr F 2026-06-11T08:58:37.888996197Z	LEVEL(-3)	controller-runtime.cache	cache/reflector.go:472	Listing and watching	{"type": "*v1.Namespace", "reflector": "sigs.k8s.io/controller-runtime/pkg/cache/internal/informers.go:128"}
2026-06-11T08:58:37.889258111Z stderr F 2026-06-11T08:58:37.889118379Z	INFO	ElasticJobUngater	controller/controller.go:369	Starting EventSource	{"replica-role": "follower", "source": "kind source: *v1beta2.Workload"}
2026-06-11T08:58:37.892082258Z stderr F 2026-06-11T08:58:37.888961127Z	INFO	tas-node-reconciler	controller/controller.go:369	Starting EventSource	{"replica-role": "follower", "source": "kind source: *v1.Pod"}
2026-06-11T08:58:37.892107838Z stderr F 2026-06-11T08:58:37.889270111Z	INFO	ElasticJobUngater	controller/controller.go:369	Starting EventSource	{"replica-role": "follower", "source": "kind source: *v1.Pod"}
2026-06-11T08:58:37.892112528Z stderr F 2026-06-11T08:58:37.887998394Z	INFO	workload-reconciler	controller/controller.go:369	Starting EventSource	{"replica-role": "follower", "source": "kind source: *v1.LimitRange"}
2026-06-11T08:58:37.892117858Z stderr F I0611 08:58:37.889447       1 leaderelection.go:258] "Attempting to acquire leader lease..." lock="kueue-system/c1f6bfd2.kueue.x-k8s.io"
2026-06-11T08:58:37.892126438Z stderr F 2026-06-11T08:58:37.889440153Z	LEVEL(-3)	controller-runtime.cache	cache/reflector.go:425	Starting reflector	{"type": "*v1.Node", "resyncPeriod": "9h33m58.606050616s", "reflector": "sigs.k8s.io/controller-runtime/pkg/cache/internal/informers.go:128"}
2026-06-11T08:58:37.892131749Z stderr F 2026-06-11T08:58:37.889471983Z	LEVEL(-3)	controller-runtime.cache	cache/reflector.go:472	Listing and watching	{"type": "*v1.Node", "reflector": "sigs.k8s.io/controller-runtime/pkg/cache/internal/informers.go:128"}
2026-06-11T08:58:37.892136429Z stderr F 2026-06-11T08:58:37.890229793Z	LEVEL(-3)	controller-runtime.cache	cache/reflector.go:425	Starting reflector	{"type": "*v1.RuntimeClass", "resyncPeriod": "9h12m18.820757151s", "reflector": "sigs.k8s.io/controller-runtime/pkg/cache/internal/informers.go:128"}
2026-06-11T08:58:37.892141169Z stderr F 2026-06-11T08:58:37.890273554Z	LEVEL(-3)	controller-runtime.cache	cache/reflector.go:472	Listing and watching	{"type": "*v1.RuntimeClass", "reflector": "sigs.k8s.io/controller-runtime/pkg/cache/internal/informers.go:128"}
2026-06-11T08:58:37.892145339Z stderr F 2026-06-11T08:58:37.890397386Z	LEVEL(-2)	controller-runtime.cache	cache/reflector.go:507	Caches populated	{"type": "*v1.Secret", "reflector": "sigs.k8s.io/controller-runtime/pkg/cache/internal/informers.go:128"}
2026-06-11T08:58:37.895009487Z stderr F 2026-06-11T08:58:37.894257497Z	LEVEL(-2)	controller-runtime.cache	cache/reflector.go:507	Caches populated	{"type": "*v1beta2.Cohort", "reflector": "sigs.k8s.io/controller-runtime/pkg/cache/internal/informers.go:128"}
2026-06-11T08:58:37.895044597Z stderr F 2026-06-11T08:58:37.894868495Z	LEVEL(-2)	controller-runtime.cache	cache/reflector.go:507	Caches populated	{"type": "*v1.Node", "reflector": "sigs.k8s.io/controller-runtime/pkg/cache/internal/informers.go:128"}
2026-06-11T08:58:37.89521837Z stderr F 2026-06-11T08:58:37.895085058Z	LEVEL(-2)	controller-runtime.cache	cache/reflector.go:507	Caches populated	{"type": "*v1beta2.WorkloadPriorityClass", "reflector": "sigs.k8s.io/controller-runtime/pkg/cache/internal/informers.go:128"}
2026-06-11T08:58:37.895844658Z stderr F 2026-06-11T08:58:37.895399102Z	LEVEL(-2)	controller-runtime.cache	cache/reflector.go:507	Caches populated	{"type": "*v1.Namespace", "reflector": "sigs.k8s.io/controller-runtime/pkg/cache/internal/informers.go:128"}
2026-06-11T08:58:37.895854728Z stderr F 2026-06-11T08:58:37.895713256Z	LEVEL(-2)	controller-runtime.cache	cache/reflector.go:507	Caches populated	{"type": "*v1beta2.Topology", "reflector": "sigs.k8s.io/controller-runtime/pkg/cache/internal/informers.go:128"}
2026-06-11T08:58:37.90278393Z stderr F 2026-06-11T08:58:37.902503647Z	LEVEL(-2)	controller-runtime.cache	cache/reflector.go:507	Caches populated	{"type": "admissionregistration.k8s.io/v1, Kind=MutatingWebhookConfiguration", "reflector": "sigs.k8s.io/controller-runtime/pkg/cache/internal/informers.go:128"}
2026-06-11T08:58:37.902906122Z stderr F 2026-06-11T08:58:37.902788831Z	LEVEL(-2)	controller-runtime.cache	cache/reflector.go:507	Caches populated	{"type": "*v1.RuntimeClass", "reflector": "sigs.k8s.io/controller-runtime/pkg/cache/internal/informers.go:128"}
2026-06-11T08:58:37.903111285Z stderr F 2026-06-11T08:58:37.902979583Z	LEVEL(-2)	controller-runtime.cache	cache/reflector.go:507	Caches populated	{"type": "admissionregistration.k8s.io/v1, Kind=ValidatingWebhookConfiguration", "reflector": "sigs.k8s.io/controller-runtime/pkg/cache/internal/informers.go:128"}
2026-06-11T08:58:37.989856396Z stderr F 2026-06-11T08:58:37.98636494Z	INFO	admissioncheck-reconciler	controller/controller.go:302	Starting Controller	{"replica-role": "follower"}
2026-06-11T08:58:37.989892066Z stderr F 2026-06-11T08:58:37.986596463Z	INFO	admissioncheck-reconciler	controller/controller.go:305	Starting workers	{"replica-role": "follower", "worker count": 1}
2026-06-11T08:58:37.989896496Z stderr F 2026-06-11T08:58:37.986713884Z	INFO	resourceflavor-reconciler	controller/controller.go:302	Starting Controller	{"replica-role": "follower"}
2026-06-11T08:58:37.989900676Z stderr F 2026-06-11T08:58:37.986751755Z	INFO	resourceflavor-reconciler	controller/controller.go:305	Starting workers	{"replica-role": "follower", "worker count": 1}
2026-06-11T08:58:37.989905166Z stderr F 2026-06-11T08:58:37.988190484Z	INFO	cert-rotation	rotator/rotator.go:361	no cert refresh needed
2026-06-11T08:58:37.989909017Z stderr F 2026-06-11T08:58:37.988352876Z	INFO	cert-rotation	rotator/rotator.go:896	certs are ready in /tmp/k8s-webhook-server/serving-certs
2026-06-11T08:58:37.989912827Z stderr F 2026-06-11T08:58:37.988514968Z	INFO	localqueue-reconciler	controller/controller.go:302	Starting Controller	{"replica-role": "follower"}
2026-06-11T08:58:37.989916607Z stderr F 2026-06-11T08:58:37.988550199Z	INFO	localqueue-reconciler	controller/controller.go:305	Starting workers	{"replica-role": "follower", "worker count": 1}
2026-06-11T08:58:37.99020582Z stderr F 2026-06-11T08:58:37.990065389Z	INFO	concurrent-admission-controller	controller/controller.go:302	Starting Controller	{"replica-role": "follower"}
2026-06-11T08:58:37.991208294Z stderr F 2026-06-11T08:58:37.990283621Z	INFO	concurrent-admission-controller	controller/controller.go:305	Starting workers	{"replica-role": "follower", "worker count": 5}
2026-06-11T08:58:37.991802902Z stderr F 2026-06-11T08:58:37.991541058Z	INFO	ElasticJobUngater	controller/controller.go:302	Starting Controller	{"replica-role": "follower"}
2026-06-11T08:58:37.992087585Z stderr F 2026-06-11T08:58:37.991927803Z	INFO	ElasticJobUngater	controller/controller.go:305	Starting workers	{"replica-role": "follower", "worker count": 5}
2026-06-11T08:58:37.992552011Z stderr F 2026-06-11T08:58:37.99243414Z	INFO	tas-non-tas-usage-controller	controller/controller.go:302	Starting Controller	{"replica-role": "follower"}
2026-06-11T08:58:37.992729174Z stderr F 2026-06-11T08:58:37.992639023Z	INFO	tas-non-tas-usage-controller	controller/controller.go:305	Starting workers	{"replica-role": "follower", "worker count": 5}
2026-06-11T08:58:37.993066858Z stderr F 2026-06-11T08:58:37.992992977Z	LEVEL(-3)	tas-non-tas-usage-controller	tas/non_tas_usage_controller.go:62	Non-TAS usage cache reconciling	{"replica-role": "follower", "namespace": "kube-system", "name": "etcd-kind-control-plane", "reconcileID": "55b3b86b-839a-40ba-ac51-b9780e47d3e8", "pod": {"name":"etcd-kind-control-plane","namespace":"kube-system"}}
2026-06-11T08:58:38.000219254Z stderr F 2026-06-11T08:58:38.000037741Z	LEVEL(-3)	tas-non-tas-usage-controller	tas/non_tas_usage_controller.go:62	Non-TAS usage cache reconciling	{"replica-role": "follower", "namespace": "kube-system", "name": "kube-apiserver-kind-control-plane", "reconcileID": "bee8627e-5a70-46f2-82db-0efcb5c27d11", "pod": {"name":"kube-apiserver-kind-control-plane","namespace":"kube-system"}}
2026-06-11T08:58:38.00073104Z stderr F 2026-06-11T08:58:38.000631399Z	LEVEL(-3)	tas-non-tas-usage-controller	tas/non_tas_usage_controller.go:62	Non-TAS usage cache reconciling	{"replica-role": "follower", "namespace": "lws-system", "name": "lws-controller-manager-c6c698cd7-n6jrq", "reconcileID": "cda1ddd5-3fc3-4ad5-abf2-27429f517664", "pod": {"name":"lws-controller-manager-c6c698cd7-n6jrq","namespace":"lws-system"}}
2026-06-11T08:58:38.001044655Z stderr F 2026-06-11T08:58:38.000951333Z	LEVEL(-3)	tas-non-tas-usage-controller	tas/non_tas_usage_controller.go:62	Non-TAS usage cache reconciling	{"replica-role": "follower", "namespace": "jobset-system", "name": "jobset-controller-manager-5585d4c665-6vpg8", "reconcileID": "0cae5ead-8f5c-4d74-b64d-5038b64cf0ab", "pod": {"name":"jobset-controller-manager-5585d4c665-6vpg8","namespace":"jobset-system"}}
2026-06-11T08:58:38.001329628Z stderr F 2026-06-11T08:58:38.001238687Z	LEVEL(-3)	tas-non-tas-usage-controller	tas/non_tas_usage_controller.go:62	Non-TAS usage cache reconciling	{"replica-role": "follower", "namespace": "kueue-system", "name": "kueue-controller-manager-5bf5c6b789-8fz55", "reconcileID": "2676dbca-57bc-46ce-b83f-d08a532484cb", "pod": {"name":"kueue-controller-manager-5bf5c6b789-8fz55","namespace":"kueue-system"}}
2026-06-11T08:58:38.001657143Z stderr F 2026-06-11T08:58:38.001560392Z	LEVEL(-3)	tas-non-tas-usage-controller	tas/non_tas_usage_controller.go:62	Non-TAS usage cache reconciling	{"replica-role": "follower", "namespace": "lws-system", "name": "lws-controller-manager-c6c698cd7-rc9qw", "reconcileID": "726a759d-5946-4c4d-941d-a0a00803ac08", "pod": {"name":"lws-controller-manager-c6c698cd7-rc9qw","namespace":"lws-system"}}
2026-06-11T08:58:38.001887886Z stderr F 2026-06-11T08:58:38.001699723Z	LEVEL(-3)	tas-non-tas-usage-controller	tas/non_tas_usage_controller.go:62	Non-TAS usage cache reconciling	{"replica-role": "follower", "namespace": "kube-system", "name": "kube-scheduler-kind-control-plane", "reconcileID": "0e150c59-5388-4416-a5e1-b524547296cf", "pod": {"name":"kube-scheduler-kind-control-plane","namespace":"kube-system"}}
2026-06-11T08:58:38.001902606Z stderr F 2026-06-11T08:58:38.001781794Z	LEVEL(-3)	tas-non-tas-usage-controller	tas/non_tas_usage_controller.go:62	Non-TAS usage cache reconciling	{"replica-role": "follower", "namespace": "kube-system", "name": "coredns-7d764666f9-xbw82", "reconcileID": "f93cdb47-16c8-499b-8b21-6420eb7bc4a0", "pod": {"name":"coredns-7d764666f9-xbw82","namespace":"kube-system"}}
2026-06-11T08:58:38.001997927Z stderr F 2026-06-11T08:58:38.001885446Z	LEVEL(-3)	tas-non-tas-usage-controller	tas/non_tas_usage_controller.go:62	Non-TAS usage cache reconciling	{"replica-role": "follower", "namespace": "kube-system", "name": "kube-controller-manager-kind-control-plane", "reconcileID": "4f2c0831-a30f-4633-a624-ed2ee9530b03", "pod": {"name":"kube-controller-manager-kind-control-plane","namespace":"kube-system"}}
2026-06-11T08:58:38.002118569Z stderr F 2026-06-11T08:58:38.002011888Z	LEVEL(-3)	tas-non-tas-usage-controller	tas/non_tas_usage_controller.go:62	Non-TAS usage cache reconciling	{"replica-role": "follower", "namespace": "kube-system", "name": "coredns-7d764666f9-v9xcs", "reconcileID": "c7476f3f-e512-4ab3-a052-a49b008902e2", "pod": {"name":"coredns-7d764666f9-v9xcs","namespace":"kube-system"}}
2026-06-11T08:58:38.00218522Z stderr F 2026-06-11T08:58:38.002104929Z	LEVEL(-3)	tas-non-tas-usage-controller	tas/non_tas_usage_controller.go:62	Non-TAS usage cache reconciling	{"replica-role": "follower", "namespace": "kube-system", "name": "kindnet-2h9j5", "reconcileID": "db8244c2-6bce-4084-b328-7597158558b5", "pod": {"name":"kindnet-2h9j5","namespace":"kube-system"}}
2026-06-11T08:58:38.002351662Z stderr F 2026-06-11T08:58:38.00220518Z	LEVEL(-3)	tas-non-tas-usage-controller	tas/non_tas_usage_controller.go:62	Non-TAS usage cache reconciling	{"replica-role": "follower", "namespace": "kube-system", "name": "kindnet-cq7wv", "reconcileID": "9c1bb481-25df-446e-b500-9c314f35e842", "pod": {"name":"kindnet-cq7wv","namespace":"kube-system"}}
2026-06-11T08:58:38.002499354Z stderr F 2026-06-11T08:58:38.002306541Z	LEVEL(-3)	tas-non-tas-usage-controller	tas/non_tas_usage_controller.go:62	Non-TAS usage cache reconciling	{"replica-role": "follower", "namespace": "local-path-storage", "name": "local-path-provisioner-5c85ddd7fc-p94vg", "reconcileID": "bdcdc4ba-3348-43bb-b7fb-af1e6a191641", "pod": {"name":"local-path-provisioner-5c85ddd7fc-p94vg","namespace":"local-path-storage"}}
2026-06-11T08:58:38.002509634Z stderr F 2026-06-11T08:58:38.002388423Z	LEVEL(-3)	tas-non-tas-usage-controller	tas/non_tas_usage_controller.go:62	Non-TAS usage cache reconciling	{"replica-role": "follower", "namespace": "kube-system", "name": "kube-proxy-j45st", "reconcileID": "dbf6cde9-ac18-44bf-a330-d1448ad050d4", "pod": {"name":"kube-proxy-j45st","namespace":"kube-system"}}
2026-06-11T08:58:38.002680556Z stderr F 2026-06-11T08:58:38.002471554Z	LEVEL(-3)	tas-non-tas-usage-controller	tas/non_tas_usage_controller.go:62	Non-TAS usage cache reconciling	{"replica-role": "follower", "namespace": "kube-system", "name": "kube-proxy-ncnnw", "reconcileID": "61c4a8bd-18ff-4510-9e39-87d2f367c88d", "pod": {"name":"kube-proxy-ncnnw","namespace":"kube-system"}}
2026-06-11T08:58:38.002702577Z stderr F 2026-06-11T08:58:38.002559555Z	LEVEL(-3)	tas-non-tas-usage-controller	tas/non_tas_usage_controller.go:62	Non-TAS usage cache reconciling	{"replica-role": "follower", "namespace": "appwrapper-system", "name": "appwrapper-controller-manager-9bc577dfc-ff6sh", "reconcileID": "25c28e06-fae8-4436-aa19-ab83dc0cf2f1", "pod": {"name":"appwrapper-controller-manager-9bc577dfc-ff6sh","namespace":"appwrapper-system"}}
2026-06-11T08:58:38.002716657Z stderr F 2026-06-11T08:58:38.002642846Z	LEVEL(-3)	tas-non-tas-usage-controller	tas/non_tas_usage_controller.go:62	Non-TAS usage cache reconciling	{"replica-role": "follower", "namespace": "kube-system", "name": "kindnet-k7xnv", "reconcileID": "ccb2f579-425d-4a98-bf1e-0538d1fbd1cb", "pod": {"name":"kindnet-k7xnv","namespace":"kube-system"}}
2026-06-11T08:58:38.00293268Z stderr F 2026-06-11T08:58:38.002790238Z	LEVEL(-3)	tas-non-tas-usage-controller	tas/non_tas_usage_controller.go:62	Non-TAS usage cache reconciling	{"replica-role": "follower", "namespace": "kube-system", "name": "kube-proxy-nksjs", "reconcileID": "9cb76f3f-3fcb-4bf9-b782-dc78e9c779ab", "pod": {"name":"kube-proxy-nksjs","namespace":"kube-system"}}
2026-06-11T08:58:38.00295063Z stderr F 2026-06-11T08:58:38.002874099Z	LEVEL(-3)	tas-non-tas-usage-controller	tas/non_tas_usage_controller.go:62	Non-TAS usage cache reconciling	{"replica-role": "follower", "namespace": "kueue-system", "name": "kueue-controller-manager-5bf5c6b789-j2p58", "reconcileID": "1d0b7244-c46d-4394-a720-1902f5278691", "pod": {"name":"kueue-controller-manager-5bf5c6b789-j2p58","namespace":"kueue-system"}}
2026-06-11T08:58:38.003119112Z stderr F 2026-06-11T08:58:38.00297641Z	INFO	tas-topology-ungater	controller/controller.go:302	Starting Controller	{"replica-role": "follower"}
2026-06-11T08:58:38.003129222Z stderr F 2026-06-11T08:58:38.003033641Z	INFO	tas-topology-ungater	controller/controller.go:305	Starting workers	{"replica-role": "follower", "worker count": 5}
2026-06-11T08:58:38.003139093Z stderr F 2026-06-11T08:58:38.003079312Z	INFO	tas-resource-flavor-controller	controller/controller.go:302	Starting Controller	{"replica-role": "follower"}
2026-06-11T08:58:38.003143523Z stderr F 2026-06-11T08:58:38.003115752Z	INFO	tas-resource-flavor-controller	controller/controller.go:305	Starting workers	{"replica-role": "follower", "worker count": 1}
2026-06-11T08:58:38.087418592Z stderr F 2026-06-11T08:58:38.087184838Z	INFO	workloadpriorityclass-reconciler	controller/controller.go:302	Starting Controller	{"replica-role": "follower"}
2026-06-11T08:58:38.087455852Z stderr F 2026-06-11T08:58:38.08726874Z	INFO	workloadpriorityclass-reconciler	controller/controller.go:305	Starting workers	{"replica-role": "follower", "worker count": 1}
2026-06-11T08:58:38.089686182Z stderr F 2026-06-11T08:58:38.08951867Z	INFO	cohort-reconciler	controller/controller.go:302	Starting Controller	{"replica-role": "follower"}
2026-06-11T08:58:38.089700772Z stderr F 2026-06-11T08:58:38.08957552Z	INFO	cohort-reconciler	controller/controller.go:305	Starting workers	{"replica-role": "follower", "worker count": 1}
2026-06-11T08:58:38.089724622Z stderr F 2026-06-11T08:58:38.089611921Z	INFO	tas-topology-controller	controller/controller.go:302	Starting Controller	{"replica-role": "follower"}
2026-06-11T08:58:38.089728822Z stderr F 2026-06-11T08:58:38.089648741Z	INFO	tas-topology-controller	controller/controller.go:305	Starting workers	{"replica-role": "follower", "worker count": 1}
2026-06-11T08:58:38.093035486Z stderr F 2026-06-11T08:58:38.092862944Z	INFO	tas-node-reconciler	controller/controller.go:302	Starting Controller	{"replica-role": "follower"}
2026-06-11T08:58:38.093072517Z stderr F 2026-06-11T08:58:38.092912395Z	INFO	tas-node-reconciler	controller/controller.go:305	Starting workers	{"replica-role": "follower", "worker count": 1}
2026-06-11T08:58:38.093611834Z stderr F 2026-06-11T08:58:38.0933044Z	INFO	clusterqueue-reconciler	controller/controller.go:302	Starting Controller	{"replica-role": "follower"}
2026-06-11T08:58:38.093634024Z stderr F 2026-06-11T08:58:38.093497273Z	INFO	clusterqueue-reconciler	controller/controller.go:305	Starting workers	{"replica-role": "follower", "worker count": 1}
2026-06-11T08:58:38.095042513Z stderr F 2026-06-11T08:58:38.09483315Z	LEVEL(-2)	controller-runtime.cache	cache/reflector.go:507	Caches populated	{"type": "apiextensions.k8s.io/v1, Kind=CustomResourceDefinition", "reflector": "sigs.k8s.io/controller-runtime/pkg/cache/internal/informers.go:128"}
2026-06-11T08:58:38.104252615Z stderr F 2026-06-11T08:58:38.10390702Z	INFO	workload-reconciler	controller/controller.go:302	Starting Controller	{"replica-role": "follower"}
2026-06-11T08:58:38.104280235Z stderr F 2026-06-11T08:58:38.103995071Z	INFO	workload-reconciler	controller/controller.go:305	Starting workers	{"replica-role": "follower", "worker count": 5}
2026-06-11T08:58:38.288980017Z stderr F 2026-06-11T08:58:38.288776894Z	INFO	cert-rotation	rotator/rotator.go:361	no cert refresh needed
2026-06-11T08:58:38.289608636Z stderr F 2026-06-11T08:58:38.289461074Z	INFO	cert-rotation	rotator/rotator.go:857	Ensuring CA cert	{"name": "kueue-validating-webhook-configuration", "gvk": "admissionregistration.k8s.io/v1, Kind=ValidatingWebhookConfiguration", "name": "kueue-validating-webhook-configuration", "gvk": "admissionregistration.k8s.io/v1, Kind=ValidatingWebhookConfiguration"}
2026-06-11T08:58:38.306816124Z stderr F 2026-06-11T08:58:38.306632371Z	INFO	cert-rotation	rotator/rotator.go:857	Ensuring CA cert	{"name": "kueue-mutating-webhook-configuration", "gvk": "admissionregistration.k8s.io/v1, Kind=MutatingWebhookConfiguration", "name": "kueue-mutating-webhook-configuration", "gvk": "admissionregistration.k8s.io/v1, Kind=MutatingWebhookConfiguration"}
2026-06-11T08:58:38.324148794Z stderr F 2026-06-11T08:58:38.323925311Z	INFO	cert-rotation	rotator/rotator.go:857	Ensuring CA cert	{"name": "localqueues.kueue.x-k8s.io", "gvk": "apiextensions.k8s.io/v1, Kind=CustomResourceDefinition", "name": "localqueues.kueue.x-k8s.io", "gvk": "apiextensions.k8s.io/v1, Kind=CustomResourceDefinition"}
2026-06-11T08:58:38.353030168Z stderr F 2026-06-11T08:58:38.352772994Z	INFO	cert-rotation	rotator/rotator.go:857	Ensuring CA cert	{"name": "clusterqueues.kueue.x-k8s.io", "gvk": "apiextensions.k8s.io/v1, Kind=CustomResourceDefinition", "name": "clusterqueues.kueue.x-k8s.io", "gvk": "apiextensions.k8s.io/v1, Kind=CustomResourceDefinition"}
2026-06-11T08:58:38.421201012Z stderr F 2026-06-11T08:58:38.420960959Z	INFO	cert-rotation	rotator/rotator.go:857	Ensuring CA cert	{"name": "workloads.kueue.x-k8s.io", "gvk": "apiextensions.k8s.io/v1, Kind=CustomResourceDefinition", "name": "workloads.kueue.x-k8s.io", "gvk": "apiextensions.k8s.io/v1, Kind=CustomResourceDefinition"}
2026-06-11T08:58:39.16376465Z stderr F 2026-06-11T08:58:39.163530787Z	INFO	cert-rotation	rotator/rotator.go:857	Ensuring CA cert	{"name": "cohorts.kueue.x-k8s.io", "gvk": "apiextensions.k8s.io/v1, Kind=CustomResourceDefinition", "name": "cohorts.kueue.x-k8s.io", "gvk": "apiextensions.k8s.io/v1, Kind=CustomResourceDefinition"}
2026-06-11T08:58:39.188912964Z stderr F 2026-06-11T08:58:39.188727931Z	INFO	cert-rotation	rotator/rotator.go:857	Ensuring CA cert	{"name": "multikueueclusters.kueue.x-k8s.io", "gvk": "apiextensions.k8s.io/v1, Kind=CustomResourceDefinition", "name": "multikueueclusters.kueue.x-k8s.io", "gvk": "apiextensions.k8s.io/v1, Kind=CustomResourceDefinition"}
2026-06-11T08:58:39.481239935Z stderr F 2026-06-11T08:58:39.481054193Z	INFO	cert-rotation	rotator/rotator.go:916	CA certs are injected to webhooks
2026-06-11T09:00:38.054489882Z stderr F 2026-06-11T09:00:38.053947385Z	LEVEL(-2)	resourceflavor-reconciler	core/resourceflavor_controller.go:140	ResourceFlavor create event	{"replica-role": "follower", "resourceFlavor": {"name":"rf-lws-e2e-6k8rv"}}
2026-06-11T09:00:38.094197029Z stderr F 2026-06-11T09:00:38.093921366Z	LEVEL(-2)	cluster-queue-reconciler	core/clusterqueue_controller.go:329	ClusterQueue create event	{"replica-role": "follower", "clusterQueue": {"name":"cq-lws-e2e-6k8rv"}}
2026-06-11T09:00:38.094331561Z stderr F 2026-06-11T09:00:38.094023707Z	LEVEL(-3)	cluster-queue-reconciler	scheduler/clusterqueue.go:263	Updating status in cache	{"replica-role": "follower", "clusterQueue": {"name":"cq-lws-e2e-6k8rv"}, "clusterQueue": "cq-lws-e2e-6k8rv", "newStatus": "active", "oldStatus": ""}
2026-06-11T09:00:38.105060654Z stderr F 2026-06-11T09:00:38.104777Z	LEVEL(-2)	cluster-queue-reconciler	core/clusterqueue_controller.go:370	ClusterQueue update event	{"replica-role": "follower", "clusterQueue": {"name":"cq-lws-e2e-6k8rv"}}
2026-06-11T09:00:38.361094571Z stderr F 2026-06-11T09:00:38.360868808Z	LEVEL(-2)	localqueue-reconciler	core/localqueue_controller.go:238	LocalQueue create event	{"replica-role": "follower", "localQueue": {"name":"lq-lws-e2e-6k8rv","namespace":"lws-e2e-6k8rv"}}
2026-06-11T09:00:38.369758386Z stderr F 2026-06-11T09:00:38.369501053Z	LEVEL(-2)	localqueue-reconciler	core/localqueue_controller.go:285	Queue update event	{"replica-role": "follower", "localQueue": {"name":"lq-lws-e2e-6k8rv","namespace":"lws-e2e-6k8rv"}}
